{"timestamp":"2025-09-24T07:44:27.388843","level":"info","event":"DAG bundles loaded: dags-folder, example_dags","logger":"airflow.dag_processing.bundles.manager.DagBundlesManager"}
{"timestamp":"2025-09-24T07:44:27.389475","level":"info","event":"Filling up the DagBag from /opt/airflow/dags/lignes_azure_dag.py","logger":"airflow.models.dagbag.DagBag"}
{"timestamp":"2025-09-24T07:44:27.457229Z","level":"info","event":"Task instance is in running state","chan":"stdout","logger":"task"}
{"timestamp":"2025-09-24T07:44:27.457423Z","level":"info","event":" Previous state of the Task instance: TaskInstanceState.QUEUED","chan":"stdout","logger":"task"}
{"timestamp":"2025-09-24T07:44:27.457924Z","level":"info","event":"Current task name:load_duckdb.to_duckdb_reseau_transport","chan":"stdout","logger":"task"}
{"timestamp":"2025-09-24T07:44:27.458026Z","level":"info","event":"Dag name:lignes_azure_ETL","chan":"stdout","logger":"task"}
{"timestamp":"2025-09-24T07:44:27.493734Z","level":"info","event":"---------- stops -------------","chan":"stdout","logger":"task"}
{"timestamp":"2025-09-24T07:44:27.512344Z","level":"info","event":"#### csv created and stored in : /opt/airflow/warehouse/reseau_transport_static/stops_2025-09-24_09:44:27.493630.csv","chan":"stdout","logger":"task"}
{"timestamp":"2025-09-24T07:44:27.587206Z","level":"info","event":"┌──────────────┬───────────┬──────────────────────┬───┬────────────────┬───────────────┬─────────────────────┐","chan":"stdout","logger":"task"}
{"timestamp":"2025-09-24T07:44:27.587601Z","level":"info","event":"│   stop_id    │ stop_code │      stop_name       │ … │ parent_station │ stop_timezone │ wheelchair_boarding │","chan":"stdout","logger":"task"}
{"timestamp":"2025-09-24T07:44:27.587676Z","level":"info","event":"│   varchar    │  varchar  │       varchar        │   │    varchar     │    varchar    │        int64        │","chan":"stdout","logger":"task"}
{"timestamp":"2025-09-24T07:44:27.587742Z","level":"info","event":"├──────────────┼───────────┼──────────────────────┼───┼────────────────┼───────────────┼─────────────────────┤","chan":"stdout","logger":"task"}
{"timestamp":"2025-09-24T07:44:27.587862Z","level":"info","event":"│ 1            │ ABBAT8    │ Abattoirs            │ … │ place_101376   │ NULL          │                   1 │","chan":"stdout","logger":"task"}
{"timestamp":"2025-09-24T07:44:27.587927Z","level":"info","event":"│ 2            │ ABBAT4    │ Abattoirs            │ … │ place_101376   │ NULL          │                   1 │","chan":"stdout","logger":"task"}
{"timestamp":"2025-09-24T07:44:27.587968Z","level":"info","event":"│ 3            │ ROSEL2    │ Abbaye de Roseland   │ … │ place_096609   │ NULL          │                   0 │","chan":"stdout","logger":"task"}
{"timestamp":"2025-09-24T07:44:27.588008Z","level":"info","event":"│ 4            │ ROSEL8    │ Abbaye de Roseland   │ … │ place_096609   │ NULL          │                   0 │","chan":"stdout","logger":"task"}
{"timestamp":"2025-09-24T07:44:27.588053Z","level":"info","event":"│ 5            │ ARSE4     │ Abbaye de Roseland…  │ … │ place_096610   │ NULL          │                   0 │","chan":"stdout","logger":"task"}
{"timestamp":"2025-09-24T07:44:27.588093Z","level":"info","event":"│ 6            │ ACROB6    │ Risso                │ … │ place_096612   │ NULL          │                   1 │","chan":"stdout","logger":"task"}
{"timestamp":"2025-09-24T07:44:27.588132Z","level":"info","event":"│ 8            │ AEPRM1    │ Aéroport / Promenade │ … │ place_101377   │ NULL          │                   1 │","chan":"stdout","logger":"task"}
{"timestamp":"2025-09-24T07:44:27.588187Z","level":"info","event":"│ 11           │ AEPRM2    │ Aéroport / Promenade │ … │ place_101377   │ NULL          │                   1 │","chan":"stdout","logger":"task"}
{"timestamp":"2025-09-24T07:44:27.588229Z","level":"info","event":"│ 12           │ ALBER3    │ Albert 1er           │ … │ place_096616   │ NULL          │                   0 │","chan":"stdout","logger":"task"}
{"timestamp":"2025-09-24T07:44:27.588309Z","level":"info","event":"│ 13           │ ALBER8    │ Jardin d'Arménie     │ … │ place_096617   │ NULL          │                   0 │","chan":"stdout","logger":"task"}
{"timestamp":"2025-09-24T07:44:27.588400Z","level":"info","event":"│ ·            │   ·       │      ·               │ · │  ·             │  ·            │                   · │","chan":"stdout","logger":"task"}
{"timestamp":"2025-09-24T07:44:27.588441Z","level":"info","event":"│ ·            │   ·       │      ·               │ · │  ·             │  ·            │                   · │","chan":"stdout","logger":"task"}
{"timestamp":"2025-09-24T07:44:27.588499Z","level":"info","event":"│ ·            │   ·       │      ·               │ · │  ·             │  ·            │                   · │","chan":"stdout","logger":"task"}
{"timestamp":"2025-09-24T07:44:27.588538Z","level":"info","event":"│ 23025        │ SMPMA5    │ Pont Maïssa          │ … │ NULL           │ Europe/Paris  │                   1 │","chan":"stdout","logger":"task"}
{"timestamp":"2025-09-24T07:44:27.588600Z","level":"info","event":"│ 21314        │ VILL4     │ Village              │ … │ NULL           │ Europe/Paris  │                   0 │","chan":"stdout","logger":"task"}
{"timestamp":"2025-09-24T07:44:27.588641Z","level":"info","event":"│ place_GENDAR │ NULL      │ Gendarmerie          │ … │ NULL           │ Europe/Paris  │                   0 │","chan":"stdout","logger":"task"}
{"timestamp":"2025-09-24T07:44:27.588682Z","level":"info","event":"│ place_SMGEN  │ NULL      │ Gendarmerie          │ … │ NULL           │ Europe/Paris  │                   0 │","chan":"stdout","logger":"task"}
{"timestamp":"2025-09-24T07:44:27.588741Z","level":"info","event":"│ place_SMPMA7 │ NULL      │ Pont Maïssa          │ … │ NULL           │ Europe/Paris  │                   0 │","chan":"stdout","logger":"task"}
{"timestamp":"2025-09-24T07:44:27.588780Z","level":"info","event":"│ 6198         │ SMGEN8    │ Gendarmerie          │ … │ place_SMGEN    │ NULL          │                   1 │","chan":"stdout","logger":"task"}
{"timestamp":"2025-09-24T07:44:27.588819Z","level":"info","event":"│ 21313        │ GENDA3    │ Gendarmerie          │ … │ place_GENDAR   │ NULL          │                   0 │","chan":"stdout","logger":"task"}
{"timestamp":"2025-09-24T07:44:27.588860Z","level":"info","event":"│ 6197         │ SMPMA7    │ Pont Maïssa          │ … │ place_SMPMA7   │ NULL          │                   1 │","chan":"stdout","logger":"task"}
{"timestamp":"2025-09-24T07:44:27.588955Z","level":"info","event":"│ 21659        │ SUPGA9    │ Super Gattières      │ … │ NULL           │ Europe/Paris  │                   0 │","chan":"stdout","logger":"task"}
{"timestamp":"2025-09-24T07:44:27.589042Z","level":"info","event":"│ 2997         │ MAGNA1    │ Magnan               │ … │ place_097192   │ NULL          │                   1 │","chan":"stdout","logger":"task"}
{"timestamp":"2025-09-24T07:44:27.589262Z","level":"info","event":"├──────────────┴───────────┴──────────────────────┴───┴────────────────┴───────────────┴─────────────────────┤","chan":"stdout","logger":"task"}
{"timestamp":"2025-09-24T07:44:27.589331Z","level":"info","event":"│ 8948 rows (20 shown)                                                                  10 columns (6 shown) │","chan":"stdout","logger":"task"}
{"timestamp":"2025-09-24T07:44:27.589464Z","level":"info","event":"└────────────────────────────────────────────────────────────────────────────────────────────────────────────┘","chan":"stdout","logger":"task"}
{"timestamp":"2025-09-24T07:44:27.589559Z","level":"info","event":"","chan":"stdout","logger":"task"}
{"timestamp":"2025-09-24T07:44:27.589679Z","level":"info","event":"---------- routes -------------","chan":"stdout","logger":"task"}
{"timestamp":"2025-09-24T07:44:27.591200Z","level":"info","event":"#### csv created and stored in : /opt/airflow/warehouse/reseau_transport_static/routes_2025-09-24_09:44:27.589297.csv","chan":"stdout","logger":"task"}
{"timestamp":"2025-09-24T07:44:27.609421Z","level":"info","event":"┌──────────┬───────────────┬──────────────────┬───┬────────────┬──────────────────────┬─────────────┬──────────────────┐","chan":"stdout","logger":"task"}
{"timestamp":"2025-09-24T07:44:27.609592Z","level":"info","event":"│ route_id │   agency_id   │ route_short_name │ … │ route_type │      route_url       │ route_color │ route_text_color │","chan":"stdout","logger":"task"}
{"timestamp":"2025-09-24T07:44:27.609668Z","level":"info","event":"│ varchar  │    varchar    │     varchar      │   │   int64    │       varchar        │   varchar   │     varchar      │","chan":"stdout","logger":"task"}
{"timestamp":"2025-09-24T07:44:27.609717Z","level":"info","event":"├──────────┼───────────────┼──────────────────┼───┼────────────┼──────────────────────┼─────────────┼──────────────────┤","chan":"stdout","logger":"task"}
{"timestamp":"2025-09-24T07:44:27.609761Z","level":"info","event":"│ 05       │ lignes-d-azur │ 05               │ … │          3 │ https://ftp.lignes…  │ 3065AF      │ FFFFFF           │","chan":"stdout","logger":"task"}
{"timestamp":"2025-09-24T07:44:27.609808Z","level":"info","event":"│ 06       │ lignes-d-azur │ 06               │ … │          3 │ https://ftp.lignes…  │ 2FA948      │ FFFFFF           │","chan":"stdout","logger":"task"}
{"timestamp":"2025-09-24T07:44:27.609849Z","level":"info","event":"│ 07       │ lignes-d-azur │ 07               │ … │          3 │ https://ftp.lignes…  │ 751D5D      │ FFFFFF           │","chan":"stdout","logger":"task"}
{"timestamp":"2025-09-24T07:44:27.609890Z","level":"info","event":"│ 09       │ lignes-d-azur │ 09               │ … │          3 │ https://ftp.lignes…  │ EF7D00      │ FFFFFF           │","chan":"stdout","logger":"task"}
{"timestamp":"2025-09-24T07:44:27.609930Z","level":"info","event":"│ 11       │ lignes-d-azur │ 11               │ … │          3 │ https://ftp.lignes…  │ 9C3F8F      │ FFFFFF           │","chan":"stdout","logger":"task"}
{"timestamp":"2025-09-24T07:44:27.609970Z","level":"info","event":"│ 12       │ lignes-d-azur │ 12+              │ … │          3 │ https://ftp.lignes…  │ DE1381      │ FFFFFF           │","chan":"stdout","logger":"task"}
{"timestamp":"2025-09-24T07:44:27.610021Z","level":"info","event":"│ 14       │ lignes-d-azur │ 14               │ … │          3 │ https://ftp.lignes…  │ F07E04      │ FFFFFF           │","chan":"stdout","logger":"task"}
{"timestamp":"2025-09-24T07:44:27.610064Z","level":"info","event":"│ 15       │ lignes-d-azur │ 15               │ … │          3 │ https://ftp.lignes…  │ 15B1AF      │ FFFFFF           │","chan":"stdout","logger":"task"}
{"timestamp":"2025-09-24T07:44:27.610104Z","level":"info","event":"│ 16       │ lignes-d-azur │ 16               │ … │          3 │ https://ftp.lignes…  │ 35BEEB      │ FFFFFF           │","chan":"stdout","logger":"task"}
{"timestamp":"2025-09-24T07:44:27.610144Z","level":"info","event":"│ 17       │ lignes-d-azur │ 17               │ … │          3 │ https://ftp.lignes…  │ 418ABF      │ FFFFFF           │","chan":"stdout","logger":"task"}
{"timestamp":"2025-09-24T07:44:27.610184Z","level":"info","event":"│ ·        │       ·       │ ·                │ · │          · │          ·           │   ·         │   ·              │","chan":"stdout","logger":"task"}
{"timestamp":"2025-09-24T07:44:27.610224Z","level":"info","event":"│ ·        │       ·       │ ·                │ · │          · │          ·           │   ·         │   ·              │","chan":"stdout","logger":"task"}
{"timestamp":"2025-09-24T07:44:27.610264Z","level":"info","event":"│ ·        │       ·       │ ·                │ · │          · │          ·           │   ·         │   ·              │","chan":"stdout","logger":"task"}
{"timestamp":"2025-09-24T07:44:27.610304Z","level":"info","event":"│ 98       │ lignes-d-azur │ 98               │ … │          3 │ https://ftp.lignes…  │ D069A3      │ 000000           │","chan":"stdout","logger":"task"}
{"timestamp":"2025-09-24T07:44:27.610344Z","level":"info","event":"│ NVDB     │ lignes-d-azur │ NVDB             │ … │          3 │ https://ftp.lignes…  │ 9C3F8F      │ FFFFFF           │","chan":"stdout","logger":"task"}
{"timestamp":"2025-09-24T07:44:27.610384Z","level":"info","event":"│ NVMA     │ lignes-d-azur │ NVMA             │ … │          3 │ https://ftp.lignes…  │ 36BEE9      │ FFFFFF           │","chan":"stdout","logger":"task"}
{"timestamp":"2025-09-24T07:44:27.610426Z","level":"info","event":"│ 10       │ lignes-d-azur │ 10               │ … │          3 │ https://ftp.lignes…  │ 31A948      │ FFFFFF           │","chan":"stdout","logger":"task"}
{"timestamp":"2025-09-24T07:44:27.610468Z","level":"info","event":"│ 08       │ lignes-d-azur │ 8+               │ … │          3 │ https://ftp.lignes…  │ FEC703      │ 000000           │","chan":"stdout","logger":"task"}
{"timestamp":"2025-09-24T07:44:27.610508Z","level":"info","event":"│ 12+      │ lignes-d-azur │ 12+              │ … │          3 │ https://ftp.lignes…  │ DE1381      │ FFFFFF           │","chan":"stdout","logger":"task"}
{"timestamp":"2025-09-24T07:44:27.610548Z","level":"info","event":"│ 8+       │ lignes-d-azur │ 8+               │ … │          3 │ https://ftp.lignes…  │ FEC703      │ 000000           │","chan":"stdout","logger":"task"}
{"timestamp":"2025-09-24T07:44:27.610586Z","level":"info","event":"│ B        │ lignes-d-azur │ B                │ … │          0 │ https://ftp.lignes…  │ FFDD00      │ 000000           │","chan":"stdout","logger":"task"}
{"timestamp":"2025-09-24T07:44:27.610685Z","level":"info","event":"│ FOOT     │ lignes-d-azur │ FOOT             │ … │          3 │ NULL                 │ 36BEE9      │ FFFFFF           │","chan":"stdout","logger":"task"}
{"timestamp":"2025-09-24T07:44:27.610779Z","level":"info","event":"│ NV30     │ lignes-d-azur │ NV30             │ … │          3 │ NULL                 │ 428ABF      │ FFFFFF           │","chan":"stdout","logger":"task"}
{"timestamp":"2025-09-24T07:44:27.610832Z","level":"info","event":"├──────────┴───────────────┴──────────────────┴───┴────────────┴──────────────────────┴─────────────┴──────────────────┤","chan":"stdout","logger":"task"}
{"timestamp":"2025-09-24T07:44:27.610876Z","level":"info","event":"│ 220 rows (20 shown)                                                                              9 columns (7 shown) │","chan":"stdout","logger":"task"}
{"timestamp":"2025-09-24T07:44:27.610918Z","level":"info","event":"└──────────────────────────────────────────────────────────────────────────────────────────────────────────────────────┘","chan":"stdout","logger":"task"}
{"timestamp":"2025-09-24T07:44:27.610960Z","level":"info","event":"","chan":"stdout","logger":"task"}
{"timestamp":"2025-09-24T07:44:27.693022Z","level":"info","event":"---------- trips -------------","chan":"stdout","logger":"task"}
{"timestamp":"2025-09-24T07:44:27.809437Z","level":"info","event":"#### csv created and stored in : /opt/airflow/warehouse/reseau_transport_static/trips_2025-09-24_09:44:27.692916.csv","chan":"stdout","logger":"task"}
{"timestamp":"2025-09-24T07:44:27.912050Z","level":"info","event":"┌──────────┬──────────────────────┬──────────────────────┬───┬──────────┬──────────────────────┬───────────────┐","chan":"stdout","logger":"task"}
{"timestamp":"2025-09-24T07:44:27.912351Z","level":"info","event":"│ route_id │      service_id      │       trip_id        │ … │ shape_id │ wheelchair_accessi…  │ bikes_allowed │","chan":"stdout","logger":"task"}
{"timestamp":"2025-09-24T07:44:27.912450Z","level":"info","event":"│ varchar  │       varchar        │       varchar        │   │ varchar  │        int64         │     int64     │","chan":"stdout","logger":"task"}
{"timestamp":"2025-09-24T07:44:27.912521Z","level":"info","event":"├──────────┼──────────────────────┼──────────────────────┼───┼──────────┼──────────────────────┼───────────────┤","chan":"stdout","logger":"task"}
{"timestamp":"2025-09-24T07:44:27.912591Z","level":"info","event":"│ 40       │ RESEAU2023-40-Sema…  │ 4350596-40_A_50_40…  │ … │ 400009   │                    0 │             0 │","chan":"stdout","logger":"task"}
{"timestamp":"2025-09-24T07:44:27.912636Z","level":"info","event":"│ 62       │ RESEAU2023-62-Same…  │ 4336738-62_R_98_62…  │ … │ 620015   │                    0 │             0 │","chan":"stdout","logger":"task"}
{"timestamp":"2025-09-24T07:44:27.912688Z","level":"info","event":"│ C34      │ RESEAU2021-C34-Dim…  │ 3064040-C34_R_2_C3…  │ … │ C340002  │                    0 │             0 │","chan":"stdout","logger":"task"}
{"timestamp":"2025-09-24T07:44:27.912730Z","level":"info","event":"│ 62       │ RESEAU2023-62-Dima…  │ 4336785-62_R_98_62…  │ … │ 620015   │                    0 │             0 │","chan":"stdout","logger":"task"}
{"timestamp":"2025-09-24T07:44:27.912771Z","level":"info","event":"│ 40       │ RESEAU2023-40-Sema…  │ 4350598-40_A_50_40…  │ … │ 400009   │                    0 │             0 │","chan":"stdout","logger":"task"}
{"timestamp":"2025-09-24T07:44:27.912824Z","level":"info","event":"│ 40       │ RESEAU2023-40-Sema…  │ 4350594-40_R_99_40…  │ … │ 400010   │                    0 │             0 │","chan":"stdout","logger":"task"}
{"timestamp":"2025-09-24T07:44:27.912867Z","level":"info","event":"│ 62       │ RESEAU2023-62-Same…  │ 4336737-62_R_98_62…  │ … │ 620015   │                    0 │             0 │","chan":"stdout","logger":"task"}
{"timestamp":"2025-09-24T07:44:27.912907Z","level":"info","event":"│ 62       │ RESEAU2023-62-Same…  │ 4336760-62_R_98_62…  │ … │ 620015   │                    0 │             0 │","chan":"stdout","logger":"task"}
{"timestamp":"2025-09-24T07:44:27.912950Z","level":"info","event":"│ 62       │ RESEAU2023-62-Same…  │ 4336710-62_A_48_62…  │ … │ 620012   │                    0 │             0 │","chan":"stdout","logger":"task"}
{"timestamp":"2025-09-24T07:44:27.912990Z","level":"info","event":"│ 62       │ RESEAU2023-62-Sema…  │ 4669761-62_R_98_62…  │ … │ 620015   │                    0 │             0 │","chan":"stdout","logger":"task"}
{"timestamp":"2025-09-24T07:44:27.913031Z","level":"info","event":"│ ·        │          ·           │          ·           │ · │   ·      │                    · │             · │","chan":"stdout","logger":"task"}
{"timestamp":"2025-09-24T07:44:27.913078Z","level":"info","event":"│ ·        │          ·           │          ·           │ · │   ·      │                    · │             · │","chan":"stdout","logger":"task"}
{"timestamp":"2025-09-24T07:44:27.913119Z","level":"info","event":"│ ·        │          ·           │          ·           │ · │   ·      │                    · │             · │","chan":"stdout","logger":"task"}
{"timestamp":"2025-09-24T07:44:27.913160Z","level":"info","event":"│ 12+      │ chouette:TimeTable…  │ 6411133-12_A_50_12…  │ … │ 120080   │                    0 │             0 │","chan":"stdout","logger":"task"}
{"timestamp":"2025-09-24T07:44:27.913200Z","level":"info","event":"│ 12+      │ chouette:TimeTable…  │ 6411134-12_A_50_12…  │ … │ 120080   │                    0 │             0 │","chan":"stdout","logger":"task"}
{"timestamp":"2025-09-24T07:44:27.913240Z","level":"info","event":"│ 12+      │ chouette:TimeTable…  │ 6411135-12_A_50_12…  │ … │ 120080   │                    0 │             0 │","chan":"stdout","logger":"task"}
{"timestamp":"2025-09-24T07:44:27.913280Z","level":"info","event":"│ 12+      │ chouette:TimeTable…  │ chouette:VehicleJo…  │ … │ 120080   │                    0 │             0 │","chan":"stdout","logger":"task"}
{"timestamp":"2025-09-24T07:44:27.913320Z","level":"info","event":"│ 12       │ SETP2025-12-Dimanc…  │ chouette:VehicleJo…  │ … │ 120081   │                    0 │             0 │","chan":"stdout","logger":"task"}
{"timestamp":"2025-09-24T07:44:27.913360Z","level":"info","event":"│ 15       │ SETP2025-15-Dimanc…  │ 6428949-15_R_99_15…  │ … │ 150081   │                    0 │             0 │","chan":"stdout","logger":"task"}
{"timestamp":"2025-09-24T07:44:27.913399Z","level":"info","event":"│ 15       │ SETP2025-15-Dimanc…  │ 6428950-15_A_50_15…  │ … │ 150080   │                    0 │             0 │","chan":"stdout","logger":"task"}
{"timestamp":"2025-09-24T07:44:27.913443Z","level":"info","event":"│ 90       │ PROJET2025-90-Sema…  │ 6167198-90_A_5_900…  │ … │ 900012   │                    0 │             0 │","chan":"stdout","logger":"task"}
{"timestamp":"2025-09-24T07:44:27.913484Z","level":"info","event":"│ 12+      │ SETP2025-12-Semain…  │ chouette:VehicleJo…  │ … │ 120080   │                    0 │             0 │","chan":"stdout","logger":"task"}
{"timestamp":"2025-09-24T07:44:27.913533Z","level":"info","event":"│ 90       │ PROJET2025-90-Same…  │ 6167241-90_A_5_900…  │ … │ 900012   │                    0 │             0 │","chan":"stdout","logger":"task"}
{"timestamp":"2025-09-24T07:44:27.913703Z","level":"info","event":"├──────────┴──────────────────────┴──────────────────────┴───┴──────────┴──────────────────────┴───────────────┤","chan":"stdout","logger":"task"}
{"timestamp":"2025-09-24T07:44:27.913777Z","level":"info","event":"│ ? rows (>9999 rows, 20 shown)                                                            9 columns (6 shown) │","chan":"stdout","logger":"task"}
{"timestamp":"2025-09-24T07:44:27.913844Z","level":"info","event":"└──────────────────────────────────────────────────────────────────────────────────────────────────────────────┘","chan":"stdout","logger":"task"}
{"timestamp":"2025-09-24T07:44:27.913913Z","level":"info","event":"","chan":"stdout","logger":"task"}
{"timestamp":"2025-09-24T07:44:28.377413Z","level":"info","event":"---------- stop_times -------------","chan":"stdout","logger":"task"}
{"timestamp":"2025-09-24T07:44:40.735782Z","level":"info","event":"#### csv created and stored in : /opt/airflow/warehouse/reseau_transport_static/stop_times_2025-09-24_09:44:37.675551.csv","chan":"stdout","logger":"task"}
{"timestamp":"2025-09-24T07:44:41.781934Z","level":"info","event":"┌──────────────────────────────┬──────────────┬────────────────┬─────────┬───────────────┬─────────────┬───────────────┐","chan":"stdout","logger":"task"}
{"timestamp":"2025-09-24T07:44:41.782191Z","level":"info","event":"│           trip_id            │ arrival_time │ departure_time │ stop_id │ stop_sequence │ pickup_type │ drop_off_type │","chan":"stdout","logger":"task"}
{"timestamp":"2025-09-24T07:44:41.782345Z","level":"info","event":"│           varchar            │     time     │      time      │  int64  │     int64     │    int64    │     int64     │","chan":"stdout","logger":"task"}
{"timestamp":"2025-09-24T07:44:41.782479Z","level":"info","event":"├──────────────────────────────┼──────────────┼────────────────┼─────────┼───────────────┼─────────────┼───────────────┤","chan":"stdout","logger":"task"}
{"timestamp":"2025-09-24T07:44:41.782579Z","level":"info","event":"│ 3064029-C32_A_1_C3201_08:3…  │ 08:30:00     │ 08:30:00       │   21681 │             0 │           2 │             2 │","chan":"stdout","logger":"task"}
{"timestamp":"2025-09-24T07:44:41.782698Z","level":"info","event":"│ 3064029-C32_A_1_C3201_08:3…  │ 08:35:00     │ 08:35:00       │   21652 │             1 │           2 │             2 │","chan":"stdout","logger":"task"}
{"timestamp":"2025-09-24T07:44:41.782781Z","level":"info","event":"│ 3064029-C32_A_1_C3201_08:3…  │ 08:55:00     │ 08:55:00       │   21644 │             2 │           2 │             2 │","chan":"stdout","logger":"task"}
{"timestamp":"2025-09-24T07:44:41.782864Z","level":"info","event":"│ 3064029-C32_A_1_C3201_08:3…  │ 09:15:00     │ 09:15:00       │   21398 │             3 │           2 │             2 │","chan":"stdout","logger":"task"}
{"timestamp":"2025-09-24T07:44:41.782959Z","level":"info","event":"│ 3064030-C32_R_2_C3202_17:2…  │ 17:20:00     │ 17:20:00       │   21398 │             0 │           2 │             2 │","chan":"stdout","logger":"task"}
{"timestamp":"2025-09-24T07:44:41.783040Z","level":"info","event":"│ 3064030-C32_R_2_C3202_17:2…  │ 17:40:00     │ 17:40:00       │   21644 │             1 │           2 │             2 │","chan":"stdout","logger":"task"}
{"timestamp":"2025-09-24T07:44:41.783121Z","level":"info","event":"│ 3064030-C32_R_2_C3202_17:2…  │ 18:00:00     │ 18:00:00       │   21652 │             2 │           2 │             2 │","chan":"stdout","logger":"task"}
{"timestamp":"2025-09-24T07:44:41.783199Z","level":"info","event":"│ 3064030-C32_R_2_C3202_17:2…  │ 18:05:00     │ 18:05:00       │   21681 │             3 │           2 │             2 │","chan":"stdout","logger":"task"}
{"timestamp":"2025-09-24T07:44:41.783276Z","level":"info","event":"│ 3064033-C32_A_1_C3202_17:0…  │ 17:00:00     │ 17:00:00       │   21681 │             0 │           2 │             2 │","chan":"stdout","logger":"task"}
{"timestamp":"2025-09-24T07:44:41.783371Z","level":"info","event":"│ 3064033-C32_A_1_C3202_17:0…  │ 17:05:00     │ 17:05:00       │   21652 │             1 │           2 │             2 │","chan":"stdout","logger":"task"}
{"timestamp":"2025-09-24T07:44:41.783459Z","level":"info","event":"│              ·               │    ·         │    ·           │      ·  │             · │           · │             · │","chan":"stdout","logger":"task"}
{"timestamp":"2025-09-24T07:44:41.783547Z","level":"info","event":"│              ·               │    ·         │    ·           │      ·  │             · │           · │             · │","chan":"stdout","logger":"task"}
{"timestamp":"2025-09-24T07:44:41.783673Z","level":"info","event":"│              ·               │    ·         │    ·           │      ·  │             · │           · │             · │","chan":"stdout","logger":"task"}
{"timestamp":"2025-09-24T07:44:41.783765Z","level":"info","event":"│ 4669814-62_R_98_6206_14:20…  │ 14:21:00     │ 14:21:00       │    6022 │             1 │           0 │             0 │","chan":"stdout","logger":"task"}
{"timestamp":"2025-09-24T07:44:41.783850Z","level":"info","event":"│ 4669814-62_R_98_6206_14:20…  │ 14:22:00     │ 14:22:00       │    6063 │             2 │           0 │             0 │","chan":"stdout","logger":"task"}
{"timestamp":"2025-09-24T07:44:41.783935Z","level":"info","event":"│ 4669814-62_R_98_6206_14:20…  │ 14:22:00     │ 14:22:00       │    6016 │             3 │           0 │             0 │","chan":"stdout","logger":"task"}
{"timestamp":"2025-09-24T07:44:41.784018Z","level":"info","event":"│ 4669814-62_R_98_6206_14:20…  │ 14:23:00     │ 14:23:00       │    6030 │             4 │           0 │             0 │","chan":"stdout","logger":"task"}
{"timestamp":"2025-09-24T07:44:41.784100Z","level":"info","event":"│ 4669814-62_R_98_6206_14:20…  │ 14:24:00     │ 14:24:00       │    6052 │             5 │           0 │             0 │","chan":"stdout","logger":"task"}
{"timestamp":"2025-09-24T07:44:41.784187Z","level":"info","event":"│ 4669814-62_R_98_6206_14:20…  │ 14:24:00     │ 14:24:00       │     207 │             6 │           0 │             0 │","chan":"stdout","logger":"task"}
{"timestamp":"2025-09-24T07:44:41.784273Z","level":"info","event":"│ 4669814-62_R_98_6206_14:20…  │ 14:25:00     │ 14:25:00       │    1414 │             7 │           0 │             0 │","chan":"stdout","logger":"task"}
{"timestamp":"2025-09-24T07:44:41.784359Z","level":"info","event":"│ 4669814-62_R_98_6206_14:20…  │ 14:25:00     │ 14:25:00       │    1245 │             8 │           0 │             0 │","chan":"stdout","logger":"task"}
{"timestamp":"2025-09-24T07:44:41.784465Z","level":"info","event":"│ 4669814-62_R_98_6206_14:20…  │ 14:26:00     │ 14:26:00       │    1417 │             9 │           0 │             0 │","chan":"stdout","logger":"task"}
{"timestamp":"2025-09-24T07:44:41.784665Z","level":"info","event":"│ 4669814-62_R_98_6206_14:20…  │ 14:27:00     │ 14:27:00       │     225 │            10 │           0 │             0 │","chan":"stdout","logger":"task"}
{"timestamp":"2025-09-24T07:44:41.784767Z","level":"info","event":"├──────────────────────────────┴──────────────┴────────────────┴─────────┴───────────────┴─────────────┴───────────────┤","chan":"stdout","logger":"task"}
{"timestamp":"2025-09-24T07:44:41.784855Z","level":"info","event":"│ ? rows (>9999 rows, 20 shown)                                                                              7 columns │","chan":"stdout","logger":"task"}
{"timestamp":"2025-09-24T07:44:41.784944Z","level":"info","event":"└──────────────────────────────────────────────────────────────────────────────────────────────────────────────────────┘","chan":"stdout","logger":"task"}
{"timestamp":"2025-09-24T07:44:41.785035Z","level":"info","event":"","chan":"stdout","logger":"task"}
{"timestamp":"2025-09-24T07:44:41.788483Z","level":"info","event":"---------- calendar -------------","chan":"stdout","logger":"task"}
{"timestamp":"2025-09-24T07:44:41.805657Z","level":"info","event":"#### csv created and stored in : /opt/airflow/warehouse/reseau_transport_static/calendar_2025-09-24_09:44:41.802082.csv","chan":"stdout","logger":"task"}
{"timestamp":"2025-09-24T07:44:41.847031Z","level":"info","event":"┌──────────────────────┬────────┬─────────┬───────────┬──────────┬───┬──────────┬────────┬────────────┬────────────┐","chan":"stdout","logger":"task"}
{"timestamp":"2025-09-24T07:44:41.847246Z","level":"info","event":"│      service_id      │ monday │ tuesday │ wednesday │ thursday │ … │ saturday │ sunday │ start_date │  end_date  │","chan":"stdout","logger":"task"}
{"timestamp":"2025-09-24T07:44:41.847318Z","level":"info","event":"│       varchar        │ int64  │  int64  │   int64   │  int64   │   │  int64   │ int64  │    date    │    date    │","chan":"stdout","logger":"task"}
{"timestamp":"2025-09-24T07:44:41.847370Z","level":"info","event":"├──────────────────────┼────────┼─────────┼───────────┼──────────┼───┼──────────┼────────┼────────────┼────────────┤","chan":"stdout","logger":"task"}
{"timestamp":"2025-09-24T07:44:41.847417Z","level":"info","event":"│ PVS2025-26-17-L-Ma…  │      1 │       1 │         0 │        1 │ … │        0 │      0 │ 2025-10-20 │ 2025-12-31 │","chan":"stdout","logger":"task"}
{"timestamp":"2025-09-24T07:44:41.847461Z","level":"info","event":"│ chouette:TimeTable…  │      1 │       0 │         0 │        0 │ … │        0 │      0 │ 2025-09-22 │ 2025-12-29 │","chan":"stdout","logger":"task"}
{"timestamp":"2025-09-24T07:44:41.847503Z","level":"info","event":"│ PVS2025-26-06-Sema…  │      1 │       1 │         1 │        1 │ … │        0 │      0 │ 2025-10-20 │ 2025-10-31 │","chan":"stdout","logger":"task"}
{"timestamp":"2025-09-24T07:44:41.847558Z","level":"info","event":"│ PVS2024-25-B-Semai…  │      1 │       1 │         1 │        1 │ … │        0 │      0 │ 2025-10-20 │ 2025-10-30 │","chan":"stdout","logger":"task"}
{"timestamp":"2025-09-24T07:44:41.847602Z","level":"info","event":"│ PVS2024-25-B-Semai…  │      1 │       1 │         1 │        1 │ … │        0 │      0 │ 2025-10-24 │ 2025-10-31 │","chan":"stdout","logger":"task"}
{"timestamp":"2025-09-24T07:44:41.847643Z","level":"info","event":"│ chouette:TimeTable…  │      0 │       1 │         1 │        1 │ … │        1 │      0 │ 2025-10-21 │ 2025-10-31 │","chan":"stdout","logger":"task"}
{"timestamp":"2025-09-24T07:44:41.847684Z","level":"info","event":"│ chouette:TimeTable…  │      0 │       1 │         1 │        1 │ … │        1 │      0 │ 2025-10-25 │ 2025-11-01 │","chan":"stdout","logger":"task"}
{"timestamp":"2025-09-24T07:44:41.847724Z","level":"info","event":"│ chouette:TimeTable…  │      0 │       1 │         1 │        1 │ … │        1 │      0 │ 2025-10-21 │ 2025-11-01 │","chan":"stdout","logger":"task"}
{"timestamp":"2025-09-24T07:44:41.847765Z","level":"info","event":"│ chouette:TimeTable…  │      1 │       0 │         0 │        0 │ … │        0 │      0 │ 2025-09-22 │ 2025-12-29 │","chan":"stdout","logger":"task"}
{"timestamp":"2025-09-24T07:44:41.847805Z","level":"info","event":"│ PVS2025-26-07-Sema…  │      1 │       1 │         1 │        1 │ … │        0 │      0 │ 2025-10-20 │ 2025-12-31 │","chan":"stdout","logger":"task"}
{"timestamp":"2025-09-24T07:44:41.847847Z","level":"info","event":"│          ·           │      · │       · │         · │        · │ · │        · │      · │     ·      │     ·      │","chan":"stdout","logger":"task"}
{"timestamp":"2025-09-24T07:44:41.847888Z","level":"info","event":"│          ·           │      · │       · │         · │        · │ · │        · │      · │     ·      │     ·      │","chan":"stdout","logger":"task"}
{"timestamp":"2025-09-24T07:44:41.847929Z","level":"info","event":"│          ·           │      · │       · │         · │        · │ · │        · │      · │     ·      │     ·      │","chan":"stdout","logger":"task"}
{"timestamp":"2025-09-24T07:44:41.847970Z","level":"info","event":"│ chouette:TimeTable…  │      1 │       1 │         1 │        1 │ … │        0 │      0 │ 2025-09-22 │ 2025-12-31 │","chan":"stdout","logger":"task"}
{"timestamp":"2025-09-24T07:44:41.848011Z","level":"info","event":"│ SETP2025-12-Dimanc…  │      0 │       0 │         0 │        0 │ … │        0 │      1 │ 2025-09-22 │ 2025-12-28 │","chan":"stdout","logger":"task"}
{"timestamp":"2025-09-24T07:44:41.848051Z","level":"info","event":"│ SETP2025-12-Samedi…  │      0 │       0 │         0 │        0 │ … │        1 │      0 │ 2025-09-22 │ 2025-12-27 │","chan":"stdout","logger":"task"}
{"timestamp":"2025-09-24T07:44:41.848090Z","level":"info","event":"│ chouette:TimeTable…  │      0 │       0 │         0 │        0 │ … │        0 │      1 │ 2025-09-22 │ 2025-12-28 │","chan":"stdout","logger":"task"}
{"timestamp":"2025-09-24T07:44:41.848130Z","level":"info","event":"│ chouette:TimeTable…  │      0 │       1 │         1 │        1 │ … │        1 │      0 │ 2025-09-22 │ 2025-12-31 │","chan":"stdout","logger":"task"}
{"timestamp":"2025-09-24T07:44:41.848169Z","level":"info","event":"│ SETP2025-08-Semain…  │      1 │       1 │         1 │        1 │ … │        0 │      0 │ 2025-09-22 │ 2025-12-19 │","chan":"stdout","logger":"task"}
{"timestamp":"2025-09-24T07:44:41.848214Z","level":"info","event":"│ chouette:TimeTable…  │      0 │       0 │         0 │        0 │ … │        0 │      1 │ 2025-09-22 │ 2025-12-28 │","chan":"stdout","logger":"task"}
{"timestamp":"2025-09-24T07:44:41.848255Z","level":"info","event":"│ chouette:TimeTable…  │      0 │       0 │         0 │        0 │ … │        1 │      0 │ 2025-09-22 │ 2025-12-27 │","chan":"stdout","logger":"task"}
{"timestamp":"2025-09-24T07:44:41.848357Z","level":"info","event":"│ chouette:TimeTable…  │      0 │       1 │         1 │        1 │ … │        1 │      0 │ 2025-09-22 │ 2025-12-20 │","chan":"stdout","logger":"task"}
{"timestamp":"2025-09-24T07:44:41.848440Z","level":"info","event":"│ chouette:TimeTable…  │      0 │       0 │         0 │        0 │ … │        0 │      1 │ 2025-09-22 │ 2025-12-28 │","chan":"stdout","logger":"task"}
{"timestamp":"2025-09-24T07:44:41.848518Z","level":"info","event":"├──────────────────────┴────────┴─────────┴───────────┴──────────┴───┴──────────┴────────┴────────────┴────────────┤","chan":"stdout","logger":"task"}
{"timestamp":"2025-09-24T07:44:41.848568Z","level":"info","event":"│ 784 rows (20 shown)                                                                         10 columns (9 shown) │","chan":"stdout","logger":"task"}
{"timestamp":"2025-09-24T07:44:41.848614Z","level":"info","event":"└──────────────────────────────────────────────────────────────────────────────────────────────────────────────────┘","chan":"stdout","logger":"task"}
{"timestamp":"2025-09-24T07:44:41.848683Z","level":"info","event":"","chan":"stdout","logger":"task"}
{"timestamp":"2025-09-24T07:44:41.850060Z","level":"info","event":"---------- calendar_dates -------------","chan":"stdout","logger":"task"}
{"timestamp":"2025-09-24T07:44:41.884765Z","level":"info","event":"#### csv created and stored in : /opt/airflow/warehouse/reseau_transport_static/calendar_dates_2025-09-24_09:44:41.877008.csv","chan":"stdout","logger":"task"}
{"timestamp":"2025-09-24T07:44:41.906970Z","level":"info","event":"┌─────────────────────────────────────────────────────────────┬────────────┬────────────────┐","chan":"stdout","logger":"task"}
{"timestamp":"2025-09-24T07:44:41.907148Z","level":"info","event":"│                         service_id                          │    date    │ exception_type │","chan":"stdout","logger":"task"}
{"timestamp":"2025-09-24T07:44:41.907226Z","level":"info","event":"│                           varchar                           │    date    │     int64      │","chan":"stdout","logger":"task"}
{"timestamp":"2025-09-24T07:44:41.907277Z","level":"info","event":"├─────────────────────────────────────────────────────────────┼────────────┼────────────────┤","chan":"stdout","logger":"task"}
{"timestamp":"2025-09-24T07:44:41.907322Z","level":"info","event":"│ PVS2025-26-17-L-Ma-J-V-35-17                                │ 2025-10-22 │              1 │","chan":"stdout","logger":"task"}
{"timestamp":"2025-09-24T07:44:41.907366Z","level":"info","event":"│ PVS2025-26-17-L-Ma-J-V-35-17                                │ 2025-10-29 │              1 │","chan":"stdout","logger":"task"}
{"timestamp":"2025-09-24T07:44:41.907435Z","level":"info","event":"│ PVS2025-26-17-L-Ma-J-V-35-17                                │ 2025-11-03 │              2 │","chan":"stdout","logger":"task"}
{"timestamp":"2025-09-24T07:44:41.907516Z","level":"info","event":"│ PVS2025-26-17-L-Ma-J-V-35-17                                │ 2025-11-04 │              2 │","chan":"stdout","logger":"task"}
{"timestamp":"2025-09-24T07:44:41.907579Z","level":"info","event":"│ PVS2025-26-17-L-Ma-J-V-35-17                                │ 2025-11-06 │              2 │","chan":"stdout","logger":"task"}
{"timestamp":"2025-09-24T07:44:41.907623Z","level":"info","event":"│ PVS2025-26-17-L-Ma-J-V-35-17                                │ 2025-11-07 │              2 │","chan":"stdout","logger":"task"}
{"timestamp":"2025-09-24T07:44:41.907665Z","level":"info","event":"│ PVS2025-26-17-L-Ma-J-V-35-17                                │ 2025-11-10 │              2 │","chan":"stdout","logger":"task"}
{"timestamp":"2025-09-24T07:44:41.907706Z","level":"info","event":"│ PVS2025-26-17-L-Ma-J-V-35-17                                │ 2025-11-11 │              2 │","chan":"stdout","logger":"task"}
{"timestamp":"2025-09-24T07:44:41.907747Z","level":"info","event":"│ PVS2025-26-17-L-Ma-J-V-35-17                                │ 2025-11-13 │              2 │","chan":"stdout","logger":"task"}
{"timestamp":"2025-09-24T07:44:41.907788Z","level":"info","event":"│ PVS2025-26-17-L-Ma-J-V-35-17                                │ 2025-11-14 │              2 │","chan":"stdout","logger":"task"}
{"timestamp":"2025-09-24T07:44:41.907829Z","level":"info","event":"│              ·                                              │     ·      │              · │","chan":"stdout","logger":"task"}
{"timestamp":"2025-09-24T07:44:41.907870Z","level":"info","event":"│              ·                                              │     ·      │              · │","chan":"stdout","logger":"task"}
{"timestamp":"2025-09-24T07:44:41.907912Z","level":"info","event":"│              ·                                              │     ·      │              · │","chan":"stdout","logger":"task"}
{"timestamp":"2025-09-24T07:44:41.907954Z","level":"info","event":"│ chouette:TimeTable:76f7d6f9-804c-4b88-80b9-6ebf528f654f:LOC │ 2025-10-23 │              2 │","chan":"stdout","logger":"task"}
{"timestamp":"2025-09-24T07:44:41.907994Z","level":"info","event":"│ chouette:TimeTable:76f7d6f9-804c-4b88-80b9-6ebf528f654f:LOC │ 2025-10-24 │              2 │","chan":"stdout","logger":"task"}
{"timestamp":"2025-09-24T07:44:41.908035Z","level":"info","event":"│ chouette:TimeTable:76f7d6f9-804c-4b88-80b9-6ebf528f654f:LOC │ 2025-10-25 │              2 │","chan":"stdout","logger":"task"}
{"timestamp":"2025-09-24T07:44:41.908075Z","level":"info","event":"│ chouette:TimeTable:76f7d6f9-804c-4b88-80b9-6ebf528f654f:LOC │ 2025-10-28 │              2 │","chan":"stdout","logger":"task"}
{"timestamp":"2025-09-24T07:44:41.908115Z","level":"info","event":"│ chouette:TimeTable:76f7d6f9-804c-4b88-80b9-6ebf528f654f:LOC │ 2025-10-29 │              2 │","chan":"stdout","logger":"task"}
{"timestamp":"2025-09-24T07:44:41.908156Z","level":"info","event":"│ chouette:TimeTable:76f7d6f9-804c-4b88-80b9-6ebf528f654f:LOC │ 2025-10-30 │              2 │","chan":"stdout","logger":"task"}
{"timestamp":"2025-09-24T07:44:41.908197Z","level":"info","event":"│ chouette:TimeTable:76f7d6f9-804c-4b88-80b9-6ebf528f654f:LOC │ 2025-10-31 │              2 │","chan":"stdout","logger":"task"}
{"timestamp":"2025-09-24T07:44:41.908244Z","level":"info","event":"│ chouette:TimeTable:76f7d6f9-804c-4b88-80b9-6ebf528f654f:LOC │ 2025-11-01 │              2 │","chan":"stdout","logger":"task"}
{"timestamp":"2025-09-24T07:44:41.908285Z","level":"info","event":"│ chouette:TimeTable:76f7d6f9-804c-4b88-80b9-6ebf528f654f:LOC │ 2025-11-12 │              2 │","chan":"stdout","logger":"task"}
{"timestamp":"2025-09-24T07:44:41.908335Z","level":"info","event":"│ chouette:TimeTable:88dc3c72-c1a6-41b1-9602-be33a5005c52:LOC │ 2025-11-02 │              2 │","chan":"stdout","logger":"task"}
{"timestamp":"2025-09-24T07:44:41.908378Z","level":"info","event":"├─────────────────────────────────────────────────────────────┴────────────┴────────────────┤","chan":"stdout","logger":"task"}
{"timestamp":"2025-09-24T07:44:41.908466Z","level":"info","event":"│ 6202 rows (20 shown)                                                            3 columns │","chan":"stdout","logger":"task"}
{"timestamp":"2025-09-24T07:44:41.908516Z","level":"info","event":"└───────────────────────────────────────────────────────────────────────────────────────────┘","chan":"stdout","logger":"task"}
{"timestamp":"2025-09-24T07:44:41.908559Z","level":"info","event":"","chan":"stdout","logger":"task"}
{"timestamp":"2025-09-24T07:44:42.045314Z","level":"info","event":"---------- shapes -------------","chan":"stdout","logger":"task"}
{"timestamp":"2025-09-24T07:44:43.135765Z","level":"info","event":"#### csv created and stored in : /opt/airflow/warehouse/reseau_transport_static/shapes_2025-09-24_09:44:42.045250.csv","chan":"stdout","logger":"task"}
{"timestamp":"2025-09-24T07:44:43.379695Z","level":"info","event":"┌──────────┬──────────────┬──────────────┬───────────────────┬─────────────────────┐","chan":"stdout","logger":"task"}
{"timestamp":"2025-09-24T07:44:43.379878Z","level":"info","event":"│ shape_id │ shape_pt_lat │ shape_pt_lon │ shape_pt_sequence │ shape_dist_traveled │","chan":"stdout","logger":"task"}
{"timestamp":"2025-09-24T07:44:43.379954Z","level":"info","event":"│ varchar  │    double    │    double    │       int64       │       double        │","chan":"stdout","logger":"task"}
{"timestamp":"2025-09-24T07:44:43.380006Z","level":"info","event":"├──────────┼──────────────┼──────────────┼───────────────────┼─────────────────────┤","chan":"stdout","logger":"task"}
{"timestamp":"2025-09-24T07:44:43.380056Z","level":"info","event":"│ 090009   │    43.666912 │      7.12729 │                 0 │                 0.0 │","chan":"stdout","logger":"task"}
{"timestamp":"2025-09-24T07:44:43.380102Z","level":"info","event":"│ 090009   │    43.666146 │     7.127847 │                 1 │               0.096 │","chan":"stdout","logger":"task"}
{"timestamp":"2025-09-24T07:44:43.380147Z","level":"info","event":"│ 090009   │    43.665786 │     7.128121 │                 2 │               0.142 │","chan":"stdout","logger":"task"}
{"timestamp":"2025-09-24T07:44:43.380216Z","level":"info","event":"│ 090009   │    43.665663 │     7.128181 │                 3 │               0.157 │","chan":"stdout","logger":"task"}
{"timestamp":"2025-09-24T07:44:43.380267Z","level":"info","event":"│ 090009   │    43.665541 │     7.128189 │                 4 │                0.17 │","chan":"stdout","logger":"task"}
{"timestamp":"2025-09-24T07:44:43.380311Z","level":"info","event":"│ 090009   │    43.665459 │     7.128166 │                 5 │               0.179 │","chan":"stdout","logger":"task"}
{"timestamp":"2025-09-24T07:44:43.380375Z","level":"info","event":"│ 090009   │    43.665393 │     7.128129 │                 6 │               0.187 │","chan":"stdout","logger":"task"}
{"timestamp":"2025-09-24T07:44:43.380429Z","level":"info","event":"│ 090009   │     43.66538 │      7.12805 │                 7 │               0.194 │","chan":"stdout","logger":"task"}
{"timestamp":"2025-09-24T07:44:43.380475Z","level":"info","event":"│ 090009   │     43.66538 │     7.128005 │                 8 │               0.198 │","chan":"stdout","logger":"task"}
{"timestamp":"2025-09-24T07:44:43.380518Z","level":"info","event":"│ 090009   │    43.665285 │     7.127922 │                 9 │                0.21 │","chan":"stdout","logger":"task"}
{"timestamp":"2025-09-24T07:44:43.380560Z","level":"info","event":"│   ·      │        ·     │         ·    │                 · │                  ·  │","chan":"stdout","logger":"task"}
{"timestamp":"2025-09-24T07:44:43.380603Z","level":"info","event":"│   ·      │        ·     │         ·    │                 · │                  ·  │","chan":"stdout","logger":"task"}
{"timestamp":"2025-09-24T07:44:43.380645Z","level":"info","event":"│   ·      │        ·     │         ·    │                 · │                  ·  │","chan":"stdout","logger":"task"}
{"timestamp":"2025-09-24T07:44:43.380688Z","level":"info","event":"│ K0005    │    43.791352 │     7.231355 │               350 │               5.779 │","chan":"stdout","logger":"task"}
{"timestamp":"2025-09-24T07:44:43.380729Z","level":"info","event":"│ K0005    │    43.791011 │     7.231284 │               351 │               5.818 │","chan":"stdout","logger":"task"}
{"timestamp":"2025-09-24T07:44:43.380772Z","level":"info","event":"│ K0005    │    43.790547 │     7.231148 │               352 │                5.87 │","chan":"stdout","logger":"task"}
{"timestamp":"2025-09-24T07:44:43.380815Z","level":"info","event":"│ K0005    │    43.790537 │     7.231148 │               353 │               5.872 │","chan":"stdout","logger":"task"}
{"timestamp":"2025-09-24T07:44:43.380857Z","level":"info","event":"│ K0005    │    43.790537 │     7.231148 │               354 │               5.872 │","chan":"stdout","logger":"task"}
{"timestamp":"2025-09-24T07:44:43.380918Z","level":"info","event":"│ K0005    │    43.790473 │     7.231148 │               355 │               5.879 │","chan":"stdout","logger":"task"}
{"timestamp":"2025-09-24T07:44:43.380966Z","level":"info","event":"│ K0005    │    43.790418 │     7.231202 │               356 │               5.886 │","chan":"stdout","logger":"task"}
{"timestamp":"2025-09-24T07:44:43.381008Z","level":"info","event":"│ K0005    │    43.790439 │     7.231428 │               357 │               5.904 │","chan":"stdout","logger":"task"}
{"timestamp":"2025-09-24T07:44:43.381050Z","level":"info","event":"│ K0005    │    43.790524 │     7.231782 │               358 │               5.934 │","chan":"stdout","logger":"task"}
{"timestamp":"2025-09-24T07:44:43.381092Z","level":"info","event":"│ K0005    │    43.790573 │     7.231867 │               359 │               5.943 │","chan":"stdout","logger":"task"}
{"timestamp":"2025-09-24T07:44:43.381134Z","level":"info","event":"├──────────┴──────────────┴──────────────┴───────────────────┴─────────────────────┤","chan":"stdout","logger":"task"}
{"timestamp":"2025-09-24T07:44:43.381216Z","level":"info","event":"│ ? rows (>9999 rows, 20 shown)                                          5 columns │","chan":"stdout","logger":"task"}
{"timestamp":"2025-09-24T07:44:43.381293Z","level":"info","event":"└──────────────────────────────────────────────────────────────────────────────────┘","chan":"stdout","logger":"task"}
{"timestamp":"2025-09-24T07:44:43.381392Z","level":"info","event":"","chan":"stdout","logger":"task"}
{"timestamp":"2025-09-24T07:44:43.558326","level":"info","event":"Done. Returned value was: None","logger":"airflow.task.operators.airflow.providers.standard.operators.python.PythonOperator"}
{"timestamp":"2025-09-24T07:44:43.576179Z","level":"info","event":"Task instance in success state","chan":"stdout","logger":"task"}
{"timestamp":"2025-09-24T07:44:43.576354Z","level":"info","event":" Previous state of the Task instance: TaskInstanceState.RUNNING","chan":"stdout","logger":"task"}
{"timestamp":"2025-09-24T07:44:43.576914Z","level":"info","event":"Task operator:<Task(PythonOperator): load_duckdb.to_duckdb_reseau_transport>","chan":"stdout","logger":"task"}
