{"timestamp":"2025-09-19T08:00:09.273030","level":"info","event":"DAG bundles loaded: dags-folder, example_dags","logger":"airflow.dag_processing.bundles.manager.DagBundlesManager"}
{"timestamp":"2025-09-19T08:00:09.273902","level":"info","event":"Filling up the DagBag from /opt/airflow/dags/lignes_azure_dag.py","logger":"airflow.models.dagbag.DagBag"}
{"timestamp":"2025-09-19T08:00:09.338101Z","level":"info","event":"Task instance is in running state","chan":"stdout","logger":"task"}
{"timestamp":"2025-09-19T08:00:09.338257Z","level":"info","event":" Previous state of the Task instance: TaskInstanceState.QUEUED","chan":"stdout","logger":"task"}
{"timestamp":"2025-09-19T08:00:09.338365Z","level":"info","event":"Current task name:load_duckdb.to_duckdb_reseau_transport","chan":"stdout","logger":"task"}
{"timestamp":"2025-09-19T08:00:09.338425Z","level":"info","event":"Dag name:lignes_azure_ETL","chan":"stdout","logger":"task"}
{"timestamp":"2025-09-19T08:00:09.376408Z","level":"info","event":"---------- stops -------------","chan":"stdout","logger":"task"}
{"timestamp":"2025-09-19T08:00:09.395498Z","level":"info","event":"#### csv created and stored in : /opt/airflow/warehouse/reseau_transport_static/stops_2025-09-19_10:00:09.376317.csv","chan":"stdout","logger":"task"}
{"timestamp":"2025-09-19T08:00:09.458437Z","level":"info","event":"┌──────────────┬───────────┬──────────────────────┬───┬────────────────┬───────────────┬─────────────────────┐","chan":"stdout","logger":"task"}
{"timestamp":"2025-09-19T08:00:09.458655Z","level":"info","event":"│   stop_id    │ stop_code │      stop_name       │ … │ parent_station │ stop_timezone │ wheelchair_boarding │","chan":"stdout","logger":"task"}
{"timestamp":"2025-09-19T08:00:09.458739Z","level":"info","event":"│   varchar    │  varchar  │       varchar        │   │    varchar     │    varchar    │        int64        │","chan":"stdout","logger":"task"}
{"timestamp":"2025-09-19T08:00:09.458802Z","level":"info","event":"├──────────────┼───────────┼──────────────────────┼───┼────────────────┼───────────────┼─────────────────────┤","chan":"stdout","logger":"task"}
{"timestamp":"2025-09-19T08:00:09.458855Z","level":"info","event":"│ 1            │ ABBAT8    │ Abattoirs            │ … │ place_101376   │ NULL          │                   1 │","chan":"stdout","logger":"task"}
{"timestamp":"2025-09-19T08:00:09.458905Z","level":"info","event":"│ 2            │ ABBAT4    │ Abattoirs            │ … │ place_101376   │ NULL          │                   1 │","chan":"stdout","logger":"task"}
{"timestamp":"2025-09-19T08:00:09.459016Z","level":"info","event":"│ 3            │ ROSEL2    │ Abbaye de Roseland   │ … │ place_096609   │ NULL          │                   0 │","chan":"stdout","logger":"task"}
{"timestamp":"2025-09-19T08:00:09.459071Z","level":"info","event":"│ 4            │ ROSEL8    │ Abbaye de Roseland   │ … │ place_096609   │ NULL          │                   0 │","chan":"stdout","logger":"task"}
{"timestamp":"2025-09-19T08:00:09.459121Z","level":"info","event":"│ 5            │ ARSE4     │ Abbaye de Roseland…  │ … │ place_096610   │ NULL          │                   0 │","chan":"stdout","logger":"task"}
{"timestamp":"2025-09-19T08:00:09.459169Z","level":"info","event":"│ 6            │ ACROB6    │ Risso                │ … │ place_096612   │ NULL          │                   1 │","chan":"stdout","logger":"task"}
{"timestamp":"2025-09-19T08:00:09.459218Z","level":"info","event":"│ 8            │ AEPRM1    │ Aéroport / Promenade │ … │ place_101377   │ NULL          │                   1 │","chan":"stdout","logger":"task"}
{"timestamp":"2025-09-19T08:00:09.459280Z","level":"info","event":"│ 11           │ AEPRM2    │ Aéroport / Promenade │ … │ place_101377   │ NULL          │                   1 │","chan":"stdout","logger":"task"}
{"timestamp":"2025-09-19T08:00:09.459331Z","level":"info","event":"│ 12           │ ALBER3    │ Albert 1er           │ … │ place_096616   │ NULL          │                   0 │","chan":"stdout","logger":"task"}
{"timestamp":"2025-09-19T08:00:09.459380Z","level":"info","event":"│ 13           │ ALBER8    │ Jardin d'Arménie     │ … │ place_096617   │ NULL          │                   0 │","chan":"stdout","logger":"task"}
{"timestamp":"2025-09-19T08:00:09.459429Z","level":"info","event":"│ ·            │  ·        │      ·               │ · │  ·             │  ·            │                   · │","chan":"stdout","logger":"task"}
{"timestamp":"2025-09-19T08:00:09.459478Z","level":"info","event":"│ ·            │  ·        │      ·               │ · │  ·             │  ·            │                   · │","chan":"stdout","logger":"task"}
{"timestamp":"2025-09-19T08:00:09.459526Z","level":"info","event":"│ ·            │  ·        │      ·               │ · │  ·             │  ·            │                   · │","chan":"stdout","logger":"task"}
{"timestamp":"2025-09-19T08:00:09.459601Z","level":"info","event":"│ place_SMGEN  │ NULL      │ Gendarmerie          │ … │ NULL           │ Europe/Paris  │                   0 │","chan":"stdout","logger":"task"}
{"timestamp":"2025-09-19T08:00:09.459657Z","level":"info","event":"│ place_SMPMA7 │ NULL      │ Pont Maïssa          │ … │ NULL           │ Europe/Paris  │                   0 │","chan":"stdout","logger":"task"}
{"timestamp":"2025-09-19T08:00:09.459707Z","level":"info","event":"│ 6198         │ SMGEN8    │ Gendarmerie          │ … │ place_SMGEN    │ NULL          │                   1 │","chan":"stdout","logger":"task"}
{"timestamp":"2025-09-19T08:00:09.459754Z","level":"info","event":"│ 21313        │ GENDA3    │ Gendarmerie          │ … │ place_GENDAR   │ NULL          │                   0 │","chan":"stdout","logger":"task"}
{"timestamp":"2025-09-19T08:00:09.459802Z","level":"info","event":"│ 6197         │ SMPMA7    │ Pont Maïssa          │ … │ place_SMPMA7   │ NULL          │                   1 │","chan":"stdout","logger":"task"}
{"timestamp":"2025-09-19T08:00:09.459848Z","level":"info","event":"│ place_VACHRI │ NULL      │ La Vacherie          │ … │ NULL           │ Europe/Paris  │                   0 │","chan":"stdout","logger":"task"}
{"timestamp":"2025-09-19T08:00:09.459895Z","level":"info","event":"│ 23020        │ VACHRI    │ La Vacherie          │ … │ place_VACHRI   │ NULL          │                   1 │","chan":"stdout","logger":"task"}
{"timestamp":"2025-09-19T08:00:09.459942Z","level":"info","event":"│ 21659        │ SUPGA9    │ Super Gattières      │ … │ NULL           │ Europe/Paris  │                   0 │","chan":"stdout","logger":"task"}
{"timestamp":"2025-09-19T08:00:09.459989Z","level":"info","event":"│ place_ALPHA0 │ NULL      │ Parc Alpha Loup      │ … │ NULL           │ Europe/Paris  │                   0 │","chan":"stdout","logger":"task"}
{"timestamp":"2025-09-19T08:00:09.460035Z","level":"info","event":"│ 2997         │ MAGNA1    │ Magnan               │ … │ place_097192   │ NULL          │                   1 │","chan":"stdout","logger":"task"}
{"timestamp":"2025-09-19T08:00:09.460174Z","level":"info","event":"├──────────────┴───────────┴──────────────────────┴───┴────────────────┴───────────────┴─────────────────────┤","chan":"stdout","logger":"task"}
{"timestamp":"2025-09-19T08:00:09.460291Z","level":"info","event":"│ 8964 rows (20 shown)                                                                  10 columns (6 shown) │","chan":"stdout","logger":"task"}
{"timestamp":"2025-09-19T08:00:09.460356Z","level":"info","event":"└────────────────────────────────────────────────────────────────────────────────────────────────────────────┘","chan":"stdout","logger":"task"}
{"timestamp":"2025-09-19T08:00:09.460424Z","level":"info","event":"","chan":"stdout","logger":"task"}
{"timestamp":"2025-09-19T08:00:09.460514Z","level":"info","event":"---------- routes -------------","chan":"stdout","logger":"task"}
{"timestamp":"2025-09-19T08:00:09.461738Z","level":"info","event":"#### csv created and stored in : /opt/airflow/warehouse/reseau_transport_static/routes_2025-09-19_10:00:09.460340.csv","chan":"stdout","logger":"task"}
{"timestamp":"2025-09-19T08:00:09.480141Z","level":"info","event":"┌──────────┬───────────────┬──────────────────┬───┬────────────┬──────────────────────┬─────────────┬──────────────────┐","chan":"stdout","logger":"task"}
{"timestamp":"2025-09-19T08:00:09.480365Z","level":"info","event":"│ route_id │   agency_id   │ route_short_name │ … │ route_type │      route_url       │ route_color │ route_text_color │","chan":"stdout","logger":"task"}
{"timestamp":"2025-09-19T08:00:09.480447Z","level":"info","event":"│ varchar  │    varchar    │     varchar      │   │   int64    │       varchar        │   varchar   │     varchar      │","chan":"stdout","logger":"task"}
{"timestamp":"2025-09-19T08:00:09.480509Z","level":"info","event":"├──────────┼───────────────┼──────────────────┼───┼────────────┼──────────────────────┼─────────────┼──────────────────┤","chan":"stdout","logger":"task"}
{"timestamp":"2025-09-19T08:00:09.480562Z","level":"info","event":"│ 05       │ lignes-d-azur │ 05               │ … │          3 │ https://ftp.lignes…  │ 3065AF      │ FFFFFF           │","chan":"stdout","logger":"task"}
{"timestamp":"2025-09-19T08:00:09.480613Z","level":"info","event":"│ 06       │ lignes-d-azur │ 06               │ … │          3 │ https://ftp.lignes…  │ 2FA948      │ FFFFFF           │","chan":"stdout","logger":"task"}
{"timestamp":"2025-09-19T08:00:09.480672Z","level":"info","event":"│ 07       │ lignes-d-azur │ 07               │ … │          3 │ https://ftp.lignes…  │ 751D5D      │ FFFFFF           │","chan":"stdout","logger":"task"}
{"timestamp":"2025-09-19T08:00:09.480767Z","level":"info","event":"│ 09       │ lignes-d-azur │ 09               │ … │          3 │ https://ftp.lignes…  │ EF7D00      │ FFFFFF           │","chan":"stdout","logger":"task"}
{"timestamp":"2025-09-19T08:00:09.480823Z","level":"info","event":"│ 11       │ lignes-d-azur │ 11               │ … │          3 │ https://ftp.lignes…  │ 9C3F8F      │ FFFFFF           │","chan":"stdout","logger":"task"}
{"timestamp":"2025-09-19T08:00:09.480872Z","level":"info","event":"│ 12       │ lignes-d-azur │ 12+              │ … │          3 │ https://ftp.lignes…  │ DE1381      │ FFFFFF           │","chan":"stdout","logger":"task"}
{"timestamp":"2025-09-19T08:00:09.480934Z","level":"info","event":"│ 14       │ lignes-d-azur │ 14               │ … │          3 │ https://ftp.lignes…  │ F07E04      │ FFFFFF           │","chan":"stdout","logger":"task"}
{"timestamp":"2025-09-19T08:00:09.480984Z","level":"info","event":"│ 15       │ lignes-d-azur │ 15               │ … │          3 │ https://ftp.lignes…  │ 15B1AF      │ FFFFFF           │","chan":"stdout","logger":"task"}
{"timestamp":"2025-09-19T08:00:09.481033Z","level":"info","event":"│ 16       │ lignes-d-azur │ 16               │ … │          3 │ https://ftp.lignes…  │ 35BEEB      │ FFFFFF           │","chan":"stdout","logger":"task"}
{"timestamp":"2025-09-19T08:00:09.481105Z","level":"info","event":"│ 17       │ lignes-d-azur │ 17               │ … │          3 │ https://ftp.lignes…  │ 418ABF      │ FFFFFF           │","chan":"stdout","logger":"task"}
{"timestamp":"2025-09-19T08:00:09.481166Z","level":"info","event":"│ ·        │       ·       │ ·                │ · │          · │          ·           │   ·         │   ·              │","chan":"stdout","logger":"task"}
{"timestamp":"2025-09-19T08:00:09.481217Z","level":"info","event":"│ ·        │       ·       │ ·                │ · │          · │          ·           │   ·         │   ·              │","chan":"stdout","logger":"task"}
{"timestamp":"2025-09-19T08:00:09.481276Z","level":"info","event":"│ ·        │       ·       │ ·                │ · │          · │          ·           │   ·         │   ·              │","chan":"stdout","logger":"task"}
{"timestamp":"2025-09-19T08:00:09.481355Z","level":"info","event":"│ NGOR     │ lignes-d-azur │ NGOR             │ … │          3 │ https://ftp.lignes…  │ 2AA137      │ FFFFFF           │","chan":"stdout","logger":"task"}
{"timestamp":"2025-09-19T08:00:09.481408Z","level":"info","event":"│ 10       │ lignes-d-azur │ 10               │ … │          3 │ https://ftp.lignes…  │ 31A948      │ FFFFFF           │","chan":"stdout","logger":"task"}
{"timestamp":"2025-09-19T08:00:09.481456Z","level":"info","event":"│ 08       │ lignes-d-azur │ 8+               │ … │          3 │ https://ftp.lignes…  │ FEC703      │ 000000           │","chan":"stdout","logger":"task"}
{"timestamp":"2025-09-19T08:00:09.481504Z","level":"info","event":"│ 12+      │ lignes-d-azur │ 12+              │ … │          3 │ https://ftp.lignes…  │ DE1381      │ FFFFFF           │","chan":"stdout","logger":"task"}
{"timestamp":"2025-09-19T08:00:09.481551Z","level":"info","event":"│ 8+       │ lignes-d-azur │ 8+               │ … │          3 │ https://ftp.lignes…  │ FEC703      │ 000000           │","chan":"stdout","logger":"task"}
{"timestamp":"2025-09-19T08:00:09.481598Z","level":"info","event":"│ B        │ lignes-d-azur │ B                │ … │          0 │ https://ftp.lignes…  │ FFDD00      │ 000000           │","chan":"stdout","logger":"task"}
{"timestamp":"2025-09-19T08:00:09.481645Z","level":"info","event":"│ NBOR     │ lignes-d-azur │ NBOR             │ … │          3 │ https://ftp.lignes…  │ 2AA137      │ 000000           │","chan":"stdout","logger":"task"}
{"timestamp":"2025-09-19T08:00:09.481691Z","level":"info","event":"│ VESU     │ lignes-d-azur │ VESU             │ … │          3 │ https://ftp.lignes…  │ 2AA137      │ FFFFFF           │","chan":"stdout","logger":"task"}
{"timestamp":"2025-09-19T08:00:09.481828Z","level":"info","event":"│ FOOT     │ lignes-d-azur │ FOOT             │ … │          3 │ NULL                 │ 36BEE9      │ FFFFFF           │","chan":"stdout","logger":"task"}
{"timestamp":"2025-09-19T08:00:09.481895Z","level":"info","event":"│ NV30     │ lignes-d-azur │ NV30             │ … │          3 │ NULL                 │ 428ABF      │ FFFFFF           │","chan":"stdout","logger":"task"}
{"timestamp":"2025-09-19T08:00:09.481956Z","level":"info","event":"├──────────┴───────────────┴──────────────────┴───┴────────────┴──────────────────────┴─────────────┴──────────────────┤","chan":"stdout","logger":"task"}
{"timestamp":"2025-09-19T08:00:09.482010Z","level":"info","event":"│ 226 rows (20 shown)                                                                              9 columns (7 shown) │","chan":"stdout","logger":"task"}
{"timestamp":"2025-09-19T08:00:09.482060Z","level":"info","event":"└──────────────────────────────────────────────────────────────────────────────────────────────────────────────────────┘","chan":"stdout","logger":"task"}
{"timestamp":"2025-09-19T08:00:09.482109Z","level":"info","event":"","chan":"stdout","logger":"task"}
{"timestamp":"2025-09-19T08:00:09.586023Z","level":"info","event":"---------- trips -------------","chan":"stdout","logger":"task"}
{"timestamp":"2025-09-19T08:00:09.784137Z","level":"info","event":"#### csv created and stored in : /opt/airflow/warehouse/reseau_transport_static/trips_2025-09-19_10:00:09.585914.csv","chan":"stdout","logger":"task"}
{"timestamp":"2025-09-19T08:00:09.955675Z","level":"info","event":"┌──────────┬──────────────────────┬──────────────────────┬───┬──────────┬──────────────────────┬───────────────┐","chan":"stdout","logger":"task"}
{"timestamp":"2025-09-19T08:00:09.955889Z","level":"info","event":"│ route_id │      service_id      │       trip_id        │ … │ shape_id │ wheelchair_accessi…  │ bikes_allowed │","chan":"stdout","logger":"task"}
{"timestamp":"2025-09-19T08:00:09.955982Z","level":"info","event":"│ varchar  │       varchar        │       varchar        │   │ varchar  │        int64         │     int64     │","chan":"stdout","logger":"task"}
{"timestamp":"2025-09-19T08:00:09.956042Z","level":"info","event":"├──────────┼──────────────────────┼──────────────────────┼───┼──────────┼──────────────────────┼───────────────┤","chan":"stdout","logger":"task"}
{"timestamp":"2025-09-19T08:00:09.956094Z","level":"info","event":"│ 40       │ chouette:TimeTable…  │ 4350596-40_A_50_40…  │ … │ 400009   │                    0 │             0 │","chan":"stdout","logger":"task"}
{"timestamp":"2025-09-19T08:00:09.956146Z","level":"info","event":"│ 40       │ RESEAU2023-40-Sema…  │ 4350596-40_A_50_40…  │ … │ 400009   │                    0 │             0 │","chan":"stdout","logger":"task"}
{"timestamp":"2025-09-19T08:00:09.956195Z","level":"info","event":"│ 62       │ chouette:TimeTable…  │ 4336738-62_R_98_62…  │ … │ 620015   │                    0 │             0 │","chan":"stdout","logger":"task"}
{"timestamp":"2025-09-19T08:00:09.956244Z","level":"info","event":"│ 62       │ RESEAU2023-62-Same…  │ 4336738-62_R_98_62…  │ … │ 620015   │                    0 │             0 │","chan":"stdout","logger":"task"}
{"timestamp":"2025-09-19T08:00:09.956293Z","level":"info","event":"│ C34      │ RESEAU2021-C34-Dim…  │ 3064040-C34_R_2_C3…  │ … │ C340002  │                    0 │             0 │","chan":"stdout","logger":"task"}
{"timestamp":"2025-09-19T08:00:09.956355Z","level":"info","event":"│ C34      │ chouette:TimeTable…  │ 3064040-C34_R_2_C3…  │ … │ C340002  │                    0 │             0 │","chan":"stdout","logger":"task"}
{"timestamp":"2025-09-19T08:00:09.956415Z","level":"info","event":"│ 62       │ RESEAU2023-62-Dima…  │ 4336785-62_R_98_62…  │ … │ 620015   │                    0 │             0 │","chan":"stdout","logger":"task"}
{"timestamp":"2025-09-19T08:00:09.956501Z","level":"info","event":"│ 62       │ chouette:TimeTable…  │ 4336785-62_R_98_62…  │ … │ 620015   │                    0 │             0 │","chan":"stdout","logger":"task"}
{"timestamp":"2025-09-19T08:00:09.956621Z","level":"info","event":"│ 40       │ chouette:TimeTable…  │ 4350598-40_A_50_40…  │ … │ 400009   │                    0 │             0 │","chan":"stdout","logger":"task"}
{"timestamp":"2025-09-19T08:00:09.956683Z","level":"info","event":"│ 40       │ RESEAU2023-40-Sema…  │ 4350598-40_A_50_40…  │ … │ 400009   │                    0 │             0 │","chan":"stdout","logger":"task"}
{"timestamp":"2025-09-19T08:00:09.956734Z","level":"info","event":"│ ·        │          ·           │          ·           │ · │   ·      │                    · │             · │","chan":"stdout","logger":"task"}
{"timestamp":"2025-09-19T08:00:09.956783Z","level":"info","event":"│ ·        │          ·           │          ·           │ · │   ·      │                    · │             · │","chan":"stdout","logger":"task"}
{"timestamp":"2025-09-19T08:00:09.956832Z","level":"info","event":"│ ·        │          ·           │          ·           │ · │   ·      │                    · │             · │","chan":"stdout","logger":"task"}
{"timestamp":"2025-09-19T08:00:09.956880Z","level":"info","event":"│ B        │ JANV2025-B-Dimanch…  │ 6178112-B_R_99_VTB…  │ … │ B0004    │                    0 │             0 │","chan":"stdout","logger":"task"}
{"timestamp":"2025-09-19T08:00:09.956927Z","level":"info","event":"│ B        │ chouette:TimeTable…  │ 6178112-B_R_99_VTB…  │ … │ B0004    │                    0 │             0 │","chan":"stdout","logger":"task"}
{"timestamp":"2025-09-19T08:00:09.957010Z","level":"info","event":"│ B        │ JANV2025-B-Dimanch…  │ 6178113-B_A_50_VTB…  │ … │ B0005    │                    0 │             0 │","chan":"stdout","logger":"task"}
{"timestamp":"2025-09-19T08:00:09.957084Z","level":"info","event":"│ B        │ chouette:TimeTable…  │ 6178113-B_A_50_VTB…  │ … │ B0005    │                    0 │             0 │","chan":"stdout","logger":"task"}
{"timestamp":"2025-09-19T08:00:09.957174Z","level":"info","event":"│ B        │ JANV2025-B-Dimanch…  │ 6178114-B_A_50_VTB…  │ … │ B0005    │                    0 │             0 │","chan":"stdout","logger":"task"}
{"timestamp":"2025-09-19T08:00:09.957228Z","level":"info","event":"│ B        │ chouette:TimeTable…  │ 6178114-B_A_50_VTB…  │ … │ B0005    │                    0 │             0 │","chan":"stdout","logger":"task"}
{"timestamp":"2025-09-19T08:00:09.957313Z","level":"info","event":"│ B        │ JANV2025-B-Dimanch…  │ 6178115-B_A_50_VTB…  │ … │ B0005    │                    0 │             0 │","chan":"stdout","logger":"task"}
{"timestamp":"2025-09-19T08:00:09.957371Z","level":"info","event":"│ B        │ chouette:TimeTable…  │ 6178115-B_A_50_VTB…  │ … │ B0005    │                    0 │             0 │","chan":"stdout","logger":"task"}
{"timestamp":"2025-09-19T08:00:09.957420Z","level":"info","event":"│ B        │ JANV2025-B-Dimanch…  │ 6178116-B_R_99_VTB…  │ … │ B0004    │                    0 │             0 │","chan":"stdout","logger":"task"}
{"timestamp":"2025-09-19T08:00:09.957519Z","level":"info","event":"│ B        │ chouette:TimeTable…  │ 6178116-B_R_99_VTB…  │ … │ B0004    │                    0 │             0 │","chan":"stdout","logger":"task"}
{"timestamp":"2025-09-19T08:00:09.957684Z","level":"info","event":"├──────────┴──────────────────────┴──────────────────────┴───┴──────────┴──────────────────────┴───────────────┤","chan":"stdout","logger":"task"}
{"timestamp":"2025-09-19T08:00:09.957750Z","level":"info","event":"│ ? rows (>9999 rows, 20 shown)                                                            9 columns (6 shown) │","chan":"stdout","logger":"task"}
{"timestamp":"2025-09-19T08:00:09.957802Z","level":"info","event":"└──────────────────────────────────────────────────────────────────────────────────────────────────────────────┘","chan":"stdout","logger":"task"}
{"timestamp":"2025-09-19T08:00:09.957850Z","level":"info","event":"","chan":"stdout","logger":"task"}
{"timestamp":"2025-09-19T08:00:10.704247Z","level":"info","event":"---------- stop_times -------------","chan":"stdout","logger":"task"}
{"timestamp":"2025-09-19T08:00:29.108679Z","level":"info","event":"#### csv created and stored in : /opt/airflow/warehouse/reseau_transport_static/stop_times_2025-09-19_10:00:24.840780.csv","chan":"stdout","logger":"task"}
{"timestamp":"2025-09-19T08:00:30.841944Z","level":"info","event":"┌──────────────────────────────┬──────────────┬────────────────┬─────────┬───────────────┬─────────────┬───────────────┐","chan":"stdout","logger":"task"}
{"timestamp":"2025-09-19T08:00:30.842135Z","level":"info","event":"│           trip_id            │ arrival_time │ departure_time │ stop_id │ stop_sequence │ pickup_type │ drop_off_type │","chan":"stdout","logger":"task"}
{"timestamp":"2025-09-19T08:00:30.842215Z","level":"info","event":"│           varchar            │     time     │      time      │  int64  │     int64     │    int64    │     int64     │","chan":"stdout","logger":"task"}
{"timestamp":"2025-09-19T08:00:30.842278Z","level":"info","event":"├──────────────────────────────┼──────────────┼────────────────┼─────────┼───────────────┼─────────────┼───────────────┤","chan":"stdout","logger":"task"}
{"timestamp":"2025-09-19T08:00:30.842332Z","level":"info","event":"│ 3064029-C32_A_1_C3201_08:3…  │ 08:30:00     │ 08:30:00       │   21681 │             0 │           2 │             2 │","chan":"stdout","logger":"task"}
{"timestamp":"2025-09-19T08:00:30.842385Z","level":"info","event":"│ 3064029-C32_A_1_C3201_08:3…  │ 08:30:00     │ 08:30:00       │   21681 │             0 │           2 │             2 │","chan":"stdout","logger":"task"}
{"timestamp":"2025-09-19T08:00:30.842435Z","level":"info","event":"│ 3064029-C32_A_1_C3201_08:3…  │ 08:35:00     │ 08:35:00       │   21652 │             1 │           2 │             2 │","chan":"stdout","logger":"task"}
{"timestamp":"2025-09-19T08:00:30.842485Z","level":"info","event":"│ 3064029-C32_A_1_C3201_08:3…  │ 08:35:00     │ 08:35:00       │   21652 │             1 │           2 │             2 │","chan":"stdout","logger":"task"}
{"timestamp":"2025-09-19T08:00:30.842547Z","level":"info","event":"│ 3064029-C32_A_1_C3201_08:3…  │ 08:55:00     │ 08:55:00       │   21644 │             2 │           2 │             2 │","chan":"stdout","logger":"task"}
{"timestamp":"2025-09-19T08:00:30.842598Z","level":"info","event":"│ 3064029-C32_A_1_C3201_08:3…  │ 08:55:00     │ 08:55:00       │   21644 │             2 │           2 │             2 │","chan":"stdout","logger":"task"}
{"timestamp":"2025-09-19T08:00:30.842646Z","level":"info","event":"│ 3064029-C32_A_1_C3201_08:3…  │ 09:15:00     │ 09:15:00       │   21398 │             3 │           2 │             2 │","chan":"stdout","logger":"task"}
{"timestamp":"2025-09-19T08:00:30.842693Z","level":"info","event":"│ 3064029-C32_A_1_C3201_08:3…  │ 09:15:00     │ 09:15:00       │   21398 │             3 │           2 │             2 │","chan":"stdout","logger":"task"}
{"timestamp":"2025-09-19T08:00:30.842740Z","level":"info","event":"│ 3064030-C32_R_2_C3202_17:2…  │ 17:20:00     │ 17:20:00       │   21398 │             0 │           2 │             2 │","chan":"stdout","logger":"task"}
{"timestamp":"2025-09-19T08:00:30.842786Z","level":"info","event":"│ 3064030-C32_R_2_C3202_17:2…  │ 17:20:00     │ 17:20:00       │   21398 │             0 │           2 │             2 │","chan":"stdout","logger":"task"}
{"timestamp":"2025-09-19T08:00:30.842833Z","level":"info","event":"│              ·               │    ·         │    ·           │     ·   │             · │           · │             · │","chan":"stdout","logger":"task"}
{"timestamp":"2025-09-19T08:00:30.842880Z","level":"info","event":"│              ·               │    ·         │    ·           │     ·   │             · │           · │             · │","chan":"stdout","logger":"task"}
{"timestamp":"2025-09-19T08:00:30.842927Z","level":"info","event":"│              ·               │    ·         │    ·           │     ·   │             · │           · │             · │","chan":"stdout","logger":"task"}
{"timestamp":"2025-09-19T08:00:30.842974Z","level":"info","event":"│ 5228592-Exp2_R_17_12_16:30…  │ 16:34:00     │ 16:34:00       │   21578 │            14 │           0 │             0 │","chan":"stdout","logger":"task"}
{"timestamp":"2025-09-19T08:00:30.843021Z","level":"info","event":"│ 5228592-Exp2_R_17_12_16:30…  │ 16:34:00     │ 16:34:00       │   21578 │            14 │           0 │             0 │","chan":"stdout","logger":"task"}
{"timestamp":"2025-09-19T08:00:30.843067Z","level":"info","event":"│ 5228592-Exp2_R_17_12_16:30…  │ 16:35:00     │ 16:35:00       │   21579 │            15 │           0 │             0 │","chan":"stdout","logger":"task"}
{"timestamp":"2025-09-19T08:00:30.843112Z","level":"info","event":"│ 5228592-Exp2_R_17_12_16:30…  │ 16:35:00     │ 16:35:00       │   21579 │            15 │           0 │             0 │","chan":"stdout","logger":"task"}
{"timestamp":"2025-09-19T08:00:30.843158Z","level":"info","event":"│ 5228592-Exp2_R_17_12_16:30…  │ 16:35:00     │ 16:35:00       │   21580 │            16 │           0 │             0 │","chan":"stdout","logger":"task"}
{"timestamp":"2025-09-19T08:00:30.843203Z","level":"info","event":"│ 5228592-Exp2_R_17_12_16:30…  │ 16:35:00     │ 16:35:00       │   21580 │            16 │           0 │             0 │","chan":"stdout","logger":"task"}
{"timestamp":"2025-09-19T08:00:30.843249Z","level":"info","event":"│ 5228592-Exp2_R_17_12_16:30…  │ 16:35:00     │ 16:35:00       │   21581 │            17 │           0 │             0 │","chan":"stdout","logger":"task"}
{"timestamp":"2025-09-19T08:00:30.843295Z","level":"info","event":"│ 5228592-Exp2_R_17_12_16:30…  │ 16:35:00     │ 16:35:00       │   21581 │            17 │           0 │             0 │","chan":"stdout","logger":"task"}
{"timestamp":"2025-09-19T08:00:30.843347Z","level":"info","event":"│ 5228592-Exp2_R_17_12_16:30…  │ 16:36:00     │ 16:36:00       │   21582 │            18 │           0 │             0 │","chan":"stdout","logger":"task"}
{"timestamp":"2025-09-19T08:00:30.855321Z","level":"info","event":"│ 5228592-Exp2_R_17_12_16:30…  │ 16:36:00     │ 16:36:00       │   21582 │            18 │           0 │             0 │","chan":"stdout","logger":"task"}
{"timestamp":"2025-09-19T08:00:30.855476Z","level":"info","event":"├──────────────────────────────┴──────────────┴────────────────┴─────────┴───────────────┴─────────────┴───────────────┤","chan":"stdout","logger":"task"}
{"timestamp":"2025-09-19T08:00:30.855556Z","level":"info","event":"│ ? rows (>9999 rows, 20 shown)                                                                              7 columns │","chan":"stdout","logger":"task"}
{"timestamp":"2025-09-19T08:00:30.855613Z","level":"info","event":"└──────────────────────────────────────────────────────────────────────────────────────────────────────────────────────┘","chan":"stdout","logger":"task"}
{"timestamp":"2025-09-19T08:00:30.855664Z","level":"info","event":"","chan":"stdout","logger":"task"}
{"timestamp":"2025-09-19T08:00:30.855712Z","level":"info","event":"---------- calendar -------------","chan":"stdout","logger":"task"}
{"timestamp":"2025-09-19T08:00:30.855759Z","level":"info","event":"#### csv created and stored in : /opt/airflow/warehouse/reseau_transport_static/calendar_2025-09-19_10:00:30.852416.csv","chan":"stdout","logger":"task"}
{"timestamp":"2025-09-19T08:00:30.905014Z","level":"info","event":"┌──────────────────────┬────────┬─────────┬───────────┬──────────┬───┬──────────┬────────┬────────────┬────────────┐","chan":"stdout","logger":"task"}
{"timestamp":"2025-09-19T08:00:30.905236Z","level":"info","event":"│      service_id      │ monday │ tuesday │ wednesday │ thursday │ … │ saturday │ sunday │ start_date │  end_date  │","chan":"stdout","logger":"task"}
{"timestamp":"2025-09-19T08:00:30.905315Z","level":"info","event":"│       varchar        │ int64  │  int64  │   int64   │  int64   │   │  int64   │ int64  │    date    │    date    │","chan":"stdout","logger":"task"}
{"timestamp":"2025-09-19T08:00:30.905409Z","level":"info","event":"├──────────────────────┼────────┼─────────┼───────────┼──────────┼───┼──────────┼────────┼────────────┼────────────┤","chan":"stdout","logger":"task"}
{"timestamp":"2025-09-19T08:00:30.905477Z","level":"info","event":"│ PVS2024-25-B-Semai…  │      1 │       1 │         1 │        1 │ … │        0 │      0 │ 2025-10-20 │ 2025-10-30 │","chan":"stdout","logger":"task"}
{"timestamp":"2025-09-19T08:00:30.905528Z","level":"info","event":"│ chouette:TimeTable…  │      0 │       0 │         0 │        0 │ … │        1 │      0 │ 2025-09-20 │ 2025-12-27 │","chan":"stdout","logger":"task"}
{"timestamp":"2025-09-19T08:00:30.905578Z","level":"info","event":"│ JANV2025-B-Semaine…  │      1 │       1 │         1 │        1 │ … │        0 │      0 │ 2025-09-19 │ 2025-12-26 │","chan":"stdout","logger":"task"}
{"timestamp":"2025-09-19T08:00:30.905640Z","level":"info","event":"│ PVS2024-25-B-Semai…  │      1 │       1 │         1 │        1 │ … │        0 │      0 │ 2025-10-24 │ 2025-10-31 │","chan":"stdout","logger":"task"}
{"timestamp":"2025-09-19T08:00:30.905689Z","level":"info","event":"│ chouette:TimeTable…  │      0 │       0 │         0 │        0 │ … │        0 │      1 │ 2025-09-21 │ 2025-12-28 │","chan":"stdout","logger":"task"}
{"timestamp":"2025-09-19T08:00:30.905737Z","level":"info","event":"│ chouette:TimeTable…  │      1 │       1 │         1 │        1 │ … │        0 │      0 │ 2025-09-18 │ 2025-12-31 │","chan":"stdout","logger":"task"}
{"timestamp":"2025-09-19T08:00:30.905784Z","level":"info","event":"│ chouette:TimeTable…  │      0 │       1 │         1 │        1 │ … │        1 │      0 │ 2025-09-20 │ 2025-12-27 │","chan":"stdout","logger":"task"}
{"timestamp":"2025-09-19T08:00:30.905831Z","level":"info","event":"│ chouette:TimeTable…  │      0 │       1 │         1 │        1 │ … │        1 │      0 │ 2025-10-21 │ 2025-10-31 │","chan":"stdout","logger":"task"}
{"timestamp":"2025-09-19T08:00:30.905877Z","level":"info","event":"│ chouette:TimeTable…  │      0 │       0 │         0 │        0 │ … │        0 │      1 │ 2025-09-21 │ 2025-12-28 │","chan":"stdout","logger":"task"}
{"timestamp":"2025-09-19T08:00:30.905925Z","level":"info","event":"│ chouette:TimeTable…  │      0 │       1 │         1 │        1 │ … │        1 │      0 │ 2025-09-19 │ 2025-12-31 │","chan":"stdout","logger":"task"}
{"timestamp":"2025-09-19T08:00:30.905973Z","level":"info","event":"│          ·           │      · │       · │         · │        · │ · │        · │      · │     ·      │     ·      │","chan":"stdout","logger":"task"}
{"timestamp":"2025-09-19T08:00:30.906021Z","level":"info","event":"│          ·           │      · │       · │         · │        · │ · │        · │      · │     ·      │     ·      │","chan":"stdout","logger":"task"}
{"timestamp":"2025-09-19T08:00:30.906069Z","level":"info","event":"│          ·           │      · │       · │         · │        · │ · │        · │      · │     ·      │     ·      │","chan":"stdout","logger":"task"}
{"timestamp":"2025-09-19T08:00:30.906115Z","level":"info","event":"│ chouette:TimeTable…  │      0 │       1 │         1 │        1 │ … │        1 │      0 │ 2025-09-17 │ 2025-10-18 │","chan":"stdout","logger":"task"}
{"timestamp":"2025-09-19T08:00:30.906162Z","level":"info","event":"│ chouette:TimeTable…  │      1 │       0 │         0 │        0 │ … │        0 │      0 │ 2025-09-17 │ 2025-10-19 │","chan":"stdout","logger":"task"}
{"timestamp":"2025-09-19T08:00:30.906208Z","level":"info","event":"│ SETP2025-12-Semain…  │      1 │       1 │         1 │        1 │ … │        0 │      0 │ 2025-09-17 │ 2025-10-17 │","chan":"stdout","logger":"task"}
{"timestamp":"2025-09-19T08:00:30.906254Z","level":"info","event":"│ SETP2025-08-Semain…  │      1 │       1 │         1 │        1 │ … │        0 │      0 │ 2025-09-17 │ 2025-10-17 │","chan":"stdout","logger":"task"}
{"timestamp":"2025-09-19T08:00:30.906300Z","level":"info","event":"│ chouette:TimeTable…  │      0 │       0 │         0 │        0 │ … │        0 │      1 │ 2025-09-17 │ 2025-10-19 │","chan":"stdout","logger":"task"}
{"timestamp":"2025-09-19T08:00:30.906346Z","level":"info","event":"│ chouette:TimeTable…  │      0 │       0 │         0 │        0 │ … │        1 │      0 │ 2025-09-17 │ 2025-10-18 │","chan":"stdout","logger":"task"}
{"timestamp":"2025-09-19T08:00:30.906399Z","level":"info","event":"│ chouette:TimeTable…  │      1 │       0 │         0 │        0 │ … │        0 │      0 │ 2025-09-17 │ 2025-10-19 │","chan":"stdout","logger":"task"}
{"timestamp":"2025-09-19T08:00:30.906447Z","level":"info","event":"│ chouette:TimeTable…  │      0 │       0 │         0 │        0 │ … │        0 │      1 │ 2025-09-17 │ 2025-10-19 │","chan":"stdout","logger":"task"}
{"timestamp":"2025-09-19T08:00:30.906567Z","level":"info","event":"│ chouette:TimeTable…  │      0 │       0 │         0 │        0 │ … │        1 │      0 │ 2025-09-17 │ 2025-10-18 │","chan":"stdout","logger":"task"}
{"timestamp":"2025-09-19T08:00:30.906678Z","level":"info","event":"│ chouette:TimeTable…  │      0 │       1 │         1 │        1 │ … │        1 │      0 │ 2025-09-17 │ 2025-10-18 │","chan":"stdout","logger":"task"}
{"timestamp":"2025-09-19T08:00:30.906741Z","level":"info","event":"├──────────────────────┴────────┴─────────┴───────────┴──────────┴───┴──────────┴────────┴────────────┴────────────┤","chan":"stdout","logger":"task"}
{"timestamp":"2025-09-19T08:00:30.906792Z","level":"info","event":"│ 784 rows (20 shown)                                                                         10 columns (9 shown) │","chan":"stdout","logger":"task"}
{"timestamp":"2025-09-19T08:00:30.906870Z","level":"info","event":"└──────────────────────────────────────────────────────────────────────────────────────────────────────────────────┘","chan":"stdout","logger":"task"}
{"timestamp":"2025-09-19T08:00:30.906933Z","level":"info","event":"","chan":"stdout","logger":"task"}
{"timestamp":"2025-09-19T08:00:30.908755Z","level":"info","event":"---------- calendar_dates -------------","chan":"stdout","logger":"task"}
{"timestamp":"2025-09-19T08:00:30.948040Z","level":"info","event":"#### csv created and stored in : /opt/airflow/warehouse/reseau_transport_static/calendar_dates_2025-09-19_10:00:30.938897.csv","chan":"stdout","logger":"task"}
{"timestamp":"2025-09-19T08:00:30.969695Z","level":"info","event":"┌─────────────────────────────────────────────────────────────┬────────────┬────────────────┐","chan":"stdout","logger":"task"}
{"timestamp":"2025-09-19T08:00:30.969878Z","level":"info","event":"│                         service_id                          │    date    │ exception_type │","chan":"stdout","logger":"task"}
{"timestamp":"2025-09-19T08:00:30.969961Z","level":"info","event":"│                           varchar                           │    date    │     int64      │","chan":"stdout","logger":"task"}
{"timestamp":"2025-09-19T08:00:30.970015Z","level":"info","event":"├─────────────────────────────────────────────────────────────┼────────────┼────────────────┤","chan":"stdout","logger":"task"}
{"timestamp":"2025-09-19T08:00:30.970066Z","level":"info","event":"│ PVS2024-25-B-Semaine-12-B                                   │ 2025-10-24 │              2 │","chan":"stdout","logger":"task"}
{"timestamp":"2025-09-19T08:00:30.970115Z","level":"info","event":"│ chouette:TimeTable:5f61c429-3817-4284-9fbb-5cdda097230a:LOC │ 2025-11-01 │              2 │","chan":"stdout","logger":"task"}
{"timestamp":"2025-09-19T08:00:30.970215Z","level":"info","event":"│ JANV2025-B-Semaine-10-B                                     │ 2025-09-22 │              2 │","chan":"stdout","logger":"task"}
{"timestamp":"2025-09-19T08:00:30.970276Z","level":"info","event":"│ JANV2025-B-Semaine-10-B                                     │ 2025-09-23 │              2 │","chan":"stdout","logger":"task"}
{"timestamp":"2025-09-19T08:00:30.970326Z","level":"info","event":"│ JANV2025-B-Semaine-10-B                                     │ 2025-09-24 │              2 │","chan":"stdout","logger":"task"}
{"timestamp":"2025-09-19T08:00:30.970374Z","level":"info","event":"│ JANV2025-B-Semaine-10-B                                     │ 2025-09-25 │              2 │","chan":"stdout","logger":"task"}
{"timestamp":"2025-09-19T08:00:30.970421Z","level":"info","event":"│ JANV2025-B-Semaine-10-B                                     │ 2025-09-29 │              2 │","chan":"stdout","logger":"task"}
{"timestamp":"2025-09-19T08:00:30.970468Z","level":"info","event":"│ JANV2025-B-Semaine-10-B                                     │ 2025-09-30 │              2 │","chan":"stdout","logger":"task"}
{"timestamp":"2025-09-19T08:00:30.970515Z","level":"info","event":"│ JANV2025-B-Semaine-10-B                                     │ 2025-10-01 │              2 │","chan":"stdout","logger":"task"}
{"timestamp":"2025-09-19T08:00:30.970562Z","level":"info","event":"│ JANV2025-B-Semaine-10-B                                     │ 2025-10-02 │              2 │","chan":"stdout","logger":"task"}
{"timestamp":"2025-09-19T08:00:30.970608Z","level":"info","event":"│            ·                                                │     ·      │              · │","chan":"stdout","logger":"task"}
{"timestamp":"2025-09-19T08:00:30.970656Z","level":"info","event":"│            ·                                                │     ·      │              · │","chan":"stdout","logger":"task"}
{"timestamp":"2025-09-19T08:00:30.970702Z","level":"info","event":"│            ·                                                │     ·      │              · │","chan":"stdout","logger":"task"}
{"timestamp":"2025-09-19T08:00:30.970749Z","level":"info","event":"│ chouette:TimeTable:a7dedf85-3e8e-4224-ba0b-13771d3df1dc:LOC │ 2025-09-17 │              1 │","chan":"stdout","logger":"task"}
{"timestamp":"2025-09-19T08:00:30.970796Z","level":"info","event":"│ chouette:TimeTable:b956e64b-9b7a-46ab-a40a-863071a306c3:LOC │ 2025-09-17 │              1 │","chan":"stdout","logger":"task"}
{"timestamp":"2025-09-19T08:00:30.970842Z","level":"info","event":"│ PROJET2025-63-Mercredi-73-63                                │ 2025-09-17 │              1 │","chan":"stdout","logger":"task"}
{"timestamp":"2025-09-19T08:00:30.970888Z","level":"info","event":"│ PROJET2025-54-Semaine-17-54                                 │ 2025-09-17 │              1 │","chan":"stdout","logger":"task"}
{"timestamp":"2025-09-19T08:00:30.970935Z","level":"info","event":"│ chouette:TimeTable:e031e0e6-2549-4b3f-abe2-5ca74a26a14c:LOC │ 2025-09-17 │              1 │","chan":"stdout","logger":"task"}
{"timestamp":"2025-09-19T08:00:30.970981Z","level":"info","event":"│ chouette:TimeTable:7a95a7d5-6fb9-4101-9b12-19198b364aae:LOC │ 2025-09-17 │              1 │","chan":"stdout","logger":"task"}
{"timestamp":"2025-09-19T08:00:30.971027Z","level":"info","event":"│ JANV2025-L2-Samedi-03-L2                                    │ 2025-09-17 │              1 │","chan":"stdout","logger":"task"}
{"timestamp":"2025-09-19T08:00:30.971072Z","level":"info","event":"│ chouette:TimeTable:6120623a-ef5c-4c9a-844a-a33f790266ab:LOC │ 2025-09-17 │              1 │","chan":"stdout","logger":"task"}
{"timestamp":"2025-09-19T08:00:30.971117Z","level":"info","event":"│ RESEAU2023-40-Semaine-04-40                                 │ 2025-09-17 │              1 │","chan":"stdout","logger":"task"}
{"timestamp":"2025-09-19T08:00:30.971203Z","level":"info","event":"│ chouette:TimeTable:721d9cb9-8df1-4e78-9b13-5a7d3f6fc3bd:LOC │ 2025-09-17 │              1 │","chan":"stdout","logger":"task"}
{"timestamp":"2025-09-19T08:00:30.971266Z","level":"info","event":"├─────────────────────────────────────────────────────────────┴────────────┴────────────────┤","chan":"stdout","logger":"task"}
{"timestamp":"2025-09-19T08:00:30.971341Z","level":"info","event":"│ 6742 rows (20 shown)                                                            3 columns │","chan":"stdout","logger":"task"}
{"timestamp":"2025-09-19T08:00:30.971399Z","level":"info","event":"└───────────────────────────────────────────────────────────────────────────────────────────┘","chan":"stdout","logger":"task"}
{"timestamp":"2025-09-19T08:00:30.971447Z","level":"info","event":"","chan":"stdout","logger":"task"}
{"timestamp":"2025-09-19T08:00:31.109246Z","level":"info","event":"---------- shapes -------------","chan":"stdout","logger":"task"}
{"timestamp":"2025-09-19T08:00:31.990739Z","level":"info","event":"#### csv created and stored in : /opt/airflow/warehouse/reseau_transport_static/shapes_2025-09-19_10:00:31.109136.csv","chan":"stdout","logger":"task"}
{"timestamp":"2025-09-19T08:00:32.261818Z","level":"info","event":"┌──────────┬──────────────┬──────────────┬───────────────────┬─────────────────────┐","chan":"stdout","logger":"task"}
{"timestamp":"2025-09-19T08:00:32.261999Z","level":"info","event":"│ shape_id │ shape_pt_lat │ shape_pt_lon │ shape_pt_sequence │ shape_dist_traveled │","chan":"stdout","logger":"task"}
{"timestamp":"2025-09-19T08:00:32.262074Z","level":"info","event":"│ varchar  │    double    │    double    │       int64       │       double        │","chan":"stdout","logger":"task"}
{"timestamp":"2025-09-19T08:00:32.262131Z","level":"info","event":"├──────────┼──────────────┼──────────────┼───────────────────┼─────────────────────┤","chan":"stdout","logger":"task"}
{"timestamp":"2025-09-19T08:00:32.262184Z","level":"info","event":"│ 090009   │    43.666912 │      7.12729 │                 0 │                 0.0 │","chan":"stdout","logger":"task"}
{"timestamp":"2025-09-19T08:00:32.262234Z","level":"info","event":"│ 090009   │    43.666146 │     7.127847 │                 1 │               0.096 │","chan":"stdout","logger":"task"}
{"timestamp":"2025-09-19T08:00:32.262283Z","level":"info","event":"│ 090009   │    43.665786 │     7.128121 │                 2 │               0.142 │","chan":"stdout","logger":"task"}
{"timestamp":"2025-09-19T08:00:32.262330Z","level":"info","event":"│ 090009   │    43.665663 │     7.128181 │                 3 │               0.157 │","chan":"stdout","logger":"task"}
{"timestamp":"2025-09-19T08:00:32.262377Z","level":"info","event":"│ 090009   │    43.665541 │     7.128189 │                 4 │                0.17 │","chan":"stdout","logger":"task"}
{"timestamp":"2025-09-19T08:00:32.262423Z","level":"info","event":"│ 090009   │    43.665459 │     7.128166 │                 5 │               0.179 │","chan":"stdout","logger":"task"}
{"timestamp":"2025-09-19T08:00:32.262471Z","level":"info","event":"│ 090009   │    43.665393 │     7.128129 │                 6 │               0.187 │","chan":"stdout","logger":"task"}
{"timestamp":"2025-09-19T08:00:32.262530Z","level":"info","event":"│ 090009   │     43.66538 │      7.12805 │                 7 │               0.194 │","chan":"stdout","logger":"task"}
{"timestamp":"2025-09-19T08:00:32.262580Z","level":"info","event":"│ 090009   │     43.66538 │     7.128005 │                 8 │               0.198 │","chan":"stdout","logger":"task"}
{"timestamp":"2025-09-19T08:00:32.262627Z","level":"info","event":"│ 090009   │    43.665285 │     7.127922 │                 9 │                0.21 │","chan":"stdout","logger":"task"}
{"timestamp":"2025-09-19T08:00:32.262674Z","level":"info","event":"│   ·      │        ·     │         ·    │                 · │                  ·  │","chan":"stdout","logger":"task"}
{"timestamp":"2025-09-19T08:00:32.262722Z","level":"info","event":"│   ·      │        ·     │         ·    │                 · │                  ·  │","chan":"stdout","logger":"task"}
{"timestamp":"2025-09-19T08:00:32.262769Z","level":"info","event":"│   ·      │        ·     │         ·    │                 · │                  ·  │","chan":"stdout","logger":"task"}
{"timestamp":"2025-09-19T08:00:32.262817Z","level":"info","event":"│ K0005    │    43.791352 │     7.231355 │               350 │               5.779 │","chan":"stdout","logger":"task"}
{"timestamp":"2025-09-19T08:00:32.262864Z","level":"info","event":"│ K0005    │    43.791011 │     7.231284 │               351 │               5.818 │","chan":"stdout","logger":"task"}
{"timestamp":"2025-09-19T08:00:32.262911Z","level":"info","event":"│ K0005    │    43.790547 │     7.231148 │               352 │                5.87 │","chan":"stdout","logger":"task"}
{"timestamp":"2025-09-19T08:00:32.262985Z","level":"info","event":"│ K0005    │    43.790537 │     7.231148 │               353 │               5.872 │","chan":"stdout","logger":"task"}
{"timestamp":"2025-09-19T08:00:32.263040Z","level":"info","event":"│ K0005    │    43.790537 │     7.231148 │               354 │               5.872 │","chan":"stdout","logger":"task"}
{"timestamp":"2025-09-19T08:00:32.263089Z","level":"info","event":"│ K0005    │    43.790473 │     7.231148 │               355 │               5.879 │","chan":"stdout","logger":"task"}
{"timestamp":"2025-09-19T08:00:32.263135Z","level":"info","event":"│ K0005    │    43.790418 │     7.231202 │               356 │               5.886 │","chan":"stdout","logger":"task"}
{"timestamp":"2025-09-19T08:00:32.263182Z","level":"info","event":"│ K0005    │    43.790439 │     7.231428 │               357 │               5.904 │","chan":"stdout","logger":"task"}
{"timestamp":"2025-09-19T08:00:32.263228Z","level":"info","event":"│ K0005    │    43.790524 │     7.231782 │               358 │               5.934 │","chan":"stdout","logger":"task"}
{"timestamp":"2025-09-19T08:00:32.263275Z","level":"info","event":"│ K0005    │    43.790573 │     7.231867 │               359 │               5.943 │","chan":"stdout","logger":"task"}
{"timestamp":"2025-09-19T08:00:32.263321Z","level":"info","event":"├──────────┴──────────────┴──────────────┴───────────────────┴─────────────────────┤","chan":"stdout","logger":"task"}
{"timestamp":"2025-09-19T08:00:32.263368Z","level":"info","event":"│ ? rows (>9999 rows, 20 shown)                                          5 columns │","chan":"stdout","logger":"task"}
{"timestamp":"2025-09-19T08:00:32.263432Z","level":"info","event":"└──────────────────────────────────────────────────────────────────────────────────┘","chan":"stdout","logger":"task"}
{"timestamp":"2025-09-19T08:00:32.263507Z","level":"info","event":"","chan":"stdout","logger":"task"}
{"timestamp":"2025-09-19T08:00:32.423169","level":"info","event":"Done. Returned value was: None","logger":"airflow.task.operators.airflow.providers.standard.operators.python.PythonOperator"}
{"timestamp":"2025-09-19T08:00:32.440178Z","level":"info","event":"Task instance in success state","chan":"stdout","logger":"task"}
{"timestamp":"2025-09-19T08:00:32.440332Z","level":"info","event":" Previous state of the Task instance: TaskInstanceState.RUNNING","chan":"stdout","logger":"task"}
{"timestamp":"2025-09-19T08:00:32.440499Z","level":"info","event":"Task operator:<Task(PythonOperator): load_duckdb.to_duckdb_reseau_transport>","chan":"stdout","logger":"task"}
