{"timestamp":"2025-09-19T07:03:10.734386","level":"info","event":"DAG bundles loaded: dags-folder, example_dags","logger":"airflow.dag_processing.bundles.manager.DagBundlesManager"}
{"timestamp":"2025-09-19T07:03:10.734901","level":"info","event":"Filling up the DagBag from /opt/airflow/dags/lignes_azure_dag.py","logger":"airflow.models.dagbag.DagBag"}
{"timestamp":"2025-09-19T07:03:10.801653Z","level":"info","event":"Task instance is in running state","chan":"stdout","logger":"task"}
{"timestamp":"2025-09-19T07:03:10.801825Z","level":"info","event":" Previous state of the Task instance: TaskInstanceState.QUEUED","chan":"stdout","logger":"task"}
{"timestamp":"2025-09-19T07:03:10.801949Z","level":"info","event":"Current task name:load_duckdb.to_duckdb_vehicle_positions","chan":"stdout","logger":"task"}
{"timestamp":"2025-09-19T07:03:10.802016Z","level":"info","event":"Dag name:lignes_azure_ETL","chan":"stdout","logger":"task"}
{"timestamp":"2025-09-19T07:03:10.840770Z","level":"info","event":"--------------- RETURN SELECT ------------------------","chan":"stdout","logger":"task"}
{"timestamp":"2025-09-19T07:03:10.844126Z","level":"info","event":"┌──────────────────────┬──────────┬────────────────────┬───┬─────────────────────┬─────────┬────────────┐","chan":"stdout","logger":"task"}
{"timestamp":"2025-09-19T07:03:10.844303Z","level":"info","event":"│       trip_id        │ route_id │      latitude      │ … │      timestamp      │ stop_id │ vehicle_id │","chan":"stdout","logger":"task"}
{"timestamp":"2025-09-19T07:03:10.844377Z","level":"info","event":"│       varchar        │ varchar  │       double       │   │    timestamp_ns     │ varchar │  varchar   │","chan":"stdout","logger":"task"}
{"timestamp":"2025-09-19T07:03:10.844437Z","level":"info","event":"├──────────────────────┼──────────┼────────────────────┼───┼─────────────────────┼─────────┼────────────┤","chan":"stdout","logger":"task"}
{"timestamp":"2025-09-19T07:03:10.844491Z","level":"info","event":"│ 6462507-31_A_47_31…  │ 31       │   43.7112922668457 │ … │ 2025-09-19 07:02:11 │ 1556    │ TCA117298  │","chan":"stdout","logger":"task"}
{"timestamp":"2025-09-19T07:03:10.844543Z","level":"info","event":"│ 6446470-05_A_99_05…  │ 05       │  43.71097946166992 │ … │ 2025-09-19 07:02:12 │ 728     │ RLA356     │","chan":"stdout","logger":"task"}
{"timestamp":"2025-09-19T07:03:10.844592Z","level":"info","event":"│ 4669759-62_A_46_62…  │ 62       │  43.76375961303711 │ … │ 2025-09-19 07:02:12 │ 6039    │ TCA73930   │","chan":"stdout","logger":"task"}
{"timestamp":"2025-09-19T07:03:10.844641Z","level":"info","event":"│ 6365913-20_A_49_20…  │ 20       │ 43.666290283203125 │ … │ 2025-09-19 07:02:11 │ 5251    │ RLA340     │","chan":"stdout","logger":"task"}
{"timestamp":"2025-09-19T07:03:10.844690Z","level":"info","event":"│ 6429225-15_R_99_15…  │ 15       │  43.69710922241211 │ … │ 2025-09-19 07:02:12 │ 789     │ RLA317     │","chan":"stdout","logger":"task"}
{"timestamp":"2025-09-19T07:03:10.844738Z","level":"info","event":"│ 6409555-57_A_50_57…  │ 57       │  43.70670700073242 │ … │ 2025-09-19 07:02:12 │ 1125    │ RLA618     │","chan":"stdout","logger":"task"}
{"timestamp":"2025-09-19T07:03:10.844787Z","level":"info","event":"│ 5340955-72_A_50_72…  │ 72       │  43.71022033691406 │ … │ 2025-09-19 07:02:12 │ 159     │ TCA117299  │","chan":"stdout","logger":"task"}
{"timestamp":"2025-09-19T07:03:10.844834Z","level":"info","event":"│ 6365902-20_A_49_20…  │ 20       │  43.69969940185547 │ … │ 2025-09-19 07:02:11 │ 5024    │ RLA316     │","chan":"stdout","logger":"task"}
{"timestamp":"2025-09-19T07:03:10.844897Z","level":"info","event":"│ 4669767-62_A_48_62…  │ 62       │ 43.734458923339844 │ … │ 2025-09-19 07:02:12 │ 1618    │ TCA73927   │","chan":"stdout","logger":"task"}
{"timestamp":"2025-09-19T07:03:10.844948Z","level":"info","event":"│ 6416278-51_R_98_51…  │ 51       │ 43.676918029785156 │ … │ 2025-09-19 07:02:11 │ 2832    │ TCA73914   │","chan":"stdout","logger":"task"}
{"timestamp":"2025-09-19T07:03:10.844997Z","level":"info","event":"│          ·           │ ·        │          ·         │ · │          ·          │  ·      │   ·        │","chan":"stdout","logger":"task"}
{"timestamp":"2025-09-19T07:03:10.845046Z","level":"info","event":"│          ·           │ ·        │          ·         │ · │          ·          │  ·      │   ·        │","chan":"stdout","logger":"task"}
{"timestamp":"2025-09-19T07:03:10.845094Z","level":"info","event":"│          ·           │ ·        │          ·         │ · │          ·          │  ·      │   ·        │","chan":"stdout","logger":"task"}
{"timestamp":"2025-09-19T07:03:10.845142Z","level":"info","event":"│ 6424155-16_R_97_16…  │ 16       │  43.72420120239258 │ … │ 2025-09-19 07:02:11 │ 1431    │ RLA159     │","chan":"stdout","logger":"task"}
{"timestamp":"2025-09-19T07:03:10.845232Z","level":"info","event":"│ 5673208-NVN1_R_98_…  │ NVN1     │ 43.722625732421875 │ … │ 2025-09-19 07:02:12 │ 3070    │ TCA108186  │","chan":"stdout","logger":"task"}
{"timestamp":"2025-09-19T07:03:10.845286Z","level":"info","event":"│ 5838854-22_R_95_22…  │ 22       │  43.69181442260742 │ … │ 2025-09-19 07:02:11 │ 1158    │ PDV86      │","chan":"stdout","logger":"task"}
{"timestamp":"2025-09-19T07:03:10.845336Z","level":"info","event":"│ 6369672-30_R_99_30…  │ 30       │  43.69961929321289 │ … │ 2025-09-19 07:02:12 │ 703     │ RLA101     │","chan":"stdout","logger":"task"}
{"timestamp":"2025-09-19T07:03:10.845384Z","level":"info","event":"│ 6428400-61_A_50_61…  │ 61       │  43.68431854248047 │ … │ 2025-09-19 07:02:11 │ 351     │ TCA73926   │","chan":"stdout","logger":"task"}
{"timestamp":"2025-09-19T07:03:10.845436Z","level":"info","event":"│ 6261655-73_R_95_73…  │ 73       │  43.70561218261719 │ … │ 2025-09-19 07:02:12 │ 5226    │ PDV83      │","chan":"stdout","logger":"task"}
{"timestamp":"2025-09-19T07:03:10.845484Z","level":"info","event":"│ 6413101-38_A_50_38…  │ 38       │  43.69963455200195 │ … │ 2025-09-19 07:02:12 │ 817     │ RLA14      │","chan":"stdout","logger":"task"}
{"timestamp":"2025-09-19T07:03:10.845535Z","level":"info","event":"│ 6462595-31_R_99_31…  │ 31       │  43.71504211425781 │ … │ 2025-09-19 07:02:11 │ 245     │ TCA74036   │","chan":"stdout","logger":"task"}
{"timestamp":"2025-09-19T07:03:10.845615Z","level":"info","event":"│ 6102481-63_A_48_63…  │ 63       │  43.73389434814453 │ … │ 2025-09-19 07:02:11 │ 1217    │ TCA73939   │","chan":"stdout","logger":"task"}
{"timestamp":"2025-09-19T07:03:10.845672Z","level":"info","event":"│ 6257291-59_R_98_59…  │ 59       │  43.72016143798828 │ … │ 2025-09-19 07:02:12 │ 2659    │ PDV109     │","chan":"stdout","logger":"task"}
{"timestamp":"2025-09-19T07:03:10.845799Z","level":"info","event":"├──────────────────────┴──────────┴────────────────────┴───┴─────────────────────┴─────────┴────────────┤","chan":"stdout","logger":"task"}
{"timestamp":"2025-09-19T07:03:10.845870Z","level":"info","event":"│ 382 rows (20 shown)                                                               8 columns (6 shown) │","chan":"stdout","logger":"task"}
{"timestamp":"2025-09-19T07:03:10.845933Z","level":"info","event":"└───────────────────────────────────────────────────────────────────────────────────────────────────────┘","chan":"stdout","logger":"task"}
{"timestamp":"2025-09-19T07:03:10.845986Z","level":"info","event":"","chan":"stdout","logger":"task"}
{"timestamp":"2025-09-19T07:03:10.878458","level":"info","event":"Done. Returned value was: None","logger":"airflow.task.operators.airflow.providers.standard.operators.python.PythonOperator"}
{"timestamp":"2025-09-19T07:03:10.896942Z","level":"info","event":"Task instance in success state","chan":"stdout","logger":"task"}
{"timestamp":"2025-09-19T07:03:10.897103Z","level":"info","event":" Previous state of the Task instance: TaskInstanceState.RUNNING","chan":"stdout","logger":"task"}
{"timestamp":"2025-09-19T07:03:10.897217Z","level":"info","event":"Task operator:<Task(PythonOperator): load_duckdb.to_duckdb_vehicle_positions>","chan":"stdout","logger":"task"}
