{"timestamp":"2025-09-09T12:51:04.335180","level":"info","event":"DAG bundles loaded: dags-folder, example_dags","logger":"airflow.dag_processing.bundles.manager.DagBundlesManager"}
{"timestamp":"2025-09-09T12:51:04.335986","level":"info","event":"Filling up the DagBag from /opt/airflow/dags/lignes_azure_dag.py","logger":"airflow.models.dagbag.DagBag"}
{"timestamp":"2025-09-09T12:51:04.389935Z","level":"info","event":"Task instance is in running state","chan":"stdout","logger":"task"}
{"timestamp":"2025-09-09T12:51:04.390092Z","level":"info","event":" Previous state of the Task instance: TaskInstanceState.QUEUED","chan":"stdout","logger":"task"}
{"timestamp":"2025-09-09T12:51:04.390172Z","level":"info","event":"Current task name:load_duckdb.to_duckdb_reseau_transport","chan":"stdout","logger":"task"}
{"timestamp":"2025-09-09T12:51:04.390220Z","level":"info","event":"Dag name:lignes_azure_ETL","chan":"stdout","logger":"task"}
{"timestamp":"2025-09-09T12:51:04.475496Z","level":"info","event":"--------------- RETURN SELECT ------------------------","chan":"stdout","logger":"task"}
{"timestamp":"2025-09-09T12:51:04.489820Z","level":"info","event":"┌──────────────┬───────────┬──────────────────────┬───┬────────────────┬───────────────┬─────────────────────┐","chan":"stdout","logger":"task"}
{"timestamp":"2025-09-09T12:51:04.490068Z","level":"info","event":"│   stop_id    │ stop_code │      stop_name       │ … │ parent_station │ stop_timezone │ wheelchair_boarding │","chan":"stdout","logger":"task"}
{"timestamp":"2025-09-09T12:51:04.490209Z","level":"info","event":"│   varchar    │  varchar  │       varchar        │   │    varchar     │    varchar    │        int64        │","chan":"stdout","logger":"task"}
{"timestamp":"2025-09-09T12:51:04.490322Z","level":"info","event":"├──────────────┼───────────┼──────────────────────┼───┼────────────────┼───────────────┼─────────────────────┤","chan":"stdout","logger":"task"}
{"timestamp":"2025-09-09T12:51:04.490461Z","level":"info","event":"│ 1            │ ABBAT8    │ Abattoirs            │ … │ place_101376   │ NULL          │                   1 │","chan":"stdout","logger":"task"}
{"timestamp":"2025-09-09T12:51:04.490558Z","level":"info","event":"│ 2            │ ABBAT4    │ Abattoirs            │ … │ place_101376   │ NULL          │                   1 │","chan":"stdout","logger":"task"}
{"timestamp":"2025-09-09T12:51:04.490655Z","level":"info","event":"│ 3            │ ROSEL2    │ Abbaye de Roseland   │ … │ place_096609   │ NULL          │                   0 │","chan":"stdout","logger":"task"}
{"timestamp":"2025-09-09T12:51:04.490723Z","level":"info","event":"│ 4            │ ROSEL8    │ Abbaye de Roseland   │ … │ place_096609   │ NULL          │                   0 │","chan":"stdout","logger":"task"}
{"timestamp":"2025-09-09T12:51:04.490820Z","level":"info","event":"│ 5            │ ARSE4     │ Abbaye de Roseland…  │ … │ place_096610   │ NULL          │                   0 │","chan":"stdout","logger":"task"}
{"timestamp":"2025-09-09T12:51:04.490884Z","level":"info","event":"│ 6            │ ACROB6    │ Risso                │ … │ place_096612   │ NULL          │                   1 │","chan":"stdout","logger":"task"}
{"timestamp":"2025-09-09T12:51:04.490950Z","level":"info","event":"│ 8            │ AEPRM1    │ Aéroport / Promenade │ … │ place_101377   │ NULL          │                   1 │","chan":"stdout","logger":"task"}
{"timestamp":"2025-09-09T12:51:04.491014Z","level":"info","event":"│ 11           │ AEPRM2    │ Aéroport / Promenade │ … │ place_101377   │ NULL          │                   1 │","chan":"stdout","logger":"task"}
{"timestamp":"2025-09-09T12:51:04.491073Z","level":"info","event":"│ 12           │ ALBER3    │ Albert 1er           │ … │ place_096616   │ NULL          │                   0 │","chan":"stdout","logger":"task"}
{"timestamp":"2025-09-09T12:51:04.491115Z","level":"info","event":"│ 13           │ ALBER8    │ Jardin d'Arménie     │ … │ place_096617   │ NULL          │                   0 │","chan":"stdout","logger":"task"}
{"timestamp":"2025-09-09T12:51:04.491189Z","level":"info","event":"│ ·            │  ·        │      ·               │ · │  ·             │  ·            │                   · │","chan":"stdout","logger":"task"}
{"timestamp":"2025-09-09T12:51:04.491251Z","level":"info","event":"│ ·            │  ·        │      ·               │ · │  ·             │  ·            │                   · │","chan":"stdout","logger":"task"}
{"timestamp":"2025-09-09T12:51:04.491291Z","level":"info","event":"│ ·            │  ·        │      ·               │ · │  ·             │  ·            │                   · │","chan":"stdout","logger":"task"}
{"timestamp":"2025-09-09T12:51:04.491330Z","level":"info","event":"│ place_SMGEN  │ NULL      │ Gendarmerie          │ … │ NULL           │ Europe/Paris  │                   0 │","chan":"stdout","logger":"task"}
{"timestamp":"2025-09-09T12:51:04.491388Z","level":"info","event":"│ place_SMPMA7 │ NULL      │ Pont Maïssa          │ … │ NULL           │ Europe/Paris  │                   0 │","chan":"stdout","logger":"task"}
{"timestamp":"2025-09-09T12:51:04.491470Z","level":"info","event":"│ 6198         │ SMGEN8    │ Gendarmerie          │ … │ place_SMGEN    │ NULL          │                   1 │","chan":"stdout","logger":"task"}
{"timestamp":"2025-09-09T12:51:04.491513Z","level":"info","event":"│ 21313        │ GENDA3    │ Gendarmerie          │ … │ place_GENDAR   │ NULL          │                   0 │","chan":"stdout","logger":"task"}
{"timestamp":"2025-09-09T12:51:04.491551Z","level":"info","event":"│ 6197         │ SMPMA7    │ Pont Maïssa          │ … │ place_SMPMA7   │ NULL          │                   1 │","chan":"stdout","logger":"task"}
{"timestamp":"2025-09-09T12:51:04.491588Z","level":"info","event":"│ place_VACHRI │ NULL      │ La Vacherie          │ … │ NULL           │ Europe/Paris  │                   0 │","chan":"stdout","logger":"task"}
{"timestamp":"2025-09-09T12:51:04.491625Z","level":"info","event":"│ 23020        │ VACHRI    │ La Vacherie          │ … │ place_VACHRI   │ NULL          │                   1 │","chan":"stdout","logger":"task"}
{"timestamp":"2025-09-09T12:51:04.491662Z","level":"info","event":"│ 21659        │ SUPGA9    │ Super Gattières      │ … │ NULL           │ Europe/Paris  │                   0 │","chan":"stdout","logger":"task"}
{"timestamp":"2025-09-09T12:51:04.491720Z","level":"info","event":"│ place_ALPHA0 │ NULL      │ Parc Alpha Loup      │ … │ NULL           │ Europe/Paris  │                   0 │","chan":"stdout","logger":"task"}
{"timestamp":"2025-09-09T12:51:04.491770Z","level":"info","event":"│ 2997         │ MAGNA1    │ Magnan               │ … │ place_097192   │ NULL          │                   1 │","chan":"stdout","logger":"task"}
{"timestamp":"2025-09-09T12:51:04.491898Z","level":"info","event":"├──────────────┴───────────┴──────────────────────┴───┴────────────────┴───────────────┴─────────────────────┤","chan":"stdout","logger":"task"}
{"timestamp":"2025-09-09T12:51:04.491979Z","level":"info","event":"│ 8970 rows (20 shown)                                                                  10 columns (6 shown) │","chan":"stdout","logger":"task"}
{"timestamp":"2025-09-09T12:51:04.492097Z","level":"info","event":"└────────────────────────────────────────────────────────────────────────────────────────────────────────────┘","chan":"stdout","logger":"task"}
{"timestamp":"2025-09-09T12:51:04.492147Z","level":"info","event":"","chan":"stdout","logger":"task"}
{"timestamp":"2025-09-09T12:51:04.506213Z","level":"info","event":"--------------- RETURN SELECT ------------------------","chan":"stdout","logger":"task"}
{"timestamp":"2025-09-09T12:51:04.508556Z","level":"info","event":"┌──────────┬───────────────┬──────────────────┬───┬──────────────────────┬─────────────┬──────────────────┐","chan":"stdout","logger":"task"}
{"timestamp":"2025-09-09T12:51:04.508733Z","level":"info","event":"│ route_id │   agency_id   │ route_short_name │ … │      route_url       │ route_color │ route_text_color │","chan":"stdout","logger":"task"}
{"timestamp":"2025-09-09T12:51:04.508813Z","level":"info","event":"│ varchar  │    varchar    │     varchar      │   │       varchar        │   varchar   │     varchar      │","chan":"stdout","logger":"task"}
{"timestamp":"2025-09-09T12:51:04.508864Z","level":"info","event":"├──────────┼───────────────┼──────────────────┼───┼──────────────────────┼─────────────┼──────────────────┤","chan":"stdout","logger":"task"}
{"timestamp":"2025-09-09T12:51:04.508914Z","level":"info","event":"│ 05       │ lignes-d-azur │ 05               │ … │ https://ftp.lignes…  │ 3065AF      │ FFFFFF           │","chan":"stdout","logger":"task"}
{"timestamp":"2025-09-09T12:51:04.508959Z","level":"info","event":"│ 06       │ lignes-d-azur │ 06               │ … │ https://ftp.lignes…  │ 2FA948      │ FFFFFF           │","chan":"stdout","logger":"task"}
{"timestamp":"2025-09-09T12:51:04.509046Z","level":"info","event":"│ 07       │ lignes-d-azur │ 07               │ … │ https://ftp.lignes…  │ 751D5D      │ FFFFFF           │","chan":"stdout","logger":"task"}
{"timestamp":"2025-09-09T12:51:04.509103Z","level":"info","event":"│ 09       │ lignes-d-azur │ 09               │ … │ https://ftp.lignes…  │ EF7D00      │ FFFFFF           │","chan":"stdout","logger":"task"}
{"timestamp":"2025-09-09T12:51:04.509181Z","level":"info","event":"│ 11       │ lignes-d-azur │ 11               │ … │ https://ftp.lignes…  │ 9C3F8F      │ FFFFFF           │","chan":"stdout","logger":"task"}
{"timestamp":"2025-09-09T12:51:04.509220Z","level":"info","event":"│ 12       │ lignes-d-azur │ 12+              │ … │ https://ftp.lignes…  │ DE1381      │ FFFFFF           │","chan":"stdout","logger":"task"}
{"timestamp":"2025-09-09T12:51:04.509307Z","level":"info","event":"│ 14       │ lignes-d-azur │ 14               │ … │ https://ftp.lignes…  │ F5A32F      │ FFFFFF           │","chan":"stdout","logger":"task"}
{"timestamp":"2025-09-09T12:51:04.509350Z","level":"info","event":"│ 15       │ lignes-d-azur │ 15               │ … │ https://ftp.lignes…  │ 15B1AF      │ FFFFFF           │","chan":"stdout","logger":"task"}
{"timestamp":"2025-09-09T12:51:04.509433Z","level":"info","event":"│ 16       │ lignes-d-azur │ 16               │ … │ https://ftp.lignes…  │ 35BEEB      │ FFFFFF           │","chan":"stdout","logger":"task"}
{"timestamp":"2025-09-09T12:51:04.509485Z","level":"info","event":"│ 17       │ lignes-d-azur │ 17               │ … │ https://ftp.lignes…  │ 418ABF      │ FFFFFF           │","chan":"stdout","logger":"task"}
{"timestamp":"2025-09-09T12:51:04.509543Z","level":"info","event":"│ ·        │       ·       │ ·                │ · │          ·           │   ·         │   ·              │","chan":"stdout","logger":"task"}
{"timestamp":"2025-09-09T12:51:04.509582Z","level":"info","event":"│ ·        │       ·       │ ·                │ · │          ·           │   ·         │   ·              │","chan":"stdout","logger":"task"}
{"timestamp":"2025-09-09T12:51:04.509644Z","level":"info","event":"│ ·        │       ·       │ ·                │ · │          ·           │   ·         │   ·              │","chan":"stdout","logger":"task"}
{"timestamp":"2025-09-09T12:51:04.509688Z","level":"info","event":"│ NVMA     │ lignes-d-azur │ NVMA             │ … │ https://ftp.lignes…  │ 36BEE9      │ FFFFFF           │","chan":"stdout","logger":"task"}
{"timestamp":"2025-09-09T12:51:04.509727Z","level":"info","event":"│ NGOR     │ lignes-d-azur │ NGOR             │ … │ https://ftp.lignes…  │ 2AA137      │ FFFFFF           │","chan":"stdout","logger":"task"}
{"timestamp":"2025-09-09T12:51:04.509768Z","level":"info","event":"│ 10       │ lignes-d-azur │ 10               │ … │ https://ftp.lignes…  │ 31A948      │ FFFFFF           │","chan":"stdout","logger":"task"}
{"timestamp":"2025-09-09T12:51:04.509806Z","level":"info","event":"│ 08       │ lignes-d-azur │ 8+               │ … │ https://ftp.lignes…  │ FEC703      │ 000000           │","chan":"stdout","logger":"task"}
{"timestamp":"2025-09-09T12:51:04.509854Z","level":"info","event":"│ 12+      │ lignes-d-azur │ 12+              │ … │ https://ftp.lignes…  │ DE1381      │ FFFFFF           │","chan":"stdout","logger":"task"}
{"timestamp":"2025-09-09T12:51:04.509968Z","level":"info","event":"│ 8+       │ lignes-d-azur │ 8+               │ … │ https://ftp.lignes…  │ FEC703      │ 000000           │","chan":"stdout","logger":"task"}
{"timestamp":"2025-09-09T12:51:04.510040Z","level":"info","event":"│ B        │ lignes-d-azur │ B                │ … │ https://ftp.lignes…  │ FFDD00      │ 000000           │","chan":"stdout","logger":"task"}
{"timestamp":"2025-09-09T12:51:04.510083Z","level":"info","event":"│ NBOR     │ lignes-d-azur │ NBOR             │ … │ https://ftp.lignes…  │ 2AA137      │ 000000           │","chan":"stdout","logger":"task"}
{"timestamp":"2025-09-09T12:51:04.510122Z","level":"info","event":"│ VESU     │ lignes-d-azur │ VESU             │ … │ https://ftp.lignes…  │ 2AA137      │ FFFFFF           │","chan":"stdout","logger":"task"}
{"timestamp":"2025-09-09T12:51:04.510193Z","level":"info","event":"│ FOOT     │ lignes-d-azur │ FOOT             │ … │ NULL                 │ 36BEE9      │ FFFFFF           │","chan":"stdout","logger":"task"}
{"timestamp":"2025-09-09T12:51:04.510365Z","level":"info","event":"├──────────┴───────────────┴──────────────────┴───┴──────────────────────┴─────────────┴──────────────────┤","chan":"stdout","logger":"task"}
{"timestamp":"2025-09-09T12:51:04.510447Z","level":"info","event":"│ 226 rows (20 shown)                                                                 8 columns (6 shown) │","chan":"stdout","logger":"task"}
{"timestamp":"2025-09-09T12:51:04.510521Z","level":"info","event":"└─────────────────────────────────────────────────────────────────────────────────────────────────────────┘","chan":"stdout","logger":"task"}
{"timestamp":"2025-09-09T12:51:04.510581Z","level":"info","event":"","chan":"stdout","logger":"task"}
{"timestamp":"2025-09-09T12:51:04.689935Z","level":"info","event":"--------------- RETURN SELECT ------------------------","chan":"stdout","logger":"task"}
{"timestamp":"2025-09-09T12:51:04.699321Z","level":"info","event":"┌──────────┬──────────────────────┬──────────────────────┬───┬──────────┬──────────────────────┬───────────────┐","chan":"stdout","logger":"task"}
{"timestamp":"2025-09-09T12:51:04.699529Z","level":"info","event":"│ route_id │      service_id      │       trip_id        │ … │ shape_id │ wheelchair_accessi…  │ bikes_allowed │","chan":"stdout","logger":"task"}
{"timestamp":"2025-09-09T12:51:04.699617Z","level":"info","event":"│ varchar  │       varchar        │       varchar        │   │ varchar  │        int64         │     int64     │","chan":"stdout","logger":"task"}
{"timestamp":"2025-09-09T12:51:04.699669Z","level":"info","event":"├──────────┼──────────────────────┼──────────────────────┼───┼──────────┼──────────────────────┼───────────────┤","chan":"stdout","logger":"task"}
{"timestamp":"2025-09-09T12:51:04.699713Z","level":"info","event":"│ 75       │ RESEAU2023-75-Dima…  │ 4962940-75_R_97_75…  │ … │ 750032   │                    0 │             0 │","chan":"stdout","logger":"task"}
{"timestamp":"2025-09-09T12:51:04.699780Z","level":"info","event":"│ 75       │ RESEAU2023-75-Same…  │ 4962972-75_R_97_75…  │ … │ 750032   │                    0 │             0 │","chan":"stdout","logger":"task"}
{"timestamp":"2025-09-09T12:51:04.699851Z","level":"info","event":"│ 40       │ RESEAU2023-40-Sema…  │ 4350596-40_A_50_40…  │ … │ 400009   │                    0 │             0 │","chan":"stdout","logger":"task"}
{"timestamp":"2025-09-09T12:51:04.699917Z","level":"info","event":"│ 62       │ RESEAU2023-62-Same…  │ 4336738-62_R_98_62…  │ … │ 620015   │                    0 │             0 │","chan":"stdout","logger":"task"}
{"timestamp":"2025-09-09T12:51:04.699980Z","level":"info","event":"│ C34      │ RESEAU2021-C34-Dim…  │ 3064040-C34_R_2_C3…  │ … │ C340002  │                    0 │             0 │","chan":"stdout","logger":"task"}
{"timestamp":"2025-09-09T12:51:04.700066Z","level":"info","event":"│ 62       │ RESEAU2023-62-Dima…  │ 4336785-62_R_98_62…  │ … │ 620015   │                    0 │             0 │","chan":"stdout","logger":"task"}
{"timestamp":"2025-09-09T12:51:04.700158Z","level":"info","event":"│ 75       │ RESEAU2023-75-Dima…  │ 4962945-75_R_97_75…  │ … │ 750032   │                    0 │             0 │","chan":"stdout","logger":"task"}
{"timestamp":"2025-09-09T12:51:04.700280Z","level":"info","event":"│ 40       │ RESEAU2023-40-Sema…  │ 4350598-40_A_50_40…  │ … │ 400009   │                    0 │             0 │","chan":"stdout","logger":"task"}
{"timestamp":"2025-09-09T12:51:04.700357Z","level":"info","event":"│ 40       │ RESEAU2023-40-Sema…  │ 4350594-40_R_99_40…  │ … │ 400010   │                    0 │             0 │","chan":"stdout","logger":"task"}
{"timestamp":"2025-09-09T12:51:04.700418Z","level":"info","event":"│ 75       │ RESEAU2023-75-Dima…  │ 4962943-75_R_97_75…  │ … │ 750032   │                    0 │             0 │","chan":"stdout","logger":"task"}
{"timestamp":"2025-09-09T12:51:04.700494Z","level":"info","event":"│ ·        │          ·           │          ·           │ · │   ·      │                    · │             · │","chan":"stdout","logger":"task"}
{"timestamp":"2025-09-09T12:51:04.700598Z","level":"info","event":"│ ·        │          ·           │          ·           │ · │   ·      │                    · │             · │","chan":"stdout","logger":"task"}
{"timestamp":"2025-09-09T12:51:04.700642Z","level":"info","event":"│ ·        │          ·           │          ·           │ · │   ·      │                    · │             · │","chan":"stdout","logger":"task"}
{"timestamp":"2025-09-09T12:51:04.700683Z","level":"info","event":"│ 10       │ SETP2025-10-Samedi…  │ 6435967-10_A_5_060…  │ … │ 100005   │                    0 │             0 │","chan":"stdout","logger":"task"}
{"timestamp":"2025-09-09T12:51:04.700723Z","level":"info","event":"│ 10       │ SETP2025-10-Samedi…  │ 6435974-10_R_2_060…  │ … │ 100002   │                    0 │             0 │","chan":"stdout","logger":"task"}
{"timestamp":"2025-09-09T12:51:04.700780Z","level":"info","event":"│ 10       │ SETP2025-10-Samedi…  │ 6435975-10_R_2_060…  │ … │ 100002   │                    0 │             0 │","chan":"stdout","logger":"task"}
{"timestamp":"2025-09-09T12:51:04.700839Z","level":"info","event":"│ 12+      │ SETP2025-12-Semain…  │ 6252788-12_R_99_12…  │ … │ 120081   │                    0 │             0 │","chan":"stdout","logger":"task"}
{"timestamp":"2025-09-09T12:51:04.700947Z","level":"info","event":"│ 12+      │ SETP2025-12-Semain…  │ 6252789-12_R_99_12…  │ … │ 120081   │                    0 │             0 │","chan":"stdout","logger":"task"}
{"timestamp":"2025-09-09T12:51:04.701010Z","level":"info","event":"│ 12+      │ SETP2025-12-Semain…  │ 6252790-12_A_50_12…  │ … │ 120080   │                    0 │             0 │","chan":"stdout","logger":"task"}
{"timestamp":"2025-09-09T12:51:04.701071Z","level":"info","event":"│ 10       │ SETP2025-10-Samedi…  │ 6435986-10_R_2_060…  │ … │ 100002   │                    0 │             0 │","chan":"stdout","logger":"task"}
{"timestamp":"2025-09-09T12:51:04.701128Z","level":"info","event":"│ 33       │ SETP2025-33-Mercre…  │ 6444424-33_A_48_33…  │ … │ 330119   │                    0 │             0 │","chan":"stdout","logger":"task"}
{"timestamp":"2025-09-09T12:51:04.701166Z","level":"info","event":"│ 10       │ SETP2025-10-Samedi…  │ 6435988-10_R_2_060…  │ … │ 100002   │                    0 │             0 │","chan":"stdout","logger":"task"}
{"timestamp":"2025-09-09T12:51:04.701204Z","level":"info","event":"│ 10       │ SETP2025-10-Samedi…  │ 6435989-10_R_2_060…  │ … │ 100002   │                    0 │             0 │","chan":"stdout","logger":"task"}
{"timestamp":"2025-09-09T12:51:04.701366Z","level":"info","event":"├──────────┴──────────────────────┴──────────────────────┴───┴──────────┴──────────────────────┴───────────────┤","chan":"stdout","logger":"task"}
{"timestamp":"2025-09-09T12:51:04.701487Z","level":"info","event":"│ ? rows (>9999 rows, 20 shown)                                                            9 columns (6 shown) │","chan":"stdout","logger":"task"}
{"timestamp":"2025-09-09T12:51:04.701559Z","level":"info","event":"└──────────────────────────────────────────────────────────────────────────────────────────────────────────────┘","chan":"stdout","logger":"task"}
{"timestamp":"2025-09-09T12:51:04.701632Z","level":"info","event":"","chan":"stdout","logger":"task"}
{"timestamp":"2025-09-09T12:51:06.127398Z","level":"info","event":"--------------- RETURN SELECT ------------------------","chan":"stdout","logger":"task"}
{"timestamp":"2025-09-09T12:51:06.139471Z","level":"info","event":"┌──────────────────────────────┬──────────────┬────────────────┬─────────┬───────────────┬─────────────┬───────────────┐","chan":"stdout","logger":"task"}
{"timestamp":"2025-09-09T12:51:06.139640Z","level":"info","event":"│           trip_id            │ arrival_time │ departure_time │ stop_id │ stop_sequence │ pickup_type │ drop_off_type │","chan":"stdout","logger":"task"}
{"timestamp":"2025-09-09T12:51:06.139715Z","level":"info","event":"│           varchar            │   varchar    │    varchar     │  int64  │     int64     │    int64    │     int64     │","chan":"stdout","logger":"task"}
{"timestamp":"2025-09-09T12:51:06.139767Z","level":"info","event":"├──────────────────────────────┼──────────────┼────────────────┼─────────┼───────────────┼─────────────┼───────────────┤","chan":"stdout","logger":"task"}
{"timestamp":"2025-09-09T12:51:06.139813Z","level":"info","event":"│ 3064029-C32_A_1_C3201_08:3…  │ 08:30:00     │ 08:30:00       │   21681 │             0 │           2 │             2 │","chan":"stdout","logger":"task"}
{"timestamp":"2025-09-09T12:51:06.139856Z","level":"info","event":"│ 3064029-C32_A_1_C3201_08:3…  │ 08:35:00     │ 08:35:00       │   21652 │             1 │           2 │             2 │","chan":"stdout","logger":"task"}
{"timestamp":"2025-09-09T12:51:06.139898Z","level":"info","event":"│ 3064029-C32_A_1_C3201_08:3…  │ 08:55:00     │ 08:55:00       │   21644 │             2 │           2 │             2 │","chan":"stdout","logger":"task"}
{"timestamp":"2025-09-09T12:51:06.139938Z","level":"info","event":"│ 3064029-C32_A_1_C3201_08:3…  │ 09:15:00     │ 09:15:00       │   21398 │             3 │           2 │             2 │","chan":"stdout","logger":"task"}
{"timestamp":"2025-09-09T12:51:06.139999Z","level":"info","event":"│ 3064030-C32_R_2_C3202_17:2…  │ 17:20:00     │ 17:20:00       │   21398 │             0 │           2 │             2 │","chan":"stdout","logger":"task"}
{"timestamp":"2025-09-09T12:51:06.140055Z","level":"info","event":"│ 3064030-C32_R_2_C3202_17:2…  │ 17:40:00     │ 17:40:00       │   21644 │             1 │           2 │             2 │","chan":"stdout","logger":"task"}
{"timestamp":"2025-09-09T12:51:06.140095Z","level":"info","event":"│ 3064030-C32_R_2_C3202_17:2…  │ 18:00:00     │ 18:00:00       │   21652 │             2 │           2 │             2 │","chan":"stdout","logger":"task"}
{"timestamp":"2025-09-09T12:51:06.140135Z","level":"info","event":"│ 3064030-C32_R_2_C3202_17:2…  │ 18:05:00     │ 18:05:00       │   21681 │             3 │           2 │             2 │","chan":"stdout","logger":"task"}
{"timestamp":"2025-09-09T12:51:06.140175Z","level":"info","event":"│ 3064033-C32_A_1_C3202_17:0…  │ 17:00:00     │ 17:00:00       │   21681 │             0 │           2 │             2 │","chan":"stdout","logger":"task"}
{"timestamp":"2025-09-09T12:51:06.140236Z","level":"info","event":"│ 3064033-C32_A_1_C3202_17:0…  │ 17:05:00     │ 17:05:00       │   21652 │             1 │           2 │             2 │","chan":"stdout","logger":"task"}
{"timestamp":"2025-09-09T12:51:06.140301Z","level":"info","event":"│              ·               │    ·         │    ·           │      ·  │             · │           · │             · │","chan":"stdout","logger":"task"}
{"timestamp":"2025-09-09T12:51:06.140342Z","level":"info","event":"│              ·               │    ·         │    ·           │      ·  │             · │           · │             · │","chan":"stdout","logger":"task"}
{"timestamp":"2025-09-09T12:51:06.140402Z","level":"info","event":"│              ·               │    ·         │    ·           │      ·  │             · │           · │             · │","chan":"stdout","logger":"task"}
{"timestamp":"2025-09-09T12:51:06.140453Z","level":"info","event":"│ 4669775-62_A_48_6201_13:40…  │ 14:08:00     │ 14:08:00       │    6064 │            25 │           0 │             0 │","chan":"stdout","logger":"task"}
{"timestamp":"2025-09-09T12:51:06.140513Z","level":"info","event":"│ 4669775-62_A_48_6201_13:40…  │ 14:09:00     │ 14:09:00       │    6021 │            26 │           0 │             0 │","chan":"stdout","logger":"task"}
{"timestamp":"2025-09-09T12:51:06.140567Z","level":"info","event":"│ 4669775-62_A_48_6201_13:40…  │ 14:10:00     │ 14:10:00       │    6033 │            27 │           0 │             0 │","chan":"stdout","logger":"task"}
{"timestamp":"2025-09-09T12:51:06.140604Z","level":"info","event":"│ 4669776-62_A_48_6203_12:40…  │ 12:40:00     │ 12:40:00       │    2828 │             0 │           0 │             0 │","chan":"stdout","logger":"task"}
{"timestamp":"2025-09-09T12:51:06.140641Z","level":"info","event":"│ 4669776-62_A_48_6203_12:40…  │ 12:42:00     │ 12:42:00       │    1619 │             1 │           0 │             0 │","chan":"stdout","logger":"task"}
{"timestamp":"2025-09-09T12:51:06.140678Z","level":"info","event":"│ 4669776-62_A_48_6203_12:40…  │ 12:44:00     │ 12:44:00       │     139 │             2 │           0 │             0 │","chan":"stdout","logger":"task"}
{"timestamp":"2025-09-09T12:51:06.140716Z","level":"info","event":"│ 4669776-62_A_48_6203_12:40…  │ 12:47:00     │ 12:47:00       │     144 │             3 │           0 │             0 │","chan":"stdout","logger":"task"}
{"timestamp":"2025-09-09T12:51:06.140752Z","level":"info","event":"│ 4669776-62_A_48_6203_12:40…  │ 12:48:00     │ 12:48:00       │    1161 │             4 │           0 │             0 │","chan":"stdout","logger":"task"}
{"timestamp":"2025-09-09T12:51:06.140788Z","level":"info","event":"│ 4669776-62_A_48_6203_12:40…  │ 12:49:00     │ 12:49:00       │     265 │             5 │           0 │             0 │","chan":"stdout","logger":"task"}
{"timestamp":"2025-09-09T12:51:06.140876Z","level":"info","event":"│ 4669776-62_A_48_6203_12:40…  │ 12:49:00     │ 12:49:00       │    1320 │             6 │           0 │             0 │","chan":"stdout","logger":"task"}
{"timestamp":"2025-09-09T12:51:06.140922Z","level":"info","event":"├──────────────────────────────┴──────────────┴────────────────┴─────────┴───────────────┴─────────────┴───────────────┤","chan":"stdout","logger":"task"}
{"timestamp":"2025-09-09T12:51:06.140963Z","level":"info","event":"│ ? rows (>9999 rows, 20 shown)                                                                              7 columns │","chan":"stdout","logger":"task"}
{"timestamp":"2025-09-09T12:51:06.141001Z","level":"info","event":"└──────────────────────────────────────────────────────────────────────────────────────────────────────────────────────┘","chan":"stdout","logger":"task"}
{"timestamp":"2025-09-09T12:51:06.141045Z","level":"info","event":"","chan":"stdout","logger":"task"}
{"timestamp":"2025-09-09T12:51:06.158387Z","level":"info","event":"--------------- RETURN SELECT ------------------------","chan":"stdout","logger":"task"}
{"timestamp":"2025-09-09T12:51:06.161125Z","level":"info","event":"┌───────────────────────┬────────┬─────────┬───────────┬──────────┬────────┬──────────┬────────┬────────────┬──────────┐","chan":"stdout","logger":"task"}
{"timestamp":"2025-09-09T12:51:06.161306Z","level":"info","event":"│      service_id       │ monday │ tuesday │ wednesday │ thursday │ friday │ saturday │ sunday │ start_date │ end_date │","chan":"stdout","logger":"task"}
{"timestamp":"2025-09-09T12:51:06.161377Z","level":"info","event":"│        varchar        │ int64  │  int64  │   int64   │  int64   │ int64  │  int64   │ int64  │   int64    │  int64   │","chan":"stdout","logger":"task"}
{"timestamp":"2025-09-09T12:51:06.161427Z","level":"info","event":"├───────────────────────┼────────┼─────────┼───────────┼──────────┼────────┼──────────┼────────┼────────────┼──────────┤","chan":"stdout","logger":"task"}
{"timestamp":"2025-09-09T12:51:06.161471Z","level":"info","event":"│ RESEAU2021-C40-Sema…  │      0 │       0 │         0 │        1 │      0 │        0 │      0 │   20250911 │ 20251218 │","chan":"stdout","logger":"task"}
{"timestamp":"2025-09-09T12:51:06.161513Z","level":"info","event":"│ RESEAU2021-K-L-Ma-J…  │      1 │       1 │         0 │        1 │      1 │        0 │      0 │   20250908 │ 20251219 │","chan":"stdout","logger":"task"}
{"timestamp":"2025-09-09T12:51:06.161553Z","level":"info","event":"│ PROJET2025-61-Semai…  │      1 │       1 │         1 │        1 │      1 │        0 │      0 │   20251020 │ 20251231 │","chan":"stdout","logger":"task"}
{"timestamp":"2025-09-09T12:51:06.161593Z","level":"info","event":"│ PVS2025-26-64-Semai…  │      1 │       1 │         1 │        1 │      1 │        0 │      0 │   20251020 │ 20251231 │","chan":"stdout","logger":"task"}
{"timestamp":"2025-09-09T12:51:06.161632Z","level":"info","event":"│ chouette:TimeTable:…  │      0 │       0 │         0 │        0 │      0 │        1 │      0 │   20250908 │ 20251018 │","chan":"stdout","logger":"task"}
{"timestamp":"2025-09-09T12:51:06.161670Z","level":"info","event":"│ chouette:TimeTable:…  │      0 │       1 │         1 │        1 │      1 │        1 │      0 │   20250908 │ 20251018 │","chan":"stdout","logger":"task"}
{"timestamp":"2025-09-09T12:51:06.161710Z","level":"info","event":"│ RESEAU2023-41-Semai…  │      1 │       1 │         1 │        1 │      1 │        0 │      0 │   20251020 │ 20251231 │","chan":"stdout","logger":"task"}
{"timestamp":"2025-09-09T12:51:06.161748Z","level":"info","event":"│ SETP2025-06-Samedi-…  │      0 │       0 │         0 │        0 │      0 │        1 │      0 │   20250908 │ 20251227 │","chan":"stdout","logger":"task"}
{"timestamp":"2025-09-09T12:51:06.161787Z","level":"info","event":"│ PROJET2025-54-Samed…  │      0 │       0 │         0 │        0 │      0 │        1 │      0 │   20250908 │ 20251227 │","chan":"stdout","logger":"task"}
{"timestamp":"2025-09-09T12:51:06.161840Z","level":"info","event":"│ PROJET2023-47-Samed…  │      0 │       0 │         0 │        0 │      0 │        1 │      0 │   20250908 │ 20251227 │","chan":"stdout","logger":"task"}
{"timestamp":"2025-09-09T12:51:06.161909Z","level":"info","event":"│           ·           │      · │       · │         · │        · │      · │        · │      · │       ·    │     ·    │","chan":"stdout","logger":"task"}
{"timestamp":"2025-09-09T12:51:06.161961Z","level":"info","event":"│           ·           │      · │       · │         · │        · │      · │        · │      · │       ·    │     ·    │","chan":"stdout","logger":"task"}
{"timestamp":"2025-09-09T12:51:06.162000Z","level":"info","event":"│           ·           │      · │       · │         · │        · │      · │        · │      · │       ·    │     ·    │","chan":"stdout","logger":"task"}
{"timestamp":"2025-09-09T12:51:06.162039Z","level":"info","event":"│ SETP2025-38-Dimanch…  │      0 │       0 │         0 │        0 │      0 │        0 │      1 │   20250908 │ 20251228 │","chan":"stdout","logger":"task"}
{"timestamp":"2025-09-09T12:51:06.162077Z","level":"info","event":"│ RESEAU2023-80-Diman…  │      0 │       0 │         0 │        0 │      0 │        0 │      1 │   20250908 │ 20251228 │","chan":"stdout","logger":"task"}
{"timestamp":"2025-09-09T12:51:06.162116Z","level":"info","event":"│ SETP2025-98-Dimanch…  │      0 │       0 │         0 │        0 │      0 │        0 │      1 │   20250908 │ 20251228 │","chan":"stdout","logger":"task"}
{"timestamp":"2025-09-09T12:51:06.162154Z","level":"info","event":"│ PROJET2025-LIsola-D…  │      0 │       0 │         0 │        0 │      0 │        0 │      1 │   20250908 │ 20250914 │","chan":"stdout","logger":"task"}
{"timestamp":"2025-09-09T12:51:06.162191Z","level":"info","event":"│ RESEAU2021-C34-Dima…  │      0 │       0 │         0 │        0 │      0 │        0 │      1 │   20250908 │ 20251228 │","chan":"stdout","logger":"task"}
{"timestamp":"2025-09-09T12:51:06.162228Z","level":"info","event":"│ PROJET2024-55-Diman…  │      0 │       0 │         0 │        0 │      0 │        0 │      1 │   20250908 │ 20251228 │","chan":"stdout","logger":"task"}
{"timestamp":"2025-09-09T12:51:06.162265Z","level":"info","event":"│ PROJET2025-NVBOR-Di…  │      0 │       0 │         0 │        0 │      0 │        0 │      1 │   20250908 │ 20250921 │","chan":"stdout","logger":"task"}
{"timestamp":"2025-09-09T12:51:06.162302Z","level":"info","event":"│ PROJET2025-VESU-Dim…  │      0 │       0 │         0 │        0 │      0 │        0 │      1 │   20250908 │ 20250921 │","chan":"stdout","logger":"task"}
{"timestamp":"2025-09-09T12:51:06.162404Z","level":"info","event":"│ RESEAU2021-C32-Week…  │      0 │       0 │         0 │        0 │      0 │        1 │      1 │   20250908 │ 20251228 │","chan":"stdout","logger":"task"}
{"timestamp":"2025-09-09T12:51:06.162453Z","level":"info","event":"│ PROJET2025-FOOT-Dim…  │      0 │       0 │         0 │        0 │      0 │        0 │      1 │   20250908 │ 20251228 │","chan":"stdout","logger":"task"}
{"timestamp":"2025-09-09T12:51:06.162493Z","level":"info","event":"├───────────────────────┴────────┴─────────┴───────────┴──────────┴────────┴──────────┴────────┴────────────┴──────────┤","chan":"stdout","logger":"task"}
{"timestamp":"2025-09-09T12:51:06.162540Z","level":"info","event":"│ 776 rows (20 shown)                                                                                       10 columns │","chan":"stdout","logger":"task"}
{"timestamp":"2025-09-09T12:51:06.162581Z","level":"info","event":"└──────────────────────────────────────────────────────────────────────────────────────────────────────────────────────┘","chan":"stdout","logger":"task"}
{"timestamp":"2025-09-09T12:51:06.162620Z","level":"info","event":"","chan":"stdout","logger":"task"}
{"timestamp":"2025-09-09T12:51:06.178865Z","level":"info","event":"--------------- RETURN SELECT ------------------------","chan":"stdout","logger":"task"}
{"timestamp":"2025-09-09T12:51:06.182757Z","level":"info","event":"┌──────────────────────────────────┬──────────┬────────────────┐","chan":"stdout","logger":"task"}
{"timestamp":"2025-09-09T12:51:06.182911Z","level":"info","event":"│            service_id            │   date   │ exception_type │","chan":"stdout","logger":"task"}
{"timestamp":"2025-09-09T12:51:06.182978Z","level":"info","event":"│             varchar              │  int64   │     int64      │","chan":"stdout","logger":"task"}
{"timestamp":"2025-09-09T12:51:06.183023Z","level":"info","event":"├──────────────────────────────────┼──────────┼────────────────┤","chan":"stdout","logger":"task"}
{"timestamp":"2025-09-09T12:51:06.183066Z","level":"info","event":"│ RESEAU2021-K-L-Ma-J-V-01-K       │ 20251020 │              2 │","chan":"stdout","logger":"task"}
{"timestamp":"2025-09-09T12:51:06.183105Z","level":"info","event":"│ RESEAU2021-K-L-Ma-J-V-01-K       │ 20251021 │              2 │","chan":"stdout","logger":"task"}
{"timestamp":"2025-09-09T12:51:06.183145Z","level":"info","event":"│ RESEAU2021-K-L-Ma-J-V-01-K       │ 20251023 │              2 │","chan":"stdout","logger":"task"}
{"timestamp":"2025-09-09T12:51:06.183183Z","level":"info","event":"│ RESEAU2021-K-L-Ma-J-V-01-K       │ 20251024 │              2 │","chan":"stdout","logger":"task"}
{"timestamp":"2025-09-09T12:51:06.183222Z","level":"info","event":"│ RESEAU2021-K-L-Ma-J-V-01-K       │ 20251027 │              2 │","chan":"stdout","logger":"task"}
{"timestamp":"2025-09-09T12:51:06.183260Z","level":"info","event":"│ RESEAU2021-K-L-Ma-J-V-01-K       │ 20251028 │              2 │","chan":"stdout","logger":"task"}
{"timestamp":"2025-09-09T12:51:06.183298Z","level":"info","event":"│ RESEAU2021-K-L-Ma-J-V-01-K       │ 20251030 │              2 │","chan":"stdout","logger":"task"}
{"timestamp":"2025-09-09T12:51:06.183336Z","level":"info","event":"│ RESEAU2021-K-L-Ma-J-V-01-K       │ 20251031 │              2 │","chan":"stdout","logger":"task"}
{"timestamp":"2025-09-09T12:51:06.183373Z","level":"info","event":"│ RESEAU2021-K-L-Ma-J-V-01-K       │ 20251111 │              2 │","chan":"stdout","logger":"task"}
{"timestamp":"2025-09-09T12:51:06.183411Z","level":"info","event":"│ PROJET2025-61-Semaine-25-61      │ 20251103 │              2 │","chan":"stdout","logger":"task"}
{"timestamp":"2025-09-09T12:51:06.183449Z","level":"info","event":"│             ·                    │     ·    │              · │","chan":"stdout","logger":"task"}
{"timestamp":"2025-09-09T12:51:06.183487Z","level":"info","event":"│             ·                    │     ·    │              · │","chan":"stdout","logger":"task"}
{"timestamp":"2025-09-09T12:51:06.183526Z","level":"info","event":"│             ·                    │     ·    │              · │","chan":"stdout","logger":"task"}
{"timestamp":"2025-09-09T12:51:06.183573Z","level":"info","event":"│ SETP2025-98-Dimanche-06-98       │ 20251111 │              1 │","chan":"stdout","logger":"task"}
{"timestamp":"2025-09-09T12:51:06.183613Z","level":"info","event":"│ SETP2025-98-Dimanche-06-98       │ 20251225 │              1 │","chan":"stdout","logger":"task"}
{"timestamp":"2025-09-09T12:51:06.183652Z","level":"info","event":"│ PROJET2024-55-Dimanche-05-55     │ 20251101 │              1 │","chan":"stdout","logger":"task"}
{"timestamp":"2025-09-09T12:51:06.183689Z","level":"info","event":"│ PROJET2024-55-Dimanche-05-55     │ 20251111 │              1 │","chan":"stdout","logger":"task"}
{"timestamp":"2025-09-09T12:51:06.183725Z","level":"info","event":"│ PROJET2024-55-Dimanche-05-55     │ 20251225 │              1 │","chan":"stdout","logger":"task"}
{"timestamp":"2025-09-09T12:51:06.183762Z","level":"info","event":"│ RESEAU2021-C32-Week-end-02-C32   │ 20251111 │              1 │","chan":"stdout","logger":"task"}
{"timestamp":"2025-09-09T12:51:06.183799Z","level":"info","event":"│ RESEAU2021-C32-Week-end-02-C32   │ 20251225 │              1 │","chan":"stdout","logger":"task"}
{"timestamp":"2025-09-09T12:51:06.183835Z","level":"info","event":"│ PROJET2025-FOOT-Dimanche-03-FOOT │ 20251101 │              1 │","chan":"stdout","logger":"task"}
{"timestamp":"2025-09-09T12:51:06.183872Z","level":"info","event":"│ PROJET2025-FOOT-Dimanche-03-FOOT │ 20251111 │              1 │","chan":"stdout","logger":"task"}
{"timestamp":"2025-09-09T12:51:06.183909Z","level":"info","event":"│ PROJET2025-FOOT-Dimanche-03-FOOT │ 20251225 │              1 │","chan":"stdout","logger":"task"}
{"timestamp":"2025-09-09T12:51:06.183946Z","level":"info","event":"├──────────────────────────────────┴──────────┴────────────────┤","chan":"stdout","logger":"task"}
{"timestamp":"2025-09-09T12:51:06.183983Z","level":"info","event":"│ 6152 rows (20 shown)                               3 columns │","chan":"stdout","logger":"task"}
{"timestamp":"2025-09-09T12:51:06.184020Z","level":"info","event":"└──────────────────────────────────────────────────────────────┘","chan":"stdout","logger":"task"}
{"timestamp":"2025-09-09T12:51:06.184057Z","level":"info","event":"","chan":"stdout","logger":"task"}
{"timestamp":"2025-09-09T12:51:06.583550Z","level":"info","event":"--------------- RETURN SELECT ------------------------","chan":"stdout","logger":"task"}
{"timestamp":"2025-09-09T12:51:06.587754Z","level":"info","event":"┌──────────┬──────────────┬──────────────┬───────────────────┬─────────────────────┐","chan":"stdout","logger":"task"}
{"timestamp":"2025-09-09T12:51:06.587946Z","level":"info","event":"│ shape_id │ shape_pt_lat │ shape_pt_lon │ shape_pt_sequence │ shape_dist_traveled │","chan":"stdout","logger":"task"}
{"timestamp":"2025-09-09T12:51:06.588056Z","level":"info","event":"│ varchar  │    double    │    double    │       int64       │       double        │","chan":"stdout","logger":"task"}
{"timestamp":"2025-09-09T12:51:06.588103Z","level":"info","event":"├──────────┼──────────────┼──────────────┼───────────────────┼─────────────────────┤","chan":"stdout","logger":"task"}
{"timestamp":"2025-09-09T12:51:06.588147Z","level":"info","event":"│ 090009   │    43.666912 │      7.12729 │                 0 │                 0.0 │","chan":"stdout","logger":"task"}
{"timestamp":"2025-09-09T12:51:06.588247Z","level":"info","event":"│ 090009   │    43.666146 │     7.127847 │                 1 │               0.096 │","chan":"stdout","logger":"task"}
{"timestamp":"2025-09-09T12:51:06.588299Z","level":"info","event":"│ 090009   │    43.665786 │     7.128121 │                 2 │               0.142 │","chan":"stdout","logger":"task"}
{"timestamp":"2025-09-09T12:51:06.588339Z","level":"info","event":"│ 090009   │    43.665663 │     7.128181 │                 3 │               0.157 │","chan":"stdout","logger":"task"}
{"timestamp":"2025-09-09T12:51:06.588378Z","level":"info","event":"│ 090009   │    43.665541 │     7.128189 │                 4 │                0.17 │","chan":"stdout","logger":"task"}
{"timestamp":"2025-09-09T12:51:06.588420Z","level":"info","event":"│ 090009   │    43.665459 │     7.128166 │                 5 │               0.179 │","chan":"stdout","logger":"task"}
{"timestamp":"2025-09-09T12:51:06.588470Z","level":"info","event":"│ 090009   │    43.665393 │     7.128129 │                 6 │               0.187 │","chan":"stdout","logger":"task"}
{"timestamp":"2025-09-09T12:51:06.588510Z","level":"info","event":"│ 090009   │     43.66538 │      7.12805 │                 7 │               0.194 │","chan":"stdout","logger":"task"}
{"timestamp":"2025-09-09T12:51:06.588549Z","level":"info","event":"│ 090009   │     43.66538 │     7.128005 │                 8 │               0.198 │","chan":"stdout","logger":"task"}
{"timestamp":"2025-09-09T12:51:06.588588Z","level":"info","event":"│ 090009   │    43.665285 │     7.127922 │                 9 │                0.21 │","chan":"stdout","logger":"task"}
{"timestamp":"2025-09-09T12:51:06.588642Z","level":"info","event":"│   ·      │         ·    │         ·    │                 · │                  ·  │","chan":"stdout","logger":"task"}
{"timestamp":"2025-09-09T12:51:06.588679Z","level":"info","event":"│   ·      │         ·    │         ·    │                 · │                  ·  │","chan":"stdout","logger":"task"}
{"timestamp":"2025-09-09T12:51:06.588717Z","level":"info","event":"│   ·      │         ·    │         ·    │                 · │                  ·  │","chan":"stdout","logger":"task"}
{"timestamp":"2025-09-09T12:51:06.588754Z","level":"info","event":"│ 850001   │     43.74449 │     7.317986 │               271 │                3.96 │","chan":"stdout","logger":"task"}
{"timestamp":"2025-09-09T12:51:06.588791Z","level":"info","event":"│ 850001   │    43.744562 │     7.318015 │               272 │               3.968 │","chan":"stdout","logger":"task"}
{"timestamp":"2025-09-09T12:51:06.588828Z","level":"info","event":"│ 850001   │    43.744619 │     7.318053 │               273 │               3.975 │","chan":"stdout","logger":"task"}
{"timestamp":"2025-09-09T12:51:06.588866Z","level":"info","event":"│ 850001   │    43.744671 │     7.318139 │               274 │               3.984 │","chan":"stdout","logger":"task"}
{"timestamp":"2025-09-09T12:51:06.588903Z","level":"info","event":"│ 850001   │    43.744874 │     7.318531 │               275 │               4.023 │","chan":"stdout","logger":"task"}
{"timestamp":"2025-09-09T12:51:06.588940Z","level":"info","event":"│ 850001   │    43.744958 │     7.318633 │               276 │               4.036 │","chan":"stdout","logger":"task"}
{"timestamp":"2025-09-09T12:51:06.588976Z","level":"info","event":"│ 850001   │    43.745227 │     7.319016 │               277 │               4.079 │","chan":"stdout","logger":"task"}
{"timestamp":"2025-09-09T12:51:06.589013Z","level":"info","event":"│ 850001   │    43.745277 │     7.319084 │               278 │               4.086 │","chan":"stdout","logger":"task"}
{"timestamp":"2025-09-09T12:51:06.589050Z","level":"info","event":"│ 850001   │    43.745277 │     7.319084 │               279 │               4.086 │","chan":"stdout","logger":"task"}
{"timestamp":"2025-09-09T12:51:06.589136Z","level":"info","event":"│ 850001   │    43.745307 │     7.319122 │               280 │               4.091 │","chan":"stdout","logger":"task"}
{"timestamp":"2025-09-09T12:51:06.589184Z","level":"info","event":"├──────────┴──────────────┴──────────────┴───────────────────┴─────────────────────┤","chan":"stdout","logger":"task"}
{"timestamp":"2025-09-09T12:51:06.589224Z","level":"info","event":"│ ? rows (>9999 rows, 20 shown)                                          5 columns │","chan":"stdout","logger":"task"}
{"timestamp":"2025-09-09T12:51:06.589262Z","level":"info","event":"└──────────────────────────────────────────────────────────────────────────────────┘","chan":"stdout","logger":"task"}
{"timestamp":"2025-09-09T12:51:06.589300Z","level":"info","event":"","chan":"stdout","logger":"task"}
{"timestamp":"2025-09-09T12:51:06.793994","level":"info","event":"Done. Returned value was: None","logger":"airflow.task.operators.airflow.providers.standard.operators.python.PythonOperator"}
{"timestamp":"2025-09-09T12:51:06.807621Z","level":"info","event":"Task instance in success state","chan":"stdout","logger":"task"}
{"timestamp":"2025-09-09T12:51:06.807785Z","level":"info","event":" Previous state of the Task instance: TaskInstanceState.RUNNING","chan":"stdout","logger":"task"}
{"timestamp":"2025-09-09T12:51:06.807875Z","level":"info","event":"Task operator:<Task(PythonOperator): load_duckdb.to_duckdb_reseau_transport>","chan":"stdout","logger":"task"}
