{"timestamp":"2025-09-08T12:18:34.431307","level":"info","event":"DAG bundles loaded: dags-folder, example_dags","logger":"airflow.dag_processing.bundles.manager.DagBundlesManager"}
{"timestamp":"2025-09-08T12:18:34.431997","level":"info","event":"Filling up the DagBag from /opt/airflow/dags/lignes_azure_dag.py","logger":"airflow.models.dagbag.DagBag"}
{"timestamp":"2025-09-08T12:18:34.496113Z","level":"info","event":"Task instance is in running state","chan":"stdout","logger":"task"}
{"timestamp":"2025-09-08T12:18:34.496260Z","level":"info","event":" Previous state of the Task instance: TaskInstanceState.QUEUED","chan":"stdout","logger":"task"}
{"timestamp":"2025-09-08T12:18:34.496377Z","level":"info","event":"Current task name:trips_updates.to_duckdb_trips_updates","chan":"stdout","logger":"task"}
{"timestamp":"2025-09-08T12:18:34.496462Z","level":"info","event":"Dag name:lignes_azure_ETL","chan":"stdout","logger":"task"}
{"timestamp":"2025-09-08T12:18:34.590023Z","level":"info","event":"--------------- RETURN SELECT ------------------------","chan":"stdout","logger":"task"}
{"timestamp":"2025-09-08T12:18:34.597544Z","level":"info","event":"┌──────────────────────────────────┬──────────┬──────────────┬─────────┬───────────────┬──────────────┬────────────────┐","chan":"stdout","logger":"task"}
{"timestamp":"2025-09-08T12:18:34.597714Z","level":"info","event":"│             trip_id              │ route_id │ direction_id │ stop_id │ stop_sequence │ arrival_time │ departure_time │","chan":"stdout","logger":"task"}
{"timestamp":"2025-09-08T12:18:34.597812Z","level":"info","event":"│             varchar              │ varchar  │    double    │ varchar │     int64     │    double    │     double     │","chan":"stdout","logger":"task"}
{"timestamp":"2025-09-08T12:18:34.597863Z","level":"info","event":"├──────────────────────────────────┼──────────┼──────────────┼─────────┼───────────────┼──────────────┼────────────────┤","chan":"stdout","logger":"task"}
{"timestamp":"2025-09-08T12:18:34.597912Z","level":"info","event":"│ 6261661-73_R_95_7302_17:52-PRO…  │ 73       │          0.0 │ 5020    │             0 │         NULL │   1757346720.0 │","chan":"stdout","logger":"task"}
{"timestamp":"2025-09-08T12:18:34.597955Z","level":"info","event":"│ 4759139-47_A_50_4701_14:23-PRO…  │ 47       │         NULL │ 3186    │             0 │         NULL │   1757334180.0 │","chan":"stdout","logger":"task"}
{"timestamp":"2025-09-08T12:18:34.597998Z","level":"info","event":"│ 4759139-47_A_50_4701_14:23-PRO…  │ 47       │         NULL │ 3118    │             1 │ 1757334196.0 │   1757334196.0 │","chan":"stdout","logger":"task"}
{"timestamp":"2025-09-08T12:18:34.598040Z","level":"info","event":"│ 4759139-47_A_50_4701_14:23-PRO…  │ 47       │         NULL │ 3144    │             2 │ 1757334244.0 │   1757334244.0 │","chan":"stdout","logger":"task"}
{"timestamp":"2025-09-08T12:18:34.598140Z","level":"info","event":"│ 4759139-47_A_50_4701_14:23-PRO…  │ 47       │         NULL │ 3190    │             3 │ 1757334315.0 │   1757334315.0 │","chan":"stdout","logger":"task"}
{"timestamp":"2025-09-08T12:18:34.598195Z","level":"info","event":"│ 4759139-47_A_50_4701_14:23-PRO…  │ 47       │         NULL │ 3141    │             4 │ 1757334340.0 │   1757334340.0 │","chan":"stdout","logger":"task"}
{"timestamp":"2025-09-08T12:18:34.598238Z","level":"info","event":"│ 4759139-47_A_50_4701_14:23-PRO…  │ 47       │         NULL │ 3163    │             5 │ 1757334375.0 │   1757334375.0 │","chan":"stdout","logger":"task"}
{"timestamp":"2025-09-08T12:18:34.598293Z","level":"info","event":"│ 4759139-47_A_50_4701_14:23-PRO…  │ 47       │         NULL │ 3149    │             6 │ 1757334466.0 │   1757334466.0 │","chan":"stdout","logger":"task"}
{"timestamp":"2025-09-08T12:18:34.598349Z","level":"info","event":"│ 4759139-47_A_50_4701_14:23-PRO…  │ 47       │         NULL │ 3156    │             7 │ 1757334488.0 │   1757334488.0 │","chan":"stdout","logger":"task"}
{"timestamp":"2025-09-08T12:18:34.598393Z","level":"info","event":"│ 4759139-47_A_50_4701_14:23-PRO…  │ 47       │         NULL │ 3169    │             8 │ 1757334511.0 │   1757334511.0 │","chan":"stdout","logger":"task"}
{"timestamp":"2025-09-08T12:18:34.598435Z","level":"info","event":"│                ·                 │ ·        │           ·  │  ·      │             · │       ·      │             ·  │","chan":"stdout","logger":"task"}
{"timestamp":"2025-09-08T12:18:34.598475Z","level":"info","event":"│                ·                 │ ·        │           ·  │  ·      │             · │       ·      │             ·  │","chan":"stdout","logger":"task"}
{"timestamp":"2025-09-08T12:18:34.598515Z","level":"info","event":"│                ·                 │ ·        │           ·  │  ·      │             · │       ·      │             ·  │","chan":"stdout","logger":"task"}
{"timestamp":"2025-09-08T12:18:34.598555Z","level":"info","event":"│ 6105161-76_R_99_7602_13:45-PRO…  │ 76       │          0.0 │ 710     │            43 │ 1757334780.0 │           NULL │","chan":"stdout","logger":"task"}
{"timestamp":"2025-09-08T12:18:34.598595Z","level":"info","event":"│ 6355797-18_R_99_1801_15:28-SET…  │ 18       │          0.0 │ 1249    │             0 │         NULL │   1757338080.0 │","chan":"stdout","logger":"task"}
{"timestamp":"2025-09-08T12:18:34.598637Z","level":"info","event":"│ 6355797-18_R_99_1801_15:28-SET…  │ 18       │          0.0 │ 938     │             1 │ 1757338180.0 │   1757338180.0 │","chan":"stdout","logger":"task"}
{"timestamp":"2025-09-08T12:18:34.598679Z","level":"info","event":"│ 6355797-18_R_99_1801_15:28-SET…  │ 18       │          0.0 │ 707     │             2 │         NULL │   1757338320.0 │","chan":"stdout","logger":"task"}
{"timestamp":"2025-09-08T12:18:34.598719Z","level":"info","event":"│ 6355797-18_R_99_1801_15:28-SET…  │ 18       │          0.0 │ 483     │             3 │ 1757338385.0 │   1757338385.0 │","chan":"stdout","logger":"task"}
{"timestamp":"2025-09-08T12:18:34.598760Z","level":"info","event":"│ 6355797-18_R_99_1801_15:28-SET…  │ 18       │          0.0 │ 1431    │             4 │ 1757338440.0 │   1757338440.0 │","chan":"stdout","logger":"task"}
{"timestamp":"2025-09-08T12:18:34.598800Z","level":"info","event":"│ 6355797-18_R_99_1801_15:28-SET…  │ 18       │          0.0 │ 469     │             5 │ 1757338519.0 │   1757338519.0 │","chan":"stdout","logger":"task"}
{"timestamp":"2025-09-08T12:18:34.598840Z","level":"info","event":"│ 6355797-18_R_99_1801_15:28-SET…  │ 18       │          0.0 │ 983     │             6 │ 1757338620.0 │   1757338620.0 │","chan":"stdout","logger":"task"}
{"timestamp":"2025-09-08T12:18:34.598906Z","level":"info","event":"│ 6355797-18_R_99_1801_15:28-SET…  │ 18       │          0.0 │ 628     │             7 │ 1757338675.0 │   1757338675.0 │","chan":"stdout","logger":"task"}
{"timestamp":"2025-09-08T12:18:34.599032Z","level":"info","event":"│ 6355797-18_R_99_1801_15:28-SET…  │ 18       │          0.0 │ 824     │             8 │ 1757338731.0 │   1757338731.0 │","chan":"stdout","logger":"task"}
{"timestamp":"2025-09-08T12:18:34.599091Z","level":"info","event":"├──────────────────────────────────┴──────────┴──────────────┴─────────┴───────────────┴──────────────┴────────────────┤","chan":"stdout","logger":"task"}
{"timestamp":"2025-09-08T12:18:34.599144Z","level":"info","event":"│ ? rows (>9999 rows, 20 shown)                                                                              7 columns │","chan":"stdout","logger":"task"}
{"timestamp":"2025-09-08T12:18:34.599193Z","level":"info","event":"└──────────────────────────────────────────────────────────────────────────────────────────────────────────────────────┘","chan":"stdout","logger":"task"}
{"timestamp":"2025-09-08T12:18:34.599284Z","level":"info","event":"","chan":"stdout","logger":"task"}
{"timestamp":"2025-09-08T12:18:34.600031","level":"info","event":"Done. Returned value was: None","logger":"airflow.task.operators.airflow.providers.standard.operators.python.PythonOperator"}
{"timestamp":"2025-09-08T12:18:34.622630Z","level":"info","event":"Task instance in success state","chan":"stdout","logger":"task"}
{"timestamp":"2025-09-08T12:18:34.622761Z","level":"info","event":" Previous state of the Task instance: TaskInstanceState.RUNNING","chan":"stdout","logger":"task"}
{"timestamp":"2025-09-08T12:18:34.623222Z","level":"info","event":"Task operator:<Task(PythonOperator): trips_updates.to_duckdb_trips_updates>","chan":"stdout","logger":"task"}
