{"timestamp":"2025-09-16T13:00:06.865008","level":"info","event":"DAG bundles loaded: dags-folder, example_dags","logger":"airflow.dag_processing.bundles.manager.DagBundlesManager"}
{"timestamp":"2025-09-16T13:00:06.865697","level":"info","event":"Filling up the DagBag from /opt/airflow/dags/lignes_azure_dag.py","logger":"airflow.models.dagbag.DagBag"}
{"timestamp":"2025-09-16T13:00:06.922732Z","level":"info","event":"Task instance is in running state","chan":"stdout","logger":"task"}
{"timestamp":"2025-09-16T13:00:06.922861Z","level":"info","event":" Previous state of the Task instance: TaskInstanceState.QUEUED","chan":"stdout","logger":"task"}
{"timestamp":"2025-09-16T13:00:06.922949Z","level":"info","event":"Current task name:load_duckdb.to_duckdb_reseau_transport","chan":"stdout","logger":"task"}
{"timestamp":"2025-09-16T13:00:06.922997Z","level":"info","event":"Dag name:lignes_azure_ETL","chan":"stdout","logger":"task"}
{"timestamp":"2025-09-16T13:00:06.956419Z","level":"info","event":"---------- stops -------------","chan":"stdout","logger":"task"}
{"timestamp":"2025-09-16T13:00:06.977442Z","level":"info","event":"#### csv created and stored in : /opt/airflow/warehouse/reseau_transport_static/stops_2025-09-16_15:00:06.956324.csv","chan":"stdout","logger":"task"}
{"timestamp":"2025-09-16T13:00:07.046251Z","level":"info","event":"┌──────────────┬───────────┬──────────────────────┬───┬────────────────┬───────────────┬─────────────────────┐","chan":"stdout","logger":"task"}
{"timestamp":"2025-09-16T13:00:07.046412Z","level":"info","event":"│   stop_id    │ stop_code │      stop_name       │ … │ parent_station │ stop_timezone │ wheelchair_boarding │","chan":"stdout","logger":"task"}
{"timestamp":"2025-09-16T13:00:07.046475Z","level":"info","event":"│   varchar    │  varchar  │       varchar        │   │    varchar     │    varchar    │        int64        │","chan":"stdout","logger":"task"}
{"timestamp":"2025-09-16T13:00:07.046523Z","level":"info","event":"├──────────────┼───────────┼──────────────────────┼───┼────────────────┼───────────────┼─────────────────────┤","chan":"stdout","logger":"task"}
{"timestamp":"2025-09-16T13:00:07.046568Z","level":"info","event":"│ 1            │ ABBAT8    │ Abattoirs            │ … │ place_101376   │ NULL          │                   1 │","chan":"stdout","logger":"task"}
{"timestamp":"2025-09-16T13:00:07.046609Z","level":"info","event":"│ 2            │ ABBAT4    │ Abattoirs            │ … │ place_101376   │ NULL          │                   1 │","chan":"stdout","logger":"task"}
{"timestamp":"2025-09-16T13:00:07.046699Z","level":"info","event":"│ 3            │ ROSEL2    │ Abbaye de Roseland   │ … │ place_096609   │ NULL          │                   0 │","chan":"stdout","logger":"task"}
{"timestamp":"2025-09-16T13:00:07.046741Z","level":"info","event":"│ 4            │ ROSEL8    │ Abbaye de Roseland   │ … │ place_096609   │ NULL          │                   0 │","chan":"stdout","logger":"task"}
{"timestamp":"2025-09-16T13:00:07.046780Z","level":"info","event":"│ 5            │ ARSE4     │ Abbaye de Roseland…  │ … │ place_096610   │ NULL          │                   0 │","chan":"stdout","logger":"task"}
{"timestamp":"2025-09-16T13:00:07.046820Z","level":"info","event":"│ 6            │ ACROB6    │ Risso                │ … │ place_096612   │ NULL          │                   1 │","chan":"stdout","logger":"task"}
{"timestamp":"2025-09-16T13:00:07.046860Z","level":"info","event":"│ 8            │ AEPRM1    │ Aéroport / Promenade │ … │ place_101377   │ NULL          │                   1 │","chan":"stdout","logger":"task"}
{"timestamp":"2025-09-16T13:00:07.046912Z","level":"info","event":"│ 11           │ AEPRM2    │ Aéroport / Promenade │ … │ place_101377   │ NULL          │                   1 │","chan":"stdout","logger":"task"}
{"timestamp":"2025-09-16T13:00:07.046954Z","level":"info","event":"│ 12           │ ALBER3    │ Albert 1er           │ … │ place_096616   │ NULL          │                   0 │","chan":"stdout","logger":"task"}
{"timestamp":"2025-09-16T13:00:07.046994Z","level":"info","event":"│ 13           │ ALBER8    │ Jardin d'Arménie     │ … │ place_096617   │ NULL          │                   0 │","chan":"stdout","logger":"task"}
{"timestamp":"2025-09-16T13:00:07.047034Z","level":"info","event":"│ ·            │  ·        │      ·               │ · │  ·             │  ·            │                   · │","chan":"stdout","logger":"task"}
{"timestamp":"2025-09-16T13:00:07.047074Z","level":"info","event":"│ ·            │  ·        │      ·               │ · │  ·             │  ·            │                   · │","chan":"stdout","logger":"task"}
{"timestamp":"2025-09-16T13:00:07.047113Z","level":"info","event":"│ ·            │  ·        │      ·               │ · │  ·             │  ·            │                   · │","chan":"stdout","logger":"task"}
{"timestamp":"2025-09-16T13:00:07.047152Z","level":"info","event":"│ place_SMGEN  │ NULL      │ Gendarmerie          │ … │ NULL           │ Europe/Paris  │                   0 │","chan":"stdout","logger":"task"}
{"timestamp":"2025-09-16T13:00:07.047191Z","level":"info","event":"│ place_SMPMA7 │ NULL      │ Pont Maïssa          │ … │ NULL           │ Europe/Paris  │                   0 │","chan":"stdout","logger":"task"}
{"timestamp":"2025-09-16T13:00:07.047229Z","level":"info","event":"│ 6198         │ SMGEN8    │ Gendarmerie          │ … │ place_SMGEN    │ NULL          │                   1 │","chan":"stdout","logger":"task"}
{"timestamp":"2025-09-16T13:00:07.047268Z","level":"info","event":"│ 21313        │ GENDA3    │ Gendarmerie          │ … │ place_GENDAR   │ NULL          │                   0 │","chan":"stdout","logger":"task"}
{"timestamp":"2025-09-16T13:00:07.047308Z","level":"info","event":"│ 6197         │ SMPMA7    │ Pont Maïssa          │ … │ place_SMPMA7   │ NULL          │                   1 │","chan":"stdout","logger":"task"}
{"timestamp":"2025-09-16T13:00:07.047368Z","level":"info","event":"│ place_VACHRI │ NULL      │ La Vacherie          │ … │ NULL           │ Europe/Paris  │                   0 │","chan":"stdout","logger":"task"}
{"timestamp":"2025-09-16T13:00:07.047423Z","level":"info","event":"│ 23020        │ VACHRI    │ La Vacherie          │ … │ place_VACHRI   │ NULL          │                   1 │","chan":"stdout","logger":"task"}
{"timestamp":"2025-09-16T13:00:07.047464Z","level":"info","event":"│ 21659        │ SUPGA9    │ Super Gattières      │ … │ NULL           │ Europe/Paris  │                   0 │","chan":"stdout","logger":"task"}
{"timestamp":"2025-09-16T13:00:07.047504Z","level":"info","event":"│ place_ALPHA0 │ NULL      │ Parc Alpha Loup      │ … │ NULL           │ Europe/Paris  │                   0 │","chan":"stdout","logger":"task"}
{"timestamp":"2025-09-16T13:00:07.047543Z","level":"info","event":"│ 2997         │ MAGNA1    │ Magnan               │ … │ place_097192   │ NULL          │                   1 │","chan":"stdout","logger":"task"}
{"timestamp":"2025-09-16T13:00:07.047635Z","level":"info","event":"├──────────────┴───────────┴──────────────────────┴───┴────────────────┴───────────────┴─────────────────────┤","chan":"stdout","logger":"task"}
{"timestamp":"2025-09-16T13:00:07.047697Z","level":"info","event":"│ 8964 rows (20 shown)                                                                  10 columns (6 shown) │","chan":"stdout","logger":"task"}
{"timestamp":"2025-09-16T13:00:07.047744Z","level":"info","event":"└────────────────────────────────────────────────────────────────────────────────────────────────────────────┘","chan":"stdout","logger":"task"}
{"timestamp":"2025-09-16T13:00:07.047785Z","level":"info","event":"","chan":"stdout","logger":"task"}
{"timestamp":"2025-09-16T13:00:07.047879Z","level":"info","event":"---------- routes -------------","chan":"stdout","logger":"task"}
{"timestamp":"2025-09-16T13:00:07.048945Z","level":"info","event":"#### csv created and stored in : /opt/airflow/warehouse/reseau_transport_static/routes_2025-09-16_15:00:07.047852.csv","chan":"stdout","logger":"task"}
{"timestamp":"2025-09-16T13:00:07.063846Z","level":"info","event":"┌──────────┬───────────────┬──────────────────┬───┬──────────────────────┬─────────────┬──────────────────┐","chan":"stdout","logger":"task"}
{"timestamp":"2025-09-16T13:00:07.064013Z","level":"info","event":"│ route_id │   agency_id   │ route_short_name │ … │      route_url       │ route_color │ route_text_color │","chan":"stdout","logger":"task"}
{"timestamp":"2025-09-16T13:00:07.064085Z","level":"info","event":"│ varchar  │    varchar    │     varchar      │   │       varchar        │   varchar   │     varchar      │","chan":"stdout","logger":"task"}
{"timestamp":"2025-09-16T13:00:07.064136Z","level":"info","event":"├──────────┼───────────────┼──────────────────┼───┼──────────────────────┼─────────────┼──────────────────┤","chan":"stdout","logger":"task"}
{"timestamp":"2025-09-16T13:00:07.064182Z","level":"info","event":"│ 05       │ lignes-d-azur │ 05               │ … │ https://ftp.lignes…  │ 3065AF      │ FFFFFF           │","chan":"stdout","logger":"task"}
{"timestamp":"2025-09-16T13:00:07.064225Z","level":"info","event":"│ 06       │ lignes-d-azur │ 06               │ … │ https://ftp.lignes…  │ 2FA948      │ FFFFFF           │","chan":"stdout","logger":"task"}
{"timestamp":"2025-09-16T13:00:07.064266Z","level":"info","event":"│ 07       │ lignes-d-azur │ 07               │ … │ https://ftp.lignes…  │ 751D5D      │ FFFFFF           │","chan":"stdout","logger":"task"}
{"timestamp":"2025-09-16T13:00:07.064308Z","level":"info","event":"│ 09       │ lignes-d-azur │ 09               │ … │ https://ftp.lignes…  │ EF7D00      │ FFFFFF           │","chan":"stdout","logger":"task"}
{"timestamp":"2025-09-16T13:00:07.064348Z","level":"info","event":"│ 11       │ lignes-d-azur │ 11               │ … │ https://ftp.lignes…  │ 9C3F8F      │ FFFFFF           │","chan":"stdout","logger":"task"}
{"timestamp":"2025-09-16T13:00:07.064390Z","level":"info","event":"│ 12       │ lignes-d-azur │ 12+              │ … │ https://ftp.lignes…  │ DE1381      │ FFFFFF           │","chan":"stdout","logger":"task"}
{"timestamp":"2025-09-16T13:00:07.064431Z","level":"info","event":"│ 14       │ lignes-d-azur │ 14               │ … │ https://ftp.lignes…  │ F5A32F      │ FFFFFF           │","chan":"stdout","logger":"task"}
{"timestamp":"2025-09-16T13:00:07.064519Z","level":"info","event":"│ 15       │ lignes-d-azur │ 15               │ … │ https://ftp.lignes…  │ 15B1AF      │ FFFFFF           │","chan":"stdout","logger":"task"}
{"timestamp":"2025-09-16T13:00:07.064562Z","level":"info","event":"│ 16       │ lignes-d-azur │ 16               │ … │ https://ftp.lignes…  │ 35BEEB      │ FFFFFF           │","chan":"stdout","logger":"task"}
{"timestamp":"2025-09-16T13:00:07.064629Z","level":"info","event":"│ 17       │ lignes-d-azur │ 17               │ … │ https://ftp.lignes…  │ 418ABF      │ FFFFFF           │","chan":"stdout","logger":"task"}
{"timestamp":"2025-09-16T13:00:07.064754Z","level":"info","event":"│ ·        │       ·       │ ·                │ · │          ·           │   ·         │   ·              │","chan":"stdout","logger":"task"}
{"timestamp":"2025-09-16T13:00:07.064814Z","level":"info","event":"│ ·        │       ·       │ ·                │ · │          ·           │   ·         │   ·              │","chan":"stdout","logger":"task"}
{"timestamp":"2025-09-16T13:00:07.064858Z","level":"info","event":"│ ·        │       ·       │ ·                │ · │          ·           │   ·         │   ·              │","chan":"stdout","logger":"task"}
{"timestamp":"2025-09-16T13:00:07.064900Z","level":"info","event":"│ NGOR     │ lignes-d-azur │ NGOR             │ … │ https://ftp.lignes…  │ 2AA137      │ FFFFFF           │","chan":"stdout","logger":"task"}
{"timestamp":"2025-09-16T13:00:07.064941Z","level":"info","event":"│ 10       │ lignes-d-azur │ 10               │ … │ https://ftp.lignes…  │ 31A948      │ FFFFFF           │","chan":"stdout","logger":"task"}
{"timestamp":"2025-09-16T13:00:07.064983Z","level":"info","event":"│ 08       │ lignes-d-azur │ 8+               │ … │ https://ftp.lignes…  │ FEC703      │ 000000           │","chan":"stdout","logger":"task"}
{"timestamp":"2025-09-16T13:00:07.065024Z","level":"info","event":"│ 12+      │ lignes-d-azur │ 12+              │ … │ https://ftp.lignes…  │ DE1381      │ FFFFFF           │","chan":"stdout","logger":"task"}
{"timestamp":"2025-09-16T13:00:07.065065Z","level":"info","event":"│ 8+       │ lignes-d-azur │ 8+               │ … │ https://ftp.lignes…  │ FEC703      │ 000000           │","chan":"stdout","logger":"task"}
{"timestamp":"2025-09-16T13:00:07.065105Z","level":"info","event":"│ B        │ lignes-d-azur │ B                │ … │ https://ftp.lignes…  │ FFDD00      │ 000000           │","chan":"stdout","logger":"task"}
{"timestamp":"2025-09-16T13:00:07.065146Z","level":"info","event":"│ NBOR     │ lignes-d-azur │ NBOR             │ … │ https://ftp.lignes…  │ 2AA137      │ 000000           │","chan":"stdout","logger":"task"}
{"timestamp":"2025-09-16T13:00:07.065190Z","level":"info","event":"│ VESU     │ lignes-d-azur │ VESU             │ … │ https://ftp.lignes…  │ 2AA137      │ FFFFFF           │","chan":"stdout","logger":"task"}
{"timestamp":"2025-09-16T13:00:07.065232Z","level":"info","event":"│ FOOT     │ lignes-d-azur │ FOOT             │ … │ NULL                 │ 36BEE9      │ FFFFFF           │","chan":"stdout","logger":"task"}
{"timestamp":"2025-09-16T13:00:07.065273Z","level":"info","event":"│ NV30     │ lignes-d-azur │ NV30             │ … │ NULL                 │ FFFFFF      │ 000000           │","chan":"stdout","logger":"task"}
{"timestamp":"2025-09-16T13:00:07.065373Z","level":"info","event":"├──────────┴───────────────┴──────────────────┴───┴──────────────────────┴─────────────┴──────────────────┤","chan":"stdout","logger":"task"}
{"timestamp":"2025-09-16T13:00:07.065431Z","level":"info","event":"│ 226 rows (20 shown)                                                                 8 columns (6 shown) │","chan":"stdout","logger":"task"}
{"timestamp":"2025-09-16T13:00:07.065478Z","level":"info","event":"└─────────────────────────────────────────────────────────────────────────────────────────────────────────┘","chan":"stdout","logger":"task"}
{"timestamp":"2025-09-16T13:00:07.065521Z","level":"info","event":"","chan":"stdout","logger":"task"}
{"timestamp":"2025-09-16T13:00:07.114772Z","level":"info","event":"---------- trips -------------","chan":"stdout","logger":"task"}
{"timestamp":"2025-09-16T13:00:07.208898Z","level":"info","event":"#### csv created and stored in : /opt/airflow/warehouse/reseau_transport_static/trips_2025-09-16_15:00:07.114666.csv","chan":"stdout","logger":"task"}
{"timestamp":"2025-09-16T13:00:07.304240Z","level":"info","event":"┌──────────┬──────────────────────┬──────────────────────┬───┬──────────┬──────────────────────┬───────────────┐","chan":"stdout","logger":"task"}
{"timestamp":"2025-09-16T13:00:07.304410Z","level":"info","event":"│ route_id │      service_id      │       trip_id        │ … │ shape_id │ wheelchair_accessi…  │ bikes_allowed │","chan":"stdout","logger":"task"}
{"timestamp":"2025-09-16T13:00:07.304480Z","level":"info","event":"│ varchar  │       varchar        │       varchar        │   │ varchar  │        int64         │     int64     │","chan":"stdout","logger":"task"}
{"timestamp":"2025-09-16T13:00:07.304531Z","level":"info","event":"├──────────┼──────────────────────┼──────────────────────┼───┼──────────┼──────────────────────┼───────────────┤","chan":"stdout","logger":"task"}
{"timestamp":"2025-09-16T13:00:07.304575Z","level":"info","event":"│ 40       │ RESEAU2023-40-Sema…  │ 4350596-40_A_50_40…  │ … │ 400009   │                    0 │             0 │","chan":"stdout","logger":"task"}
{"timestamp":"2025-09-16T13:00:07.304617Z","level":"info","event":"│ 62       │ RESEAU2023-62-Same…  │ 4336738-62_R_98_62…  │ … │ 620015   │                    0 │             0 │","chan":"stdout","logger":"task"}
{"timestamp":"2025-09-16T13:00:07.304696Z","level":"info","event":"│ C34      │ RESEAU2021-C34-Dim…  │ 3064040-C34_R_2_C3…  │ … │ C340002  │                    0 │             0 │","chan":"stdout","logger":"task"}
{"timestamp":"2025-09-16T13:00:07.304759Z","level":"info","event":"│ 62       │ RESEAU2023-62-Dima…  │ 4336785-62_R_98_62…  │ … │ 620015   │                    0 │             0 │","chan":"stdout","logger":"task"}
{"timestamp":"2025-09-16T13:00:07.304800Z","level":"info","event":"│ 40       │ RESEAU2023-40-Sema…  │ 4350598-40_A_50_40…  │ … │ 400009   │                    0 │             0 │","chan":"stdout","logger":"task"}
{"timestamp":"2025-09-16T13:00:07.304841Z","level":"info","event":"│ 40       │ RESEAU2023-40-Sema…  │ 4350594-40_R_99_40…  │ … │ 400010   │                    0 │             0 │","chan":"stdout","logger":"task"}
{"timestamp":"2025-09-16T13:00:07.304880Z","level":"info","event":"│ 62       │ RESEAU2023-62-Same…  │ 4336737-62_R_98_62…  │ … │ 620015   │                    0 │             0 │","chan":"stdout","logger":"task"}
{"timestamp":"2025-09-16T13:00:07.304935Z","level":"info","event":"│ 62       │ RESEAU2023-62-Same…  │ 4336760-62_R_98_62…  │ … │ 620015   │                    0 │             0 │","chan":"stdout","logger":"task"}
{"timestamp":"2025-09-16T13:00:07.304978Z","level":"info","event":"│ 62       │ RESEAU2023-62-Same…  │ 4336710-62_A_48_62…  │ … │ 620012   │                    0 │             0 │","chan":"stdout","logger":"task"}
{"timestamp":"2025-09-16T13:00:07.305017Z","level":"info","event":"│ 62       │ RESEAU2023-62-Sema…  │ 4669761-62_R_98_62…  │ … │ 620015   │                    0 │             0 │","chan":"stdout","logger":"task"}
{"timestamp":"2025-09-16T13:00:07.305057Z","level":"info","event":"│ ·        │          ·           │          ·           │ · │   ·      │                    · │             · │","chan":"stdout","logger":"task"}
{"timestamp":"2025-09-16T13:00:07.305097Z","level":"info","event":"│ ·        │          ·           │          ·           │ · │   ·      │                    · │             · │","chan":"stdout","logger":"task"}
{"timestamp":"2025-09-16T13:00:07.305159Z","level":"info","event":"│ ·        │          ·           │          ·           │ · │   ·      │                    · │             · │","chan":"stdout","logger":"task"}
{"timestamp":"2025-09-16T13:00:07.305213Z","level":"info","event":"│ 05       │ SETP2025-05-Mercre…  │ 6446855-05_R_49_05…  │ … │ 050046   │                    0 │             0 │","chan":"stdout","logger":"task"}
{"timestamp":"2025-09-16T13:00:07.305277Z","level":"info","event":"│ 12+      │ SETP2025-12-Dimanc…  │ chouette:VehicleJo…  │ … │ 120081   │                    0 │             0 │","chan":"stdout","logger":"task"}
{"timestamp":"2025-09-16T13:00:07.305317Z","level":"info","event":"│ 12+      │ SETP2025-12-Semain…  │ chouette:VehicleJo…  │ … │ 120081   │                    0 │             0 │","chan":"stdout","logger":"task"}
{"timestamp":"2025-09-16T13:00:07.305412Z","level":"info","event":"│ 05       │ SETP2025-05-Mercre…  │ 6446856-05_R_49_05…  │ … │ 050046   │                    0 │             0 │","chan":"stdout","logger":"task"}
{"timestamp":"2025-09-16T13:00:07.305478Z","level":"info","event":"│ 05       │ SETP2025-05-Mercre…  │ 6446858-05_R_50_05…  │ … │ 050045   │                    0 │             0 │","chan":"stdout","logger":"task"}
{"timestamp":"2025-09-16T13:00:07.305522Z","level":"info","event":"│ 05       │ SETP2025-05-Mercre…  │ 6446860-05_R_49_05…  │ … │ 050046   │                    0 │             0 │","chan":"stdout","logger":"task"}
{"timestamp":"2025-09-16T13:00:07.305563Z","level":"info","event":"│ 05       │ SETP2025-05-Mercre…  │ 6446862-05_R_49_05…  │ … │ 050046   │                    0 │             0 │","chan":"stdout","logger":"task"}
{"timestamp":"2025-09-16T13:00:07.305604Z","level":"info","event":"│ 57       │ SETP2025-57-Dimanc…  │ 6409923-57_A_50_57…  │ … │ 570106   │                    0 │             0 │","chan":"stdout","logger":"task"}
{"timestamp":"2025-09-16T13:00:07.305657Z","level":"info","event":"│ 57       │ SETP2025-57-Dimanc…  │ 6409924-57_A_50_57…  │ … │ 570106   │                    0 │             0 │","chan":"stdout","logger":"task"}
{"timestamp":"2025-09-16T13:00:07.305696Z","level":"info","event":"│ 05       │ SETP2025-05-Mercre…  │ 6446863-05_R_49_05…  │ … │ 050046   │                    0 │             0 │","chan":"stdout","logger":"task"}
{"timestamp":"2025-09-16T13:00:07.305820Z","level":"info","event":"├──────────┴──────────────────────┴──────────────────────┴───┴──────────┴──────────────────────┴───────────────┤","chan":"stdout","logger":"task"}
{"timestamp":"2025-09-16T13:00:07.305880Z","level":"info","event":"│ ? rows (>9999 rows, 20 shown)                                                            9 columns (6 shown) │","chan":"stdout","logger":"task"}
{"timestamp":"2025-09-16T13:00:07.305965Z","level":"info","event":"└──────────────────────────────────────────────────────────────────────────────────────────────────────────────┘","chan":"stdout","logger":"task"}
{"timestamp":"2025-09-16T13:00:07.306018Z","level":"info","event":"","chan":"stdout","logger":"task"}
{"timestamp":"2025-09-16T13:00:07.681307Z","level":"info","event":"---------- stop_times -------------","chan":"stdout","logger":"task"}
{"timestamp":"2025-09-16T13:00:18.108049Z","level":"info","event":"#### csv created and stored in : /opt/airflow/warehouse/reseau_transport_static/stop_times_2025-09-16_15:00:15.870776.csv","chan":"stdout","logger":"task"}
{"timestamp":"2025-09-16T13:00:19.008028Z","level":"info","event":"┌──────────────────────────────┬──────────────┬────────────────┬─────────┬───────────────┬─────────────┬───────────────┐","chan":"stdout","logger":"task"}
{"timestamp":"2025-09-16T13:00:19.008211Z","level":"info","event":"│           trip_id            │ arrival_time │ departure_time │ stop_id │ stop_sequence │ pickup_type │ drop_off_type │","chan":"stdout","logger":"task"}
{"timestamp":"2025-09-16T13:00:19.008277Z","level":"info","event":"│           varchar            │     time     │      time      │  int64  │     int64     │    int64    │     int64     │","chan":"stdout","logger":"task"}
{"timestamp":"2025-09-16T13:00:19.008322Z","level":"info","event":"├──────────────────────────────┼──────────────┼────────────────┼─────────┼───────────────┼─────────────┼───────────────┤","chan":"stdout","logger":"task"}
{"timestamp":"2025-09-16T13:00:19.008365Z","level":"info","event":"│ 3064029-C32_A_1_C3201_08:3…  │ 08:30:00     │ 08:30:00       │   21681 │             0 │           2 │             2 │","chan":"stdout","logger":"task"}
{"timestamp":"2025-09-16T13:00:19.008406Z","level":"info","event":"│ 3064029-C32_A_1_C3201_08:3…  │ 08:35:00     │ 08:35:00       │   21652 │             1 │           2 │             2 │","chan":"stdout","logger":"task"}
{"timestamp":"2025-09-16T13:00:19.008445Z","level":"info","event":"│ 3064029-C32_A_1_C3201_08:3…  │ 08:55:00     │ 08:55:00       │   21644 │             2 │           2 │             2 │","chan":"stdout","logger":"task"}
{"timestamp":"2025-09-16T13:00:19.008485Z","level":"info","event":"│ 3064029-C32_A_1_C3201_08:3…  │ 09:15:00     │ 09:15:00       │   21398 │             3 │           2 │             2 │","chan":"stdout","logger":"task"}
{"timestamp":"2025-09-16T13:00:19.008524Z","level":"info","event":"│ 3064030-C32_R_2_C3202_17:2…  │ 17:20:00     │ 17:20:00       │   21398 │             0 │           2 │             2 │","chan":"stdout","logger":"task"}
{"timestamp":"2025-09-16T13:00:19.008563Z","level":"info","event":"│ 3064030-C32_R_2_C3202_17:2…  │ 17:40:00     │ 17:40:00       │   21644 │             1 │           2 │             2 │","chan":"stdout","logger":"task"}
{"timestamp":"2025-09-16T13:00:19.008613Z","level":"info","event":"│ 3064030-C32_R_2_C3202_17:2…  │ 18:00:00     │ 18:00:00       │   21652 │             2 │           2 │             2 │","chan":"stdout","logger":"task"}
{"timestamp":"2025-09-16T13:00:19.008758Z","level":"info","event":"│ 3064030-C32_R_2_C3202_17:2…  │ 18:05:00     │ 18:05:00       │   21681 │             3 │           2 │             2 │","chan":"stdout","logger":"task"}
{"timestamp":"2025-09-16T13:00:19.008815Z","level":"info","event":"│ 3064033-C32_A_1_C3202_17:0…  │ 17:00:00     │ 17:00:00       │   21681 │             0 │           2 │             2 │","chan":"stdout","logger":"task"}
{"timestamp":"2025-09-16T13:00:19.008853Z","level":"info","event":"│ 3064033-C32_A_1_C3202_17:0…  │ 17:05:00     │ 17:05:00       │   21652 │             1 │           2 │             2 │","chan":"stdout","logger":"task"}
{"timestamp":"2025-09-16T13:00:19.008890Z","level":"info","event":"│              ·               │    ·         │    ·           │      ·  │             · │           · │             · │","chan":"stdout","logger":"task"}
{"timestamp":"2025-09-16T13:00:19.008928Z","level":"info","event":"│              ·               │    ·         │    ·           │      ·  │             · │           · │             · │","chan":"stdout","logger":"task"}
{"timestamp":"2025-09-16T13:00:19.008965Z","level":"info","event":"│              ·               │    ·         │    ·           │      ·  │             · │           · │             · │","chan":"stdout","logger":"task"}
{"timestamp":"2025-09-16T13:00:19.009003Z","level":"info","event":"│ 4669814-62_R_98_6206_14:20…  │ 14:21:00     │ 14:21:00       │    6022 │             1 │           0 │             0 │","chan":"stdout","logger":"task"}
{"timestamp":"2025-09-16T13:00:19.009040Z","level":"info","event":"│ 4669814-62_R_98_6206_14:20…  │ 14:22:00     │ 14:22:00       │    6063 │             2 │           0 │             0 │","chan":"stdout","logger":"task"}
{"timestamp":"2025-09-16T13:00:19.009078Z","level":"info","event":"│ 4669814-62_R_98_6206_14:20…  │ 14:22:00     │ 14:22:00       │    6016 │             3 │           0 │             0 │","chan":"stdout","logger":"task"}
{"timestamp":"2025-09-16T13:00:19.009135Z","level":"info","event":"│ 4669814-62_R_98_6206_14:20…  │ 14:23:00     │ 14:23:00       │    6030 │             4 │           0 │             0 │","chan":"stdout","logger":"task"}
{"timestamp":"2025-09-16T13:00:19.009173Z","level":"info","event":"│ 4669814-62_R_98_6206_14:20…  │ 14:24:00     │ 14:24:00       │    6052 │             5 │           0 │             0 │","chan":"stdout","logger":"task"}
{"timestamp":"2025-09-16T13:00:19.009210Z","level":"info","event":"│ 4669814-62_R_98_6206_14:20…  │ 14:24:00     │ 14:24:00       │     207 │             6 │           0 │             0 │","chan":"stdout","logger":"task"}
{"timestamp":"2025-09-16T13:00:19.009262Z","level":"info","event":"│ 4669814-62_R_98_6206_14:20…  │ 14:25:00     │ 14:25:00       │    1414 │             7 │           0 │             0 │","chan":"stdout","logger":"task"}
{"timestamp":"2025-09-16T13:00:19.009299Z","level":"info","event":"│ 4669814-62_R_98_6206_14:20…  │ 14:25:00     │ 14:25:00       │    1245 │             8 │           0 │             0 │","chan":"stdout","logger":"task"}
{"timestamp":"2025-09-16T13:00:19.009335Z","level":"info","event":"│ 4669814-62_R_98_6206_14:20…  │ 14:26:00     │ 14:26:00       │    1417 │             9 │           0 │             0 │","chan":"stdout","logger":"task"}
{"timestamp":"2025-09-16T13:00:19.009420Z","level":"info","event":"│ 4669814-62_R_98_6206_14:20…  │ 14:27:00     │ 14:27:00       │     225 │            10 │           0 │             0 │","chan":"stdout","logger":"task"}
{"timestamp":"2025-09-16T13:00:19.009472Z","level":"info","event":"├──────────────────────────────┴──────────────┴────────────────┴─────────┴───────────────┴─────────────┴───────────────┤","chan":"stdout","logger":"task"}
{"timestamp":"2025-09-16T13:00:19.009513Z","level":"info","event":"│ ? rows (>9999 rows, 20 shown)                                                                              7 columns │","chan":"stdout","logger":"task"}
{"timestamp":"2025-09-16T13:00:19.009556Z","level":"info","event":"└──────────────────────────────────────────────────────────────────────────────────────────────────────────────────────┘","chan":"stdout","logger":"task"}
{"timestamp":"2025-09-16T13:00:19.009594Z","level":"info","event":"","chan":"stdout","logger":"task"}
{"timestamp":"2025-09-16T13:00:19.009864Z","level":"info","event":"---------- calendar -------------","chan":"stdout","logger":"task"}
{"timestamp":"2025-09-16T13:00:19.017772Z","level":"info","event":"#### csv created and stored in : /opt/airflow/warehouse/reseau_transport_static/calendar_2025-09-16_15:00:19.015835.csv","chan":"stdout","logger":"task"}
{"timestamp":"2025-09-16T13:00:19.052610Z","level":"info","event":"┌──────────────────────┬────────┬─────────┬───────────┬──────────┬───┬──────────┬────────┬────────────┬────────────┐","chan":"stdout","logger":"task"}
{"timestamp":"2025-09-16T13:00:19.052791Z","level":"info","event":"│      service_id      │ monday │ tuesday │ wednesday │ thursday │ … │ saturday │ sunday │ start_date │  end_date  │","chan":"stdout","logger":"task"}
{"timestamp":"2025-09-16T13:00:19.052853Z","level":"info","event":"│       varchar        │ int64  │  int64  │   int64   │  int64   │   │  int64   │ int64  │    date    │    date    │","chan":"stdout","logger":"task"}
{"timestamp":"2025-09-16T13:00:19.052901Z","level":"info","event":"├──────────────────────┼────────┼─────────┼───────────┼──────────┼───┼──────────┼────────┼────────────┼────────────┤","chan":"stdout","logger":"task"}
{"timestamp":"2025-09-16T13:00:19.052944Z","level":"info","event":"│ SETP2025-21-Semain…  │      1 │       1 │         1 │        1 │ … │        0 │      0 │ 2025-09-15 │ 2025-12-31 │","chan":"stdout","logger":"task"}
{"timestamp":"2025-09-16T13:00:19.052984Z","level":"info","event":"│ PVS2025-26-36-Sema…  │      1 │       1 │         1 │        1 │ … │        0 │      0 │ 2025-10-20 │ 2025-12-31 │","chan":"stdout","logger":"task"}
{"timestamp":"2025-09-16T13:00:19.053023Z","level":"info","event":"│ PROJET2024-88-Merc…  │      0 │       0 │         1 │        0 │ … │        0 │      0 │ 2025-09-15 │ 2025-12-17 │","chan":"stdout","logger":"task"}
{"timestamp":"2025-09-16T13:00:19.053061Z","level":"info","event":"│ PROJET2025-85-Merc…  │      0 │       0 │         1 │        0 │ … │        0 │      0 │ 2025-09-15 │ 2025-12-17 │","chan":"stdout","logger":"task"}
{"timestamp":"2025-09-16T13:00:19.053099Z","level":"info","event":"│ SETP2025-12-Semain…  │      1 │       1 │         1 │        1 │ … │        0 │      0 │ 2025-09-15 │ 2025-10-17 │","chan":"stdout","logger":"task"}
{"timestamp":"2025-09-16T13:00:19.053233Z","level":"info","event":"│ PROJET2025-94-Sema…  │      1 │       0 │         1 │        1 │ … │        0 │      0 │ 2025-09-15 │ 2025-10-31 │","chan":"stdout","logger":"task"}
{"timestamp":"2025-09-16T13:00:19.053318Z","level":"info","event":"│ PROJET2023-89-Sema…  │      1 │       1 │         1 │        1 │ … │        0 │      0 │ 2025-09-15 │ 2025-12-31 │","chan":"stdout","logger":"task"}
{"timestamp":"2025-09-16T13:00:19.053358Z","level":"info","event":"│ PROJET2024-63-Sema…  │      1 │       1 │         1 │        1 │ … │        0 │      0 │ 2025-10-20 │ 2025-12-31 │","chan":"stdout","logger":"task"}
{"timestamp":"2025-09-16T13:00:19.053418Z","level":"info","event":"│ SETP2025-08-Semain…  │      1 │       1 │         1 │        1 │ … │        0 │      0 │ 2025-09-15 │ 2025-10-17 │","chan":"stdout","logger":"task"}
{"timestamp":"2025-09-16T13:00:19.053494Z","level":"info","event":"│ SETP2025-33-L-Ma-J…  │      1 │       1 │         0 │        1 │ … │        0 │      0 │ 2025-09-15 │ 2025-12-19 │","chan":"stdout","logger":"task"}
{"timestamp":"2025-09-16T13:00:19.053549Z","level":"info","event":"│          ·           │      · │       · │         · │        · │ · │        · │      · │     ·      │     ·      │","chan":"stdout","logger":"task"}
{"timestamp":"2025-09-16T13:00:19.053602Z","level":"info","event":"│          ·           │      · │       · │         · │        · │ · │        · │      · │     ·      │     ·      │","chan":"stdout","logger":"task"}
{"timestamp":"2025-09-16T13:00:19.053639Z","level":"info","event":"│          ·           │      · │       · │         · │        · │ · │        · │      · │     ·      │     ·      │","chan":"stdout","logger":"task"}
{"timestamp":"2025-09-16T13:00:19.053676Z","level":"info","event":"│ RESEAU2023-75-Dima…  │      0 │       0 │         0 │        0 │ … │        0 │      1 │ 2025-09-15 │ 2025-12-28 │","chan":"stdout","logger":"task"}
{"timestamp":"2025-09-16T13:00:19.053714Z","level":"info","event":"│ RESEAU2023-75-Same…  │      0 │       0 │         0 │        0 │ … │        1 │      0 │ 2025-09-15 │ 2025-12-27 │","chan":"stdout","logger":"task"}
{"timestamp":"2025-09-16T13:00:19.053752Z","level":"info","event":"│ PROJET2025-FOOT-Di…  │      0 │       0 │         0 │        0 │ … │        0 │      1 │ 2025-09-15 │ 2025-12-28 │","chan":"stdout","logger":"task"}
{"timestamp":"2025-09-16T13:00:19.053789Z","level":"info","event":"│ PROJET2025-FOOT-Sa…  │      0 │       0 │         0 │        0 │ … │        1 │      0 │ 2025-09-15 │ 2025-12-27 │","chan":"stdout","logger":"task"}
{"timestamp":"2025-09-16T13:00:19.053826Z","level":"info","event":"│ PROJET2025-43-Merc…  │      0 │       0 │         1 │        0 │ … │        0 │      0 │ 2025-09-17 │ 2025-12-17 │","chan":"stdout","logger":"task"}
{"timestamp":"2025-09-16T13:00:19.053863Z","level":"info","event":"│ chouette:TimeTable…  │      1 │       1 │         0 │        1 │ … │        0 │      0 │ 2025-09-16 │ 2025-12-18 │","chan":"stdout","logger":"task"}
{"timestamp":"2025-09-16T13:00:19.053901Z","level":"info","event":"│ PROJET2025-43-Sema…  │      0 │       0 │         0 │        0 │ … │        0 │      0 │ 2025-09-19 │ 2025-12-19 │","chan":"stdout","logger":"task"}
{"timestamp":"2025-09-16T13:00:19.053938Z","level":"info","event":"│ PROJET2025-49-Sema…  │      1 │       1 │         1 │        1 │ … │        0 │      0 │ 2025-09-16 │ 2025-12-31 │","chan":"stdout","logger":"task"}
{"timestamp":"2025-09-16T13:00:19.054027Z","level":"info","event":"│ PROJETS-NV30-Samed…  │      0 │       0 │         0 │        0 │ … │        1 │      0 │ 2025-09-20 │ 2025-12-27 │","chan":"stdout","logger":"task"}
{"timestamp":"2025-09-16T13:00:19.054196Z","level":"info","event":"│ PROJETS-NV30-Semai…  │      1 │       1 │         1 │        1 │ … │        0 │      0 │ 2025-09-16 │ 2025-12-31 │","chan":"stdout","logger":"task"}
{"timestamp":"2025-09-16T13:00:19.054328Z","level":"info","event":"├──────────────────────┴────────┴─────────┴───────────┴──────────┴───┴──────────┴────────┴────────────┴────────────┤","chan":"stdout","logger":"task"}
{"timestamp":"2025-09-16T13:00:19.054422Z","level":"info","event":"│ 770 rows (20 shown)                                                                         10 columns (9 shown) │","chan":"stdout","logger":"task"}
{"timestamp":"2025-09-16T13:00:19.054492Z","level":"info","event":"└──────────────────────────────────────────────────────────────────────────────────────────────────────────────────┘","chan":"stdout","logger":"task"}
{"timestamp":"2025-09-16T13:00:19.054531Z","level":"info","event":"","chan":"stdout","logger":"task"}
{"timestamp":"2025-09-16T13:00:19.055277Z","level":"info","event":"---------- calendar_dates -------------","chan":"stdout","logger":"task"}
{"timestamp":"2025-09-16T13:00:19.083455Z","level":"info","event":"#### csv created and stored in : /opt/airflow/warehouse/reseau_transport_static/calendar_dates_2025-09-16_15:00:19.076419.csv","chan":"stdout","logger":"task"}
{"timestamp":"2025-09-16T13:00:19.101239Z","level":"info","event":"┌─────────────────────────────────────────────────────────────┬────────────┬────────────────┐","chan":"stdout","logger":"task"}
{"timestamp":"2025-09-16T13:00:19.101389Z","level":"info","event":"│                         service_id                          │    date    │ exception_type │","chan":"stdout","logger":"task"}
{"timestamp":"2025-09-16T13:00:19.101450Z","level":"info","event":"│                           varchar                           │    date    │     int64      │","chan":"stdout","logger":"task"}
{"timestamp":"2025-09-16T13:00:19.101494Z","level":"info","event":"├─────────────────────────────────────────────────────────────┼────────────┼────────────────┤","chan":"stdout","logger":"task"}
{"timestamp":"2025-09-16T13:00:19.101535Z","level":"info","event":"│ SETP2025-21-Semaine-40-21                                   │ 2025-11-11 │              2 │","chan":"stdout","logger":"task"}
{"timestamp":"2025-09-16T13:00:19.101575Z","level":"info","event":"│ SETP2025-21-Semaine-40-21                                   │ 2025-12-25 │              2 │","chan":"stdout","logger":"task"}
{"timestamp":"2025-09-16T13:00:19.101613Z","level":"info","event":"│ PVS2025-26-36-Semaine-34-36                                 │ 2025-11-03 │              2 │","chan":"stdout","logger":"task"}
{"timestamp":"2025-09-16T13:00:19.101651Z","level":"info","event":"│ PVS2025-26-36-Semaine-34-36                                 │ 2025-11-04 │              2 │","chan":"stdout","logger":"task"}
{"timestamp":"2025-09-16T13:00:19.101689Z","level":"info","event":"│ PVS2025-26-36-Semaine-34-36                                 │ 2025-11-05 │              2 │","chan":"stdout","logger":"task"}
{"timestamp":"2025-09-16T13:00:19.101768Z","level":"info","event":"│ PVS2025-26-36-Semaine-34-36                                 │ 2025-11-06 │              2 │","chan":"stdout","logger":"task"}
{"timestamp":"2025-09-16T13:00:19.101817Z","level":"info","event":"│ PVS2025-26-36-Semaine-34-36                                 │ 2025-11-07 │              2 │","chan":"stdout","logger":"task"}
{"timestamp":"2025-09-16T13:00:19.101877Z","level":"info","event":"│ PVS2025-26-36-Semaine-34-36                                 │ 2025-11-10 │              2 │","chan":"stdout","logger":"task"}
{"timestamp":"2025-09-16T13:00:19.101930Z","level":"info","event":"│ PVS2025-26-36-Semaine-34-36                                 │ 2025-11-11 │              2 │","chan":"stdout","logger":"task"}
{"timestamp":"2025-09-16T13:00:19.101968Z","level":"info","event":"│ PVS2025-26-36-Semaine-34-36                                 │ 2025-11-12 │              2 │","chan":"stdout","logger":"task"}
{"timestamp":"2025-09-16T13:00:19.102006Z","level":"info","event":"│              ·                                              │     ·      │              · │","chan":"stdout","logger":"task"}
{"timestamp":"2025-09-16T13:00:19.102044Z","level":"info","event":"│              ·                                              │     ·      │              · │","chan":"stdout","logger":"task"}
{"timestamp":"2025-09-16T13:00:19.102082Z","level":"info","event":"│              ·                                              │     ·      │              · │","chan":"stdout","logger":"task"}
{"timestamp":"2025-09-16T13:00:19.102119Z","level":"info","event":"│ chouette:TimeTable:bdc49b63-40ae-4b07-b5e1-fc420959e898:LOC │ 2025-10-28 │              2 │","chan":"stdout","logger":"task"}
{"timestamp":"2025-09-16T13:00:19.102156Z","level":"info","event":"│ chouette:TimeTable:bdc49b63-40ae-4b07-b5e1-fc420959e898:LOC │ 2025-10-30 │              2 │","chan":"stdout","logger":"task"}
{"timestamp":"2025-09-16T13:00:19.102193Z","level":"info","event":"│ chouette:TimeTable:bdc49b63-40ae-4b07-b5e1-fc420959e898:LOC │ 2025-11-11 │              2 │","chan":"stdout","logger":"task"}
{"timestamp":"2025-09-16T13:00:19.102231Z","level":"info","event":"│ PROJET2025-43-Semaine-15-0000100-43                         │ 2025-10-24 │              2 │","chan":"stdout","logger":"task"}
{"timestamp":"2025-09-16T13:00:19.102268Z","level":"info","event":"│ PROJET2025-43-Semaine-15-0000100-43                         │ 2025-10-31 │              2 │","chan":"stdout","logger":"task"}
{"timestamp":"2025-09-16T13:00:19.102305Z","level":"info","event":"│ PROJET2025-49-Semaine-08-49                                 │ 2025-11-11 │              2 │","chan":"stdout","logger":"task"}
{"timestamp":"2025-09-16T13:00:19.102343Z","level":"info","event":"│ PROJET2025-49-Semaine-08-49                                 │ 2025-12-25 │              2 │","chan":"stdout","logger":"task"}
{"timestamp":"2025-09-16T13:00:19.102380Z","level":"info","event":"│ PROJETS-NV30-Samedi-01-NV30                                 │ 2025-11-01 │              2 │","chan":"stdout","logger":"task"}
{"timestamp":"2025-09-16T13:00:19.102417Z","level":"info","event":"│ PROJETS-NV30-Semaine-01-NV30                                │ 2025-11-11 │              2 │","chan":"stdout","logger":"task"}
{"timestamp":"2025-09-16T13:00:19.102454Z","level":"info","event":"│ PROJETS-NV30-Semaine-01-NV30                                │ 2025-12-25 │              2 │","chan":"stdout","logger":"task"}
{"timestamp":"2025-09-16T13:00:19.102492Z","level":"info","event":"├─────────────────────────────────────────────────────────────┴────────────┴────────────────┤","chan":"stdout","logger":"task"}
{"timestamp":"2025-09-16T13:00:19.102583Z","level":"info","event":"│ 6144 rows (20 shown)                                                            3 columns │","chan":"stdout","logger":"task"}
{"timestamp":"2025-09-16T13:00:19.102632Z","level":"info","event":"└───────────────────────────────────────────────────────────────────────────────────────────┘","chan":"stdout","logger":"task"}
{"timestamp":"2025-09-16T13:00:19.102671Z","level":"info","event":"","chan":"stdout","logger":"task"}
{"timestamp":"2025-09-16T13:00:19.229978Z","level":"info","event":"---------- shapes -------------","chan":"stdout","logger":"task"}
{"timestamp":"2025-09-16T13:00:20.006872Z","level":"info","event":"#### csv created and stored in : /opt/airflow/warehouse/reseau_transport_static/shapes_2025-09-16_15:00:19.229889.csv","chan":"stdout","logger":"task"}
{"timestamp":"2025-09-16T13:00:20.213922Z","level":"info","event":"┌──────────┬──────────────┬──────────────┬───────────────────┬─────────────────────┐","chan":"stdout","logger":"task"}
{"timestamp":"2025-09-16T13:00:20.214109Z","level":"info","event":"│ shape_id │ shape_pt_lat │ shape_pt_lon │ shape_pt_sequence │ shape_dist_traveled │","chan":"stdout","logger":"task"}
{"timestamp":"2025-09-16T13:00:20.214168Z","level":"info","event":"│ varchar  │    double    │    double    │       int64       │       double        │","chan":"stdout","logger":"task"}
{"timestamp":"2025-09-16T13:00:20.214214Z","level":"info","event":"├──────────┼──────────────┼──────────────┼───────────────────┼─────────────────────┤","chan":"stdout","logger":"task"}
{"timestamp":"2025-09-16T13:00:20.214256Z","level":"info","event":"│ 090009   │    43.666912 │      7.12729 │                 0 │                 0.0 │","chan":"stdout","logger":"task"}
{"timestamp":"2025-09-16T13:00:20.214295Z","level":"info","event":"│ 090009   │    43.666146 │     7.127847 │                 1 │               0.096 │","chan":"stdout","logger":"task"}
{"timestamp":"2025-09-16T13:00:20.214333Z","level":"info","event":"│ 090009   │    43.665786 │     7.128121 │                 2 │               0.142 │","chan":"stdout","logger":"task"}
{"timestamp":"2025-09-16T13:00:20.214371Z","level":"info","event":"│ 090009   │    43.665663 │     7.128181 │                 3 │               0.157 │","chan":"stdout","logger":"task"}
{"timestamp":"2025-09-16T13:00:20.214408Z","level":"info","event":"│ 090009   │    43.665541 │     7.128189 │                 4 │                0.17 │","chan":"stdout","logger":"task"}
{"timestamp":"2025-09-16T13:00:20.214445Z","level":"info","event":"│ 090009   │    43.665459 │     7.128166 │                 5 │               0.179 │","chan":"stdout","logger":"task"}
{"timestamp":"2025-09-16T13:00:20.214482Z","level":"info","event":"│ 090009   │    43.665393 │     7.128129 │                 6 │               0.187 │","chan":"stdout","logger":"task"}
{"timestamp":"2025-09-16T13:00:20.214519Z","level":"info","event":"│ 090009   │     43.66538 │      7.12805 │                 7 │               0.194 │","chan":"stdout","logger":"task"}
{"timestamp":"2025-09-16T13:00:20.214556Z","level":"info","event":"│ 090009   │     43.66538 │     7.128005 │                 8 │               0.198 │","chan":"stdout","logger":"task"}
{"timestamp":"2025-09-16T13:00:20.214593Z","level":"info","event":"│ 090009   │    43.665285 │     7.127922 │                 9 │                0.21 │","chan":"stdout","logger":"task"}
{"timestamp":"2025-09-16T13:00:20.214642Z","level":"info","event":"│   ·      │        ·     │         ·    │                 · │                  ·  │","chan":"stdout","logger":"task"}
{"timestamp":"2025-09-16T13:00:20.214683Z","level":"info","event":"│   ·      │        ·     │         ·    │                 · │                  ·  │","chan":"stdout","logger":"task"}
{"timestamp":"2025-09-16T13:00:20.214721Z","level":"info","event":"│   ·      │        ·     │         ·    │                 · │                  ·  │","chan":"stdout","logger":"task"}
{"timestamp":"2025-09-16T13:00:20.214758Z","level":"info","event":"│ Exp30004 │    43.660181 │     7.144002 │               407 │                9.36 │","chan":"stdout","logger":"task"}
{"timestamp":"2025-09-16T13:00:20.214795Z","level":"info","event":"│ Exp30004 │    43.660208 │     7.144051 │               408 │               9.365 │","chan":"stdout","logger":"task"}
{"timestamp":"2025-09-16T13:00:20.214832Z","level":"info","event":"│ Exp30004 │    43.660174 │     7.144222 │               409 │               9.379 │","chan":"stdout","logger":"task"}
{"timestamp":"2025-09-16T13:00:20.214869Z","level":"info","event":"│ Exp30004 │    43.660107 │     7.144592 │               410 │                9.41 │","chan":"stdout","logger":"task"}
{"timestamp":"2025-09-16T13:00:20.214906Z","level":"info","event":"│ Exp30004 │    43.660077 │     7.144761 │               411 │               9.424 │","chan":"stdout","logger":"task"}
{"timestamp":"2025-09-16T13:00:20.214943Z","level":"info","event":"│ Exp30004 │    43.659801 │     7.145956 │               412 │               9.525 │","chan":"stdout","logger":"task"}
{"timestamp":"2025-09-16T13:00:20.215001Z","level":"info","event":"│ Exp30004 │    43.659794 │     7.145984 │               413 │               9.527 │","chan":"stdout","logger":"task"}
{"timestamp":"2025-09-16T13:00:20.215040Z","level":"info","event":"│ Exp30004 │    43.659759 │     7.146122 │               414 │               9.539 │","chan":"stdout","logger":"task"}
{"timestamp":"2025-09-16T13:00:20.215095Z","level":"info","event":"│ Exp30004 │    43.659454 │     7.147373 │               415 │               9.645 │","chan":"stdout","logger":"task"}
{"timestamp":"2025-09-16T13:00:20.215133Z","level":"info","event":"│ Exp30004 │    43.659295 │     7.147997 │               416 │               9.698 │","chan":"stdout","logger":"task"}
{"timestamp":"2025-09-16T13:00:20.215172Z","level":"info","event":"├──────────┴──────────────┴──────────────┴───────────────────┴─────────────────────┤","chan":"stdout","logger":"task"}
{"timestamp":"2025-09-16T13:00:20.215210Z","level":"info","event":"│ ? rows (>9999 rows, 20 shown)                                          5 columns │","chan":"stdout","logger":"task"}
{"timestamp":"2025-09-16T13:00:20.215249Z","level":"info","event":"└──────────────────────────────────────────────────────────────────────────────────┘","chan":"stdout","logger":"task"}
{"timestamp":"2025-09-16T13:00:20.215287Z","level":"info","event":"","chan":"stdout","logger":"task"}
{"timestamp":"2025-09-16T13:00:20.370623","level":"info","event":"Done. Returned value was: None","logger":"airflow.task.operators.airflow.providers.standard.operators.python.PythonOperator"}
{"timestamp":"2025-09-16T13:00:20.386790Z","level":"info","event":"Task instance in success state","chan":"stdout","logger":"task"}
{"timestamp":"2025-09-16T13:00:20.386923Z","level":"info","event":" Previous state of the Task instance: TaskInstanceState.RUNNING","chan":"stdout","logger":"task"}
{"timestamp":"2025-09-16T13:00:20.387100Z","level":"info","event":"Task operator:<Task(PythonOperator): load_duckdb.to_duckdb_reseau_transport>","chan":"stdout","logger":"task"}
