{"timestamp":"2025-09-11T09:28:40.199422","level":"info","event":"DAG bundles loaded: dags-folder, example_dags","logger":"airflow.dag_processing.bundles.manager.DagBundlesManager"}
{"timestamp":"2025-09-11T09:28:40.199888","level":"info","event":"Filling up the DagBag from /opt/airflow/dags/lignes_azure_dag.py","logger":"airflow.models.dagbag.DagBag"}
{"timestamp":"2025-09-11T09:28:40.271449Z","level":"info","event":"Task instance is in running state","chan":"stdout","logger":"task"}
{"timestamp":"2025-09-11T09:28:40.271678Z","level":"info","event":" Previous state of the Task instance: TaskInstanceState.QUEUED","chan":"stdout","logger":"task"}
{"timestamp":"2025-09-11T09:28:40.271769Z","level":"info","event":"Current task name:duckdb_transformation.duckdb_transformation","chan":"stdout","logger":"task"}
{"timestamp":"2025-09-11T09:28:40.271820Z","level":"info","event":"Dag name:lignes_azure_ETL","chan":"stdout","logger":"task"}
{"timestamp":"2025-09-11T09:28:40.273102Z","level":"info","event":"-------- START ------------","chan":"stdout","logger":"task"}
{"timestamp":"2025-09-11T09:28:40.294953Z","level":"info","event":"┌──────────────────────┬──────────┬──────────────┬───┬──────────────┬──────────────┬────────────────┬────────────────┐","chan":"stdout","logger":"task"}
{"timestamp":"2025-09-11T09:28:40.295180Z","level":"info","event":"│       trip_id        │ route_id │ direction_id │ … │ arrival_time │ arrival_date │ departure_time │ departure_date │","chan":"stdout","logger":"task"}
{"timestamp":"2025-09-11T09:28:40.295249Z","level":"info","event":"│       varchar        │ varchar  │    double    │   │     time     │     date     │      time      │      date      │","chan":"stdout","logger":"task"}
{"timestamp":"2025-09-11T09:28:40.295296Z","level":"info","event":"├──────────────────────┼──────────┼──────────────┼───┼──────────────┼──────────────┼────────────────┼────────────────┤","chan":"stdout","logger":"task"}
{"timestamp":"2025-09-11T09:28:40.295340Z","level":"info","event":"│ 6355830-18_A_50_18…  │ 18       │          0.0 │ … │ NULL         │ NULL         │ 11:08:00       │ 2025-09-11     │","chan":"stdout","logger":"task"}
{"timestamp":"2025-09-11T09:28:40.295381Z","level":"info","event":"│ 6355830-18_A_50_18…  │ 18       │          0.0 │ … │ 11:10:00     │ 2025-09-11   │ 11:10:00       │ 2025-09-11     │","chan":"stdout","logger":"task"}
{"timestamp":"2025-09-11T09:28:40.295420Z","level":"info","event":"│ 6355830-18_A_50_18…  │ 18       │          0.0 │ … │ 11:15:00     │ 2025-09-11   │ 11:15:00       │ 2025-09-11     │","chan":"stdout","logger":"task"}
{"timestamp":"2025-09-11T09:28:40.295506Z","level":"info","event":"│ 6355830-18_A_50_18…  │ 18       │          0.0 │ … │ 11:17:00     │ 2025-09-11   │ 11:17:00       │ 2025-09-11     │","chan":"stdout","logger":"task"}
{"timestamp":"2025-09-11T09:28:40.295589Z","level":"info","event":"│ 6355830-18_A_50_18…  │ 18       │          0.0 │ … │ 11:18:00     │ 2025-09-11   │ 11:18:00       │ 2025-09-11     │","chan":"stdout","logger":"task"}
{"timestamp":"2025-09-11T09:28:40.295666Z","level":"info","event":"│ 6355830-18_A_50_18…  │ 18       │          0.0 │ … │ 11:18:27     │ 2025-09-11   │ 11:18:27       │ 2025-09-11     │","chan":"stdout","logger":"task"}
{"timestamp":"2025-09-11T09:28:40.295754Z","level":"info","event":"│ 6355830-18_A_50_18…  │ 18       │          0.0 │ … │ 11:19:13     │ 2025-09-11   │ 11:19:13       │ 2025-09-11     │","chan":"stdout","logger":"task"}
{"timestamp":"2025-09-11T09:28:40.295850Z","level":"info","event":"│ 6355830-18_A_50_18…  │ 18       │          0.0 │ … │ 11:20:00     │ 2025-09-11   │ 11:20:00       │ 2025-09-11     │","chan":"stdout","logger":"task"}
{"timestamp":"2025-09-11T09:28:40.295894Z","level":"info","event":"│ 6355830-18_A_50_18…  │ 18       │          0.0 │ … │ 11:22:00     │ 2025-09-11   │ 11:22:00       │ 2025-09-11     │","chan":"stdout","logger":"task"}
{"timestamp":"2025-09-11T09:28:40.295944Z","level":"info","event":"│ 6355830-18_A_50_18…  │ 18       │          0.0 │ … │ 11:24:05     │ 2025-09-11   │ 11:24:05       │ 2025-09-11     │","chan":"stdout","logger":"task"}
{"timestamp":"2025-09-11T09:28:40.296019Z","level":"info","event":"│          ·           │ ·        │           ·  │ · │    ·         │     ·        │    ·           │     ·          │","chan":"stdout","logger":"task"}
{"timestamp":"2025-09-11T09:28:40.296141Z","level":"info","event":"│          ·           │ ·        │           ·  │ · │    ·         │     ·        │    ·           │     ·          │","chan":"stdout","logger":"task"}
{"timestamp":"2025-09-11T09:28:40.296198Z","level":"info","event":"│          ·           │ ·        │           ·  │ · │    ·         │     ·        │    ·           │     ·          │","chan":"stdout","logger":"task"}
{"timestamp":"2025-09-11T09:28:40.296260Z","level":"info","event":"│ 6167196-90_R_7_900…  │ 90       │          1.0 │ … │ 09:26:57     │ 2025-09-11   │ 09:26:57       │ 2025-09-11     │","chan":"stdout","logger":"task"}
{"timestamp":"2025-09-11T09:28:40.296300Z","level":"info","event":"│ 6167196-90_R_7_900…  │ 90       │          1.0 │ … │ 09:30:00     │ 2025-09-11   │ 09:30:00       │ 2025-09-11     │","chan":"stdout","logger":"task"}
{"timestamp":"2025-09-11T09:28:40.296350Z","level":"info","event":"│ 6167196-90_R_7_900…  │ 90       │          1.0 │ … │ 09:35:28     │ 2025-09-11   │ 09:35:28       │ 2025-09-11     │","chan":"stdout","logger":"task"}
{"timestamp":"2025-09-11T09:28:40.296513Z","level":"info","event":"│ 6167196-90_R_7_900…  │ 90       │          1.0 │ … │ 09:40:00     │ 2025-09-11   │ 09:40:00       │ 2025-09-11     │","chan":"stdout","logger":"task"}
{"timestamp":"2025-09-11T09:28:40.296561Z","level":"info","event":"│ 6167196-90_R_7_900…  │ 90       │          1.0 │ … │ 09:48:54     │ 2025-09-11   │ 09:48:54       │ 2025-09-11     │","chan":"stdout","logger":"task"}
{"timestamp":"2025-09-11T09:28:40.296599Z","level":"info","event":"│ 6167196-90_R_7_900…  │ 90       │          1.0 │ … │ 09:55:00     │ 2025-09-11   │ 09:55:00       │ 2025-09-11     │","chan":"stdout","logger":"task"}
{"timestamp":"2025-09-11T09:28:40.296638Z","level":"info","event":"│ 6167196-90_R_7_900…  │ 90       │          1.0 │ … │ 09:56:55     │ 2025-09-11   │ 09:56:55       │ 2025-09-11     │","chan":"stdout","logger":"task"}
{"timestamp":"2025-09-11T09:28:40.296675Z","level":"info","event":"│ 6167196-90_R_7_900…  │ 90       │          1.0 │ … │ NULL         │ NULL         │ 09:58:30       │ 2025-09-11     │","chan":"stdout","logger":"task"}
{"timestamp":"2025-09-11T09:28:40.296770Z","level":"info","event":"│ 6167196-90_R_7_900…  │ 90       │          1.0 │ … │ 10:02:10     │ 2025-09-11   │ 10:02:10       │ 2025-09-11     │","chan":"stdout","logger":"task"}
{"timestamp":"2025-09-11T09:28:40.296815Z","level":"info","event":"│ 6167196-90_R_7_900…  │ 90       │          1.0 │ … │ 10:05:00     │ 2025-09-11   │ 10:05:00       │ 2025-09-11     │","chan":"stdout","logger":"task"}
{"timestamp":"2025-09-11T09:28:40.296856Z","level":"info","event":"├──────────────────────┴──────────┴──────────────┴───┴──────────────┴──────────────┴────────────────┴────────────────┤","chan":"stdout","logger":"task"}
{"timestamp":"2025-09-11T09:28:40.296903Z","level":"info","event":"│ ? rows (>9999 rows, 20 shown)                                                                  9 columns (7 shown) │","chan":"stdout","logger":"task"}
{"timestamp":"2025-09-11T09:28:40.296946Z","level":"info","event":"└────────────────────────────────────────────────────────────────────────────────────────────────────────────────────┘","chan":"stdout","logger":"task"}
{"timestamp":"2025-09-11T09:28:40.296986Z","level":"info","event":"","chan":"stdout","logger":"task"}
{"timestamp":"2025-09-11T09:28:40.297023Z","level":"info","event":"--------  END  ------------","chan":"stdout","logger":"task"}
{"timestamp":"2025-09-11T09:28:40.297625","level":"info","event":"Done. Returned value was: None","logger":"airflow.task.operators.airflow.providers.standard.operators.python.PythonOperator"}
{"timestamp":"2025-09-11T09:28:40.320124Z","level":"info","event":"Task instance in success state","chan":"stdout","logger":"task"}
{"timestamp":"2025-09-11T09:28:40.320253Z","level":"info","event":" Previous state of the Task instance: TaskInstanceState.RUNNING","chan":"stdout","logger":"task"}
{"timestamp":"2025-09-11T09:28:40.320571Z","level":"info","event":"Task operator:<Task(PythonOperator): duckdb_transformation.duckdb_transformation>","chan":"stdout","logger":"task"}
