{"timestamp":"2025-09-08T12:09:15.818858","level":"info","event":"DAG bundles loaded: dags-folder, example_dags","logger":"airflow.dag_processing.bundles.manager.DagBundlesManager"}
{"timestamp":"2025-09-08T12:09:15.819314","level":"info","event":"Filling up the DagBag from /opt/airflow/dags/lignes_azure_dag.py","logger":"airflow.models.dagbag.DagBag"}
{"timestamp":"2025-09-08T12:09:15.885112Z","level":"info","event":"Task instance is in running state","chan":"stdout","logger":"task"}
{"timestamp":"2025-09-08T12:09:15.885227Z","level":"info","event":" Previous state of the Task instance: TaskInstanceState.QUEUED","chan":"stdout","logger":"task"}
{"timestamp":"2025-09-08T12:09:15.885332Z","level":"info","event":"Current task name:vehicle_positions.to_duckdb_vehicle_positions","chan":"stdout","logger":"task"}
{"timestamp":"2025-09-08T12:09:15.885382Z","level":"info","event":"Dag name:lignes_azure_ETL","chan":"stdout","logger":"task"}
{"timestamp":"2025-09-08T12:09:15.910712Z","level":"info","event":"--------------- RETURN SELECT ------------------------","chan":"stdout","logger":"task"}
{"timestamp":"2025-09-08T12:09:15.914411Z","level":"info","event":"┌───────────────────┬──────────────────────┬──────────┬───┬─────────┬────────────┬─────────┬────────────┐","chan":"stdout","logger":"task"}
{"timestamp":"2025-09-08T12:09:15.914591Z","level":"info","event":"│     entity_id     │       trip_id        │ route_id │ … │ bearing │ timestamp  │ stop_id │ vehicle_id │","chan":"stdout","logger":"task"}
{"timestamp":"2025-09-08T12:09:15.914667Z","level":"info","event":"│      varchar      │       varchar        │ varchar  │   │ double  │   int64    │ varchar │  varchar   │","chan":"stdout","logger":"task"}
{"timestamp":"2025-09-08T12:09:15.914723Z","level":"info","event":"├───────────────────┼──────────────────────┼──────────┼───┼─────────┼────────────┼─────────┼────────────┤","chan":"stdout","logger":"task"}
{"timestamp":"2025-09-08T12:09:15.914775Z","level":"info","event":"│ vehicle:RLA102    │ 6410633-64_R_99_64…  │ 64       │ … │   137.0 │ 1757333298 │ 935     │ RLA102     │","chan":"stdout","logger":"task"}
{"timestamp":"2025-09-08T12:09:15.914826Z","level":"info","event":"│ vehicle:RLA462    │ 6414288-07_R_97_07…  │ 07       │ … │     8.0 │ 1757333298 │ 701     │ RLA462     │","chan":"stdout","logger":"task"}
{"timestamp":"2025-09-08T12:09:15.914875Z","level":"info","event":"│ vehicle:TCA73942  │ 6102460-63_R_98_63…  │ 63       │ … │   204.0 │ 1757333298 │ 549     │ TCA73942   │","chan":"stdout","logger":"task"}
{"timestamp":"2025-09-08T12:09:15.914936Z","level":"info","event":"│ vehicle:PDV110806 │ 6261660-73_R_95_73…  │ 73       │ … │   330.0 │ 1757333298 │ 3103    │ PDV110806  │","chan":"stdout","logger":"task"}
{"timestamp":"2025-09-08T12:09:15.914980Z","level":"info","event":"│ vehicle:TCA73970  │ 6428441-61_R_99_61…  │ 61       │ … │   303.0 │ 1757333298 │ 1320    │ TCA73970   │","chan":"stdout","logger":"task"}
{"timestamp":"2025-09-08T12:09:15.915024Z","level":"info","event":"│ vehicle:RLA163    │ 6327130-17_A_50_17…  │ 17       │ … │   238.0 │ 1757333298 │ 2816    │ RLA163     │","chan":"stdout","logger":"task"}
{"timestamp":"2025-09-08T12:09:15.915068Z","level":"info","event":"│ vehicle:RLA104    │ 6410626-64_A_50_64…  │ 64       │ … │   200.0 │ 1757333298 │ 907     │ RLA104     │","chan":"stdout","logger":"task"}
{"timestamp":"2025-09-08T12:09:15.915112Z","level":"info","event":"│ vehicle:TCA108191 │ 6369772-42_A_5_420…  │ 42       │ … │   341.0 │ 1757333298 │ 4146    │ TCA108191  │","chan":"stdout","logger":"task"}
{"timestamp":"2025-09-08T12:09:15.915169Z","level":"info","event":"│ vehicle:TCA74036  │ 6462528-31_A_47_31…  │ 31       │ … │   146.0 │ 1757333298 │ 503     │ TCA74036   │","chan":"stdout","logger":"task"}
{"timestamp":"2025-09-08T12:09:15.915238Z","level":"info","event":"│ vehicle:RLA14     │ 6403289-36_A_49_36…  │ 36       │ … │   154.0 │ 1757333298 │ 551     │ RLA14      │","chan":"stdout","logger":"task"}
{"timestamp":"2025-09-08T12:09:15.915293Z","level":"info","event":"│       ·           │          ·           │ ·        │ · │     ·   │      ·     │  ·      │   ·        │","chan":"stdout","logger":"task"}
{"timestamp":"2025-09-08T12:09:15.915343Z","level":"info","event":"│       ·           │          ·           │ ·        │ · │     ·   │      ·     │  ·      │   ·        │","chan":"stdout","logger":"task"}
{"timestamp":"2025-09-08T12:09:15.915388Z","level":"info","event":"│       ·           │          ·           │ ·        │ · │     ·   │      ·     │  ·      │   ·        │","chan":"stdout","logger":"task"}
{"timestamp":"2025-09-08T12:09:15.915432Z","level":"info","event":"│ vehicle:RLA313    │ 6365968-20_A_50_20…  │ 20       │ … │   155.0 │ 1757333298 │ 5020    │ RLA313     │","chan":"stdout","logger":"task"}
{"timestamp":"2025-09-08T12:09:15.915477Z","level":"info","event":"│ vehicle:PDV110808 │ 5838876-22_A_45_22…  │ 22       │ … │   323.0 │ 1757333298 │ 2852    │ PDV110808  │","chan":"stdout","logger":"task"}
{"timestamp":"2025-09-08T12:09:15.915521Z","level":"info","event":"│ vehicle:SUM1756   │ 6218561-84_R_95_84…  │ 84       │ … │   207.0 │ 1757333298 │ 8079    │ SUM1756    │","chan":"stdout","logger":"task"}
{"timestamp":"2025-09-08T12:09:15.915565Z","level":"info","event":"│ vehicle:RLA360    │ 6446503-05_R_50_05…  │ 05       │ … │   186.0 │ 1757333298 │ 1104    │ RLA360     │","chan":"stdout","logger":"task"}
{"timestamp":"2025-09-08T12:09:15.915609Z","level":"info","event":"│ vehicle:TCA115115 │ 5838470-52_A_6_520…  │ 52       │ … │   187.0 │ 1757333298 │ 2549    │ TCA115115  │","chan":"stdout","logger":"task"}
{"timestamp":"2025-09-08T12:09:15.915653Z","level":"info","event":"│ vehicle:RLA321    │ 6429216-15_R_99_15…  │ 15       │ … │   356.0 │ 1757333298 │ 769     │ RLA321     │","chan":"stdout","logger":"task"}
{"timestamp":"2025-09-08T12:09:15.915696Z","level":"info","event":"│ vehicle:TCA108189 │ 6428447-61_A_50_61…  │ 61       │ … │    32.0 │ 1757333298 │ 412     │ TCA108189  │","chan":"stdout","logger":"task"}
{"timestamp":"2025-09-08T12:09:15.915739Z","level":"info","event":"│ vehicle:TCA73923  │ 4669793-62_A_46_62…  │ 62       │ … │     2.0 │ 1757333298 │ 1619    │ TCA73923   │","chan":"stdout","logger":"task"}
{"timestamp":"2025-09-08T12:09:15.915781Z","level":"info","event":"│ vehicle:RLA620    │ 6409617-57_R_99_57…  │ 57       │ … │   287.0 │ 1757333298 │ 2826    │ RLA620     │","chan":"stdout","logger":"task"}
{"timestamp":"2025-09-08T12:09:15.915825Z","level":"info","event":"│ vehicle:RLA613    │ 6355832-18_A_50_18…  │ 18       │ … │   190.0 │ 1757333298 │ 422     │ RLA613     │","chan":"stdout","logger":"task"}
{"timestamp":"2025-09-08T12:09:15.915952Z","level":"info","event":"├───────────────────┴──────────────────────┴──────────┴───┴─────────┴────────────┴─────────┴────────────┤","chan":"stdout","logger":"task"}
{"timestamp":"2025-09-08T12:09:15.916015Z","level":"info","event":"│ 344 rows (20 shown)                                                               9 columns (7 shown) │","chan":"stdout","logger":"task"}
{"timestamp":"2025-09-08T12:09:15.916069Z","level":"info","event":"└───────────────────────────────────────────────────────────────────────────────────────────────────────┘","chan":"stdout","logger":"task"}
{"timestamp":"2025-09-08T12:09:15.916114Z","level":"info","event":"","chan":"stdout","logger":"task"}
{"timestamp":"2025-09-08T12:09:15.914564","level":"info","event":"Done. Returned value was: None","logger":"airflow.task.operators.airflow.providers.standard.operators.python.PythonOperator"}
{"timestamp":"2025-09-08T12:09:15.930277Z","level":"info","event":"Task instance in success state","chan":"stdout","logger":"task"}
{"timestamp":"2025-09-08T12:09:15.930418Z","level":"info","event":" Previous state of the Task instance: TaskInstanceState.RUNNING","chan":"stdout","logger":"task"}
{"timestamp":"2025-09-08T12:09:15.930519Z","level":"info","event":"Task operator:<Task(PythonOperator): vehicle_positions.to_duckdb_vehicle_positions>","chan":"stdout","logger":"task"}
