{"timestamp":"2025-09-22T08:00:08.394624","level":"info","event":"DAG bundles loaded: dags-folder, example_dags","logger":"airflow.dag_processing.bundles.manager.DagBundlesManager"}
{"timestamp":"2025-09-22T08:00:08.395229","level":"info","event":"Filling up the DagBag from /opt/airflow/dags/lignes_azure_dag.py","logger":"airflow.models.dagbag.DagBag"}
{"timestamp":"2025-09-22T08:00:08.464922Z","level":"info","event":"Task instance is in running state","chan":"stdout","logger":"task"}
{"timestamp":"2025-09-22T08:00:08.465097Z","level":"info","event":" Previous state of the Task instance: TaskInstanceState.QUEUED","chan":"stdout","logger":"task"}
{"timestamp":"2025-09-22T08:00:08.465226Z","level":"info","event":"Current task name:load_duckdb.to_duckdb_reseau_transport","chan":"stdout","logger":"task"}
{"timestamp":"2025-09-22T08:00:08.465293Z","level":"info","event":"Dag name:lignes_azure_ETL","chan":"stdout","logger":"task"}
{"timestamp":"2025-09-22T08:00:08.508102Z","level":"info","event":"---------- stops -------------","chan":"stdout","logger":"task"}
{"timestamp":"2025-09-22T08:00:08.527149Z","level":"info","event":"#### csv created and stored in : /opt/airflow/warehouse/reseau_transport_static/stops_2025-09-22_10:00:08.507995.csv","chan":"stdout","logger":"task"}
{"timestamp":"2025-09-22T08:00:08.591165Z","level":"info","event":"┌──────────────┬───────────┬──────────────────────┬───┬────────────────┬───────────────┬─────────────────────┐","chan":"stdout","logger":"task"}
{"timestamp":"2025-09-22T08:00:08.591397Z","level":"info","event":"│   stop_id    │ stop_code │      stop_name       │ … │ parent_station │ stop_timezone │ wheelchair_boarding │","chan":"stdout","logger":"task"}
{"timestamp":"2025-09-22T08:00:08.591496Z","level":"info","event":"│   varchar    │  varchar  │       varchar        │   │    varchar     │    varchar    │        int64        │","chan":"stdout","logger":"task"}
{"timestamp":"2025-09-22T08:00:08.591559Z","level":"info","event":"├──────────────┼───────────┼──────────────────────┼───┼────────────────┼───────────────┼─────────────────────┤","chan":"stdout","logger":"task"}
{"timestamp":"2025-09-22T08:00:08.591615Z","level":"info","event":"│ 1            │ ABBAT8    │ Abattoirs            │ … │ place_101376   │ NULL          │                   1 │","chan":"stdout","logger":"task"}
{"timestamp":"2025-09-22T08:00:08.591666Z","level":"info","event":"│ 2            │ ABBAT4    │ Abattoirs            │ … │ place_101376   │ NULL          │                   1 │","chan":"stdout","logger":"task"}
{"timestamp":"2025-09-22T08:00:08.591718Z","level":"info","event":"│ 3            │ ROSEL2    │ Abbaye de Roseland   │ … │ place_096609   │ NULL          │                   0 │","chan":"stdout","logger":"task"}
{"timestamp":"2025-09-22T08:00:08.591768Z","level":"info","event":"│ 4            │ ROSEL8    │ Abbaye de Roseland   │ … │ place_096609   │ NULL          │                   0 │","chan":"stdout","logger":"task"}
{"timestamp":"2025-09-22T08:00:08.591819Z","level":"info","event":"│ 5            │ ARSE4     │ Abbaye de Roseland…  │ … │ place_096610   │ NULL          │                   0 │","chan":"stdout","logger":"task"}
{"timestamp":"2025-09-22T08:00:08.591868Z","level":"info","event":"│ 6            │ ACROB6    │ Risso                │ … │ place_096612   │ NULL          │                   1 │","chan":"stdout","logger":"task"}
{"timestamp":"2025-09-22T08:00:08.591918Z","level":"info","event":"│ 8            │ AEPRM1    │ Aéroport / Promenade │ … │ place_101377   │ NULL          │                   1 │","chan":"stdout","logger":"task"}
{"timestamp":"2025-09-22T08:00:08.591983Z","level":"info","event":"│ 11           │ AEPRM2    │ Aéroport / Promenade │ … │ place_101377   │ NULL          │                   1 │","chan":"stdout","logger":"task"}
{"timestamp":"2025-09-22T08:00:08.592036Z","level":"info","event":"│ 12           │ ALBER3    │ Albert 1er           │ … │ place_096616   │ NULL          │                   0 │","chan":"stdout","logger":"task"}
{"timestamp":"2025-09-22T08:00:08.592086Z","level":"info","event":"│ 13           │ ALBER8    │ Jardin d'Arménie     │ … │ place_096617   │ NULL          │                   0 │","chan":"stdout","logger":"task"}
{"timestamp":"2025-09-22T08:00:08.592163Z","level":"info","event":"│ ·            │  ·        │      ·               │ · │  ·             │  ·            │                   · │","chan":"stdout","logger":"task"}
{"timestamp":"2025-09-22T08:00:08.592228Z","level":"info","event":"│ ·            │  ·        │      ·               │ · │  ·             │  ·            │                   · │","chan":"stdout","logger":"task"}
{"timestamp":"2025-09-22T08:00:08.592303Z","level":"info","event":"│ ·            │  ·        │      ·               │ · │  ·             │  ·            │                   · │","chan":"stdout","logger":"task"}
{"timestamp":"2025-09-22T08:00:08.592375Z","level":"info","event":"│ place_SMGEN  │ NULL      │ Gendarmerie          │ … │ NULL           │ Europe/Paris  │                   0 │","chan":"stdout","logger":"task"}
{"timestamp":"2025-09-22T08:00:08.592427Z","level":"info","event":"│ place_SMPMA7 │ NULL      │ Pont Maïssa          │ … │ NULL           │ Europe/Paris  │                   0 │","chan":"stdout","logger":"task"}
{"timestamp":"2025-09-22T08:00:08.592510Z","level":"info","event":"│ 6198         │ SMGEN8    │ Gendarmerie          │ … │ place_SMGEN    │ NULL          │                   1 │","chan":"stdout","logger":"task"}
{"timestamp":"2025-09-22T08:00:08.592595Z","level":"info","event":"│ 21313        │ GENDA3    │ Gendarmerie          │ … │ place_GENDAR   │ NULL          │                   0 │","chan":"stdout","logger":"task"}
{"timestamp":"2025-09-22T08:00:08.592647Z","level":"info","event":"│ 6197         │ SMPMA7    │ Pont Maïssa          │ … │ place_SMPMA7   │ NULL          │                   1 │","chan":"stdout","logger":"task"}
{"timestamp":"2025-09-22T08:00:08.592697Z","level":"info","event":"│ place_VACHRI │ NULL      │ La Vacherie          │ … │ NULL           │ Europe/Paris  │                   0 │","chan":"stdout","logger":"task"}
{"timestamp":"2025-09-22T08:00:08.592746Z","level":"info","event":"│ 23020        │ VACHRI    │ La Vacherie          │ … │ place_VACHRI   │ NULL          │                   1 │","chan":"stdout","logger":"task"}
{"timestamp":"2025-09-22T08:00:08.592832Z","level":"info","event":"│ 21659        │ SUPGA9    │ Super Gattières      │ … │ NULL           │ Europe/Paris  │                   0 │","chan":"stdout","logger":"task"}
{"timestamp":"2025-09-22T08:00:08.592890Z","level":"info","event":"│ place_ALPHA0 │ NULL      │ Parc Alpha Loup      │ … │ NULL           │ Europe/Paris  │                   0 │","chan":"stdout","logger":"task"}
{"timestamp":"2025-09-22T08:00:08.592941Z","level":"info","event":"│ 2997         │ MAGNA1    │ Magnan               │ … │ place_097192   │ NULL          │                   1 │","chan":"stdout","logger":"task"}
{"timestamp":"2025-09-22T08:00:08.593059Z","level":"info","event":"├──────────────┴───────────┴──────────────────────┴───┴────────────────┴───────────────┴─────────────────────┤","chan":"stdout","logger":"task"}
{"timestamp":"2025-09-22T08:00:08.593132Z","level":"info","event":"│ 8964 rows (20 shown)                                                                  10 columns (6 shown) │","chan":"stdout","logger":"task"}
{"timestamp":"2025-09-22T08:00:08.593186Z","level":"info","event":"└────────────────────────────────────────────────────────────────────────────────────────────────────────────┘","chan":"stdout","logger":"task"}
{"timestamp":"2025-09-22T08:00:08.593239Z","level":"info","event":"","chan":"stdout","logger":"task"}
{"timestamp":"2025-09-22T08:00:08.593583Z","level":"info","event":"---------- routes -------------","chan":"stdout","logger":"task"}
{"timestamp":"2025-09-22T08:00:08.594882Z","level":"info","event":"#### csv created and stored in : /opt/airflow/warehouse/reseau_transport_static/routes_2025-09-22_10:00:08.593500.csv","chan":"stdout","logger":"task"}
{"timestamp":"2025-09-22T08:00:08.615055Z","level":"info","event":"┌──────────┬───────────────┬──────────────────┬───┬────────────┬──────────────────────┬─────────────┬──────────────────┐","chan":"stdout","logger":"task"}
{"timestamp":"2025-09-22T08:00:08.615328Z","level":"info","event":"│ route_id │   agency_id   │ route_short_name │ … │ route_type │      route_url       │ route_color │ route_text_color │","chan":"stdout","logger":"task"}
{"timestamp":"2025-09-22T08:00:08.615419Z","level":"info","event":"│ varchar  │    varchar    │     varchar      │   │   int64    │       varchar        │   varchar   │     varchar      │","chan":"stdout","logger":"task"}
{"timestamp":"2025-09-22T08:00:08.615485Z","level":"info","event":"├──────────┼───────────────┼──────────────────┼───┼────────────┼──────────────────────┼─────────────┼──────────────────┤","chan":"stdout","logger":"task"}
{"timestamp":"2025-09-22T08:00:08.615544Z","level":"info","event":"│ 05       │ lignes-d-azur │ 05               │ … │          3 │ https://ftp.lignes…  │ 3065AF      │ FFFFFF           │","chan":"stdout","logger":"task"}
{"timestamp":"2025-09-22T08:00:08.615601Z","level":"info","event":"│ 06       │ lignes-d-azur │ 06               │ … │          3 │ https://ftp.lignes…  │ 2FA948      │ FFFFFF           │","chan":"stdout","logger":"task"}
{"timestamp":"2025-09-22T08:00:08.615656Z","level":"info","event":"│ 07       │ lignes-d-azur │ 07               │ … │          3 │ https://ftp.lignes…  │ 751D5D      │ FFFFFF           │","chan":"stdout","logger":"task"}
{"timestamp":"2025-09-22T08:00:08.615709Z","level":"info","event":"│ 09       │ lignes-d-azur │ 09               │ … │          3 │ https://ftp.lignes…  │ EF7D00      │ FFFFFF           │","chan":"stdout","logger":"task"}
{"timestamp":"2025-09-22T08:00:08.615763Z","level":"info","event":"│ 11       │ lignes-d-azur │ 11               │ … │          3 │ https://ftp.lignes…  │ 9C3F8F      │ FFFFFF           │","chan":"stdout","logger":"task"}
{"timestamp":"2025-09-22T08:00:08.615816Z","level":"info","event":"│ 12       │ lignes-d-azur │ 12+              │ … │          3 │ https://ftp.lignes…  │ DE1381      │ FFFFFF           │","chan":"stdout","logger":"task"}
{"timestamp":"2025-09-22T08:00:08.615940Z","level":"info","event":"│ 14       │ lignes-d-azur │ 14               │ … │          3 │ https://ftp.lignes…  │ F07E04      │ FFFFFF           │","chan":"stdout","logger":"task"}
{"timestamp":"2025-09-22T08:00:08.616009Z","level":"info","event":"│ 15       │ lignes-d-azur │ 15               │ … │          3 │ https://ftp.lignes…  │ 15B1AF      │ FFFFFF           │","chan":"stdout","logger":"task"}
{"timestamp":"2025-09-22T08:00:08.616065Z","level":"info","event":"│ 16       │ lignes-d-azur │ 16               │ … │          3 │ https://ftp.lignes…  │ 35BEEB      │ FFFFFF           │","chan":"stdout","logger":"task"}
{"timestamp":"2025-09-22T08:00:08.616121Z","level":"info","event":"│ 17       │ lignes-d-azur │ 17               │ … │          3 │ https://ftp.lignes…  │ 418ABF      │ FFFFFF           │","chan":"stdout","logger":"task"}
{"timestamp":"2025-09-22T08:00:08.616176Z","level":"info","event":"│ ·        │       ·       │ ·                │ · │          · │          ·           │   ·         │   ·              │","chan":"stdout","logger":"task"}
{"timestamp":"2025-09-22T08:00:08.616230Z","level":"info","event":"│ ·        │       ·       │ ·                │ · │          · │          ·           │   ·         │   ·              │","chan":"stdout","logger":"task"}
{"timestamp":"2025-09-22T08:00:08.616284Z","level":"info","event":"│ ·        │       ·       │ ·                │ · │          · │          ·           │   ·         │   ·              │","chan":"stdout","logger":"task"}
{"timestamp":"2025-09-22T08:00:08.616337Z","level":"info","event":"│ NGOR     │ lignes-d-azur │ NGOR             │ … │          3 │ https://ftp.lignes…  │ 2AA137      │ FFFFFF           │","chan":"stdout","logger":"task"}
{"timestamp":"2025-09-22T08:00:08.616390Z","level":"info","event":"│ 10       │ lignes-d-azur │ 10               │ … │          3 │ https://ftp.lignes…  │ 31A948      │ FFFFFF           │","chan":"stdout","logger":"task"}
{"timestamp":"2025-09-22T08:00:08.616455Z","level":"info","event":"│ 08       │ lignes-d-azur │ 8+               │ … │          3 │ https://ftp.lignes…  │ FEC703      │ 000000           │","chan":"stdout","logger":"task"}
{"timestamp":"2025-09-22T08:00:08.616538Z","level":"info","event":"│ 12+      │ lignes-d-azur │ 12+              │ … │          3 │ https://ftp.lignes…  │ DE1381      │ FFFFFF           │","chan":"stdout","logger":"task"}
{"timestamp":"2025-09-22T08:00:08.616603Z","level":"info","event":"│ 8+       │ lignes-d-azur │ 8+               │ … │          3 │ https://ftp.lignes…  │ FEC703      │ 000000           │","chan":"stdout","logger":"task"}
{"timestamp":"2025-09-22T08:00:08.616695Z","level":"info","event":"│ B        │ lignes-d-azur │ B                │ … │          0 │ https://ftp.lignes…  │ FFDD00      │ 000000           │","chan":"stdout","logger":"task"}
{"timestamp":"2025-09-22T08:00:08.616783Z","level":"info","event":"│ NBOR     │ lignes-d-azur │ NBOR             │ … │          3 │ https://ftp.lignes…  │ 2AA137      │ 000000           │","chan":"stdout","logger":"task"}
{"timestamp":"2025-09-22T08:00:08.616842Z","level":"info","event":"│ VESU     │ lignes-d-azur │ VESU             │ … │          3 │ https://ftp.lignes…  │ 2AA137      │ FFFFFF           │","chan":"stdout","logger":"task"}
{"timestamp":"2025-09-22T08:00:08.616982Z","level":"info","event":"│ FOOT     │ lignes-d-azur │ FOOT             │ … │          3 │ NULL                 │ 36BEE9      │ FFFFFF           │","chan":"stdout","logger":"task"}
{"timestamp":"2025-09-22T08:00:08.617048Z","level":"info","event":"│ NV30     │ lignes-d-azur │ NV30             │ … │          3 │ NULL                 │ 428ABF      │ FFFFFF           │","chan":"stdout","logger":"task"}
{"timestamp":"2025-09-22T08:00:08.617116Z","level":"info","event":"├──────────┴───────────────┴──────────────────┴───┴────────────┴──────────────────────┴─────────────┴──────────────────┤","chan":"stdout","logger":"task"}
{"timestamp":"2025-09-22T08:00:08.617173Z","level":"info","event":"│ 226 rows (20 shown)                                                                              9 columns (7 shown) │","chan":"stdout","logger":"task"}
{"timestamp":"2025-09-22T08:00:08.617228Z","level":"info","event":"└──────────────────────────────────────────────────────────────────────────────────────────────────────────────────────┘","chan":"stdout","logger":"task"}
{"timestamp":"2025-09-22T08:00:08.617282Z","level":"info","event":"","chan":"stdout","logger":"task"}
{"timestamp":"2025-09-22T08:00:08.695411Z","level":"info","event":"---------- trips -------------","chan":"stdout","logger":"task"}
{"timestamp":"2025-09-22T08:00:08.814653Z","level":"info","event":"#### csv created and stored in : /opt/airflow/warehouse/reseau_transport_static/trips_2025-09-22_10:00:08.695303.csv","chan":"stdout","logger":"task"}
{"timestamp":"2025-09-22T08:00:08.950214Z","level":"info","event":"┌──────────┬──────────────────────┬──────────────────────┬───┬──────────┬──────────────────────┬───────────────┐","chan":"stdout","logger":"task"}
{"timestamp":"2025-09-22T08:00:08.950650Z","level":"info","event":"│ route_id │      service_id      │       trip_id        │ … │ shape_id │ wheelchair_accessi…  │ bikes_allowed │","chan":"stdout","logger":"task"}
{"timestamp":"2025-09-22T08:00:08.950751Z","level":"info","event":"│ varchar  │       varchar        │       varchar        │   │ varchar  │        int64         │     int64     │","chan":"stdout","logger":"task"}
{"timestamp":"2025-09-22T08:00:08.950860Z","level":"info","event":"├──────────┼──────────────────────┼──────────────────────┼───┼──────────┼──────────────────────┼───────────────┤","chan":"stdout","logger":"task"}
{"timestamp":"2025-09-22T08:00:08.950943Z","level":"info","event":"│ 40       │ RESEAU2023-40-Sema…  │ 4350596-40_A_50_40…  │ … │ 400009   │                    0 │             0 │","chan":"stdout","logger":"task"}
{"timestamp":"2025-09-22T08:00:08.951027Z","level":"info","event":"│ 62       │ RESEAU2023-62-Same…  │ 4336738-62_R_98_62…  │ … │ 620015   │                    0 │             0 │","chan":"stdout","logger":"task"}
{"timestamp":"2025-09-22T08:00:08.951112Z","level":"info","event":"│ C34      │ RESEAU2021-C34-Dim…  │ 3064040-C34_R_2_C3…  │ … │ C340002  │                    0 │             0 │","chan":"stdout","logger":"task"}
{"timestamp":"2025-09-22T08:00:08.951211Z","level":"info","event":"│ 62       │ RESEAU2023-62-Dima…  │ 4336785-62_R_98_62…  │ … │ 620015   │                    0 │             0 │","chan":"stdout","logger":"task"}
{"timestamp":"2025-09-22T08:00:08.951276Z","level":"info","event":"│ 40       │ RESEAU2023-40-Sema…  │ 4350598-40_A_50_40…  │ … │ 400009   │                    0 │             0 │","chan":"stdout","logger":"task"}
{"timestamp":"2025-09-22T08:00:08.951355Z","level":"info","event":"│ 40       │ RESEAU2023-40-Sema…  │ 4350594-40_R_99_40…  │ … │ 400010   │                    0 │             0 │","chan":"stdout","logger":"task"}
{"timestamp":"2025-09-22T08:00:08.951450Z","level":"info","event":"│ 62       │ RESEAU2023-62-Same…  │ 4336737-62_R_98_62…  │ … │ 620015   │                    0 │             0 │","chan":"stdout","logger":"task"}
{"timestamp":"2025-09-22T08:00:08.951572Z","level":"info","event":"│ 62       │ RESEAU2023-62-Same…  │ 4336760-62_R_98_62…  │ … │ 620015   │                    0 │             0 │","chan":"stdout","logger":"task"}
{"timestamp":"2025-09-22T08:00:08.951658Z","level":"info","event":"│ 62       │ RESEAU2023-62-Same…  │ 4336710-62_A_48_62…  │ … │ 620012   │                    0 │             0 │","chan":"stdout","logger":"task"}
{"timestamp":"2025-09-22T08:00:08.951775Z","level":"info","event":"│ 62       │ RESEAU2023-62-Sema…  │ 4669761-62_R_98_62…  │ … │ 620015   │                    0 │             0 │","chan":"stdout","logger":"task"}
{"timestamp":"2025-09-22T08:00:08.951861Z","level":"info","event":"│ ·        │          ·           │          ·           │ · │   ·      │                    · │             · │","chan":"stdout","logger":"task"}
{"timestamp":"2025-09-22T08:00:08.951932Z","level":"info","event":"│ ·        │          ·           │          ·           │ · │   ·      │                    · │             · │","chan":"stdout","logger":"task"}
{"timestamp":"2025-09-22T08:00:08.952001Z","level":"info","event":"│ ·        │          ·           │          ·           │ · │   ·      │                    · │             · │","chan":"stdout","logger":"task"}
{"timestamp":"2025-09-22T08:00:08.952121Z","level":"info","event":"│ 12+      │ SETP2025-12-Dimanc…  │ chouette:VehicleJo…  │ … │ 120080   │                    0 │             0 │","chan":"stdout","logger":"task"}
{"timestamp":"2025-09-22T08:00:08.952201Z","level":"info","event":"│ 12+      │ chouette:TimeTable…  │ 6411136-12_A_50_12…  │ … │ 120080   │                    0 │             0 │","chan":"stdout","logger":"task"}
{"timestamp":"2025-09-22T08:00:08.952276Z","level":"info","event":"│ 12       │ chouette:TimeTable…  │ chouette:VehicleJo…  │ … │ 120081   │                    0 │             0 │","chan":"stdout","logger":"task"}
{"timestamp":"2025-09-22T08:00:08.952376Z","level":"info","event":"│ 15       │ SETP2025-15-Dimanc…  │ 6428949-15_R_99_15…  │ … │ 150081   │                    0 │             0 │","chan":"stdout","logger":"task"}
{"timestamp":"2025-09-22T08:00:08.952463Z","level":"info","event":"│ 15       │ SETP2025-15-Dimanc…  │ 6428950-15_A_50_15…  │ … │ 150080   │                    0 │             0 │","chan":"stdout","logger":"task"}
{"timestamp":"2025-09-22T08:00:08.952592Z","level":"info","event":"│ 90       │ PROJET2025-90-Sema…  │ 6167198-90_A_5_900…  │ … │ 900012   │                    0 │             0 │","chan":"stdout","logger":"task"}
{"timestamp":"2025-09-22T08:00:08.952664Z","level":"info","event":"│ 12+      │ chouette:TimeTable…  │ chouette:VehicleJo…  │ … │ 120080   │                    0 │             0 │","chan":"stdout","logger":"task"}
{"timestamp":"2025-09-22T08:00:08.952771Z","level":"info","event":"│ 90       │ PROJET2025-90-Same…  │ 6167241-90_A_5_900…  │ … │ 900012   │                    0 │             0 │","chan":"stdout","logger":"task"}
{"timestamp":"2025-09-22T08:00:08.952840Z","level":"info","event":"│ 8+       │ SETP2025-08-Semain…  │ chouette:VehicleJo…  │ … │ 080128   │                    0 │             0 │","chan":"stdout","logger":"task"}
{"timestamp":"2025-09-22T08:00:08.952932Z","level":"info","event":"│ 06       │ SETP2025-06-Semain…  │ 6433473-06_A_50_06…  │ … │ 060075   │                    0 │             0 │","chan":"stdout","logger":"task"}
{"timestamp":"2025-09-22T08:00:08.953097Z","level":"info","event":"├──────────┴──────────────────────┴──────────────────────┴───┴──────────┴──────────────────────┴───────────────┤","chan":"stdout","logger":"task"}
{"timestamp":"2025-09-22T08:00:08.953187Z","level":"info","event":"│ ? rows (>9999 rows, 20 shown)                                                            9 columns (6 shown) │","chan":"stdout","logger":"task"}
{"timestamp":"2025-09-22T08:00:08.953268Z","level":"info","event":"└──────────────────────────────────────────────────────────────────────────────────────────────────────────────┘","chan":"stdout","logger":"task"}
{"timestamp":"2025-09-22T08:00:08.953332Z","level":"info","event":"","chan":"stdout","logger":"task"}
{"timestamp":"2025-09-22T08:00:09.446432Z","level":"info","event":"---------- stop_times -------------","chan":"stdout","logger":"task"}
{"timestamp":"2025-09-22T08:00:23.242447Z","level":"info","event":"#### csv created and stored in : /opt/airflow/warehouse/reseau_transport_static/stop_times_2025-09-22_10:00:20.113251.csv","chan":"stdout","logger":"task"}
{"timestamp":"2025-09-22T08:00:24.591883Z","level":"info","event":"┌──────────────────────────────┬──────────────┬────────────────┬─────────┬───────────────┬─────────────┬───────────────┐","chan":"stdout","logger":"task"}
{"timestamp":"2025-09-22T08:00:24.592090Z","level":"info","event":"│           trip_id            │ arrival_time │ departure_time │ stop_id │ stop_sequence │ pickup_type │ drop_off_type │","chan":"stdout","logger":"task"}
{"timestamp":"2025-09-22T08:00:24.592173Z","level":"info","event":"│           varchar            │     time     │      time      │  int64  │     int64     │    int64    │     int64     │","chan":"stdout","logger":"task"}
{"timestamp":"2025-09-22T08:00:24.592254Z","level":"info","event":"├──────────────────────────────┼──────────────┼────────────────┼─────────┼───────────────┼─────────────┼───────────────┤","chan":"stdout","logger":"task"}
{"timestamp":"2025-09-22T08:00:24.592314Z","level":"info","event":"│ 3064029-C32_A_1_C3201_08:3…  │ 08:30:00     │ 08:30:00       │   21681 │             0 │           2 │             2 │","chan":"stdout","logger":"task"}
{"timestamp":"2025-09-22T08:00:24.592370Z","level":"info","event":"│ 3064029-C32_A_1_C3201_08:3…  │ 08:35:00     │ 08:35:00       │   21652 │             1 │           2 │             2 │","chan":"stdout","logger":"task"}
{"timestamp":"2025-09-22T08:00:24.592424Z","level":"info","event":"│ 3064029-C32_A_1_C3201_08:3…  │ 08:55:00     │ 08:55:00       │   21644 │             2 │           2 │             2 │","chan":"stdout","logger":"task"}
{"timestamp":"2025-09-22T08:00:24.592477Z","level":"info","event":"│ 3064029-C32_A_1_C3201_08:3…  │ 09:15:00     │ 09:15:00       │   21398 │             3 │           2 │             2 │","chan":"stdout","logger":"task"}
{"timestamp":"2025-09-22T08:00:24.592541Z","level":"info","event":"│ 3064030-C32_R_2_C3202_17:2…  │ 17:20:00     │ 17:20:00       │   21398 │             0 │           2 │             2 │","chan":"stdout","logger":"task"}
{"timestamp":"2025-09-22T08:00:24.592595Z","level":"info","event":"│ 3064030-C32_R_2_C3202_17:2…  │ 17:40:00     │ 17:40:00       │   21644 │             1 │           2 │             2 │","chan":"stdout","logger":"task"}
{"timestamp":"2025-09-22T08:00:24.592646Z","level":"info","event":"│ 3064030-C32_R_2_C3202_17:2…  │ 18:00:00     │ 18:00:00       │   21652 │             2 │           2 │             2 │","chan":"stdout","logger":"task"}
{"timestamp":"2025-09-22T08:00:24.592696Z","level":"info","event":"│ 3064030-C32_R_2_C3202_17:2…  │ 18:05:00     │ 18:05:00       │   21681 │             3 │           2 │             2 │","chan":"stdout","logger":"task"}
{"timestamp":"2025-09-22T08:00:24.592745Z","level":"info","event":"│ 3064033-C32_A_1_C3202_17:0…  │ 17:00:00     │ 17:00:00       │   21681 │             0 │           2 │             2 │","chan":"stdout","logger":"task"}
{"timestamp":"2025-09-22T08:00:24.592907Z","level":"info","event":"│ 3064033-C32_A_1_C3202_17:0…  │ 17:05:00     │ 17:05:00       │   21652 │             1 │           2 │             2 │","chan":"stdout","logger":"task"}
{"timestamp":"2025-09-22T08:00:24.593033Z","level":"info","event":"│              ·               │    ·         │    ·           │      ·  │             · │           · │             · │","chan":"stdout","logger":"task"}
{"timestamp":"2025-09-22T08:00:24.593214Z","level":"info","event":"│              ·               │    ·         │    ·           │      ·  │             · │           · │             · │","chan":"stdout","logger":"task"}
{"timestamp":"2025-09-22T08:00:24.593280Z","level":"info","event":"│              ·               │    ·         │    ·           │      ·  │             · │           · │             · │","chan":"stdout","logger":"task"}
{"timestamp":"2025-09-22T08:00:24.593331Z","level":"info","event":"│ 4669814-62_R_98_6206_14:20…  │ 14:21:00     │ 14:21:00       │    6022 │             1 │           0 │             0 │","chan":"stdout","logger":"task"}
{"timestamp":"2025-09-22T08:00:24.593380Z","level":"info","event":"│ 4669814-62_R_98_6206_14:20…  │ 14:22:00     │ 14:22:00       │    6063 │             2 │           0 │             0 │","chan":"stdout","logger":"task"}
{"timestamp":"2025-09-22T08:00:24.593432Z","level":"info","event":"│ 4669814-62_R_98_6206_14:20…  │ 14:22:00     │ 14:22:00       │    6016 │             3 │           0 │             0 │","chan":"stdout","logger":"task"}
{"timestamp":"2025-09-22T08:00:24.593502Z","level":"info","event":"│ 4669814-62_R_98_6206_14:20…  │ 14:23:00     │ 14:23:00       │    6030 │             4 │           0 │             0 │","chan":"stdout","logger":"task"}
{"timestamp":"2025-09-22T08:00:24.593569Z","level":"info","event":"│ 4669814-62_R_98_6206_14:20…  │ 14:24:00     │ 14:24:00       │    6052 │             5 │           0 │             0 │","chan":"stdout","logger":"task"}
{"timestamp":"2025-09-22T08:00:24.593619Z","level":"info","event":"│ 4669814-62_R_98_6206_14:20…  │ 14:24:00     │ 14:24:00       │     207 │             6 │           0 │             0 │","chan":"stdout","logger":"task"}
{"timestamp":"2025-09-22T08:00:24.593667Z","level":"info","event":"│ 4669814-62_R_98_6206_14:20…  │ 14:25:00     │ 14:25:00       │    1414 │             7 │           0 │             0 │","chan":"stdout","logger":"task"}
{"timestamp":"2025-09-22T08:00:24.593723Z","level":"info","event":"│ 4669814-62_R_98_6206_14:20…  │ 14:25:00     │ 14:25:00       │    1245 │             8 │           0 │             0 │","chan":"stdout","logger":"task"}
{"timestamp":"2025-09-22T08:00:24.593822Z","level":"info","event":"│ 4669814-62_R_98_6206_14:20…  │ 14:26:00     │ 14:26:00       │    1417 │             9 │           0 │             0 │","chan":"stdout","logger":"task"}
{"timestamp":"2025-09-22T08:00:24.593965Z","level":"info","event":"│ 4669814-62_R_98_6206_14:20…  │ 14:27:00     │ 14:27:00       │     225 │            10 │           0 │             0 │","chan":"stdout","logger":"task"}
{"timestamp":"2025-09-22T08:00:24.594028Z","level":"info","event":"├──────────────────────────────┴──────────────┴────────────────┴─────────┴───────────────┴─────────────┴───────────────┤","chan":"stdout","logger":"task"}
{"timestamp":"2025-09-22T08:00:24.594094Z","level":"info","event":"│ ? rows (>9999 rows, 20 shown)                                                                              7 columns │","chan":"stdout","logger":"task"}
{"timestamp":"2025-09-22T08:00:24.594196Z","level":"info","event":"└──────────────────────────────────────────────────────────────────────────────────────────────────────────────────────┘","chan":"stdout","logger":"task"}
{"timestamp":"2025-09-22T08:00:24.594250Z","level":"info","event":"","chan":"stdout","logger":"task"}
{"timestamp":"2025-09-22T08:00:24.594482Z","level":"info","event":"---------- calendar -------------","chan":"stdout","logger":"task"}
{"timestamp":"2025-09-22T08:00:24.606851Z","level":"info","event":"#### csv created and stored in : /opt/airflow/warehouse/reseau_transport_static/calendar_2025-09-22_10:00:24.604329.csv","chan":"stdout","logger":"task"}
{"timestamp":"2025-09-22T08:00:24.644729Z","level":"info","event":"┌──────────────────────┬────────┬─────────┬───────────┬──────────┬───┬──────────┬────────┬────────────┬────────────┐","chan":"stdout","logger":"task"}
{"timestamp":"2025-09-22T08:00:24.644913Z","level":"info","event":"│      service_id      │ monday │ tuesday │ wednesday │ thursday │ … │ saturday │ sunday │ start_date │  end_date  │","chan":"stdout","logger":"task"}
{"timestamp":"2025-09-22T08:00:24.644991Z","level":"info","event":"│       varchar        │ int64  │  int64  │   int64   │  int64   │   │  int64   │ int64  │    date    │    date    │","chan":"stdout","logger":"task"}
{"timestamp":"2025-09-22T08:00:24.645053Z","level":"info","event":"├──────────────────────┼────────┼─────────┼───────────┼──────────┼───┼──────────┼────────┼────────────┼────────────┤","chan":"stdout","logger":"task"}
{"timestamp":"2025-09-22T08:00:24.645108Z","level":"info","event":"│ PVS2024-25-B-Semai…  │      1 │       1 │         1 │        1 │ … │        0 │      0 │ 2025-10-20 │ 2025-10-30 │","chan":"stdout","logger":"task"}
{"timestamp":"2025-09-22T08:00:24.645160Z","level":"info","event":"│ JANV2025-B-Samedi-…  │      0 │       0 │         0 │        0 │ … │        1 │      0 │ 2025-09-20 │ 2025-12-27 │","chan":"stdout","logger":"task"}
{"timestamp":"2025-09-22T08:00:24.645210Z","level":"info","event":"│ JANV2025-B-Semaine…  │      1 │       1 │         1 │        1 │ … │        0 │      0 │ 2025-09-19 │ 2025-12-26 │","chan":"stdout","logger":"task"}
{"timestamp":"2025-09-22T08:00:24.645271Z","level":"info","event":"│ PVS2024-25-B-Semai…  │      1 │       1 │         1 │        1 │ … │        0 │      0 │ 2025-10-24 │ 2025-10-31 │","chan":"stdout","logger":"task"}
{"timestamp":"2025-09-22T08:00:24.645323Z","level":"info","event":"│ JANV2025-B-Dimanch…  │      0 │       0 │         0 │        0 │ … │        0 │      1 │ 2025-09-21 │ 2025-12-28 │","chan":"stdout","logger":"task"}
{"timestamp":"2025-09-22T08:00:24.645371Z","level":"info","event":"│ chouette:TimeTable…  │      0 │       1 │         1 │        1 │ … │        1 │      0 │ 2025-09-20 │ 2025-12-27 │","chan":"stdout","logger":"task"}
{"timestamp":"2025-09-22T08:00:24.645419Z","level":"info","event":"│ chouette:TimeTable…  │      0 │       1 │         1 │        1 │ … │        1 │      0 │ 2025-10-21 │ 2025-10-31 │","chan":"stdout","logger":"task"}
{"timestamp":"2025-09-22T08:00:24.645466Z","level":"info","event":"│ chouette:TimeTable…  │      0 │       0 │         0 │        0 │ … │        0 │      1 │ 2025-09-21 │ 2025-12-28 │","chan":"stdout","logger":"task"}
{"timestamp":"2025-09-22T08:00:24.645513Z","level":"info","event":"│ chouette:TimeTable…  │      0 │       1 │         1 │        1 │ … │        1 │      0 │ 2025-09-19 │ 2025-12-31 │","chan":"stdout","logger":"task"}
{"timestamp":"2025-09-22T08:00:24.645561Z","level":"info","event":"│ chouette:TimeTable…  │      0 │       1 │         1 │        1 │ … │        1 │      0 │ 2025-10-25 │ 2025-11-01 │","chan":"stdout","logger":"task"}
{"timestamp":"2025-09-22T08:00:24.645609Z","level":"info","event":"│          ·           │      · │       · │         · │        · │ · │        · │      · │     ·      │     ·      │","chan":"stdout","logger":"task"}
{"timestamp":"2025-09-22T08:00:24.645657Z","level":"info","event":"│          ·           │      · │       · │         · │        · │ · │        · │      · │     ·      │     ·      │","chan":"stdout","logger":"task"}
{"timestamp":"2025-09-22T08:00:24.645704Z","level":"info","event":"│          ·           │      · │       · │         · │        · │ · │        · │      · │     ·      │     ·      │","chan":"stdout","logger":"task"}
{"timestamp":"2025-09-22T08:00:24.645752Z","level":"info","event":"│ PROJET2024-75D-Sem…  │      1 │       1 │         1 │        1 │ … │        0 │      0 │ 2025-09-19 │ 2025-12-19 │","chan":"stdout","logger":"task"}
{"timestamp":"2025-09-22T08:00:24.645800Z","level":"info","event":"│ PROJET2023-89-Sema…  │      1 │       1 │         1 │        1 │ … │        0 │      0 │ 2025-09-19 │ 2025-12-31 │","chan":"stdout","logger":"task"}
{"timestamp":"2025-09-22T08:00:24.645846Z","level":"info","event":"│ RESEAU2023-93-Sema…  │      1 │       0 │         1 │        1 │ … │        0 │      0 │ 2025-09-19 │ 2025-11-28 │","chan":"stdout","logger":"task"}
{"timestamp":"2025-09-22T08:00:24.645893Z","level":"info","event":"│ RESEAU2023-CN-Sema…  │      1 │       1 │         1 │        1 │ … │        0 │      0 │ 2025-09-19 │ 2025-12-31 │","chan":"stdout","logger":"task"}
{"timestamp":"2025-09-22T08:00:24.645940Z","level":"info","event":"│ RESEAU2021-C32-Lun…  │      1 │       1 │         1 │        1 │ … │        1 │      0 │ 2025-09-19 │ 2025-12-31 │","chan":"stdout","logger":"task"}
{"timestamp":"2025-09-22T08:00:24.645987Z","level":"info","event":"│ RESEAU2021-K-L-Ma-…  │      1 │       1 │         0 │        1 │ … │        0 │      0 │ 2025-09-19 │ 2025-12-19 │","chan":"stdout","logger":"task"}
{"timestamp":"2025-09-22T08:00:24.646046Z","level":"info","event":"│ RESEAU2021-Exp3-Se…  │      1 │       1 │         1 │        1 │ … │        0 │      0 │ 2025-09-19 │ 2025-12-31 │","chan":"stdout","logger":"task"}
{"timestamp":"2025-09-22T08:00:24.646104Z","level":"info","event":"│ RESEAU2021-C40-Sem…  │      0 │       0 │         0 │        1 │ … │        0 │      0 │ 2025-09-19 │ 2025-12-18 │","chan":"stdout","logger":"task"}
{"timestamp":"2025-09-22T08:00:24.646233Z","level":"info","event":"│ SETP2025-12-Semain…  │      1 │       1 │         1 │        1 │ … │        0 │      0 │ 2025-09-19 │ 2025-12-31 │","chan":"stdout","logger":"task"}
{"timestamp":"2025-09-22T08:00:24.646291Z","level":"info","event":"│ chouette:TimeTable…  │      1 │       1 │         1 │        1 │ … │        0 │      0 │ 2025-09-19 │ 2025-12-19 │","chan":"stdout","logger":"task"}
{"timestamp":"2025-09-22T08:00:24.646369Z","level":"info","event":"├──────────────────────┴────────┴─────────┴───────────┴──────────┴───┴──────────┴────────┴────────────┴────────────┤","chan":"stdout","logger":"task"}
{"timestamp":"2025-09-22T08:00:24.646429Z","level":"info","event":"│ 784 rows (20 shown)                                                                         10 columns (9 shown) │","chan":"stdout","logger":"task"}
{"timestamp":"2025-09-22T08:00:24.646479Z","level":"info","event":"└──────────────────────────────────────────────────────────────────────────────────────────────────────────────────┘","chan":"stdout","logger":"task"}
{"timestamp":"2025-09-22T08:00:24.646528Z","level":"info","event":"","chan":"stdout","logger":"task"}
{"timestamp":"2025-09-22T08:00:24.648018Z","level":"info","event":"---------- calendar_dates -------------","chan":"stdout","logger":"task"}
{"timestamp":"2025-09-22T08:00:24.686472Z","level":"info","event":"#### csv created and stored in : /opt/airflow/warehouse/reseau_transport_static/calendar_dates_2025-09-22_10:00:24.677149.csv","chan":"stdout","logger":"task"}
{"timestamp":"2025-09-22T08:00:24.706975Z","level":"info","event":"┌─────────────────────────────────────────────────────────────┬────────────┬────────────────┐","chan":"stdout","logger":"task"}
{"timestamp":"2025-09-22T08:00:24.707157Z","level":"info","event":"│                         service_id                          │    date    │ exception_type │","chan":"stdout","logger":"task"}
{"timestamp":"2025-09-22T08:00:24.707252Z","level":"info","event":"│                           varchar                           │    date    │     int64      │","chan":"stdout","logger":"task"}
{"timestamp":"2025-09-22T08:00:24.707306Z","level":"info","event":"├─────────────────────────────────────────────────────────────┼────────────┼────────────────┤","chan":"stdout","logger":"task"}
{"timestamp":"2025-09-22T08:00:24.707358Z","level":"info","event":"│ PVS2024-25-B-Semaine-12-B                                   │ 2025-10-24 │              2 │","chan":"stdout","logger":"task"}
{"timestamp":"2025-09-22T08:00:24.707408Z","level":"info","event":"│ JANV2025-B-Samedi-03-B                                      │ 2025-11-01 │              2 │","chan":"stdout","logger":"task"}
{"timestamp":"2025-09-22T08:00:24.707467Z","level":"info","event":"│ JANV2025-B-Semaine-10-B                                     │ 2025-09-22 │              2 │","chan":"stdout","logger":"task"}
{"timestamp":"2025-09-22T08:00:24.707560Z","level":"info","event":"│ JANV2025-B-Semaine-10-B                                     │ 2025-09-23 │              2 │","chan":"stdout","logger":"task"}
{"timestamp":"2025-09-22T08:00:24.707625Z","level":"info","event":"│ JANV2025-B-Semaine-10-B                                     │ 2025-09-24 │              2 │","chan":"stdout","logger":"task"}
{"timestamp":"2025-09-22T08:00:24.707676Z","level":"info","event":"│ JANV2025-B-Semaine-10-B                                     │ 2025-09-25 │              2 │","chan":"stdout","logger":"task"}
{"timestamp":"2025-09-22T08:00:24.707725Z","level":"info","event":"│ JANV2025-B-Semaine-10-B                                     │ 2025-09-29 │              2 │","chan":"stdout","logger":"task"}
{"timestamp":"2025-09-22T08:00:24.707773Z","level":"info","event":"│ JANV2025-B-Semaine-10-B                                     │ 2025-09-30 │              2 │","chan":"stdout","logger":"task"}
{"timestamp":"2025-09-22T08:00:24.707848Z","level":"info","event":"│ JANV2025-B-Semaine-10-B                                     │ 2025-10-01 │              2 │","chan":"stdout","logger":"task"}
{"timestamp":"2025-09-22T08:00:24.707911Z","level":"info","event":"│ JANV2025-B-Semaine-10-B                                     │ 2025-10-02 │              2 │","chan":"stdout","logger":"task"}
{"timestamp":"2025-09-22T08:00:24.707961Z","level":"info","event":"│            ·                                                │     ·      │              · │","chan":"stdout","logger":"task"}
{"timestamp":"2025-09-22T08:00:24.708010Z","level":"info","event":"│            ·                                                │     ·      │              · │","chan":"stdout","logger":"task"}
{"timestamp":"2025-09-22T08:00:24.708058Z","level":"info","event":"│            ·                                                │     ·      │              · │","chan":"stdout","logger":"task"}
{"timestamp":"2025-09-22T08:00:24.708106Z","level":"info","event":"│ chouette:TimeTable:ea3da755-3fff-4fd3-b0cd-54f316041365:LOC │ 2025-10-21 │              2 │","chan":"stdout","logger":"task"}
{"timestamp":"2025-09-22T08:00:24.708154Z","level":"info","event":"│ chouette:TimeTable:ea3da755-3fff-4fd3-b0cd-54f316041365:LOC │ 2025-10-22 │              2 │","chan":"stdout","logger":"task"}
{"timestamp":"2025-09-22T08:00:24.708202Z","level":"info","event":"│ chouette:TimeTable:ea3da755-3fff-4fd3-b0cd-54f316041365:LOC │ 2025-10-23 │              2 │","chan":"stdout","logger":"task"}
{"timestamp":"2025-09-22T08:00:24.708250Z","level":"info","event":"│ chouette:TimeTable:ea3da755-3fff-4fd3-b0cd-54f316041365:LOC │ 2025-10-24 │              2 │","chan":"stdout","logger":"task"}
{"timestamp":"2025-09-22T08:00:24.708299Z","level":"info","event":"│ chouette:TimeTable:ea3da755-3fff-4fd3-b0cd-54f316041365:LOC │ 2025-10-27 │              2 │","chan":"stdout","logger":"task"}
{"timestamp":"2025-09-22T08:00:24.708346Z","level":"info","event":"│ chouette:TimeTable:ea3da755-3fff-4fd3-b0cd-54f316041365:LOC │ 2025-10-28 │              2 │","chan":"stdout","logger":"task"}
{"timestamp":"2025-09-22T08:00:24.708393Z","level":"info","event":"│ chouette:TimeTable:ea3da755-3fff-4fd3-b0cd-54f316041365:LOC │ 2025-10-29 │              2 │","chan":"stdout","logger":"task"}
{"timestamp":"2025-09-22T08:00:24.708440Z","level":"info","event":"│ chouette:TimeTable:ea3da755-3fff-4fd3-b0cd-54f316041365:LOC │ 2025-10-30 │              2 │","chan":"stdout","logger":"task"}
{"timestamp":"2025-09-22T08:00:24.708487Z","level":"info","event":"│ chouette:TimeTable:ea3da755-3fff-4fd3-b0cd-54f316041365:LOC │ 2025-10-31 │              2 │","chan":"stdout","logger":"task"}
{"timestamp":"2025-09-22T08:00:24.708542Z","level":"info","event":"│ chouette:TimeTable:ea3da755-3fff-4fd3-b0cd-54f316041365:LOC │ 2025-11-11 │              2 │","chan":"stdout","logger":"task"}
{"timestamp":"2025-09-22T08:00:24.708625Z","level":"info","event":"├─────────────────────────────────────────────────────────────┴────────────┴────────────────┤","chan":"stdout","logger":"task"}
{"timestamp":"2025-09-22T08:00:24.708682Z","level":"info","event":"│ 6212 rows (20 shown)                                                            3 columns │","chan":"stdout","logger":"task"}
{"timestamp":"2025-09-22T08:00:24.708731Z","level":"info","event":"└───────────────────────────────────────────────────────────────────────────────────────────┘","chan":"stdout","logger":"task"}
{"timestamp":"2025-09-22T08:00:24.708779Z","level":"info","event":"","chan":"stdout","logger":"task"}
{"timestamp":"2025-09-22T08:00:24.846091Z","level":"info","event":"---------- shapes -------------","chan":"stdout","logger":"task"}
{"timestamp":"2025-09-22T08:00:25.828766Z","level":"info","event":"#### csv created and stored in : /opt/airflow/warehouse/reseau_transport_static/shapes_2025-09-22_10:00:24.846030.csv","chan":"stdout","logger":"task"}
{"timestamp":"2025-09-22T08:00:26.095448Z","level":"info","event":"┌──────────┬──────────────┬──────────────┬───────────────────┬─────────────────────┐","chan":"stdout","logger":"task"}
{"timestamp":"2025-09-22T08:00:26.095701Z","level":"info","event":"│ shape_id │ shape_pt_lat │ shape_pt_lon │ shape_pt_sequence │ shape_dist_traveled │","chan":"stdout","logger":"task"}
{"timestamp":"2025-09-22T08:00:26.095823Z","level":"info","event":"│ varchar  │    double    │    double    │       int64       │       double        │","chan":"stdout","logger":"task"}
{"timestamp":"2025-09-22T08:00:26.095887Z","level":"info","event":"├──────────┼──────────────┼──────────────┼───────────────────┼─────────────────────┤","chan":"stdout","logger":"task"}
{"timestamp":"2025-09-22T08:00:26.095943Z","level":"info","event":"│ 090009   │    43.666912 │      7.12729 │                 0 │                 0.0 │","chan":"stdout","logger":"task"}
{"timestamp":"2025-09-22T08:00:26.095996Z","level":"info","event":"│ 090009   │    43.666146 │     7.127847 │                 1 │               0.096 │","chan":"stdout","logger":"task"}
{"timestamp":"2025-09-22T08:00:26.096047Z","level":"info","event":"│ 090009   │    43.665786 │     7.128121 │                 2 │               0.142 │","chan":"stdout","logger":"task"}
{"timestamp":"2025-09-22T08:00:26.096097Z","level":"info","event":"│ 090009   │    43.665663 │     7.128181 │                 3 │               0.157 │","chan":"stdout","logger":"task"}
{"timestamp":"2025-09-22T08:00:26.096146Z","level":"info","event":"│ 090009   │    43.665541 │     7.128189 │                 4 │                0.17 │","chan":"stdout","logger":"task"}
{"timestamp":"2025-09-22T08:00:26.096196Z","level":"info","event":"│ 090009   │    43.665459 │     7.128166 │                 5 │               0.179 │","chan":"stdout","logger":"task"}
{"timestamp":"2025-09-22T08:00:26.096245Z","level":"info","event":"│ 090009   │    43.665393 │     7.128129 │                 6 │               0.187 │","chan":"stdout","logger":"task"}
{"timestamp":"2025-09-22T08:00:26.096306Z","level":"info","event":"│ 090009   │     43.66538 │      7.12805 │                 7 │               0.194 │","chan":"stdout","logger":"task"}
{"timestamp":"2025-09-22T08:00:26.096358Z","level":"info","event":"│ 090009   │     43.66538 │     7.128005 │                 8 │               0.198 │","chan":"stdout","logger":"task"}
{"timestamp":"2025-09-22T08:00:26.096406Z","level":"info","event":"│ 090009   │    43.665285 │     7.127922 │                 9 │                0.21 │","chan":"stdout","logger":"task"}
{"timestamp":"2025-09-22T08:00:26.096456Z","level":"info","event":"│   ·      │        ·     │         ·    │                 · │                  ·  │","chan":"stdout","logger":"task"}
{"timestamp":"2025-09-22T08:00:26.096504Z","level":"info","event":"│   ·      │        ·     │         ·    │                 · │                  ·  │","chan":"stdout","logger":"task"}
{"timestamp":"2025-09-22T08:00:26.096554Z","level":"info","event":"│   ·      │        ·     │         ·    │                 · │                  ·  │","chan":"stdout","logger":"task"}
{"timestamp":"2025-09-22T08:00:26.096603Z","level":"info","event":"│ K0005    │    43.791352 │     7.231355 │               350 │               5.779 │","chan":"stdout","logger":"task"}
{"timestamp":"2025-09-22T08:00:26.096652Z","level":"info","event":"│ K0005    │    43.791011 │     7.231284 │               351 │               5.818 │","chan":"stdout","logger":"task"}
{"timestamp":"2025-09-22T08:00:26.096700Z","level":"info","event":"│ K0005    │    43.790547 │     7.231148 │               352 │                5.87 │","chan":"stdout","logger":"task"}
{"timestamp":"2025-09-22T08:00:26.096748Z","level":"info","event":"│ K0005    │    43.790537 │     7.231148 │               353 │               5.872 │","chan":"stdout","logger":"task"}
{"timestamp":"2025-09-22T08:00:26.096796Z","level":"info","event":"│ K0005    │    43.790537 │     7.231148 │               354 │               5.872 │","chan":"stdout","logger":"task"}
{"timestamp":"2025-09-22T08:00:26.096845Z","level":"info","event":"│ K0005    │    43.790473 │     7.231148 │               355 │               5.879 │","chan":"stdout","logger":"task"}
{"timestamp":"2025-09-22T08:00:26.096892Z","level":"info","event":"│ K0005    │    43.790418 │     7.231202 │               356 │               5.886 │","chan":"stdout","logger":"task"}
{"timestamp":"2025-09-22T08:00:26.096963Z","level":"info","event":"│ K0005    │    43.790439 │     7.231428 │               357 │               5.904 │","chan":"stdout","logger":"task"}
{"timestamp":"2025-09-22T08:00:26.097085Z","level":"info","event":"│ K0005    │    43.790524 │     7.231782 │               358 │               5.934 │","chan":"stdout","logger":"task"}
{"timestamp":"2025-09-22T08:00:26.097183Z","level":"info","event":"│ K0005    │    43.790573 │     7.231867 │               359 │               5.943 │","chan":"stdout","logger":"task"}
{"timestamp":"2025-09-22T08:00:26.097273Z","level":"info","event":"├──────────┴──────────────┴──────────────┴───────────────────┴─────────────────────┤","chan":"stdout","logger":"task"}
{"timestamp":"2025-09-22T08:00:26.097357Z","level":"info","event":"│ ? rows (>9999 rows, 20 shown)                                          5 columns │","chan":"stdout","logger":"task"}
{"timestamp":"2025-09-22T08:00:26.097440Z","level":"info","event":"└──────────────────────────────────────────────────────────────────────────────────┘","chan":"stdout","logger":"task"}
{"timestamp":"2025-09-22T08:00:26.097542Z","level":"info","event":"","chan":"stdout","logger":"task"}
{"timestamp":"2025-09-22T08:00:26.269004","level":"info","event":"Done. Returned value was: None","logger":"airflow.task.operators.airflow.providers.standard.operators.python.PythonOperator"}
{"timestamp":"2025-09-22T08:00:26.291785Z","level":"info","event":"Task instance in success state","chan":"stdout","logger":"task"}
{"timestamp":"2025-09-22T08:00:26.292023Z","level":"info","event":" Previous state of the Task instance: TaskInstanceState.RUNNING","chan":"stdout","logger":"task"}
{"timestamp":"2025-09-22T08:00:26.292476Z","level":"info","event":"Task operator:<Task(PythonOperator): load_duckdb.to_duckdb_reseau_transport>","chan":"stdout","logger":"task"}
