{"timestamp":"2025-09-24T08:00:23.183131","level":"info","event":"DAG bundles loaded: dags-folder, example_dags","logger":"airflow.dag_processing.bundles.manager.DagBundlesManager"}
{"timestamp":"2025-09-24T08:00:23.183588","level":"info","event":"Filling up the DagBag from /opt/airflow/dags/lignes_azure_dag.py","logger":"airflow.models.dagbag.DagBag"}
{"timestamp":"2025-09-24T08:00:23.242115Z","level":"info","event":"Task instance is in running state","chan":"stdout","logger":"task"}
{"timestamp":"2025-09-24T08:00:23.242247Z","level":"info","event":" Previous state of the Task instance: TaskInstanceState.QUEUED","chan":"stdout","logger":"task"}
{"timestamp":"2025-09-24T08:00:23.242400Z","level":"info","event":"Current task name:load_duckdb.to_duckdb_trips_updates","chan":"stdout","logger":"task"}
{"timestamp":"2025-09-24T08:00:23.242463Z","level":"info","event":"Dag name:lignes_azure_ETL","chan":"stdout","logger":"task"}
{"timestamp":"2025-09-24T08:00:23.365768Z","level":"info","event":"--------------- RETURN SELECT ------------------------","chan":"stdout","logger":"task"}
{"timestamp":"2025-09-24T08:00:23.374573Z","level":"info","event":"┌──────────────────────┬──────────┬──────────────┬───┬──────────────┬──────────────┬────────────────┬────────────────┐","chan":"stdout","logger":"task"}
{"timestamp":"2025-09-24T08:00:23.374834Z","level":"info","event":"│       trip_id        │ route_id │ direction_id │ … │ arrival_time │ arrival_date │ departure_time │ departure_date │","chan":"stdout","logger":"task"}
{"timestamp":"2025-09-24T08:00:23.374905Z","level":"info","event":"│       varchar        │ varchar  │    double    │   │     time     │     date     │      time      │      date      │","chan":"stdout","logger":"task"}
{"timestamp":"2025-09-24T08:00:23.374956Z","level":"info","event":"├──────────────────────┼──────────┼──────────────┼───┼──────────────┼──────────────┼────────────────┼────────────────┤","chan":"stdout","logger":"task"}
{"timestamp":"2025-09-24T08:00:23.375002Z","level":"info","event":"│ 6369752-42_R_95_42…  │ 42       │          1.0 │ … │ NULL         │ NULL         │ 09:21:00       │ 2025-09-24     │","chan":"stdout","logger":"task"}
{"timestamp":"2025-09-24T08:00:23.375045Z","level":"info","event":"│ 6369752-42_R_95_42…  │ 42       │          1.0 │ … │ 09:21:53     │ 2025-09-24   │ 09:21:53       │ 2025-09-24     │","chan":"stdout","logger":"task"}
{"timestamp":"2025-09-24T08:00:23.375087Z","level":"info","event":"│ 6369752-42_R_95_42…  │ 42       │          1.0 │ … │ 09:23:07     │ 2025-09-24   │ 09:23:07       │ 2025-09-24     │","chan":"stdout","logger":"task"}
{"timestamp":"2025-09-24T08:00:23.375128Z","level":"info","event":"│ 6369752-42_R_95_42…  │ 42       │          1.0 │ … │ 09:24:46     │ 2025-09-24   │ 09:24:46       │ 2025-09-24     │","chan":"stdout","logger":"task"}
{"timestamp":"2025-09-24T08:00:23.375169Z","level":"info","event":"│ 6369752-42_R_95_42…  │ 42       │          1.0 │ … │ NULL         │ NULL         │ 09:27:00       │ 2025-09-24     │","chan":"stdout","logger":"task"}
{"timestamp":"2025-09-24T08:00:23.375209Z","level":"info","event":"│ 6369752-42_R_95_42…  │ 42       │          1.0 │ … │ 09:31:42     │ 2025-09-24   │ 09:31:42       │ 2025-09-24     │","chan":"stdout","logger":"task"}
{"timestamp":"2025-09-24T08:00:23.375249Z","level":"info","event":"│ 6369752-42_R_95_42…  │ 42       │          1.0 │ … │ 09:32:23     │ 2025-09-24   │ 09:32:23       │ 2025-09-24     │","chan":"stdout","logger":"task"}
{"timestamp":"2025-09-24T08:00:23.375303Z","level":"info","event":"│ 6369752-42_R_95_42…  │ 42       │          1.0 │ … │ 09:34:00     │ 2025-09-24   │ 09:34:00       │ 2025-09-24     │","chan":"stdout","logger":"task"}
{"timestamp":"2025-09-24T08:00:23.375345Z","level":"info","event":"│ 6369752-42_R_95_42…  │ 42       │          1.0 │ … │ 09:34:36     │ 2025-09-24   │ 09:34:36       │ 2025-09-24     │","chan":"stdout","logger":"task"}
{"timestamp":"2025-09-24T08:00:23.375386Z","level":"info","event":"│ 6369752-42_R_95_42…  │ 42       │          1.0 │ … │ 09:35:57     │ 2025-09-24   │ 09:35:57       │ 2025-09-24     │","chan":"stdout","logger":"task"}
{"timestamp":"2025-09-24T08:00:23.375427Z","level":"info","event":"│          ·           │ ·        │           ·  │ · │  ·           │  ·           │    ·           │     ·          │","chan":"stdout","logger":"task"}
{"timestamp":"2025-09-24T08:00:23.375468Z","level":"info","event":"│          ·           │ ·        │           ·  │ · │  ·           │  ·           │    ·           │     ·          │","chan":"stdout","logger":"task"}
{"timestamp":"2025-09-24T08:00:23.375508Z","level":"info","event":"│          ·           │ ·        │           ·  │ · │  ·           │  ·           │    ·           │     ·          │","chan":"stdout","logger":"task"}
{"timestamp":"2025-09-24T08:00:23.375549Z","level":"info","event":"│ 6446864-05_A_98_05…  │ 05       │         NULL │ … │ NULL         │ NULL         │ 08:08:35       │ 2025-09-24     │","chan":"stdout","logger":"task"}
{"timestamp":"2025-09-24T08:00:23.375589Z","level":"info","event":"│ 6446864-05_A_98_05…  │ 05       │         NULL │ … │ 08:06:44     │ 2025-09-24   │ 08:06:44       │ 2025-09-24     │","chan":"stdout","logger":"task"}
{"timestamp":"2025-09-24T08:00:23.375632Z","level":"info","event":"│ 6446864-05_A_98_05…  │ 05       │         NULL │ … │ 08:07:44     │ 2025-09-24   │ 08:07:44       │ 2025-09-24     │","chan":"stdout","logger":"task"}
{"timestamp":"2025-09-24T08:00:23.375673Z","level":"info","event":"│ 6446864-05_A_98_05…  │ 05       │         NULL │ … │ 08:08:38     │ 2025-09-24   │ 08:08:38       │ 2025-09-24     │","chan":"stdout","logger":"task"}
{"timestamp":"2025-09-24T08:00:23.375714Z","level":"info","event":"│ 6446864-05_A_98_05…  │ 05       │         NULL │ … │ 08:09:23     │ 2025-09-24   │ 08:09:23       │ 2025-09-24     │","chan":"stdout","logger":"task"}
{"timestamp":"2025-09-24T08:00:23.375754Z","level":"info","event":"│ 6446864-05_A_98_05…  │ 05       │         NULL │ … │ 08:13:32     │ 2025-09-24   │ 08:13:32       │ 2025-09-24     │","chan":"stdout","logger":"task"}
{"timestamp":"2025-09-24T08:00:23.375796Z","level":"info","event":"│ 6446864-05_A_98_05…  │ 05       │         NULL │ … │ 08:10:36     │ 2025-09-24   │ 08:10:36       │ 2025-09-24     │","chan":"stdout","logger":"task"}
{"timestamp":"2025-09-24T08:00:23.375836Z","level":"info","event":"│ 6446864-05_A_98_05…  │ 05       │         NULL │ … │ 08:12:15     │ 2025-09-24   │ 08:12:15       │ 2025-09-24     │","chan":"stdout","logger":"task"}
{"timestamp":"2025-09-24T08:00:23.375979Z","level":"info","event":"│ 6446864-05_A_98_05…  │ 05       │         NULL │ … │ 08:12:49     │ 2025-09-24   │ 08:12:49       │ 2025-09-24     │","chan":"stdout","logger":"task"}
{"timestamp":"2025-09-24T08:00:23.376045Z","level":"info","event":"│ 6446864-05_A_98_05…  │ 05       │         NULL │ … │ 08:19:29     │ 2025-09-24   │ 08:19:29       │ 2025-09-24     │","chan":"stdout","logger":"task"}
{"timestamp":"2025-09-24T08:00:23.376133Z","level":"info","event":"├──────────────────────┴──────────┴──────────────┴───┴──────────────┴──────────────┴────────────────┴────────────────┤","chan":"stdout","logger":"task"}
{"timestamp":"2025-09-24T08:00:23.376217Z","level":"info","event":"│ ? rows (>9999 rows, 20 shown)                                                                  9 columns (7 shown) │","chan":"stdout","logger":"task"}
{"timestamp":"2025-09-24T08:00:23.376278Z","level":"info","event":"└────────────────────────────────────────────────────────────────────────────────────────────────────────────────────┘","chan":"stdout","logger":"task"}
{"timestamp":"2025-09-24T08:00:23.376322Z","level":"info","event":"","chan":"stdout","logger":"task"}
{"timestamp":"2025-09-24T08:00:23.421193","level":"info","event":"Done. Returned value was: None","logger":"airflow.task.operators.airflow.providers.standard.operators.python.PythonOperator"}
{"timestamp":"2025-09-24T08:00:23.435409Z","level":"info","event":"Task instance in success state","chan":"stdout","logger":"task"}
{"timestamp":"2025-09-24T08:00:23.435544Z","level":"info","event":" Previous state of the Task instance: TaskInstanceState.RUNNING","chan":"stdout","logger":"task"}
{"timestamp":"2025-09-24T08:00:23.435635Z","level":"info","event":"Task operator:<Task(PythonOperator): load_duckdb.to_duckdb_trips_updates>","chan":"stdout","logger":"task"}
