{"timestamp":"2025-09-08T12:08:12.204142","level":"info","event":"DAG bundles loaded: dags-folder, example_dags","logger":"airflow.dag_processing.bundles.manager.DagBundlesManager"}
{"timestamp":"2025-09-08T12:08:12.204715","level":"info","event":"Filling up the DagBag from /opt/airflow/dags/lignes_azure_dag.py","logger":"airflow.models.dagbag.DagBag"}
{"timestamp":"2025-09-08T12:08:14.076785Z","level":"info","event":"Task instance is in running state","chan":"stdout","logger":"task"}
{"timestamp":"2025-09-08T12:08:14.076954Z","level":"info","event":" Previous state of the Task instance: TaskInstanceState.QUEUED","chan":"stdout","logger":"task"}
{"timestamp":"2025-09-08T12:08:14.077036Z","level":"info","event":"Current task name:vehicle_positions.to_duckdb_vehicle_positions","chan":"stdout","logger":"task"}
{"timestamp":"2025-09-08T12:08:14.077101Z","level":"info","event":"Dag name:lignes_azure_ETL","chan":"stdout","logger":"task"}
{"timestamp":"2025-09-08T12:08:14.100585Z","level":"info","event":"--------------- RETURN SELECT ------------------------","chan":"stdout","logger":"task"}
{"timestamp":"2025-09-08T12:08:14.104223Z","level":"info","event":"┌───────────────────┬──────────────────────┬──────────┬───┬─────────┬────────────┬─────────┬────────────┐","chan":"stdout","logger":"task"}
{"timestamp":"2025-09-08T12:08:14.104422Z","level":"info","event":"│     entity_id     │       trip_id        │ route_id │ … │ bearing │ timestamp  │ stop_id │ vehicle_id │","chan":"stdout","logger":"task"}
{"timestamp":"2025-09-08T12:08:14.104513Z","level":"info","event":"│      varchar      │       varchar        │ varchar  │   │ double  │   int64    │ varchar │  varchar   │","chan":"stdout","logger":"task"}
{"timestamp":"2025-09-08T12:08:14.104569Z","level":"info","event":"├───────────────────┼──────────────────────┼──────────┼───┼─────────┼────────────┼─────────┼────────────┤","chan":"stdout","logger":"task"}
{"timestamp":"2025-09-08T12:08:14.104620Z","level":"info","event":"│ vehicle:RLA361    │ 6355791-18_R_99_18…  │ 18       │ … │     0.0 │ 1757333239 │ 2694    │ RLA361     │","chan":"stdout","logger":"task"}
{"timestamp":"2025-09-08T12:08:14.104667Z","level":"info","event":"│ vehicle:PDV46     │ 5203703-68_A_50_68…  │ 68       │ … │   210.0 │ 1757333239 │ 902     │ PDV46      │","chan":"stdout","logger":"task"}
{"timestamp":"2025-09-08T12:08:14.104714Z","level":"info","event":"│ vehicle:RLA173    │ 6416436-33_A_50_33…  │ 33       │ … │   113.0 │ 1757333239 │ 98      │ RLA173     │","chan":"stdout","logger":"task"}
{"timestamp":"2025-09-08T12:08:14.104759Z","level":"info","event":"│ vehicle:RLA354    │ 6252488-11_A_50_11…  │ 11       │ … │     5.0 │ 1757333239 │ 1316    │ RLA354     │","chan":"stdout","logger":"task"}
{"timestamp":"2025-09-08T12:08:14.104804Z","level":"info","event":"│ vehicle:RLA335    │ 6429259-15_A_50_15…  │ 15       │ … │   295.0 │ 1757333239 │ 2581    │ RLA335     │","chan":"stdout","logger":"task"}
{"timestamp":"2025-09-08T12:08:14.104848Z","level":"info","event":"│ vehicle:TCA115742 │ 5340967-72_A_50_72…  │ 72       │ … │    14.0 │ 1757333239 │ 970     │ TCA115742  │","chan":"stdout","logger":"task"}
{"timestamp":"2025-09-08T12:08:14.104892Z","level":"info","event":"│ vehicle:RLA365    │ 6446507-05_A_98_05…  │ 05       │ … │    64.0 │ 1757333239 │ 1381    │ RLA365     │","chan":"stdout","logger":"task"}
{"timestamp":"2025-09-08T12:08:14.104936Z","level":"info","event":"│ vehicle:TCA106793 │ 4759149-47_R_99_47…  │ 47       │ … │    83.0 │ 1757333239 │ 21735   │ TCA106793  │","chan":"stdout","logger":"task"}
{"timestamp":"2025-09-08T12:08:14.104992Z","level":"info","event":"│ vehicle:TCA115156 │ 6472707-50_A_50_50…  │ 50       │ … │   339.0 │ 1757333239 │ 473     │ TCA115156  │","chan":"stdout","logger":"task"}
{"timestamp":"2025-09-08T12:08:14.105038Z","level":"info","event":"│ vehicle:RLA378    │ 6252442-11_R_97_11…  │ 11       │ … │   162.0 │ 1757333239 │ 69      │ RLA378     │","chan":"stdout","logger":"task"}
{"timestamp":"2025-09-08T12:08:14.105099Z","level":"info","event":"│       ·           │          ·           │ ·        │ · │      ·  │      ·     │ ·       │   ·        │","chan":"stdout","logger":"task"}
{"timestamp":"2025-09-08T12:08:14.105146Z","level":"info","event":"│       ·           │          ·           │ ·        │ · │      ·  │      ·     │ ·       │   ·        │","chan":"stdout","logger":"task"}
{"timestamp":"2025-09-08T12:08:14.105189Z","level":"info","event":"│       ·           │          ·           │ ·        │ · │      ·  │      ·     │ ·       │   ·        │","chan":"stdout","logger":"task"}
{"timestamp":"2025-09-08T12:08:14.105232Z","level":"info","event":"│ vehicle:RLA614    │ 6355793-18_R_99_18…  │ 18       │ … │    70.0 │ 1757333239 │ 1249    │ RLA614     │","chan":"stdout","logger":"task"}
{"timestamp":"2025-09-08T12:08:14.105274Z","level":"info","event":"│ vehicle:PDV108    │ 6257297-59_R_98_59…  │ 59       │ … │    37.0 │ 1757333239 │ 7146    │ PDV108     │","chan":"stdout","logger":"task"}
{"timestamp":"2025-09-08T12:08:14.105316Z","level":"info","event":"│ vehicle:TCA115114 │ 5838483-52_R_5_520…  │ 52       │ … │    45.0 │ 1757333239 │ 32136   │ TCA115114  │","chan":"stdout","logger":"task"}
{"timestamp":"2025-09-08T12:08:14.105359Z","level":"info","event":"│ vehicle:TCA73948  │ 6102459-63_R_98_63…  │ 63       │ … │   161.0 │ 1757333239 │ 365     │ TCA73948   │","chan":"stdout","logger":"task"}
{"timestamp":"2025-09-08T12:08:14.105404Z","level":"info","event":"│ vehicle:RLA133    │ 6424100-16_A_46_16…  │ 16       │ … │   351.0 │ 1757333238 │ 1344    │ RLA133     │","chan":"stdout","logger":"task"}
{"timestamp":"2025-09-08T12:08:14.105446Z","level":"info","event":"│ vehicle:RLA338    │ 6402563-32_R_97_32…  │ 32       │ … │    91.0 │ 1757333239 │ 35      │ RLA338     │","chan":"stdout","logger":"task"}
{"timestamp":"2025-09-08T12:08:14.105491Z","level":"info","event":"│ vehicle:RLA328    │ 6429273-15_A_50_15…  │ 15       │ … │   201.0 │ 1757333239 │ 705     │ RLA328     │","chan":"stdout","logger":"task"}
{"timestamp":"2025-09-08T12:08:14.105534Z","level":"info","event":"│ vehicle:RLA317    │ 6365969-20_A_50_20…  │ 20       │ … │    60.0 │ 1757333239 │ 5246    │ RLA317     │","chan":"stdout","logger":"task"}
{"timestamp":"2025-09-08T12:08:14.105577Z","level":"info","event":"│ vehicle:RLA136    │ 6420002-35_A_50_35…  │ 35       │ … │    51.0 │ 1757333239 │ 1144    │ RLA136     │","chan":"stdout","logger":"task"}
{"timestamp":"2025-09-08T12:08:14.105619Z","level":"info","event":"│ vehicle:RLA484    │ 6252953-14_R_99_14…  │ 14       │ … │    79.0 │ 1757333239 │ 7154    │ RLA484     │","chan":"stdout","logger":"task"}
{"timestamp":"2025-09-08T12:08:14.105721Z","level":"info","event":"├───────────────────┴──────────────────────┴──────────┴───┴─────────┴────────────┴─────────┴────────────┤","chan":"stdout","logger":"task"}
{"timestamp":"2025-09-08T12:08:14.105774Z","level":"info","event":"│ 346 rows (20 shown)                                                               9 columns (7 shown) │","chan":"stdout","logger":"task"}
{"timestamp":"2025-09-08T12:08:14.105826Z","level":"info","event":"└───────────────────────────────────────────────────────────────────────────────────────────────────────┘","chan":"stdout","logger":"task"}
{"timestamp":"2025-09-08T12:08:14.105890Z","level":"info","event":"","chan":"stdout","logger":"task"}
{"timestamp":"2025-09-08T12:08:14.104335","level":"info","event":"Done. Returned value was: None","logger":"airflow.task.operators.airflow.providers.standard.operators.python.PythonOperator"}
{"timestamp":"2025-09-08T12:08:14.137227Z","level":"info","event":"Task instance in success state","chan":"stdout","logger":"task"}
{"timestamp":"2025-09-08T12:08:14.137410Z","level":"info","event":" Previous state of the Task instance: TaskInstanceState.RUNNING","chan":"stdout","logger":"task"}
{"timestamp":"2025-09-08T12:08:14.137506Z","level":"info","event":"Task operator:<Task(PythonOperator): vehicle_positions.to_duckdb_vehicle_positions>","chan":"stdout","logger":"task"}
