{"timestamp":"2025-09-19T13:00:09.934347","level":"info","event":"DAG bundles loaded: dags-folder, example_dags","logger":"airflow.dag_processing.bundles.manager.DagBundlesManager"}
{"timestamp":"2025-09-19T13:00:09.935455","level":"info","event":"Filling up the DagBag from /opt/airflow/dags/lignes_azure_dag.py","logger":"airflow.models.dagbag.DagBag"}
{"timestamp":"2025-09-19T13:00:10.078106Z","level":"info","event":"Task instance is in running state","chan":"stdout","logger":"task"}
{"timestamp":"2025-09-19T13:00:10.078316Z","level":"info","event":" Previous state of the Task instance: TaskInstanceState.QUEUED","chan":"stdout","logger":"task"}
{"timestamp":"2025-09-19T13:00:10.078427Z","level":"info","event":"Current task name:load_duckdb.to_duckdb_reseau_transport","chan":"stdout","logger":"task"}
{"timestamp":"2025-09-19T13:00:10.078513Z","level":"info","event":"Dag name:lignes_azure_ETL","chan":"stdout","logger":"task"}
{"timestamp":"2025-09-19T13:00:10.226027Z","level":"info","event":"---------- stops -------------","chan":"stdout","logger":"task"}
{"timestamp":"2025-09-19T13:00:10.259003Z","level":"info","event":"#### csv created and stored in : /opt/airflow/warehouse/reseau_transport_static/stops_2025-09-19_15:00:10.225930.csv","chan":"stdout","logger":"task"}
{"timestamp":"2025-09-19T13:00:10.436806Z","level":"info","event":"┌──────────────┬───────────┬──────────────────────┬───┬────────────────┬───────────────┬─────────────────────┐","chan":"stdout","logger":"task"}
{"timestamp":"2025-09-19T13:00:10.437233Z","level":"info","event":"│   stop_id    │ stop_code │      stop_name       │ … │ parent_station │ stop_timezone │ wheelchair_boarding │","chan":"stdout","logger":"task"}
{"timestamp":"2025-09-19T13:00:10.437356Z","level":"info","event":"│   varchar    │  varchar  │       varchar        │   │    varchar     │    varchar    │        int64        │","chan":"stdout","logger":"task"}
{"timestamp":"2025-09-19T13:00:10.437473Z","level":"info","event":"├──────────────┼───────────┼──────────────────────┼───┼────────────────┼───────────────┼─────────────────────┤","chan":"stdout","logger":"task"}
{"timestamp":"2025-09-19T13:00:10.437585Z","level":"info","event":"│ 1            │ ABBAT8    │ Abattoirs            │ … │ place_101376   │ NULL          │                   1 │","chan":"stdout","logger":"task"}
{"timestamp":"2025-09-19T13:00:10.437686Z","level":"info","event":"│ 2            │ ABBAT4    │ Abattoirs            │ … │ place_101376   │ NULL          │                   1 │","chan":"stdout","logger":"task"}
{"timestamp":"2025-09-19T13:00:10.437783Z","level":"info","event":"│ 3            │ ROSEL2    │ Abbaye de Roseland   │ … │ place_096609   │ NULL          │                   0 │","chan":"stdout","logger":"task"}
{"timestamp":"2025-09-19T13:00:10.437873Z","level":"info","event":"│ 4            │ ROSEL8    │ Abbaye de Roseland   │ … │ place_096609   │ NULL          │                   0 │","chan":"stdout","logger":"task"}
{"timestamp":"2025-09-19T13:00:10.437967Z","level":"info","event":"│ 5            │ ARSE4     │ Abbaye de Roseland…  │ … │ place_096610   │ NULL          │                   0 │","chan":"stdout","logger":"task"}
{"timestamp":"2025-09-19T13:00:10.438091Z","level":"info","event":"│ 6            │ ACROB6    │ Risso                │ … │ place_096612   │ NULL          │                   1 │","chan":"stdout","logger":"task"}
{"timestamp":"2025-09-19T13:00:10.438190Z","level":"info","event":"│ 8            │ AEPRM1    │ Aéroport / Promenade │ … │ place_101377   │ NULL          │                   1 │","chan":"stdout","logger":"task"}
{"timestamp":"2025-09-19T13:00:10.438318Z","level":"info","event":"│ 11           │ AEPRM2    │ Aéroport / Promenade │ … │ place_101377   │ NULL          │                   1 │","chan":"stdout","logger":"task"}
{"timestamp":"2025-09-19T13:00:10.438403Z","level":"info","event":"│ 12           │ ALBER3    │ Albert 1er           │ … │ place_096616   │ NULL          │                   0 │","chan":"stdout","logger":"task"}
{"timestamp":"2025-09-19T13:00:10.438472Z","level":"info","event":"│ 13           │ ALBER8    │ Jardin d'Arménie     │ … │ place_096617   │ NULL          │                   0 │","chan":"stdout","logger":"task"}
{"timestamp":"2025-09-19T13:00:10.438540Z","level":"info","event":"│ ·            │  ·        │      ·               │ · │  ·             │  ·            │                   · │","chan":"stdout","logger":"task"}
{"timestamp":"2025-09-19T13:00:10.438608Z","level":"info","event":"│ ·            │  ·        │      ·               │ · │  ·             │  ·            │                   · │","chan":"stdout","logger":"task"}
{"timestamp":"2025-09-19T13:00:10.438674Z","level":"info","event":"│ ·            │  ·        │      ·               │ · │  ·             │  ·            │                   · │","chan":"stdout","logger":"task"}
{"timestamp":"2025-09-19T13:00:10.438739Z","level":"info","event":"│ place_SMGEN  │ NULL      │ Gendarmerie          │ … │ NULL           │ Europe/Paris  │                   0 │","chan":"stdout","logger":"task"}
{"timestamp":"2025-09-19T13:00:10.438802Z","level":"info","event":"│ place_SMPMA7 │ NULL      │ Pont Maïssa          │ … │ NULL           │ Europe/Paris  │                   0 │","chan":"stdout","logger":"task"}
{"timestamp":"2025-09-19T13:00:10.438866Z","level":"info","event":"│ 6198         │ SMGEN8    │ Gendarmerie          │ … │ place_SMGEN    │ NULL          │                   1 │","chan":"stdout","logger":"task"}
{"timestamp":"2025-09-19T13:00:10.438930Z","level":"info","event":"│ 21313        │ GENDA3    │ Gendarmerie          │ … │ place_GENDAR   │ NULL          │                   0 │","chan":"stdout","logger":"task"}
{"timestamp":"2025-09-19T13:00:10.439004Z","level":"info","event":"│ 6197         │ SMPMA7    │ Pont Maïssa          │ … │ place_SMPMA7   │ NULL          │                   1 │","chan":"stdout","logger":"task"}
{"timestamp":"2025-09-19T13:00:10.439074Z","level":"info","event":"│ place_VACHRI │ NULL      │ La Vacherie          │ … │ NULL           │ Europe/Paris  │                   0 │","chan":"stdout","logger":"task"}
{"timestamp":"2025-09-19T13:00:10.439157Z","level":"info","event":"│ 23020        │ VACHRI    │ La Vacherie          │ … │ place_VACHRI   │ NULL          │                   1 │","chan":"stdout","logger":"task"}
{"timestamp":"2025-09-19T13:00:10.439258Z","level":"info","event":"│ 21659        │ SUPGA9    │ Super Gattières      │ … │ NULL           │ Europe/Paris  │                   0 │","chan":"stdout","logger":"task"}
{"timestamp":"2025-09-19T13:00:10.439336Z","level":"info","event":"│ place_ALPHA0 │ NULL      │ Parc Alpha Loup      │ … │ NULL           │ Europe/Paris  │                   0 │","chan":"stdout","logger":"task"}
{"timestamp":"2025-09-19T13:00:10.439407Z","level":"info","event":"│ 2997         │ MAGNA1    │ Magnan               │ … │ place_097192   │ NULL          │                   1 │","chan":"stdout","logger":"task"}
{"timestamp":"2025-09-19T13:00:10.439641Z","level":"info","event":"├──────────────┴───────────┴──────────────────────┴───┴────────────────┴───────────────┴─────────────────────┤","chan":"stdout","logger":"task"}
{"timestamp":"2025-09-19T13:00:10.439780Z","level":"info","event":"│ 8964 rows (20 shown)                                                                  10 columns (6 shown) │","chan":"stdout","logger":"task"}
{"timestamp":"2025-09-19T13:00:10.439882Z","level":"info","event":"└────────────────────────────────────────────────────────────────────────────────────────────────────────────┘","chan":"stdout","logger":"task"}
{"timestamp":"2025-09-19T13:00:10.439963Z","level":"info","event":"","chan":"stdout","logger":"task"}
{"timestamp":"2025-09-19T13:00:10.440179Z","level":"info","event":"---------- routes -------------","chan":"stdout","logger":"task"}
{"timestamp":"2025-09-19T13:00:10.441929Z","level":"info","event":"#### csv created and stored in : /opt/airflow/warehouse/reseau_transport_static/routes_2025-09-19_15:00:10.439861.csv","chan":"stdout","logger":"task"}
{"timestamp":"2025-09-19T13:00:10.489372Z","level":"info","event":"┌──────────┬───────────────┬──────────────────┬───┬────────────┬──────────────────────┬─────────────┬──────────────────┐","chan":"stdout","logger":"task"}
{"timestamp":"2025-09-19T13:00:10.489695Z","level":"info","event":"│ route_id │   agency_id   │ route_short_name │ … │ route_type │      route_url       │ route_color │ route_text_color │","chan":"stdout","logger":"task"}
{"timestamp":"2025-09-19T13:00:10.489850Z","level":"info","event":"│ varchar  │    varchar    │     varchar      │   │   int64    │       varchar        │   varchar   │     varchar      │","chan":"stdout","logger":"task"}
{"timestamp":"2025-09-19T13:00:10.489967Z","level":"info","event":"├──────────┼───────────────┼──────────────────┼───┼────────────┼──────────────────────┼─────────────┼──────────────────┤","chan":"stdout","logger":"task"}
{"timestamp":"2025-09-19T13:00:10.490072Z","level":"info","event":"│ 05       │ lignes-d-azur │ 05               │ … │          3 │ https://ftp.lignes…  │ 3065AF      │ FFFFFF           │","chan":"stdout","logger":"task"}
{"timestamp":"2025-09-19T13:00:10.490175Z","level":"info","event":"│ 06       │ lignes-d-azur │ 06               │ … │          3 │ https://ftp.lignes…  │ 2FA948      │ FFFFFF           │","chan":"stdout","logger":"task"}
{"timestamp":"2025-09-19T13:00:10.490271Z","level":"info","event":"│ 07       │ lignes-d-azur │ 07               │ … │          3 │ https://ftp.lignes…  │ 751D5D      │ FFFFFF           │","chan":"stdout","logger":"task"}
{"timestamp":"2025-09-19T13:00:10.490365Z","level":"info","event":"│ 09       │ lignes-d-azur │ 09               │ … │          3 │ https://ftp.lignes…  │ EF7D00      │ FFFFFF           │","chan":"stdout","logger":"task"}
{"timestamp":"2025-09-19T13:00:10.490454Z","level":"info","event":"│ 11       │ lignes-d-azur │ 11               │ … │          3 │ https://ftp.lignes…  │ 9C3F8F      │ FFFFFF           │","chan":"stdout","logger":"task"}
{"timestamp":"2025-09-19T13:00:10.490545Z","level":"info","event":"│ 12       │ lignes-d-azur │ 12+              │ … │          3 │ https://ftp.lignes…  │ DE1381      │ FFFFFF           │","chan":"stdout","logger":"task"}
{"timestamp":"2025-09-19T13:00:10.490690Z","level":"info","event":"│ 14       │ lignes-d-azur │ 14               │ … │          3 │ https://ftp.lignes…  │ F07E04      │ FFFFFF           │","chan":"stdout","logger":"task"}
{"timestamp":"2025-09-19T13:00:10.490795Z","level":"info","event":"│ 15       │ lignes-d-azur │ 15               │ … │          3 │ https://ftp.lignes…  │ 15B1AF      │ FFFFFF           │","chan":"stdout","logger":"task"}
{"timestamp":"2025-09-19T13:00:10.490877Z","level":"info","event":"│ 16       │ lignes-d-azur │ 16               │ … │          3 │ https://ftp.lignes…  │ 35BEEB      │ FFFFFF           │","chan":"stdout","logger":"task"}
{"timestamp":"2025-09-19T13:00:10.490978Z","level":"info","event":"│ 17       │ lignes-d-azur │ 17               │ … │          3 │ https://ftp.lignes…  │ 418ABF      │ FFFFFF           │","chan":"stdout","logger":"task"}
{"timestamp":"2025-09-19T13:00:10.491094Z","level":"info","event":"│ ·        │       ·       │ ·                │ · │          · │          ·           │   ·         │   ·              │","chan":"stdout","logger":"task"}
{"timestamp":"2025-09-19T13:00:10.491191Z","level":"info","event":"│ ·        │       ·       │ ·                │ · │          · │          ·           │   ·         │   ·              │","chan":"stdout","logger":"task"}
{"timestamp":"2025-09-19T13:00:10.491281Z","level":"info","event":"│ ·        │       ·       │ ·                │ · │          · │          ·           │   ·         │   ·              │","chan":"stdout","logger":"task"}
{"timestamp":"2025-09-19T13:00:10.491371Z","level":"info","event":"│ NGOR     │ lignes-d-azur │ NGOR             │ … │          3 │ https://ftp.lignes…  │ 2AA137      │ FFFFFF           │","chan":"stdout","logger":"task"}
{"timestamp":"2025-09-19T13:00:10.491460Z","level":"info","event":"│ 10       │ lignes-d-azur │ 10               │ … │          3 │ https://ftp.lignes…  │ 31A948      │ FFFFFF           │","chan":"stdout","logger":"task"}
{"timestamp":"2025-09-19T13:00:10.491553Z","level":"info","event":"│ 08       │ lignes-d-azur │ 8+               │ … │          3 │ https://ftp.lignes…  │ FEC703      │ 000000           │","chan":"stdout","logger":"task"}
{"timestamp":"2025-09-19T13:00:10.491832Z","level":"info","event":"│ 12+      │ lignes-d-azur │ 12+              │ … │          3 │ https://ftp.lignes…  │ DE1381      │ FFFFFF           │","chan":"stdout","logger":"task"}
{"timestamp":"2025-09-19T13:00:10.491961Z","level":"info","event":"│ 8+       │ lignes-d-azur │ 8+               │ … │          3 │ https://ftp.lignes…  │ FEC703      │ 000000           │","chan":"stdout","logger":"task"}
{"timestamp":"2025-09-19T13:00:10.492047Z","level":"info","event":"│ B        │ lignes-d-azur │ B                │ … │          0 │ https://ftp.lignes…  │ FFDD00      │ 000000           │","chan":"stdout","logger":"task"}
{"timestamp":"2025-09-19T13:00:10.492118Z","level":"info","event":"│ NBOR     │ lignes-d-azur │ NBOR             │ … │          3 │ https://ftp.lignes…  │ 2AA137      │ 000000           │","chan":"stdout","logger":"task"}
{"timestamp":"2025-09-19T13:00:10.492185Z","level":"info","event":"│ VESU     │ lignes-d-azur │ VESU             │ … │          3 │ https://ftp.lignes…  │ 2AA137      │ FFFFFF           │","chan":"stdout","logger":"task"}
{"timestamp":"2025-09-19T13:00:10.492600Z","level":"info","event":"│ FOOT     │ lignes-d-azur │ FOOT             │ … │          3 │ NULL                 │ 36BEE9      │ FFFFFF           │","chan":"stdout","logger":"task"}
{"timestamp":"2025-09-19T13:00:10.492774Z","level":"info","event":"│ NV30     │ lignes-d-azur │ NV30             │ … │          3 │ NULL                 │ 428ABF      │ FFFFFF           │","chan":"stdout","logger":"task"}
{"timestamp":"2025-09-19T13:00:10.492907Z","level":"info","event":"├──────────┴───────────────┴──────────────────┴───┴────────────┴──────────────────────┴─────────────┴──────────────────┤","chan":"stdout","logger":"task"}
{"timestamp":"2025-09-19T13:00:10.493001Z","level":"info","event":"│ 226 rows (20 shown)                                                                              9 columns (7 shown) │","chan":"stdout","logger":"task"}
{"timestamp":"2025-09-19T13:00:10.493062Z","level":"info","event":"└──────────────────────────────────────────────────────────────────────────────────────────────────────────────────────┘","chan":"stdout","logger":"task"}
{"timestamp":"2025-09-19T13:00:10.493113Z","level":"info","event":"","chan":"stdout","logger":"task"}
{"timestamp":"2025-09-19T13:00:10.871532Z","level":"info","event":"---------- trips -------------","chan":"stdout","logger":"task"}
{"timestamp":"2025-09-19T13:00:11.260473Z","level":"info","event":"#### csv created and stored in : /opt/airflow/warehouse/reseau_transport_static/trips_2025-09-19_15:00:10.871418.csv","chan":"stdout","logger":"task"}
{"timestamp":"2025-09-19T13:00:11.714295Z","level":"info","event":"┌──────────┬──────────────────────┬──────────────────────┬───┬──────────┬──────────────────────┬───────────────┐","chan":"stdout","logger":"task"}
{"timestamp":"2025-09-19T13:00:11.714619Z","level":"info","event":"│ route_id │      service_id      │       trip_id        │ … │ shape_id │ wheelchair_accessi…  │ bikes_allowed │","chan":"stdout","logger":"task"}
{"timestamp":"2025-09-19T13:00:11.714770Z","level":"info","event":"│ varchar  │       varchar        │       varchar        │   │ varchar  │        int64         │     int64     │","chan":"stdout","logger":"task"}
{"timestamp":"2025-09-19T13:00:11.714884Z","level":"info","event":"├──────────┼──────────────────────┼──────────────────────┼───┼──────────┼──────────────────────┼───────────────┤","chan":"stdout","logger":"task"}
{"timestamp":"2025-09-19T13:00:11.714977Z","level":"info","event":"│ 40       │ chouette:TimeTable…  │ 4350596-40_A_50_40…  │ … │ 400009   │                    0 │             0 │","chan":"stdout","logger":"task"}
{"timestamp":"2025-09-19T13:00:11.715063Z","level":"info","event":"│ 40       │ RESEAU2023-40-Sema…  │ 4350596-40_A_50_40…  │ … │ 400009   │                    0 │             0 │","chan":"stdout","logger":"task"}
{"timestamp":"2025-09-19T13:00:11.715152Z","level":"info","event":"│ 62       │ chouette:TimeTable…  │ 4336738-62_R_98_62…  │ … │ 620015   │                    0 │             0 │","chan":"stdout","logger":"task"}
{"timestamp":"2025-09-19T13:00:11.715237Z","level":"info","event":"│ 62       │ RESEAU2023-62-Same…  │ 4336738-62_R_98_62…  │ … │ 620015   │                    0 │             0 │","chan":"stdout","logger":"task"}
{"timestamp":"2025-09-19T13:00:11.715389Z","level":"info","event":"│ C34      │ RESEAU2021-C34-Dim…  │ 3064040-C34_R_2_C3…  │ … │ C340002  │                    0 │             0 │","chan":"stdout","logger":"task"}
{"timestamp":"2025-09-19T13:00:11.715527Z","level":"info","event":"│ C34      │ chouette:TimeTable…  │ 3064040-C34_R_2_C3…  │ … │ C340002  │                    0 │             0 │","chan":"stdout","logger":"task"}
{"timestamp":"2025-09-19T13:00:11.715612Z","level":"info","event":"│ 62       │ RESEAU2023-62-Dima…  │ 4336785-62_R_98_62…  │ … │ 620015   │                    0 │             0 │","chan":"stdout","logger":"task"}
{"timestamp":"2025-09-19T13:00:11.715699Z","level":"info","event":"│ 62       │ chouette:TimeTable…  │ 4336785-62_R_98_62…  │ … │ 620015   │                    0 │             0 │","chan":"stdout","logger":"task"}
{"timestamp":"2025-09-19T13:00:11.715789Z","level":"info","event":"│ 40       │ chouette:TimeTable…  │ 4350598-40_A_50_40…  │ … │ 400009   │                    0 │             0 │","chan":"stdout","logger":"task"}
{"timestamp":"2025-09-19T13:00:11.715867Z","level":"info","event":"│ 40       │ RESEAU2023-40-Sema…  │ 4350598-40_A_50_40…  │ … │ 400009   │                    0 │             0 │","chan":"stdout","logger":"task"}
{"timestamp":"2025-09-19T13:00:11.715946Z","level":"info","event":"│ ·        │          ·           │          ·           │ · │   ·      │                    · │             · │","chan":"stdout","logger":"task"}
{"timestamp":"2025-09-19T13:00:11.716017Z","level":"info","event":"│ ·        │          ·           │          ·           │ · │   ·      │                    · │             · │","chan":"stdout","logger":"task"}
{"timestamp":"2025-09-19T13:00:11.716088Z","level":"info","event":"│ ·        │          ·           │          ·           │ · │   ·      │                    · │             · │","chan":"stdout","logger":"task"}
{"timestamp":"2025-09-19T13:00:11.716157Z","level":"info","event":"│ B        │ JANV2025-B-Dimanch…  │ 6178112-B_R_99_VTB…  │ … │ B0004    │                    0 │             0 │","chan":"stdout","logger":"task"}
{"timestamp":"2025-09-19T13:00:11.716229Z","level":"info","event":"│ B        │ chouette:TimeTable…  │ 6178112-B_R_99_VTB…  │ … │ B0004    │                    0 │             0 │","chan":"stdout","logger":"task"}
{"timestamp":"2025-09-19T13:00:11.716329Z","level":"info","event":"│ B        │ JANV2025-B-Dimanch…  │ 6178113-B_A_50_VTB…  │ … │ B0005    │                    0 │             0 │","chan":"stdout","logger":"task"}
{"timestamp":"2025-09-19T13:00:11.716484Z","level":"info","event":"│ B        │ chouette:TimeTable…  │ 6178113-B_A_50_VTB…  │ … │ B0005    │                    0 │             0 │","chan":"stdout","logger":"task"}
{"timestamp":"2025-09-19T13:00:11.716572Z","level":"info","event":"│ B        │ JANV2025-B-Dimanch…  │ 6178114-B_A_50_VTB…  │ … │ B0005    │                    0 │             0 │","chan":"stdout","logger":"task"}
{"timestamp":"2025-09-19T13:00:11.716646Z","level":"info","event":"│ B        │ chouette:TimeTable…  │ 6178114-B_A_50_VTB…  │ … │ B0005    │                    0 │             0 │","chan":"stdout","logger":"task"}
{"timestamp":"2025-09-19T13:00:11.716722Z","level":"info","event":"│ B        │ JANV2025-B-Dimanch…  │ 6178115-B_A_50_VTB…  │ … │ B0005    │                    0 │             0 │","chan":"stdout","logger":"task"}
{"timestamp":"2025-09-19T13:00:11.716803Z","level":"info","event":"│ B        │ chouette:TimeTable…  │ 6178115-B_A_50_VTB…  │ … │ B0005    │                    0 │             0 │","chan":"stdout","logger":"task"}
{"timestamp":"2025-09-19T13:00:11.716907Z","level":"info","event":"│ B        │ JANV2025-B-Dimanch…  │ 6178116-B_R_99_VTB…  │ … │ B0004    │                    0 │             0 │","chan":"stdout","logger":"task"}
{"timestamp":"2025-09-19T13:00:11.717008Z","level":"info","event":"│ B        │ chouette:TimeTable…  │ 6178116-B_R_99_VTB…  │ … │ B0004    │                    0 │             0 │","chan":"stdout","logger":"task"}
{"timestamp":"2025-09-19T13:00:11.717215Z","level":"info","event":"├──────────┴──────────────────────┴──────────────────────┴───┴──────────┴──────────────────────┴───────────────┤","chan":"stdout","logger":"task"}
{"timestamp":"2025-09-19T13:00:11.717361Z","level":"info","event":"│ ? rows (>9999 rows, 20 shown)                                                            9 columns (6 shown) │","chan":"stdout","logger":"task"}
{"timestamp":"2025-09-19T13:00:11.717462Z","level":"info","event":"└──────────────────────────────────────────────────────────────────────────────────────────────────────────────┘","chan":"stdout","logger":"task"}
{"timestamp":"2025-09-19T13:00:11.717550Z","level":"info","event":"","chan":"stdout","logger":"task"}
{"timestamp":"2025-09-19T13:00:13.453759Z","level":"info","event":"---------- stop_times -------------","chan":"stdout","logger":"task"}
{"timestamp":"2025-09-19T13:00:34.987856Z","level":"info","event":"#### csv created and stored in : /opt/airflow/warehouse/reseau_transport_static/stop_times_2025-09-19_15:00:30.079194.csv","chan":"stdout","logger":"task"}
{"timestamp":"2025-09-19T13:00:36.991152Z","level":"info","event":"┌──────────────────────────────┬──────────────┬────────────────┬─────────┬───────────────┬─────────────┬───────────────┐","chan":"stdout","logger":"task"}
{"timestamp":"2025-09-19T13:00:36.991629Z","level":"info","event":"│           trip_id            │ arrival_time │ departure_time │ stop_id │ stop_sequence │ pickup_type │ drop_off_type │","chan":"stdout","logger":"task"}
{"timestamp":"2025-09-19T13:00:36.991733Z","level":"info","event":"│           varchar            │     time     │      time      │  int64  │     int64     │    int64    │     int64     │","chan":"stdout","logger":"task"}
{"timestamp":"2025-09-19T13:00:36.991799Z","level":"info","event":"├──────────────────────────────┼──────────────┼────────────────┼─────────┼───────────────┼─────────────┼───────────────┤","chan":"stdout","logger":"task"}
{"timestamp":"2025-09-19T13:00:36.991850Z","level":"info","event":"│ 3064029-C32_A_1_C3201_08:3…  │ 08:30:00     │ 08:30:00       │   21681 │             0 │           2 │             2 │","chan":"stdout","logger":"task"}
{"timestamp":"2025-09-19T13:00:36.991908Z","level":"info","event":"│ 3064029-C32_A_1_C3201_08:3…  │ 08:30:00     │ 08:30:00       │   21681 │             0 │           2 │             2 │","chan":"stdout","logger":"task"}
{"timestamp":"2025-09-19T13:00:36.991954Z","level":"info","event":"│ 3064029-C32_A_1_C3201_08:3…  │ 08:35:00     │ 08:35:00       │   21652 │             1 │           2 │             2 │","chan":"stdout","logger":"task"}
{"timestamp":"2025-09-19T13:00:36.992009Z","level":"info","event":"│ 3064029-C32_A_1_C3201_08:3…  │ 08:35:00     │ 08:35:00       │   21652 │             1 │           2 │             2 │","chan":"stdout","logger":"task"}
{"timestamp":"2025-09-19T13:00:36.992075Z","level":"info","event":"│ 3064029-C32_A_1_C3201_08:3…  │ 08:55:00     │ 08:55:00       │   21644 │             2 │           2 │             2 │","chan":"stdout","logger":"task"}
{"timestamp":"2025-09-19T13:00:36.992120Z","level":"info","event":"│ 3064029-C32_A_1_C3201_08:3…  │ 08:55:00     │ 08:55:00       │   21644 │             2 │           2 │             2 │","chan":"stdout","logger":"task"}
{"timestamp":"2025-09-19T13:00:36.992179Z","level":"info","event":"│ 3064029-C32_A_1_C3201_08:3…  │ 09:15:00     │ 09:15:00       │   21398 │             3 │           2 │             2 │","chan":"stdout","logger":"task"}
{"timestamp":"2025-09-19T13:00:36.992230Z","level":"info","event":"│ 3064029-C32_A_1_C3201_08:3…  │ 09:15:00     │ 09:15:00       │   21398 │             3 │           2 │             2 │","chan":"stdout","logger":"task"}
{"timestamp":"2025-09-19T13:00:36.992270Z","level":"info","event":"│ 3064030-C32_R_2_C3202_17:2…  │ 17:20:00     │ 17:20:00       │   21398 │             0 │           2 │             2 │","chan":"stdout","logger":"task"}
{"timestamp":"2025-09-19T13:00:36.992314Z","level":"info","event":"│ 3064030-C32_R_2_C3202_17:2…  │ 17:20:00     │ 17:20:00       │   21398 │             0 │           2 │             2 │","chan":"stdout","logger":"task"}
{"timestamp":"2025-09-19T13:00:36.992453Z","level":"info","event":"│              ·               │    ·         │    ·           │     ·   │             · │           · │             · │","chan":"stdout","logger":"task"}
{"timestamp":"2025-09-19T13:00:36.992506Z","level":"info","event":"│              ·               │    ·         │    ·           │     ·   │             · │           · │             · │","chan":"stdout","logger":"task"}
{"timestamp":"2025-09-19T13:00:36.992604Z","level":"info","event":"│              ·               │    ·         │    ·           │     ·   │             · │           · │             · │","chan":"stdout","logger":"task"}
{"timestamp":"2025-09-19T13:00:36.992648Z","level":"info","event":"│ 5228592-Exp2_R_17_12_16:30…  │ 16:34:00     │ 16:34:00       │   21578 │            14 │           0 │             0 │","chan":"stdout","logger":"task"}
{"timestamp":"2025-09-19T13:00:36.992688Z","level":"info","event":"│ 5228592-Exp2_R_17_12_16:30…  │ 16:34:00     │ 16:34:00       │   21578 │            14 │           0 │             0 │","chan":"stdout","logger":"task"}
{"timestamp":"2025-09-19T13:00:36.992732Z","level":"info","event":"│ 5228592-Exp2_R_17_12_16:30…  │ 16:35:00     │ 16:35:00       │   21579 │            15 │           0 │             0 │","chan":"stdout","logger":"task"}
{"timestamp":"2025-09-19T13:00:36.992774Z","level":"info","event":"│ 5228592-Exp2_R_17_12_16:30…  │ 16:35:00     │ 16:35:00       │   21579 │            15 │           0 │             0 │","chan":"stdout","logger":"task"}
{"timestamp":"2025-09-19T13:00:36.992814Z","level":"info","event":"│ 5228592-Exp2_R_17_12_16:30…  │ 16:35:00     │ 16:35:00       │   21580 │            16 │           0 │             0 │","chan":"stdout","logger":"task"}
{"timestamp":"2025-09-19T13:00:36.992853Z","level":"info","event":"│ 5228592-Exp2_R_17_12_16:30…  │ 16:35:00     │ 16:35:00       │   21580 │            16 │           0 │             0 │","chan":"stdout","logger":"task"}
{"timestamp":"2025-09-19T13:00:36.992919Z","level":"info","event":"│ 5228592-Exp2_R_17_12_16:30…  │ 16:35:00     │ 16:35:00       │   21581 │            17 │           0 │             0 │","chan":"stdout","logger":"task"}
{"timestamp":"2025-09-19T13:00:36.992972Z","level":"info","event":"│ 5228592-Exp2_R_17_12_16:30…  │ 16:35:00     │ 16:35:00       │   21581 │            17 │           0 │             0 │","chan":"stdout","logger":"task"}
{"timestamp":"2025-09-19T13:00:36.993024Z","level":"info","event":"│ 5228592-Exp2_R_17_12_16:30…  │ 16:36:00     │ 16:36:00       │   21582 │            18 │           0 │             0 │","chan":"stdout","logger":"task"}
{"timestamp":"2025-09-19T13:00:36.993235Z","level":"info","event":"│ 5228592-Exp2_R_17_12_16:30…  │ 16:36:00     │ 16:36:00       │   21582 │            18 │           0 │             0 │","chan":"stdout","logger":"task"}
{"timestamp":"2025-09-19T13:00:36.993323Z","level":"info","event":"├──────────────────────────────┴──────────────┴────────────────┴─────────┴───────────────┴─────────────┴───────────────┤","chan":"stdout","logger":"task"}
{"timestamp":"2025-09-19T13:00:36.993376Z","level":"info","event":"│ ? rows (>9999 rows, 20 shown)                                                                              7 columns │","chan":"stdout","logger":"task"}
{"timestamp":"2025-09-19T13:00:36.993418Z","level":"info","event":"└──────────────────────────────────────────────────────────────────────────────────────────────────────────────────────┘","chan":"stdout","logger":"task"}
{"timestamp":"2025-09-19T13:00:36.993459Z","level":"info","event":"","chan":"stdout","logger":"task"}
{"timestamp":"2025-09-19T13:00:36.994376Z","level":"info","event":"---------- calendar -------------","chan":"stdout","logger":"task"}
{"timestamp":"2025-09-19T13:00:37.004348Z","level":"info","event":"#### csv created and stored in : /opt/airflow/warehouse/reseau_transport_static/calendar_2025-09-19_15:00:37.001488.csv","chan":"stdout","logger":"task"}
{"timestamp":"2025-09-19T13:00:37.086971Z","level":"info","event":"┌──────────────────────┬────────┬─────────┬───────────┬──────────┬───┬──────────┬────────┬────────────┬────────────┐","chan":"stdout","logger":"task"}
{"timestamp":"2025-09-19T13:00:37.087224Z","level":"info","event":"│      service_id      │ monday │ tuesday │ wednesday │ thursday │ … │ saturday │ sunday │ start_date │  end_date  │","chan":"stdout","logger":"task"}
{"timestamp":"2025-09-19T13:00:37.087297Z","level":"info","event":"│       varchar        │ int64  │  int64  │   int64   │  int64   │   │  int64   │ int64  │    date    │    date    │","chan":"stdout","logger":"task"}
{"timestamp":"2025-09-19T13:00:37.087351Z","level":"info","event":"├──────────────────────┼────────┼─────────┼───────────┼──────────┼───┼──────────┼────────┼────────────┼────────────┤","chan":"stdout","logger":"task"}
{"timestamp":"2025-09-19T13:00:37.087400Z","level":"info","event":"│ PVS2024-25-B-Semai…  │      1 │       1 │         1 │        1 │ … │        0 │      0 │ 2025-10-20 │ 2025-10-30 │","chan":"stdout","logger":"task"}
{"timestamp":"2025-09-19T13:00:37.087446Z","level":"info","event":"│ chouette:TimeTable…  │      0 │       0 │         0 │        0 │ … │        1 │      0 │ 2025-09-20 │ 2025-12-27 │","chan":"stdout","logger":"task"}
{"timestamp":"2025-09-19T13:00:37.087490Z","level":"info","event":"│ JANV2025-B-Semaine…  │      1 │       1 │         1 │        1 │ … │        0 │      0 │ 2025-09-19 │ 2025-12-26 │","chan":"stdout","logger":"task"}
{"timestamp":"2025-09-19T13:00:37.087545Z","level":"info","event":"│ PVS2024-25-B-Semai…  │      1 │       1 │         1 │        1 │ … │        0 │      0 │ 2025-10-24 │ 2025-10-31 │","chan":"stdout","logger":"task"}
{"timestamp":"2025-09-19T13:00:37.087587Z","level":"info","event":"│ chouette:TimeTable…  │      0 │       0 │         0 │        0 │ … │        0 │      1 │ 2025-09-21 │ 2025-12-28 │","chan":"stdout","logger":"task"}
{"timestamp":"2025-09-19T13:00:37.087627Z","level":"info","event":"│ chouette:TimeTable…  │      1 │       1 │         1 │        1 │ … │        0 │      0 │ 2025-09-18 │ 2025-12-31 │","chan":"stdout","logger":"task"}
{"timestamp":"2025-09-19T13:00:37.087667Z","level":"info","event":"│ chouette:TimeTable…  │      0 │       1 │         1 │        1 │ … │        1 │      0 │ 2025-09-20 │ 2025-12-27 │","chan":"stdout","logger":"task"}
{"timestamp":"2025-09-19T13:00:37.087706Z","level":"info","event":"│ chouette:TimeTable…  │      0 │       1 │         1 │        1 │ … │        1 │      0 │ 2025-10-21 │ 2025-10-31 │","chan":"stdout","logger":"task"}
{"timestamp":"2025-09-19T13:00:37.087745Z","level":"info","event":"│ chouette:TimeTable…  │      0 │       0 │         0 │        0 │ … │        0 │      1 │ 2025-09-21 │ 2025-12-28 │","chan":"stdout","logger":"task"}
{"timestamp":"2025-09-19T13:00:37.087785Z","level":"info","event":"│ chouette:TimeTable…  │      0 │       1 │         1 │        1 │ … │        1 │      0 │ 2025-09-19 │ 2025-12-31 │","chan":"stdout","logger":"task"}
{"timestamp":"2025-09-19T13:00:37.087848Z","level":"info","event":"│          ·           │      · │       · │         · │        · │ · │        · │      · │     ·      │     ·      │","chan":"stdout","logger":"task"}
{"timestamp":"2025-09-19T13:00:37.087906Z","level":"info","event":"│          ·           │      · │       · │         · │        · │ · │        · │      · │     ·      │     ·      │","chan":"stdout","logger":"task"}
{"timestamp":"2025-09-19T13:00:37.087944Z","level":"info","event":"│          ·           │      · │       · │         · │        · │ · │        · │      · │     ·      │     ·      │","chan":"stdout","logger":"task"}
{"timestamp":"2025-09-19T13:00:37.087982Z","level":"info","event":"│ chouette:TimeTable…  │      0 │       1 │         1 │        1 │ … │        1 │      0 │ 2025-09-17 │ 2025-10-18 │","chan":"stdout","logger":"task"}
{"timestamp":"2025-09-19T13:00:37.088021Z","level":"info","event":"│ chouette:TimeTable…  │      1 │       0 │         0 │        0 │ … │        0 │      0 │ 2025-09-17 │ 2025-10-19 │","chan":"stdout","logger":"task"}
{"timestamp":"2025-09-19T13:00:37.088084Z","level":"info","event":"│ SETP2025-12-Semain…  │      1 │       1 │         1 │        1 │ … │        0 │      0 │ 2025-09-17 │ 2025-10-17 │","chan":"stdout","logger":"task"}
{"timestamp":"2025-09-19T13:00:37.088140Z","level":"info","event":"│ SETP2025-08-Semain…  │      1 │       1 │         1 │        1 │ … │        0 │      0 │ 2025-09-17 │ 2025-10-17 │","chan":"stdout","logger":"task"}
{"timestamp":"2025-09-19T13:00:37.088178Z","level":"info","event":"│ chouette:TimeTable…  │      0 │       0 │         0 │        0 │ … │        0 │      1 │ 2025-09-17 │ 2025-10-19 │","chan":"stdout","logger":"task"}
{"timestamp":"2025-09-19T13:00:37.088216Z","level":"info","event":"│ chouette:TimeTable…  │      0 │       0 │         0 │        0 │ … │        1 │      0 │ 2025-09-17 │ 2025-10-18 │","chan":"stdout","logger":"task"}
{"timestamp":"2025-09-19T13:00:37.088261Z","level":"info","event":"│ chouette:TimeTable…  │      1 │       0 │         0 │        0 │ … │        0 │      0 │ 2025-09-17 │ 2025-10-19 │","chan":"stdout","logger":"task"}
{"timestamp":"2025-09-19T13:00:37.088302Z","level":"info","event":"│ chouette:TimeTable…  │      0 │       0 │         0 │        0 │ … │        0 │      1 │ 2025-09-17 │ 2025-10-19 │","chan":"stdout","logger":"task"}
{"timestamp":"2025-09-19T13:00:37.088531Z","level":"info","event":"│ chouette:TimeTable…  │      0 │       0 │         0 │        0 │ … │        1 │      0 │ 2025-09-17 │ 2025-10-18 │","chan":"stdout","logger":"task"}
{"timestamp":"2025-09-19T13:00:37.088696Z","level":"info","event":"│ chouette:TimeTable…  │      0 │       1 │         1 │        1 │ … │        1 │      0 │ 2025-09-17 │ 2025-10-18 │","chan":"stdout","logger":"task"}
{"timestamp":"2025-09-19T13:00:37.088755Z","level":"info","event":"├──────────────────────┴────────┴─────────┴───────────┴──────────┴───┴──────────┴────────┴────────────┴────────────┤","chan":"stdout","logger":"task"}
{"timestamp":"2025-09-19T13:00:37.088800Z","level":"info","event":"│ 784 rows (20 shown)                                                                         10 columns (9 shown) │","chan":"stdout","logger":"task"}
{"timestamp":"2025-09-19T13:00:37.088844Z","level":"info","event":"└──────────────────────────────────────────────────────────────────────────────────────────────────────────────────┘","chan":"stdout","logger":"task"}
{"timestamp":"2025-09-19T13:00:37.088886Z","level":"info","event":"","chan":"stdout","logger":"task"}
{"timestamp":"2025-09-19T13:00:37.090615Z","level":"info","event":"---------- calendar_dates -------------","chan":"stdout","logger":"task"}
{"timestamp":"2025-09-19T13:00:37.130530Z","level":"info","event":"#### csv created and stored in : /opt/airflow/warehouse/reseau_transport_static/calendar_dates_2025-09-19_15:00:37.120163.csv","chan":"stdout","logger":"task"}
{"timestamp":"2025-09-19T13:00:37.175863Z","level":"info","event":"┌─────────────────────────────────────────────────────────────┬────────────┬────────────────┐","chan":"stdout","logger":"task"}
{"timestamp":"2025-09-19T13:00:37.176120Z","level":"info","event":"│                         service_id                          │    date    │ exception_type │","chan":"stdout","logger":"task"}
{"timestamp":"2025-09-19T13:00:37.176220Z","level":"info","event":"│                           varchar                           │    date    │     int64      │","chan":"stdout","logger":"task"}
{"timestamp":"2025-09-19T13:00:37.176280Z","level":"info","event":"├─────────────────────────────────────────────────────────────┼────────────┼────────────────┤","chan":"stdout","logger":"task"}
{"timestamp":"2025-09-19T13:00:37.176338Z","level":"info","event":"│ PVS2024-25-B-Semaine-12-B                                   │ 2025-10-24 │              2 │","chan":"stdout","logger":"task"}
{"timestamp":"2025-09-19T13:00:37.176445Z","level":"info","event":"│ chouette:TimeTable:5f61c429-3817-4284-9fbb-5cdda097230a:LOC │ 2025-11-01 │              2 │","chan":"stdout","logger":"task"}
{"timestamp":"2025-09-19T13:00:37.176511Z","level":"info","event":"│ JANV2025-B-Semaine-10-B                                     │ 2025-09-22 │              2 │","chan":"stdout","logger":"task"}
{"timestamp":"2025-09-19T13:00:37.176591Z","level":"info","event":"│ JANV2025-B-Semaine-10-B                                     │ 2025-09-23 │              2 │","chan":"stdout","logger":"task"}
{"timestamp":"2025-09-19T13:00:37.176641Z","level":"info","event":"│ JANV2025-B-Semaine-10-B                                     │ 2025-09-24 │              2 │","chan":"stdout","logger":"task"}
{"timestamp":"2025-09-19T13:00:37.176691Z","level":"info","event":"│ JANV2025-B-Semaine-10-B                                     │ 2025-09-25 │              2 │","chan":"stdout","logger":"task"}
{"timestamp":"2025-09-19T13:00:37.176782Z","level":"info","event":"│ JANV2025-B-Semaine-10-B                                     │ 2025-09-29 │              2 │","chan":"stdout","logger":"task"}
{"timestamp":"2025-09-19T13:00:37.176844Z","level":"info","event":"│ JANV2025-B-Semaine-10-B                                     │ 2025-09-30 │              2 │","chan":"stdout","logger":"task"}
{"timestamp":"2025-09-19T13:00:37.176890Z","level":"info","event":"│ JANV2025-B-Semaine-10-B                                     │ 2025-10-01 │              2 │","chan":"stdout","logger":"task"}
{"timestamp":"2025-09-19T13:00:37.176949Z","level":"info","event":"│ JANV2025-B-Semaine-10-B                                     │ 2025-10-02 │              2 │","chan":"stdout","logger":"task"}
{"timestamp":"2025-09-19T13:00:37.177010Z","level":"info","event":"│            ·                                                │     ·      │              · │","chan":"stdout","logger":"task"}
{"timestamp":"2025-09-19T13:00:37.177056Z","level":"info","event":"│            ·                                                │     ·      │              · │","chan":"stdout","logger":"task"}
{"timestamp":"2025-09-19T13:00:37.177146Z","level":"info","event":"│            ·                                                │     ·      │              · │","chan":"stdout","logger":"task"}
{"timestamp":"2025-09-19T13:00:37.177195Z","level":"info","event":"│ chouette:TimeTable:a7dedf85-3e8e-4224-ba0b-13771d3df1dc:LOC │ 2025-09-17 │              1 │","chan":"stdout","logger":"task"}
{"timestamp":"2025-09-19T13:00:37.177251Z","level":"info","event":"│ chouette:TimeTable:b956e64b-9b7a-46ab-a40a-863071a306c3:LOC │ 2025-09-17 │              1 │","chan":"stdout","logger":"task"}
{"timestamp":"2025-09-19T13:00:37.177304Z","level":"info","event":"│ PROJET2025-63-Mercredi-73-63                                │ 2025-09-17 │              1 │","chan":"stdout","logger":"task"}
{"timestamp":"2025-09-19T13:00:37.177367Z","level":"info","event":"│ PROJET2025-54-Semaine-17-54                                 │ 2025-09-17 │              1 │","chan":"stdout","logger":"task"}
{"timestamp":"2025-09-19T13:00:37.177468Z","level":"info","event":"│ chouette:TimeTable:e031e0e6-2549-4b3f-abe2-5ca74a26a14c:LOC │ 2025-09-17 │              1 │","chan":"stdout","logger":"task"}
{"timestamp":"2025-09-19T13:00:37.177535Z","level":"info","event":"│ chouette:TimeTable:7a95a7d5-6fb9-4101-9b12-19198b364aae:LOC │ 2025-09-17 │              1 │","chan":"stdout","logger":"task"}
{"timestamp":"2025-09-19T13:00:37.177597Z","level":"info","event":"│ JANV2025-L2-Samedi-03-L2                                    │ 2025-09-17 │              1 │","chan":"stdout","logger":"task"}
{"timestamp":"2025-09-19T13:00:37.177655Z","level":"info","event":"│ chouette:TimeTable:6120623a-ef5c-4c9a-844a-a33f790266ab:LOC │ 2025-09-17 │              1 │","chan":"stdout","logger":"task"}
{"timestamp":"2025-09-19T13:00:37.177717Z","level":"info","event":"│ RESEAU2023-40-Semaine-04-40                                 │ 2025-09-17 │              1 │","chan":"stdout","logger":"task"}
{"timestamp":"2025-09-19T13:00:37.177798Z","level":"info","event":"│ chouette:TimeTable:721d9cb9-8df1-4e78-9b13-5a7d3f6fc3bd:LOC │ 2025-09-17 │              1 │","chan":"stdout","logger":"task"}
{"timestamp":"2025-09-19T13:00:37.177911Z","level":"info","event":"├─────────────────────────────────────────────────────────────┴────────────┴────────────────┤","chan":"stdout","logger":"task"}
{"timestamp":"2025-09-19T13:00:37.178000Z","level":"info","event":"│ 6742 rows (20 shown)                                                            3 columns │","chan":"stdout","logger":"task"}
{"timestamp":"2025-09-19T13:00:37.178064Z","level":"info","event":"└───────────────────────────────────────────────────────────────────────────────────────────┘","chan":"stdout","logger":"task"}
{"timestamp":"2025-09-19T13:00:37.178120Z","level":"info","event":"","chan":"stdout","logger":"task"}
{"timestamp":"2025-09-19T13:00:37.372284Z","level":"info","event":"---------- shapes -------------","chan":"stdout","logger":"task"}
{"timestamp":"2025-09-19T13:00:38.331692Z","level":"info","event":"#### csv created and stored in : /opt/airflow/warehouse/reseau_transport_static/shapes_2025-09-19_15:00:37.372099.csv","chan":"stdout","logger":"task"}
{"timestamp":"2025-09-19T13:00:38.598729Z","level":"info","event":"┌──────────┬──────────────┬──────────────┬───────────────────┬─────────────────────┐","chan":"stdout","logger":"task"}
{"timestamp":"2025-09-19T13:00:38.598933Z","level":"info","event":"│ shape_id │ shape_pt_lat │ shape_pt_lon │ shape_pt_sequence │ shape_dist_traveled │","chan":"stdout","logger":"task"}
{"timestamp":"2025-09-19T13:00:38.599017Z","level":"info","event":"│ varchar  │    double    │    double    │       int64       │       double        │","chan":"stdout","logger":"task"}
{"timestamp":"2025-09-19T13:00:38.599073Z","level":"info","event":"├──────────┼──────────────┼──────────────┼───────────────────┼─────────────────────┤","chan":"stdout","logger":"task"}
{"timestamp":"2025-09-19T13:00:38.599123Z","level":"info","event":"│ 090009   │    43.666912 │      7.12729 │                 0 │                 0.0 │","chan":"stdout","logger":"task"}
{"timestamp":"2025-09-19T13:00:38.599165Z","level":"info","event":"│ 090009   │    43.666146 │     7.127847 │                 1 │               0.096 │","chan":"stdout","logger":"task"}
{"timestamp":"2025-09-19T13:00:38.599207Z","level":"info","event":"│ 090009   │    43.665786 │     7.128121 │                 2 │               0.142 │","chan":"stdout","logger":"task"}
{"timestamp":"2025-09-19T13:00:38.599248Z","level":"info","event":"│ 090009   │    43.665663 │     7.128181 │                 3 │               0.157 │","chan":"stdout","logger":"task"}
{"timestamp":"2025-09-19T13:00:38.599293Z","level":"info","event":"│ 090009   │    43.665541 │     7.128189 │                 4 │                0.17 │","chan":"stdout","logger":"task"}
{"timestamp":"2025-09-19T13:00:38.599335Z","level":"info","event":"│ 090009   │    43.665459 │     7.128166 │                 5 │               0.179 │","chan":"stdout","logger":"task"}
{"timestamp":"2025-09-19T13:00:38.599378Z","level":"info","event":"│ 090009   │    43.665393 │     7.128129 │                 6 │               0.187 │","chan":"stdout","logger":"task"}
{"timestamp":"2025-09-19T13:00:38.599429Z","level":"info","event":"│ 090009   │     43.66538 │      7.12805 │                 7 │               0.194 │","chan":"stdout","logger":"task"}
{"timestamp":"2025-09-19T13:00:38.599480Z","level":"info","event":"│ 090009   │     43.66538 │     7.128005 │                 8 │               0.198 │","chan":"stdout","logger":"task"}
{"timestamp":"2025-09-19T13:00:38.599541Z","level":"info","event":"│ 090009   │    43.665285 │     7.127922 │                 9 │                0.21 │","chan":"stdout","logger":"task"}
{"timestamp":"2025-09-19T13:00:38.599617Z","level":"info","event":"│   ·      │        ·     │         ·    │                 · │                  ·  │","chan":"stdout","logger":"task"}
{"timestamp":"2025-09-19T13:00:38.599692Z","level":"info","event":"│   ·      │        ·     │         ·    │                 · │                  ·  │","chan":"stdout","logger":"task"}
{"timestamp":"2025-09-19T13:00:38.599770Z","level":"info","event":"│   ·      │        ·     │         ·    │                 · │                  ·  │","chan":"stdout","logger":"task"}
{"timestamp":"2025-09-19T13:00:38.599836Z","level":"info","event":"│ K0005    │    43.791352 │     7.231355 │               350 │               5.779 │","chan":"stdout","logger":"task"}
{"timestamp":"2025-09-19T13:00:38.599878Z","level":"info","event":"│ K0005    │    43.791011 │     7.231284 │               351 │               5.818 │","chan":"stdout","logger":"task"}
{"timestamp":"2025-09-19T13:00:38.599946Z","level":"info","event":"│ K0005    │    43.790547 │     7.231148 │               352 │                5.87 │","chan":"stdout","logger":"task"}
{"timestamp":"2025-09-19T13:00:38.599989Z","level":"info","event":"│ K0005    │    43.790537 │     7.231148 │               353 │               5.872 │","chan":"stdout","logger":"task"}
{"timestamp":"2025-09-19T13:00:38.600028Z","level":"info","event":"│ K0005    │    43.790537 │     7.231148 │               354 │               5.872 │","chan":"stdout","logger":"task"}
{"timestamp":"2025-09-19T13:00:38.600074Z","level":"info","event":"│ K0005    │    43.790473 │     7.231148 │               355 │               5.879 │","chan":"stdout","logger":"task"}
{"timestamp":"2025-09-19T13:00:38.600121Z","level":"info","event":"│ K0005    │    43.790418 │     7.231202 │               356 │               5.886 │","chan":"stdout","logger":"task"}
{"timestamp":"2025-09-19T13:00:38.600160Z","level":"info","event":"│ K0005    │    43.790439 │     7.231428 │               357 │               5.904 │","chan":"stdout","logger":"task"}
{"timestamp":"2025-09-19T13:00:38.600198Z","level":"info","event":"│ K0005    │    43.790524 │     7.231782 │               358 │               5.934 │","chan":"stdout","logger":"task"}
{"timestamp":"2025-09-19T13:00:38.600240Z","level":"info","event":"│ K0005    │    43.790573 │     7.231867 │               359 │               5.943 │","chan":"stdout","logger":"task"}
{"timestamp":"2025-09-19T13:00:38.600282Z","level":"info","event":"├──────────┴──────────────┴──────────────┴───────────────────┴─────────────────────┤","chan":"stdout","logger":"task"}
{"timestamp":"2025-09-19T13:00:38.600387Z","level":"info","event":"│ ? rows (>9999 rows, 20 shown)                                          5 columns │","chan":"stdout","logger":"task"}
{"timestamp":"2025-09-19T13:00:38.600460Z","level":"info","event":"└──────────────────────────────────────────────────────────────────────────────────┘","chan":"stdout","logger":"task"}
{"timestamp":"2025-09-19T13:00:38.600515Z","level":"info","event":"","chan":"stdout","logger":"task"}
{"timestamp":"2025-09-19T13:00:38.778993","level":"info","event":"Done. Returned value was: None","logger":"airflow.task.operators.airflow.providers.standard.operators.python.PythonOperator"}
{"timestamp":"2025-09-19T13:00:38.806898Z","level":"info","event":"Task instance in success state","chan":"stdout","logger":"task"}
{"timestamp":"2025-09-19T13:00:38.807098Z","level":"info","event":" Previous state of the Task instance: TaskInstanceState.RUNNING","chan":"stdout","logger":"task"}
{"timestamp":"2025-09-19T13:00:38.807840Z","level":"info","event":"Task operator:<Task(PythonOperator): load_duckdb.to_duckdb_reseau_transport>","chan":"stdout","logger":"task"}
