{"timestamp":"2025-09-23T14:36:22.544303","level":"info","event":"DAG bundles loaded: dags-folder, example_dags","logger":"airflow.dag_processing.bundles.manager.DagBundlesManager"}
{"timestamp":"2025-09-23T14:36:22.544986","level":"info","event":"Filling up the DagBag from /opt/airflow/dags/lignes_azure_dag.py","logger":"airflow.models.dagbag.DagBag"}
{"timestamp":"2025-09-23T14:36:22.611356Z","level":"info","event":"Task instance is in running state","chan":"stdout","logger":"task"}
{"timestamp":"2025-09-23T14:36:22.611557Z","level":"info","event":" Previous state of the Task instance: TaskInstanceState.QUEUED","chan":"stdout","logger":"task"}
{"timestamp":"2025-09-23T14:36:22.611767Z","level":"info","event":"Current task name:load_duckdb.to_duckdb_reseau_transport","chan":"stdout","logger":"task"}
{"timestamp":"2025-09-23T14:36:22.611846Z","level":"info","event":"Dag name:lignes_azure_ETL","chan":"stdout","logger":"task"}
{"timestamp":"2025-09-23T14:36:22.645363Z","level":"info","event":"---------- stops -------------","chan":"stdout","logger":"task"}
{"timestamp":"2025-09-23T14:36:22.663568Z","level":"info","event":"#### csv created and stored in : /opt/airflow/warehouse/reseau_transport_static/stops_2025-09-23_16:36:22.645257.csv","chan":"stdout","logger":"task"}
{"timestamp":"2025-09-23T14:36:22.718227Z","level":"info","event":"┌──────────────┬───────────┬──────────────────────┬───┬────────────────┬───────────────┬─────────────────────┐","chan":"stdout","logger":"task"}
{"timestamp":"2025-09-23T14:36:22.718407Z","level":"info","event":"│   stop_id    │ stop_code │      stop_name       │ … │ parent_station │ stop_timezone │ wheelchair_boarding │","chan":"stdout","logger":"task"}
{"timestamp":"2025-09-23T14:36:22.718474Z","level":"info","event":"│   varchar    │  varchar  │       varchar        │   │    varchar     │    varchar    │        int64        │","chan":"stdout","logger":"task"}
{"timestamp":"2025-09-23T14:36:22.718524Z","level":"info","event":"├──────────────┼───────────┼──────────────────────┼───┼────────────────┼───────────────┼─────────────────────┤","chan":"stdout","logger":"task"}
{"timestamp":"2025-09-23T14:36:22.718569Z","level":"info","event":"│ 1            │ ABBAT8    │ Abattoirs            │ … │ place_101376   │ NULL          │                   1 │","chan":"stdout","logger":"task"}
{"timestamp":"2025-09-23T14:36:22.718611Z","level":"info","event":"│ 2            │ ABBAT4    │ Abattoirs            │ … │ place_101376   │ NULL          │                   1 │","chan":"stdout","logger":"task"}
{"timestamp":"2025-09-23T14:36:22.718651Z","level":"info","event":"│ 3            │ ROSEL2    │ Abbaye de Roseland   │ … │ place_096609   │ NULL          │                   0 │","chan":"stdout","logger":"task"}
{"timestamp":"2025-09-23T14:36:22.718692Z","level":"info","event":"│ 4            │ ROSEL8    │ Abbaye de Roseland   │ … │ place_096609   │ NULL          │                   0 │","chan":"stdout","logger":"task"}
{"timestamp":"2025-09-23T14:36:22.718732Z","level":"info","event":"│ 5            │ ARSE4     │ Abbaye de Roseland…  │ … │ place_096610   │ NULL          │                   0 │","chan":"stdout","logger":"task"}
{"timestamp":"2025-09-23T14:36:22.718772Z","level":"info","event":"│ 6            │ ACROB6    │ Risso                │ … │ place_096612   │ NULL          │                   1 │","chan":"stdout","logger":"task"}
{"timestamp":"2025-09-23T14:36:22.718812Z","level":"info","event":"│ 8            │ AEPRM1    │ Aéroport / Promenade │ … │ place_101377   │ NULL          │                   1 │","chan":"stdout","logger":"task"}
{"timestamp":"2025-09-23T14:36:22.718865Z","level":"info","event":"│ 11           │ AEPRM2    │ Aéroport / Promenade │ … │ place_101377   │ NULL          │                   1 │","chan":"stdout","logger":"task"}
{"timestamp":"2025-09-23T14:36:22.718908Z","level":"info","event":"│ 12           │ ALBER3    │ Albert 1er           │ … │ place_096616   │ NULL          │                   0 │","chan":"stdout","logger":"task"}
{"timestamp":"2025-09-23T14:36:22.718948Z","level":"info","event":"│ 13           │ ALBER8    │ Jardin d'Arménie     │ … │ place_096617   │ NULL          │                   0 │","chan":"stdout","logger":"task"}
{"timestamp":"2025-09-23T14:36:22.718989Z","level":"info","event":"│ ·            │   ·       │      ·               │ · │  ·             │  ·            │                   · │","chan":"stdout","logger":"task"}
{"timestamp":"2025-09-23T14:36:22.719029Z","level":"info","event":"│ ·            │   ·       │      ·               │ · │  ·             │  ·            │                   · │","chan":"stdout","logger":"task"}
{"timestamp":"2025-09-23T14:36:22.719068Z","level":"info","event":"│ ·            │   ·       │      ·               │ · │  ·             │  ·            │                   · │","chan":"stdout","logger":"task"}
{"timestamp":"2025-09-23T14:36:22.719108Z","level":"info","event":"│ 23025        │ SMPMA5    │ Pont Maïssa          │ … │ NULL           │ Europe/Paris  │                   1 │","chan":"stdout","logger":"task"}
{"timestamp":"2025-09-23T14:36:22.719148Z","level":"info","event":"│ 21314        │ VILL4     │ Village              │ … │ NULL           │ Europe/Paris  │                   0 │","chan":"stdout","logger":"task"}
{"timestamp":"2025-09-23T14:36:22.719188Z","level":"info","event":"│ place_GENDAR │ NULL      │ Gendarmerie          │ … │ NULL           │ Europe/Paris  │                   0 │","chan":"stdout","logger":"task"}
{"timestamp":"2025-09-23T14:36:22.719228Z","level":"info","event":"│ place_SMGEN  │ NULL      │ Gendarmerie          │ … │ NULL           │ Europe/Paris  │                   0 │","chan":"stdout","logger":"task"}
{"timestamp":"2025-09-23T14:36:22.719269Z","level":"info","event":"│ place_SMPMA7 │ NULL      │ Pont Maïssa          │ … │ NULL           │ Europe/Paris  │                   0 │","chan":"stdout","logger":"task"}
{"timestamp":"2025-09-23T14:36:22.719308Z","level":"info","event":"│ 6198         │ SMGEN8    │ Gendarmerie          │ … │ place_SMGEN    │ NULL          │                   1 │","chan":"stdout","logger":"task"}
{"timestamp":"2025-09-23T14:36:22.719348Z","level":"info","event":"│ 21313        │ GENDA3    │ Gendarmerie          │ … │ place_GENDAR   │ NULL          │                   0 │","chan":"stdout","logger":"task"}
{"timestamp":"2025-09-23T14:36:22.719418Z","level":"info","event":"│ 6197         │ SMPMA7    │ Pont Maïssa          │ … │ place_SMPMA7   │ NULL          │                   1 │","chan":"stdout","logger":"task"}
{"timestamp":"2025-09-23T14:36:22.719490Z","level":"info","event":"│ 21659        │ SUPGA9    │ Super Gattières      │ … │ NULL           │ Europe/Paris  │                   0 │","chan":"stdout","logger":"task"}
{"timestamp":"2025-09-23T14:36:22.719557Z","level":"info","event":"│ 2997         │ MAGNA1    │ Magnan               │ … │ place_097192   │ NULL          │                   1 │","chan":"stdout","logger":"task"}
{"timestamp":"2025-09-23T14:36:22.719702Z","level":"info","event":"├──────────────┴───────────┴──────────────────────┴───┴────────────────┴───────────────┴─────────────────────┤","chan":"stdout","logger":"task"}
{"timestamp":"2025-09-23T14:36:22.719792Z","level":"info","event":"│ 8948 rows (20 shown)                                                                  10 columns (6 shown) │","chan":"stdout","logger":"task"}
{"timestamp":"2025-09-23T14:36:22.719852Z","level":"info","event":"└────────────────────────────────────────────────────────────────────────────────────────────────────────────┘","chan":"stdout","logger":"task"}
{"timestamp":"2025-09-23T14:36:22.719916Z","level":"info","event":"","chan":"stdout","logger":"task"}
{"timestamp":"2025-09-23T14:36:22.719997Z","level":"info","event":"---------- routes -------------","chan":"stdout","logger":"task"}
{"timestamp":"2025-09-23T14:36:22.720890Z","level":"info","event":"#### csv created and stored in : /opt/airflow/warehouse/reseau_transport_static/routes_2025-09-23_16:36:22.719789.csv","chan":"stdout","logger":"task"}
{"timestamp":"2025-09-23T14:36:22.735982Z","level":"info","event":"┌──────────┬───────────────┬──────────────────┬───┬────────────┬──────────────────────┬─────────────┬──────────────────┐","chan":"stdout","logger":"task"}
{"timestamp":"2025-09-23T14:36:22.736158Z","level":"info","event":"│ route_id │   agency_id   │ route_short_name │ … │ route_type │      route_url       │ route_color │ route_text_color │","chan":"stdout","logger":"task"}
{"timestamp":"2025-09-23T14:36:22.736233Z","level":"info","event":"│ varchar  │    varchar    │     varchar      │   │   int64    │       varchar        │   varchar   │     varchar      │","chan":"stdout","logger":"task"}
{"timestamp":"2025-09-23T14:36:22.736285Z","level":"info","event":"├──────────┼───────────────┼──────────────────┼───┼────────────┼──────────────────────┼─────────────┼──────────────────┤","chan":"stdout","logger":"task"}
{"timestamp":"2025-09-23T14:36:22.736335Z","level":"info","event":"│ 05       │ lignes-d-azur │ 05               │ … │          3 │ https://ftp.lignes…  │ 3065AF      │ FFFFFF           │","chan":"stdout","logger":"task"}
{"timestamp":"2025-09-23T14:36:22.736381Z","level":"info","event":"│ 06       │ lignes-d-azur │ 06               │ … │          3 │ https://ftp.lignes…  │ 2FA948      │ FFFFFF           │","chan":"stdout","logger":"task"}
{"timestamp":"2025-09-23T14:36:22.736424Z","level":"info","event":"│ 07       │ lignes-d-azur │ 07               │ … │          3 │ https://ftp.lignes…  │ 751D5D      │ FFFFFF           │","chan":"stdout","logger":"task"}
{"timestamp":"2025-09-23T14:36:22.736466Z","level":"info","event":"│ 09       │ lignes-d-azur │ 09               │ … │          3 │ https://ftp.lignes…  │ EF7D00      │ FFFFFF           │","chan":"stdout","logger":"task"}
{"timestamp":"2025-09-23T14:36:22.736508Z","level":"info","event":"│ 11       │ lignes-d-azur │ 11               │ … │          3 │ https://ftp.lignes…  │ 9C3F8F      │ FFFFFF           │","chan":"stdout","logger":"task"}
{"timestamp":"2025-09-23T14:36:22.736550Z","level":"info","event":"│ 12       │ lignes-d-azur │ 12+              │ … │          3 │ https://ftp.lignes…  │ DE1381      │ FFFFFF           │","chan":"stdout","logger":"task"}
{"timestamp":"2025-09-23T14:36:22.736603Z","level":"info","event":"│ 14       │ lignes-d-azur │ 14               │ … │          3 │ https://ftp.lignes…  │ F07E04      │ FFFFFF           │","chan":"stdout","logger":"task"}
{"timestamp":"2025-09-23T14:36:22.736662Z","level":"info","event":"│ 15       │ lignes-d-azur │ 15               │ … │          3 │ https://ftp.lignes…  │ 15B1AF      │ FFFFFF           │","chan":"stdout","logger":"task"}
{"timestamp":"2025-09-23T14:36:22.736703Z","level":"info","event":"│ 16       │ lignes-d-azur │ 16               │ … │          3 │ https://ftp.lignes…  │ 35BEEB      │ FFFFFF           │","chan":"stdout","logger":"task"}
{"timestamp":"2025-09-23T14:36:22.736743Z","level":"info","event":"│ 17       │ lignes-d-azur │ 17               │ … │          3 │ https://ftp.lignes…  │ 418ABF      │ FFFFFF           │","chan":"stdout","logger":"task"}
{"timestamp":"2025-09-23T14:36:22.736784Z","level":"info","event":"│ ·        │       ·       │ ·                │ · │          · │          ·           │   ·         │   ·              │","chan":"stdout","logger":"task"}
{"timestamp":"2025-09-23T14:36:22.736824Z","level":"info","event":"│ ·        │       ·       │ ·                │ · │          · │          ·           │   ·         │   ·              │","chan":"stdout","logger":"task"}
{"timestamp":"2025-09-23T14:36:22.736865Z","level":"info","event":"│ ·        │       ·       │ ·                │ · │          · │          ·           │   ·         │   ·              │","chan":"stdout","logger":"task"}
{"timestamp":"2025-09-23T14:36:22.736906Z","level":"info","event":"│ 98       │ lignes-d-azur │ 98               │ … │          3 │ https://ftp.lignes…  │ D069A3      │ 000000           │","chan":"stdout","logger":"task"}
{"timestamp":"2025-09-23T14:36:22.736967Z","level":"info","event":"│ NVDB     │ lignes-d-azur │ NVDB             │ … │          3 │ https://ftp.lignes…  │ 9C3F8F      │ FFFFFF           │","chan":"stdout","logger":"task"}
{"timestamp":"2025-09-23T14:36:22.737025Z","level":"info","event":"│ NVMA     │ lignes-d-azur │ NVMA             │ … │          3 │ https://ftp.lignes…  │ 36BEE9      │ FFFFFF           │","chan":"stdout","logger":"task"}
{"timestamp":"2025-09-23T14:36:22.737067Z","level":"info","event":"│ 10       │ lignes-d-azur │ 10               │ … │          3 │ https://ftp.lignes…  │ 31A948      │ FFFFFF           │","chan":"stdout","logger":"task"}
{"timestamp":"2025-09-23T14:36:22.737109Z","level":"info","event":"│ 08       │ lignes-d-azur │ 8+               │ … │          3 │ https://ftp.lignes…  │ FEC703      │ 000000           │","chan":"stdout","logger":"task"}
{"timestamp":"2025-09-23T14:36:22.737150Z","level":"info","event":"│ 12+      │ lignes-d-azur │ 12+              │ … │          3 │ https://ftp.lignes…  │ DE1381      │ FFFFFF           │","chan":"stdout","logger":"task"}
{"timestamp":"2025-09-23T14:36:22.737190Z","level":"info","event":"│ 8+       │ lignes-d-azur │ 8+               │ … │          3 │ https://ftp.lignes…  │ FEC703      │ 000000           │","chan":"stdout","logger":"task"}
{"timestamp":"2025-09-23T14:36:22.737302Z","level":"info","event":"│ B        │ lignes-d-azur │ B                │ … │          0 │ https://ftp.lignes…  │ FFDD00      │ 000000           │","chan":"stdout","logger":"task"}
{"timestamp":"2025-09-23T14:36:22.737419Z","level":"info","event":"│ FOOT     │ lignes-d-azur │ FOOT             │ … │          3 │ NULL                 │ 36BEE9      │ FFFFFF           │","chan":"stdout","logger":"task"}
{"timestamp":"2025-09-23T14:36:22.737475Z","level":"info","event":"│ NV30     │ lignes-d-azur │ NV30             │ … │          3 │ NULL                 │ 428ABF      │ FFFFFF           │","chan":"stdout","logger":"task"}
{"timestamp":"2025-09-23T14:36:22.737564Z","level":"info","event":"├──────────┴───────────────┴──────────────────┴───┴────────────┴──────────────────────┴─────────────┴──────────────────┤","chan":"stdout","logger":"task"}
{"timestamp":"2025-09-23T14:36:22.737633Z","level":"info","event":"│ 220 rows (20 shown)                                                                              9 columns (7 shown) │","chan":"stdout","logger":"task"}
{"timestamp":"2025-09-23T14:36:22.737727Z","level":"info","event":"└──────────────────────────────────────────────────────────────────────────────────────────────────────────────────────┘","chan":"stdout","logger":"task"}
{"timestamp":"2025-09-23T14:36:22.737771Z","level":"info","event":"","chan":"stdout","logger":"task"}
{"timestamp":"2025-09-23T14:36:22.802275Z","level":"info","event":"---------- trips -------------","chan":"stdout","logger":"task"}
{"timestamp":"2025-09-23T14:36:22.912968Z","level":"info","event":"#### csv created and stored in : /opt/airflow/warehouse/reseau_transport_static/trips_2025-09-23_16:36:22.802159.csv","chan":"stdout","logger":"task"}
{"timestamp":"2025-09-23T14:36:23.024206Z","level":"info","event":"┌──────────┬──────────────────────┬──────────────────────┬───┬──────────┬──────────────────────┬───────────────┐","chan":"stdout","logger":"task"}
{"timestamp":"2025-09-23T14:36:23.024388Z","level":"info","event":"│ route_id │      service_id      │       trip_id        │ … │ shape_id │ wheelchair_accessi…  │ bikes_allowed │","chan":"stdout","logger":"task"}
{"timestamp":"2025-09-23T14:36:23.024462Z","level":"info","event":"│ varchar  │       varchar        │       varchar        │   │ varchar  │        int64         │     int64     │","chan":"stdout","logger":"task"}
{"timestamp":"2025-09-23T14:36:23.024516Z","level":"info","event":"├──────────┼──────────────────────┼──────────────────────┼───┼──────────┼──────────────────────┼───────────────┤","chan":"stdout","logger":"task"}
{"timestamp":"2025-09-23T14:36:23.024562Z","level":"info","event":"│ 40       │ RESEAU2023-40-Sema…  │ 4350596-40_A_50_40…  │ … │ 400009   │                    0 │             0 │","chan":"stdout","logger":"task"}
{"timestamp":"2025-09-23T14:36:23.024605Z","level":"info","event":"│ 62       │ RESEAU2023-62-Same…  │ 4336738-62_R_98_62…  │ … │ 620015   │                    0 │             0 │","chan":"stdout","logger":"task"}
{"timestamp":"2025-09-23T14:36:23.024647Z","level":"info","event":"│ C34      │ RESEAU2021-C34-Dim…  │ 3064040-C34_R_2_C3…  │ … │ C340002  │                    0 │             0 │","chan":"stdout","logger":"task"}
{"timestamp":"2025-09-23T14:36:23.024687Z","level":"info","event":"│ 62       │ RESEAU2023-62-Dima…  │ 4336785-62_R_98_62…  │ … │ 620015   │                    0 │             0 │","chan":"stdout","logger":"task"}
{"timestamp":"2025-09-23T14:36:23.024727Z","level":"info","event":"│ 40       │ RESEAU2023-40-Sema…  │ 4350598-40_A_50_40…  │ … │ 400009   │                    0 │             0 │","chan":"stdout","logger":"task"}
{"timestamp":"2025-09-23T14:36:23.024780Z","level":"info","event":"│ 40       │ RESEAU2023-40-Sema…  │ 4350594-40_R_99_40…  │ … │ 400010   │                    0 │             0 │","chan":"stdout","logger":"task"}
{"timestamp":"2025-09-23T14:36:23.024822Z","level":"info","event":"│ 62       │ RESEAU2023-62-Same…  │ 4336737-62_R_98_62…  │ … │ 620015   │                    0 │             0 │","chan":"stdout","logger":"task"}
{"timestamp":"2025-09-23T14:36:23.024862Z","level":"info","event":"│ 62       │ RESEAU2023-62-Same…  │ 4336760-62_R_98_62…  │ … │ 620015   │                    0 │             0 │","chan":"stdout","logger":"task"}
{"timestamp":"2025-09-23T14:36:23.024902Z","level":"info","event":"│ 62       │ RESEAU2023-62-Same…  │ 4336710-62_A_48_62…  │ … │ 620012   │                    0 │             0 │","chan":"stdout","logger":"task"}
{"timestamp":"2025-09-23T14:36:23.024942Z","level":"info","event":"│ 62       │ RESEAU2023-62-Sema…  │ 4669761-62_R_98_62…  │ … │ 620015   │                    0 │             0 │","chan":"stdout","logger":"task"}
{"timestamp":"2025-09-23T14:36:23.024982Z","level":"info","event":"│ ·        │          ·           │          ·           │ · │   ·      │                    · │             · │","chan":"stdout","logger":"task"}
{"timestamp":"2025-09-23T14:36:23.025022Z","level":"info","event":"│ ·        │          ·           │          ·           │ · │   ·      │                    · │             · │","chan":"stdout","logger":"task"}
{"timestamp":"2025-09-23T14:36:23.025063Z","level":"info","event":"│ ·        │          ·           │          ·           │ · │   ·      │                    · │             · │","chan":"stdout","logger":"task"}
{"timestamp":"2025-09-23T14:36:23.025111Z","level":"info","event":"│ 12+      │ chouette:TimeTable…  │ 6411133-12_A_50_12…  │ … │ 120080   │                    0 │             0 │","chan":"stdout","logger":"task"}
{"timestamp":"2025-09-23T14:36:23.025174Z","level":"info","event":"│ 12+      │ chouette:TimeTable…  │ 6411134-12_A_50_12…  │ … │ 120080   │                    0 │             0 │","chan":"stdout","logger":"task"}
{"timestamp":"2025-09-23T14:36:23.025322Z","level":"info","event":"│ 12+      │ chouette:TimeTable…  │ 6411135-12_A_50_12…  │ … │ 120080   │                    0 │             0 │","chan":"stdout","logger":"task"}
{"timestamp":"2025-09-23T14:36:23.025406Z","level":"info","event":"│ 12+      │ chouette:TimeTable…  │ chouette:VehicleJo…  │ … │ 120080   │                    0 │             0 │","chan":"stdout","logger":"task"}
{"timestamp":"2025-09-23T14:36:23.025458Z","level":"info","event":"│ 12       │ SETP2025-12-Dimanc…  │ chouette:VehicleJo…  │ … │ 120081   │                    0 │             0 │","chan":"stdout","logger":"task"}
{"timestamp":"2025-09-23T14:36:23.025503Z","level":"info","event":"│ 15       │ SETP2025-15-Dimanc…  │ 6428949-15_R_99_15…  │ … │ 150081   │                    0 │             0 │","chan":"stdout","logger":"task"}
{"timestamp":"2025-09-23T14:36:23.025546Z","level":"info","event":"│ 15       │ SETP2025-15-Dimanc…  │ 6428950-15_A_50_15…  │ … │ 150080   │                    0 │             0 │","chan":"stdout","logger":"task"}
{"timestamp":"2025-09-23T14:36:23.025591Z","level":"info","event":"│ 90       │ PROJET2025-90-Sema…  │ 6167198-90_A_5_900…  │ … │ 900012   │                    0 │             0 │","chan":"stdout","logger":"task"}
{"timestamp":"2025-09-23T14:36:23.025633Z","level":"info","event":"│ 12+      │ SETP2025-12-Semain…  │ chouette:VehicleJo…  │ … │ 120080   │                    0 │             0 │","chan":"stdout","logger":"task"}
{"timestamp":"2025-09-23T14:36:23.025683Z","level":"info","event":"│ 90       │ PROJET2025-90-Same…  │ 6167241-90_A_5_900…  │ … │ 900012   │                    0 │             0 │","chan":"stdout","logger":"task"}
{"timestamp":"2025-09-23T14:36:23.025818Z","level":"info","event":"├──────────┴──────────────────────┴──────────────────────┴───┴──────────┴──────────────────────┴───────────────┤","chan":"stdout","logger":"task"}
{"timestamp":"2025-09-23T14:36:23.025910Z","level":"info","event":"│ ? rows (>9999 rows, 20 shown)                                                            9 columns (6 shown) │","chan":"stdout","logger":"task"}
{"timestamp":"2025-09-23T14:36:23.026076Z","level":"info","event":"└──────────────────────────────────────────────────────────────────────────────────────────────────────────────┘","chan":"stdout","logger":"task"}
{"timestamp":"2025-09-23T14:36:23.026185Z","level":"info","event":"","chan":"stdout","logger":"task"}
{"timestamp":"2025-09-23T14:36:23.450814Z","level":"info","event":"---------- stop_times -------------","chan":"stdout","logger":"task"}
{"timestamp":"2025-09-23T14:36:34.936660Z","level":"info","event":"#### csv created and stored in : /opt/airflow/warehouse/reseau_transport_static/stop_times_2025-09-23_16:36:32.475379.csv","chan":"stdout","logger":"task"}
{"timestamp":"2025-09-23T14:36:35.993450Z","level":"info","event":"┌──────────────────────────────┬──────────────┬────────────────┬─────────┬───────────────┬─────────────┬───────────────┐","chan":"stdout","logger":"task"}
{"timestamp":"2025-09-23T14:36:35.993763Z","level":"info","event":"│           trip_id            │ arrival_time │ departure_time │ stop_id │ stop_sequence │ pickup_type │ drop_off_type │","chan":"stdout","logger":"task"}
{"timestamp":"2025-09-23T14:36:35.993884Z","level":"info","event":"│           varchar            │     time     │      time      │  int64  │     int64     │    int64    │     int64     │","chan":"stdout","logger":"task"}
{"timestamp":"2025-09-23T14:36:35.993984Z","level":"info","event":"├──────────────────────────────┼──────────────┼────────────────┼─────────┼───────────────┼─────────────┼───────────────┤","chan":"stdout","logger":"task"}
{"timestamp":"2025-09-23T14:36:35.994073Z","level":"info","event":"│ 3064029-C32_A_1_C3201_08:3…  │ 08:30:00     │ 08:30:00       │   21681 │             0 │           2 │             2 │","chan":"stdout","logger":"task"}
{"timestamp":"2025-09-23T14:36:35.994157Z","level":"info","event":"│ 3064029-C32_A_1_C3201_08:3…  │ 08:35:00     │ 08:35:00       │   21652 │             1 │           2 │             2 │","chan":"stdout","logger":"task"}
{"timestamp":"2025-09-23T14:36:35.994239Z","level":"info","event":"│ 3064029-C32_A_1_C3201_08:3…  │ 08:55:00     │ 08:55:00       │   21644 │             2 │           2 │             2 │","chan":"stdout","logger":"task"}
{"timestamp":"2025-09-23T14:36:35.994320Z","level":"info","event":"│ 3064029-C32_A_1_C3201_08:3…  │ 09:15:00     │ 09:15:00       │   21398 │             3 │           2 │             2 │","chan":"stdout","logger":"task"}
{"timestamp":"2025-09-23T14:36:35.994416Z","level":"info","event":"│ 3064030-C32_R_2_C3202_17:2…  │ 17:20:00     │ 17:20:00       │   21398 │             0 │           2 │             2 │","chan":"stdout","logger":"task"}
{"timestamp":"2025-09-23T14:36:35.994500Z","level":"info","event":"│ 3064030-C32_R_2_C3202_17:2…  │ 17:40:00     │ 17:40:00       │   21644 │             1 │           2 │             2 │","chan":"stdout","logger":"task"}
{"timestamp":"2025-09-23T14:36:35.994580Z","level":"info","event":"│ 3064030-C32_R_2_C3202_17:2…  │ 18:00:00     │ 18:00:00       │   21652 │             2 │           2 │             2 │","chan":"stdout","logger":"task"}
{"timestamp":"2025-09-23T14:36:35.994663Z","level":"info","event":"│ 3064030-C32_R_2_C3202_17:2…  │ 18:05:00     │ 18:05:00       │   21681 │             3 │           2 │             2 │","chan":"stdout","logger":"task"}
{"timestamp":"2025-09-23T14:36:35.994746Z","level":"info","event":"│ 3064033-C32_A_1_C3202_17:0…  │ 17:00:00     │ 17:00:00       │   21681 │             0 │           2 │             2 │","chan":"stdout","logger":"task"}
{"timestamp":"2025-09-23T14:36:35.994828Z","level":"info","event":"│ 3064033-C32_A_1_C3202_17:0…  │ 17:05:00     │ 17:05:00       │   21652 │             1 │           2 │             2 │","chan":"stdout","logger":"task"}
{"timestamp":"2025-09-23T14:36:35.994948Z","level":"info","event":"│              ·               │    ·         │    ·           │      ·  │             · │           · │             · │","chan":"stdout","logger":"task"}
{"timestamp":"2025-09-23T14:36:35.995036Z","level":"info","event":"│              ·               │    ·         │    ·           │      ·  │             · │           · │             · │","chan":"stdout","logger":"task"}
{"timestamp":"2025-09-23T14:36:35.995121Z","level":"info","event":"│              ·               │    ·         │    ·           │      ·  │             · │           · │             · │","chan":"stdout","logger":"task"}
{"timestamp":"2025-09-23T14:36:35.995205Z","level":"info","event":"│ 4669814-62_R_98_6206_14:20…  │ 14:21:00     │ 14:21:00       │    6022 │             1 │           0 │             0 │","chan":"stdout","logger":"task"}
{"timestamp":"2025-09-23T14:36:35.995289Z","level":"info","event":"│ 4669814-62_R_98_6206_14:20…  │ 14:22:00     │ 14:22:00       │    6063 │             2 │           0 │             0 │","chan":"stdout","logger":"task"}
{"timestamp":"2025-09-23T14:36:35.995382Z","level":"info","event":"│ 4669814-62_R_98_6206_14:20…  │ 14:22:00     │ 14:22:00       │    6016 │             3 │           0 │             0 │","chan":"stdout","logger":"task"}
{"timestamp":"2025-09-23T14:36:35.995465Z","level":"info","event":"│ 4669814-62_R_98_6206_14:20…  │ 14:23:00     │ 14:23:00       │    6030 │             4 │           0 │             0 │","chan":"stdout","logger":"task"}
{"timestamp":"2025-09-23T14:36:35.995546Z","level":"info","event":"│ 4669814-62_R_98_6206_14:20…  │ 14:24:00     │ 14:24:00       │    6052 │             5 │           0 │             0 │","chan":"stdout","logger":"task"}
{"timestamp":"2025-09-23T14:36:35.995627Z","level":"info","event":"│ 4669814-62_R_98_6206_14:20…  │ 14:24:00     │ 14:24:00       │     207 │             6 │           0 │             0 │","chan":"stdout","logger":"task"}
{"timestamp":"2025-09-23T14:36:35.995708Z","level":"info","event":"│ 4669814-62_R_98_6206_14:20…  │ 14:25:00     │ 14:25:00       │    1414 │             7 │           0 │             0 │","chan":"stdout","logger":"task"}
{"timestamp":"2025-09-23T14:36:35.995789Z","level":"info","event":"│ 4669814-62_R_98_6206_14:20…  │ 14:25:00     │ 14:25:00       │    1245 │             8 │           0 │             0 │","chan":"stdout","logger":"task"}
{"timestamp":"2025-09-23T14:36:35.995873Z","level":"info","event":"│ 4669814-62_R_98_6206_14:20…  │ 14:26:00     │ 14:26:00       │    1417 │             9 │           0 │             0 │","chan":"stdout","logger":"task"}
{"timestamp":"2025-09-23T14:36:35.996030Z","level":"info","event":"│ 4669814-62_R_98_6206_14:20…  │ 14:27:00     │ 14:27:00       │     225 │            10 │           0 │             0 │","chan":"stdout","logger":"task"}
{"timestamp":"2025-09-23T14:36:35.996122Z","level":"info","event":"├──────────────────────────────┴──────────────┴────────────────┴─────────┴───────────────┴─────────────┴───────────────┤","chan":"stdout","logger":"task"}
{"timestamp":"2025-09-23T14:36:35.996208Z","level":"info","event":"│ ? rows (>9999 rows, 20 shown)                                                                              7 columns │","chan":"stdout","logger":"task"}
{"timestamp":"2025-09-23T14:36:35.996291Z","level":"info","event":"└──────────────────────────────────────────────────────────────────────────────────────────────────────────────────────┘","chan":"stdout","logger":"task"}
{"timestamp":"2025-09-23T14:36:35.996375Z","level":"info","event":"","chan":"stdout","logger":"task"}
{"timestamp":"2025-09-23T14:36:35.996513Z","level":"info","event":"---------- calendar -------------","chan":"stdout","logger":"task"}
{"timestamp":"2025-09-23T14:36:36.012392Z","level":"info","event":"#### csv created and stored in : /opt/airflow/warehouse/reseau_transport_static/calendar_2025-09-23_16:36:36.009119.csv","chan":"stdout","logger":"task"}
{"timestamp":"2025-09-23T14:36:36.057538Z","level":"info","event":"┌──────────────────────┬────────┬─────────┬───────────┬──────────┬───┬──────────┬────────┬────────────┬────────────┐","chan":"stdout","logger":"task"}
{"timestamp":"2025-09-23T14:36:36.057731Z","level":"info","event":"│      service_id      │ monday │ tuesday │ wednesday │ thursday │ … │ saturday │ sunday │ start_date │  end_date  │","chan":"stdout","logger":"task"}
{"timestamp":"2025-09-23T14:36:36.057799Z","level":"info","event":"│       varchar        │ int64  │  int64  │   int64   │  int64   │   │  int64   │ int64  │    date    │    date    │","chan":"stdout","logger":"task"}
{"timestamp":"2025-09-23T14:36:36.057852Z","level":"info","event":"├──────────────────────┼────────┼─────────┼───────────┼──────────┼───┼──────────┼────────┼────────────┼────────────┤","chan":"stdout","logger":"task"}
{"timestamp":"2025-09-23T14:36:36.057901Z","level":"info","event":"│ PVS2025-26-17-L-Ma…  │      1 │       1 │         0 │        1 │ … │        0 │      0 │ 2025-10-20 │ 2025-12-31 │","chan":"stdout","logger":"task"}
{"timestamp":"2025-09-23T14:36:36.057946Z","level":"info","event":"│ chouette:TimeTable…  │      1 │       0 │         0 │        0 │ … │        0 │      0 │ 2025-09-22 │ 2025-12-29 │","chan":"stdout","logger":"task"}
{"timestamp":"2025-09-23T14:36:36.057988Z","level":"info","event":"│ PVS2025-26-06-Sema…  │      1 │       1 │         1 │        1 │ … │        0 │      0 │ 2025-10-20 │ 2025-10-31 │","chan":"stdout","logger":"task"}
{"timestamp":"2025-09-23T14:36:36.058040Z","level":"info","event":"│ PVS2024-25-B-Semai…  │      1 │       1 │         1 │        1 │ … │        0 │      0 │ 2025-10-20 │ 2025-10-30 │","chan":"stdout","logger":"task"}
{"timestamp":"2025-09-23T14:36:36.058083Z","level":"info","event":"│ PVS2024-25-B-Semai…  │      1 │       1 │         1 │        1 │ … │        0 │      0 │ 2025-10-24 │ 2025-10-31 │","chan":"stdout","logger":"task"}
{"timestamp":"2025-09-23T14:36:36.058124Z","level":"info","event":"│ chouette:TimeTable…  │      0 │       1 │         1 │        1 │ … │        1 │      0 │ 2025-10-21 │ 2025-10-31 │","chan":"stdout","logger":"task"}
{"timestamp":"2025-09-23T14:36:36.058164Z","level":"info","event":"│ chouette:TimeTable…  │      0 │       1 │         1 │        1 │ … │        1 │      0 │ 2025-10-25 │ 2025-11-01 │","chan":"stdout","logger":"task"}
{"timestamp":"2025-09-23T14:36:36.058205Z","level":"info","event":"│ chouette:TimeTable…  │      0 │       1 │         1 │        1 │ … │        1 │      0 │ 2025-10-21 │ 2025-11-01 │","chan":"stdout","logger":"task"}
{"timestamp":"2025-09-23T14:36:36.058246Z","level":"info","event":"│ chouette:TimeTable…  │      1 │       0 │         0 │        0 │ … │        0 │      0 │ 2025-09-22 │ 2025-12-29 │","chan":"stdout","logger":"task"}
{"timestamp":"2025-09-23T14:36:36.058287Z","level":"info","event":"│ PVS2025-26-07-Sema…  │      1 │       1 │         1 │        1 │ … │        0 │      0 │ 2025-10-20 │ 2025-12-31 │","chan":"stdout","logger":"task"}
{"timestamp":"2025-09-23T14:36:36.058328Z","level":"info","event":"│          ·           │      · │       · │         · │        · │ · │        · │      · │     ·      │     ·      │","chan":"stdout","logger":"task"}
{"timestamp":"2025-09-23T14:36:36.058369Z","level":"info","event":"│          ·           │      · │       · │         · │        · │ · │        · │      · │     ·      │     ·      │","chan":"stdout","logger":"task"}
{"timestamp":"2025-09-23T14:36:36.058409Z","level":"info","event":"│          ·           │      · │       · │         · │        · │ · │        · │      · │     ·      │     ·      │","chan":"stdout","logger":"task"}
{"timestamp":"2025-09-23T14:36:36.058450Z","level":"info","event":"│ chouette:TimeTable…  │      1 │       1 │         1 │        1 │ … │        0 │      0 │ 2025-09-22 │ 2025-12-31 │","chan":"stdout","logger":"task"}
{"timestamp":"2025-09-23T14:36:36.058491Z","level":"info","event":"│ SETP2025-12-Dimanc…  │      0 │       0 │         0 │        0 │ … │        0 │      1 │ 2025-09-22 │ 2025-12-28 │","chan":"stdout","logger":"task"}
{"timestamp":"2025-09-23T14:36:36.058531Z","level":"info","event":"│ SETP2025-12-Samedi…  │      0 │       0 │         0 │        0 │ … │        1 │      0 │ 2025-09-22 │ 2025-12-27 │","chan":"stdout","logger":"task"}
{"timestamp":"2025-09-23T14:36:36.058571Z","level":"info","event":"│ chouette:TimeTable…  │      0 │       0 │         0 │        0 │ … │        0 │      1 │ 2025-09-22 │ 2025-12-28 │","chan":"stdout","logger":"task"}
{"timestamp":"2025-09-23T14:36:36.058611Z","level":"info","event":"│ chouette:TimeTable…  │      0 │       1 │         1 │        1 │ … │        1 │      0 │ 2025-09-22 │ 2025-12-31 │","chan":"stdout","logger":"task"}
{"timestamp":"2025-09-23T14:36:36.058651Z","level":"info","event":"│ SETP2025-08-Semain…  │      1 │       1 │         1 │        1 │ … │        0 │      0 │ 2025-09-22 │ 2025-12-19 │","chan":"stdout","logger":"task"}
{"timestamp":"2025-09-23T14:36:36.058697Z","level":"info","event":"│ chouette:TimeTable…  │      0 │       0 │         0 │        0 │ … │        0 │      1 │ 2025-09-22 │ 2025-12-28 │","chan":"stdout","logger":"task"}
{"timestamp":"2025-09-23T14:36:36.058739Z","level":"info","event":"│ chouette:TimeTable…  │      0 │       0 │         0 │        0 │ … │        1 │      0 │ 2025-09-22 │ 2025-12-27 │","chan":"stdout","logger":"task"}
{"timestamp":"2025-09-23T14:36:36.058838Z","level":"info","event":"│ chouette:TimeTable…  │      0 │       1 │         1 │        1 │ … │        1 │      0 │ 2025-09-22 │ 2025-12-20 │","chan":"stdout","logger":"task"}
{"timestamp":"2025-09-23T14:36:36.058890Z","level":"info","event":"│ chouette:TimeTable…  │      0 │       0 │         0 │        0 │ … │        0 │      1 │ 2025-09-22 │ 2025-12-28 │","chan":"stdout","logger":"task"}
{"timestamp":"2025-09-23T14:36:36.058934Z","level":"info","event":"├──────────────────────┴────────┴─────────┴───────────┴──────────┴───┴──────────┴────────┴────────────┴────────────┤","chan":"stdout","logger":"task"}
{"timestamp":"2025-09-23T14:36:36.058977Z","level":"info","event":"│ 784 rows (20 shown)                                                                         10 columns (9 shown) │","chan":"stdout","logger":"task"}
{"timestamp":"2025-09-23T14:36:36.059021Z","level":"info","event":"└──────────────────────────────────────────────────────────────────────────────────────────────────────────────────┘","chan":"stdout","logger":"task"}
{"timestamp":"2025-09-23T14:36:36.059067Z","level":"info","event":"","chan":"stdout","logger":"task"}
{"timestamp":"2025-09-23T14:36:36.061029Z","level":"info","event":"---------- calendar_dates -------------","chan":"stdout","logger":"task"}
{"timestamp":"2025-09-23T14:36:36.096826Z","level":"info","event":"#### csv created and stored in : /opt/airflow/warehouse/reseau_transport_static/calendar_dates_2025-09-23_16:36:36.087575.csv","chan":"stdout","logger":"task"}
{"timestamp":"2025-09-23T14:36:36.116416Z","level":"info","event":"┌─────────────────────────────────────────────────────────────┬────────────┬────────────────┐","chan":"stdout","logger":"task"}
{"timestamp":"2025-09-23T14:36:36.116589Z","level":"info","event":"│                         service_id                          │    date    │ exception_type │","chan":"stdout","logger":"task"}
{"timestamp":"2025-09-23T14:36:36.116661Z","level":"info","event":"│                           varchar                           │    date    │     int64      │","chan":"stdout","logger":"task"}
{"timestamp":"2025-09-23T14:36:36.116711Z","level":"info","event":"├─────────────────────────────────────────────────────────────┼────────────┼────────────────┤","chan":"stdout","logger":"task"}
{"timestamp":"2025-09-23T14:36:36.116758Z","level":"info","event":"│ PVS2025-26-17-L-Ma-J-V-35-17                                │ 2025-10-22 │              1 │","chan":"stdout","logger":"task"}
{"timestamp":"2025-09-23T14:36:36.116801Z","level":"info","event":"│ PVS2025-26-17-L-Ma-J-V-35-17                                │ 2025-10-29 │              1 │","chan":"stdout","logger":"task"}
{"timestamp":"2025-09-23T14:36:36.116855Z","level":"info","event":"│ PVS2025-26-17-L-Ma-J-V-35-17                                │ 2025-11-03 │              2 │","chan":"stdout","logger":"task"}
{"timestamp":"2025-09-23T14:36:36.116899Z","level":"info","event":"│ PVS2025-26-17-L-Ma-J-V-35-17                                │ 2025-11-04 │              2 │","chan":"stdout","logger":"task"}
{"timestamp":"2025-09-23T14:36:36.116941Z","level":"info","event":"│ PVS2025-26-17-L-Ma-J-V-35-17                                │ 2025-11-06 │              2 │","chan":"stdout","logger":"task"}
{"timestamp":"2025-09-23T14:36:36.116981Z","level":"info","event":"│ PVS2025-26-17-L-Ma-J-V-35-17                                │ 2025-11-07 │              2 │","chan":"stdout","logger":"task"}
{"timestamp":"2025-09-23T14:36:36.117022Z","level":"info","event":"│ PVS2025-26-17-L-Ma-J-V-35-17                                │ 2025-11-10 │              2 │","chan":"stdout","logger":"task"}
{"timestamp":"2025-09-23T14:36:36.117063Z","level":"info","event":"│ PVS2025-26-17-L-Ma-J-V-35-17                                │ 2025-11-11 │              2 │","chan":"stdout","logger":"task"}
{"timestamp":"2025-09-23T14:36:36.117104Z","level":"info","event":"│ PVS2025-26-17-L-Ma-J-V-35-17                                │ 2025-11-13 │              2 │","chan":"stdout","logger":"task"}
{"timestamp":"2025-09-23T14:36:36.117145Z","level":"info","event":"│ PVS2025-26-17-L-Ma-J-V-35-17                                │ 2025-11-14 │              2 │","chan":"stdout","logger":"task"}
{"timestamp":"2025-09-23T14:36:36.117186Z","level":"info","event":"│              ·                                              │     ·      │              · │","chan":"stdout","logger":"task"}
{"timestamp":"2025-09-23T14:36:36.117288Z","level":"info","event":"│              ·                                              │     ·      │              · │","chan":"stdout","logger":"task"}
{"timestamp":"2025-09-23T14:36:36.117342Z","level":"info","event":"│              ·                                              │     ·      │              · │","chan":"stdout","logger":"task"}
{"timestamp":"2025-09-23T14:36:36.117386Z","level":"info","event":"│ chouette:TimeTable:76f7d6f9-804c-4b88-80b9-6ebf528f654f:LOC │ 2025-10-23 │              2 │","chan":"stdout","logger":"task"}
{"timestamp":"2025-09-23T14:36:36.117436Z","level":"info","event":"│ chouette:TimeTable:76f7d6f9-804c-4b88-80b9-6ebf528f654f:LOC │ 2025-10-24 │              2 │","chan":"stdout","logger":"task"}
{"timestamp":"2025-09-23T14:36:36.117480Z","level":"info","event":"│ chouette:TimeTable:76f7d6f9-804c-4b88-80b9-6ebf528f654f:LOC │ 2025-10-25 │              2 │","chan":"stdout","logger":"task"}
{"timestamp":"2025-09-23T14:36:36.117521Z","level":"info","event":"│ chouette:TimeTable:76f7d6f9-804c-4b88-80b9-6ebf528f654f:LOC │ 2025-10-28 │              2 │","chan":"stdout","logger":"task"}
{"timestamp":"2025-09-23T14:36:36.117562Z","level":"info","event":"│ chouette:TimeTable:76f7d6f9-804c-4b88-80b9-6ebf528f654f:LOC │ 2025-10-29 │              2 │","chan":"stdout","logger":"task"}
{"timestamp":"2025-09-23T14:36:36.117602Z","level":"info","event":"│ chouette:TimeTable:76f7d6f9-804c-4b88-80b9-6ebf528f654f:LOC │ 2025-10-30 │              2 │","chan":"stdout","logger":"task"}
{"timestamp":"2025-09-23T14:36:36.117642Z","level":"info","event":"│ chouette:TimeTable:76f7d6f9-804c-4b88-80b9-6ebf528f654f:LOC │ 2025-10-31 │              2 │","chan":"stdout","logger":"task"}
{"timestamp":"2025-09-23T14:36:36.117682Z","level":"info","event":"│ chouette:TimeTable:76f7d6f9-804c-4b88-80b9-6ebf528f654f:LOC │ 2025-11-01 │              2 │","chan":"stdout","logger":"task"}
{"timestamp":"2025-09-23T14:36:36.117722Z","level":"info","event":"│ chouette:TimeTable:76f7d6f9-804c-4b88-80b9-6ebf528f654f:LOC │ 2025-11-12 │              2 │","chan":"stdout","logger":"task"}
{"timestamp":"2025-09-23T14:36:36.117769Z","level":"info","event":"│ chouette:TimeTable:88dc3c72-c1a6-41b1-9602-be33a5005c52:LOC │ 2025-11-02 │              2 │","chan":"stdout","logger":"task"}
{"timestamp":"2025-09-23T14:36:36.117812Z","level":"info","event":"├─────────────────────────────────────────────────────────────┴────────────┴────────────────┤","chan":"stdout","logger":"task"}
{"timestamp":"2025-09-23T14:36:36.117854Z","level":"info","event":"│ 6202 rows (20 shown)                                                            3 columns │","chan":"stdout","logger":"task"}
{"timestamp":"2025-09-23T14:36:36.117911Z","level":"info","event":"└───────────────────────────────────────────────────────────────────────────────────────────┘","chan":"stdout","logger":"task"}
{"timestamp":"2025-09-23T14:36:36.117954Z","level":"info","event":"","chan":"stdout","logger":"task"}
{"timestamp":"2025-09-23T14:36:36.241914Z","level":"info","event":"---------- shapes -------------","chan":"stdout","logger":"task"}
{"timestamp":"2025-09-23T14:36:37.042341Z","level":"info","event":"#### csv created and stored in : /opt/airflow/warehouse/reseau_transport_static/shapes_2025-09-23_16:36:36.241794.csv","chan":"stdout","logger":"task"}
{"timestamp":"2025-09-23T14:36:37.277951Z","level":"info","event":"┌──────────┬──────────────┬──────────────┬───────────────────┬─────────────────────┐","chan":"stdout","logger":"task"}
{"timestamp":"2025-09-23T14:36:37.278275Z","level":"info","event":"│ shape_id │ shape_pt_lat │ shape_pt_lon │ shape_pt_sequence │ shape_dist_traveled │","chan":"stdout","logger":"task"}
{"timestamp":"2025-09-23T14:36:37.278430Z","level":"info","event":"│ varchar  │    double    │    double    │       int64       │       double        │","chan":"stdout","logger":"task"}
{"timestamp":"2025-09-23T14:36:37.278525Z","level":"info","event":"├──────────┼──────────────┼──────────────┼───────────────────┼─────────────────────┤","chan":"stdout","logger":"task"}
{"timestamp":"2025-09-23T14:36:37.278609Z","level":"info","event":"│ 090009   │    43.666912 │      7.12729 │                 0 │                 0.0 │","chan":"stdout","logger":"task"}
{"timestamp":"2025-09-23T14:36:37.278687Z","level":"info","event":"│ 090009   │    43.666146 │     7.127847 │                 1 │               0.096 │","chan":"stdout","logger":"task"}
{"timestamp":"2025-09-23T14:36:37.278765Z","level":"info","event":"│ 090009   │    43.665786 │     7.128121 │                 2 │               0.142 │","chan":"stdout","logger":"task"}
{"timestamp":"2025-09-23T14:36:37.278847Z","level":"info","event":"│ 090009   │    43.665663 │     7.128181 │                 3 │               0.157 │","chan":"stdout","logger":"task"}
{"timestamp":"2025-09-23T14:36:37.278956Z","level":"info","event":"│ 090009   │    43.665541 │     7.128189 │                 4 │                0.17 │","chan":"stdout","logger":"task"}
{"timestamp":"2025-09-23T14:36:37.279038Z","level":"info","event":"│ 090009   │    43.665459 │     7.128166 │                 5 │               0.179 │","chan":"stdout","logger":"task"}
{"timestamp":"2025-09-23T14:36:37.279116Z","level":"info","event":"│ 090009   │    43.665393 │     7.128129 │                 6 │               0.187 │","chan":"stdout","logger":"task"}
{"timestamp":"2025-09-23T14:36:37.279207Z","level":"info","event":"│ 090009   │     43.66538 │      7.12805 │                 7 │               0.194 │","chan":"stdout","logger":"task"}
{"timestamp":"2025-09-23T14:36:37.279280Z","level":"info","event":"│ 090009   │     43.66538 │     7.128005 │                 8 │               0.198 │","chan":"stdout","logger":"task"}
{"timestamp":"2025-09-23T14:36:37.279355Z","level":"info","event":"│ 090009   │    43.665285 │     7.127922 │                 9 │                0.21 │","chan":"stdout","logger":"task"}
{"timestamp":"2025-09-23T14:36:37.279431Z","level":"info","event":"│   ·      │        ·     │         ·    │                 · │                  ·  │","chan":"stdout","logger":"task"}
{"timestamp":"2025-09-23T14:36:37.279504Z","level":"info","event":"│   ·      │        ·     │         ·    │                 · │                  ·  │","chan":"stdout","logger":"task"}
{"timestamp":"2025-09-23T14:36:37.279580Z","level":"info","event":"│   ·      │        ·     │         ·    │                 · │                  ·  │","chan":"stdout","logger":"task"}
{"timestamp":"2025-09-23T14:36:37.279662Z","level":"info","event":"│ K0005    │    43.791352 │     7.231355 │               350 │               5.779 │","chan":"stdout","logger":"task"}
{"timestamp":"2025-09-23T14:36:37.279738Z","level":"info","event":"│ K0005    │    43.791011 │     7.231284 │               351 │               5.818 │","chan":"stdout","logger":"task"}
{"timestamp":"2025-09-23T14:36:37.279812Z","level":"info","event":"│ K0005    │    43.790547 │     7.231148 │               352 │                5.87 │","chan":"stdout","logger":"task"}
{"timestamp":"2025-09-23T14:36:37.279882Z","level":"info","event":"│ K0005    │    43.790537 │     7.231148 │               353 │               5.872 │","chan":"stdout","logger":"task"}
{"timestamp":"2025-09-23T14:36:37.279955Z","level":"info","event":"│ K0005    │    43.790537 │     7.231148 │               354 │               5.872 │","chan":"stdout","logger":"task"}
{"timestamp":"2025-09-23T14:36:37.280027Z","level":"info","event":"│ K0005    │    43.790473 │     7.231148 │               355 │               5.879 │","chan":"stdout","logger":"task"}
{"timestamp":"2025-09-23T14:36:37.280098Z","level":"info","event":"│ K0005    │    43.790418 │     7.231202 │               356 │               5.886 │","chan":"stdout","logger":"task"}
{"timestamp":"2025-09-23T14:36:37.280167Z","level":"info","event":"│ K0005    │    43.790439 │     7.231428 │               357 │               5.904 │","chan":"stdout","logger":"task"}
{"timestamp":"2025-09-23T14:36:37.280235Z","level":"info","event":"│ K0005    │    43.790524 │     7.231782 │               358 │               5.934 │","chan":"stdout","logger":"task"}
{"timestamp":"2025-09-23T14:36:37.280315Z","level":"info","event":"│ K0005    │    43.790573 │     7.231867 │               359 │               5.943 │","chan":"stdout","logger":"task"}
{"timestamp":"2025-09-23T14:36:37.280397Z","level":"info","event":"├──────────┴──────────────┴──────────────┴───────────────────┴─────────────────────┤","chan":"stdout","logger":"task"}
{"timestamp":"2025-09-23T14:36:37.280474Z","level":"info","event":"│ ? rows (>9999 rows, 20 shown)                                          5 columns │","chan":"stdout","logger":"task"}
{"timestamp":"2025-09-23T14:36:37.280550Z","level":"info","event":"└──────────────────────────────────────────────────────────────────────────────────┘","chan":"stdout","logger":"task"}
{"timestamp":"2025-09-23T14:36:37.280640Z","level":"info","event":"","chan":"stdout","logger":"task"}
{"timestamp":"2025-09-23T14:36:37.435456","level":"info","event":"Done. Returned value was: None","logger":"airflow.task.operators.airflow.providers.standard.operators.python.PythonOperator"}
{"timestamp":"2025-09-23T14:36:37.452897Z","level":"info","event":"Task instance in success state","chan":"stdout","logger":"task"}
{"timestamp":"2025-09-23T14:36:37.453044Z","level":"info","event":" Previous state of the Task instance: TaskInstanceState.RUNNING","chan":"stdout","logger":"task"}
{"timestamp":"2025-09-23T14:36:37.453240Z","level":"info","event":"Task operator:<Task(PythonOperator): load_duckdb.to_duckdb_reseau_transport>","chan":"stdout","logger":"task"}
