{"timestamp":"2025-09-08T13:09:17.845452","level":"info","event":"DAG bundles loaded: dags-folder, example_dags","logger":"airflow.dag_processing.bundles.manager.DagBundlesManager"}
{"timestamp":"2025-09-08T13:09:17.846099","level":"info","event":"Filling up the DagBag from /opt/airflow/dags/lignes_azure_dag.py","logger":"airflow.models.dagbag.DagBag"}
{"timestamp":"2025-09-08T13:09:17.906988Z","level":"info","event":"Task instance is in running state","chan":"stdout","logger":"task"}
{"timestamp":"2025-09-08T13:09:17.907120Z","level":"info","event":" Previous state of the Task instance: TaskInstanceState.QUEUED","chan":"stdout","logger":"task"}
{"timestamp":"2025-09-08T13:09:17.907253Z","level":"info","event":"Current task name:reseau_transport.to_duckdb_reseau_transport","chan":"stdout","logger":"task"}
{"timestamp":"2025-09-08T13:09:17.907303Z","level":"info","event":"Dag name:lignes_azure_ETL","chan":"stdout","logger":"task"}
{"timestamp":"2025-09-08T13:09:17.958611Z","level":"info","event":"--------------- RETURN SELECT ------------------------","chan":"stdout","logger":"task"}
{"timestamp":"2025-09-08T13:09:17.968750Z","level":"info","event":"┌──────────────┬───────────┬──────────────────────┬───┬────────────────┬───────────────┬─────────────────────┐","chan":"stdout","logger":"task"}
{"timestamp":"2025-09-08T13:09:17.968961Z","level":"info","event":"│   stop_id    │ stop_code │      stop_name       │ … │ parent_station │ stop_timezone │ wheelchair_boarding │","chan":"stdout","logger":"task"}
{"timestamp":"2025-09-08T13:09:17.969046Z","level":"info","event":"│   varchar    │  varchar  │       varchar        │   │    varchar     │    varchar    │        int64        │","chan":"stdout","logger":"task"}
{"timestamp":"2025-09-08T13:09:17.969099Z","level":"info","event":"├──────────────┼───────────┼──────────────────────┼───┼────────────────┼───────────────┼─────────────────────┤","chan":"stdout","logger":"task"}
{"timestamp":"2025-09-08T13:09:17.969145Z","level":"info","event":"│ 1            │ ABBAT8    │ Abattoirs            │ … │ place_101376   │ NULL          │                   1 │","chan":"stdout","logger":"task"}
{"timestamp":"2025-09-08T13:09:17.969188Z","level":"info","event":"│ 2            │ ABBAT4    │ Abattoirs            │ … │ place_101376   │ NULL          │                   1 │","chan":"stdout","logger":"task"}
{"timestamp":"2025-09-08T13:09:17.969229Z","level":"info","event":"│ 3            │ ROSEL2    │ Abbaye de Roseland   │ … │ place_096609   │ NULL          │                   0 │","chan":"stdout","logger":"task"}
{"timestamp":"2025-09-08T13:09:17.969269Z","level":"info","event":"│ 4            │ ROSEL8    │ Abbaye de Roseland   │ … │ place_096609   │ NULL          │                   0 │","chan":"stdout","logger":"task"}
{"timestamp":"2025-09-08T13:09:17.969309Z","level":"info","event":"│ 5            │ ARSE4     │ Abbaye de Roseland…  │ … │ place_096610   │ NULL          │                   0 │","chan":"stdout","logger":"task"}
{"timestamp":"2025-09-08T13:09:17.969348Z","level":"info","event":"│ 6            │ ACROB6    │ Risso                │ … │ place_096612   │ NULL          │                   1 │","chan":"stdout","logger":"task"}
{"timestamp":"2025-09-08T13:09:17.969388Z","level":"info","event":"│ 8            │ AEPRM1    │ Aéroport / Promenade │ … │ place_101377   │ NULL          │                   1 │","chan":"stdout","logger":"task"}
{"timestamp":"2025-09-08T13:09:17.969713Z","level":"info","event":"│ 11           │ AEPRM2    │ Aéroport / Promenade │ … │ place_101377   │ NULL          │                   1 │","chan":"stdout","logger":"task"}
{"timestamp":"2025-09-08T13:09:17.969781Z","level":"info","event":"│ 12           │ ALBER3    │ Albert 1er           │ … │ place_096616   │ NULL          │                   0 │","chan":"stdout","logger":"task"}
{"timestamp":"2025-09-08T13:09:17.969826Z","level":"info","event":"│ 13           │ ALBER8    │ Jardin d'Arménie     │ … │ place_096617   │ NULL          │                   0 │","chan":"stdout","logger":"task"}
{"timestamp":"2025-09-08T13:09:17.969867Z","level":"info","event":"│ ·            │  ·        │      ·               │ · │  ·             │  ·            │                   · │","chan":"stdout","logger":"task"}
{"timestamp":"2025-09-08T13:09:17.969907Z","level":"info","event":"│ ·            │  ·        │      ·               │ · │  ·             │  ·            │                   · │","chan":"stdout","logger":"task"}
{"timestamp":"2025-09-08T13:09:17.969947Z","level":"info","event":"│ ·            │  ·        │      ·               │ · │  ·             │  ·            │                   · │","chan":"stdout","logger":"task"}
{"timestamp":"2025-09-08T13:09:17.969987Z","level":"info","event":"│ place_SMGEN  │ NULL      │ Gendarmerie          │ … │ NULL           │ Europe/Paris  │                   0 │","chan":"stdout","logger":"task"}
{"timestamp":"2025-09-08T13:09:17.970026Z","level":"info","event":"│ place_SMPMA7 │ NULL      │ Pont Maïssa          │ … │ NULL           │ Europe/Paris  │                   0 │","chan":"stdout","logger":"task"}
{"timestamp":"2025-09-08T13:09:17.970104Z","level":"info","event":"│ 6198         │ SMGEN8    │ Gendarmerie          │ … │ place_SMGEN    │ NULL          │                   1 │","chan":"stdout","logger":"task"}
{"timestamp":"2025-09-08T13:09:17.970167Z","level":"info","event":"│ 21313        │ GENDA3    │ Gendarmerie          │ … │ place_GENDAR   │ NULL          │                   0 │","chan":"stdout","logger":"task"}
{"timestamp":"2025-09-08T13:09:17.970208Z","level":"info","event":"│ 6197         │ SMPMA7    │ Pont Maïssa          │ … │ place_SMPMA7   │ NULL          │                   1 │","chan":"stdout","logger":"task"}
{"timestamp":"2025-09-08T13:09:17.970249Z","level":"info","event":"│ place_VACHRI │ NULL      │ La Vacherie          │ … │ NULL           │ Europe/Paris  │                   0 │","chan":"stdout","logger":"task"}
{"timestamp":"2025-09-08T13:09:17.970289Z","level":"info","event":"│ 23020        │ VACHRI    │ La Vacherie          │ … │ place_VACHRI   │ NULL          │                   1 │","chan":"stdout","logger":"task"}
{"timestamp":"2025-09-08T13:09:17.970329Z","level":"info","event":"│ 21659        │ SUPGA9    │ Super Gattières      │ … │ NULL           │ Europe/Paris  │                   0 │","chan":"stdout","logger":"task"}
{"timestamp":"2025-09-08T13:09:17.970370Z","level":"info","event":"│ place_ALPHA0 │ NULL      │ Parc Alpha Loup      │ … │ NULL           │ Europe/Paris  │                   0 │","chan":"stdout","logger":"task"}
{"timestamp":"2025-09-08T13:09:17.970428Z","level":"info","event":"│ 2997         │ MAGNA1    │ Magnan               │ … │ place_097192   │ NULL          │                   1 │","chan":"stdout","logger":"task"}
{"timestamp":"2025-09-08T13:09:17.970538Z","level":"info","event":"├──────────────┴───────────┴──────────────────────┴───┴────────────────┴───────────────┴─────────────────────┤","chan":"stdout","logger":"task"}
{"timestamp":"2025-09-08T13:09:17.970589Z","level":"info","event":"│ 8970 rows (20 shown)                                                                  10 columns (6 shown) │","chan":"stdout","logger":"task"}
{"timestamp":"2025-09-08T13:09:17.970640Z","level":"info","event":"└────────────────────────────────────────────────────────────────────────────────────────────────────────────┘","chan":"stdout","logger":"task"}
{"timestamp":"2025-09-08T13:09:17.970685Z","level":"info","event":"","chan":"stdout","logger":"task"}
{"timestamp":"2025-09-08T13:09:17.974802Z","level":"info","event":"--------------- RETURN SELECT ------------------------","chan":"stdout","logger":"task"}
{"timestamp":"2025-09-08T13:09:17.977473Z","level":"info","event":"┌──────────┬───────────────┬──────────────────┬───┬──────────────────────┬─────────────┬──────────────────┐","chan":"stdout","logger":"task"}
{"timestamp":"2025-09-08T13:09:17.977685Z","level":"info","event":"│ route_id │   agency_id   │ route_short_name │ … │      route_url       │ route_color │ route_text_color │","chan":"stdout","logger":"task"}
{"timestamp":"2025-09-08T13:09:17.977837Z","level":"info","event":"│ varchar  │    varchar    │     varchar      │   │       varchar        │   varchar   │     varchar      │","chan":"stdout","logger":"task"}
{"timestamp":"2025-09-08T13:09:17.977951Z","level":"info","event":"├──────────┼───────────────┼──────────────────┼───┼──────────────────────┼─────────────┼──────────────────┤","chan":"stdout","logger":"task"}
{"timestamp":"2025-09-08T13:09:17.978024Z","level":"info","event":"│ 05       │ lignes-d-azur │ 05               │ … │ https://ftp.lignes…  │ 3065AF      │ FFFFFF           │","chan":"stdout","logger":"task"}
{"timestamp":"2025-09-08T13:09:17.978168Z","level":"info","event":"│ 06       │ lignes-d-azur │ 06               │ … │ https://ftp.lignes…  │ 2FA948      │ FFFFFF           │","chan":"stdout","logger":"task"}
{"timestamp":"2025-09-08T13:09:17.978244Z","level":"info","event":"│ 07       │ lignes-d-azur │ 07               │ … │ https://ftp.lignes…  │ 751D5D      │ FFFFFF           │","chan":"stdout","logger":"task"}
{"timestamp":"2025-09-08T13:09:17.978313Z","level":"info","event":"│ 09       │ lignes-d-azur │ 09               │ … │ https://ftp.lignes…  │ EF7D00      │ FFFFFF           │","chan":"stdout","logger":"task"}
{"timestamp":"2025-09-08T13:09:17.978378Z","level":"info","event":"│ 11       │ lignes-d-azur │ 11               │ … │ https://ftp.lignes…  │ 9C3F8F      │ FFFFFF           │","chan":"stdout","logger":"task"}
{"timestamp":"2025-09-08T13:09:17.978468Z","level":"info","event":"│ 12       │ lignes-d-azur │ 12+              │ … │ https://ftp.lignes…  │ DE1381      │ FFFFFF           │","chan":"stdout","logger":"task"}
{"timestamp":"2025-09-08T13:09:17.978577Z","level":"info","event":"│ 14       │ lignes-d-azur │ 14               │ … │ https://ftp.lignes…  │ F5A32F      │ FFFFFF           │","chan":"stdout","logger":"task"}
{"timestamp":"2025-09-08T13:09:17.978645Z","level":"info","event":"│ 15       │ lignes-d-azur │ 15               │ … │ https://ftp.lignes…  │ 15B1AF      │ FFFFFF           │","chan":"stdout","logger":"task"}
{"timestamp":"2025-09-08T13:09:17.978750Z","level":"info","event":"│ 16       │ lignes-d-azur │ 16               │ … │ https://ftp.lignes…  │ 35BEEB      │ FFFFFF           │","chan":"stdout","logger":"task"}
{"timestamp":"2025-09-08T13:09:17.978872Z","level":"info","event":"│ 17       │ lignes-d-azur │ 17               │ … │ https://ftp.lignes…  │ 418ABF      │ FFFFFF           │","chan":"stdout","logger":"task"}
{"timestamp":"2025-09-08T13:09:17.978957Z","level":"info","event":"│ ·        │       ·       │ ·                │ · │          ·           │   ·         │   ·              │","chan":"stdout","logger":"task"}
{"timestamp":"2025-09-08T13:09:17.979025Z","level":"info","event":"│ ·        │       ·       │ ·                │ · │          ·           │   ·         │   ·              │","chan":"stdout","logger":"task"}
{"timestamp":"2025-09-08T13:09:17.979092Z","level":"info","event":"│ ·        │       ·       │ ·                │ · │          ·           │   ·         │   ·              │","chan":"stdout","logger":"task"}
{"timestamp":"2025-09-08T13:09:17.979191Z","level":"info","event":"│ NVMA     │ lignes-d-azur │ NVMA             │ … │ https://ftp.lignes…  │ 36BEE9      │ FFFFFF           │","chan":"stdout","logger":"task"}
{"timestamp":"2025-09-08T13:09:17.979262Z","level":"info","event":"│ NGOR     │ lignes-d-azur │ NGOR             │ … │ https://ftp.lignes…  │ 2AA137      │ FFFFFF           │","chan":"stdout","logger":"task"}
{"timestamp":"2025-09-08T13:09:17.979357Z","level":"info","event":"│ 10       │ lignes-d-azur │ 10               │ … │ https://ftp.lignes…  │ 31A948      │ FFFFFF           │","chan":"stdout","logger":"task"}
{"timestamp":"2025-09-08T13:09:17.979438Z","level":"info","event":"│ 08       │ lignes-d-azur │ 8+               │ … │ https://ftp.lignes…  │ FEC703      │ 000000           │","chan":"stdout","logger":"task"}
{"timestamp":"2025-09-08T13:09:17.979511Z","level":"info","event":"│ 12+      │ lignes-d-azur │ 12+              │ … │ https://ftp.lignes…  │ DE1381      │ FFFFFF           │","chan":"stdout","logger":"task"}
{"timestamp":"2025-09-08T13:09:17.979601Z","level":"info","event":"│ 8+       │ lignes-d-azur │ 8+               │ … │ https://ftp.lignes…  │ FEC703      │ 000000           │","chan":"stdout","logger":"task"}
{"timestamp":"2025-09-08T13:09:17.979669Z","level":"info","event":"│ B        │ lignes-d-azur │ B                │ … │ https://ftp.lignes…  │ FFDD00      │ 000000           │","chan":"stdout","logger":"task"}
{"timestamp":"2025-09-08T13:09:17.979738Z","level":"info","event":"│ NBOR     │ lignes-d-azur │ NBOR             │ … │ https://ftp.lignes…  │ 2AA137      │ 000000           │","chan":"stdout","logger":"task"}
{"timestamp":"2025-09-08T13:09:17.979820Z","level":"info","event":"│ VESU     │ lignes-d-azur │ VESU             │ … │ https://ftp.lignes…  │ 2AA137      │ FFFFFF           │","chan":"stdout","logger":"task"}
{"timestamp":"2025-09-08T13:09:17.979941Z","level":"info","event":"│ FOOT     │ lignes-d-azur │ FOOT             │ … │ NULL                 │ 36BEE9      │ FFFFFF           │","chan":"stdout","logger":"task"}
{"timestamp":"2025-09-08T13:09:17.980134Z","level":"info","event":"├──────────┴───────────────┴──────────────────┴───┴──────────────────────┴─────────────┴──────────────────┤","chan":"stdout","logger":"task"}
{"timestamp":"2025-09-08T13:09:17.980263Z","level":"info","event":"│ 226 rows (20 shown)                                                                 8 columns (6 shown) │","chan":"stdout","logger":"task"}
{"timestamp":"2025-09-08T13:09:17.980388Z","level":"info","event":"└─────────────────────────────────────────────────────────────────────────────────────────────────────────┘","chan":"stdout","logger":"task"}
{"timestamp":"2025-09-08T13:09:17.980472Z","level":"info","event":"","chan":"stdout","logger":"task"}
{"timestamp":"2025-09-08T13:09:18.078036Z","level":"info","event":"--------------- RETURN SELECT ------------------------","chan":"stdout","logger":"task"}
{"timestamp":"2025-09-08T13:09:18.087340Z","level":"info","event":"┌──────────┬──────────────────────┬──────────────────────┬───┬──────────┬──────────────────────┬───────────────┐","chan":"stdout","logger":"task"}
{"timestamp":"2025-09-08T13:09:18.087509Z","level":"info","event":"│ route_id │      service_id      │       trip_id        │ … │ shape_id │ wheelchair_accessi…  │ bikes_allowed │","chan":"stdout","logger":"task"}
{"timestamp":"2025-09-08T13:09:18.087582Z","level":"info","event":"│ varchar  │       varchar        │       varchar        │   │ varchar  │        int64         │     int64     │","chan":"stdout","logger":"task"}
{"timestamp":"2025-09-08T13:09:18.087635Z","level":"info","event":"├──────────┼──────────────────────┼──────────────────────┼───┼──────────┼──────────────────────┼───────────────┤","chan":"stdout","logger":"task"}
{"timestamp":"2025-09-08T13:09:18.087681Z","level":"info","event":"│ 75       │ RESEAU2023-75-Dima…  │ 4962940-75_R_97_75…  │ … │ 750032   │                    0 │             0 │","chan":"stdout","logger":"task"}
{"timestamp":"2025-09-08T13:09:18.087723Z","level":"info","event":"│ 75       │ RESEAU2023-75-Same…  │ 4962972-75_R_97_75…  │ … │ 750032   │                    0 │             0 │","chan":"stdout","logger":"task"}
{"timestamp":"2025-09-08T13:09:18.087763Z","level":"info","event":"│ 40       │ RESEAU2023-40-Sema…  │ 4350596-40_A_50_40…  │ … │ 400009   │                    0 │             0 │","chan":"stdout","logger":"task"}
{"timestamp":"2025-09-08T13:09:18.087803Z","level":"info","event":"│ 62       │ RESEAU2023-62-Same…  │ 4336738-62_R_98_62…  │ … │ 620015   │                    0 │             0 │","chan":"stdout","logger":"task"}
{"timestamp":"2025-09-08T13:09:18.087842Z","level":"info","event":"│ C34      │ RESEAU2021-C34-Dim…  │ 3064040-C34_R_2_C3…  │ … │ C340002  │                    0 │             0 │","chan":"stdout","logger":"task"}
{"timestamp":"2025-09-08T13:09:18.087881Z","level":"info","event":"│ 62       │ RESEAU2023-62-Dima…  │ 4336785-62_R_98_62…  │ … │ 620015   │                    0 │             0 │","chan":"stdout","logger":"task"}
{"timestamp":"2025-09-08T13:09:18.087920Z","level":"info","event":"│ 75       │ RESEAU2023-75-Dima…  │ 4962945-75_R_97_75…  │ … │ 750032   │                    0 │             0 │","chan":"stdout","logger":"task"}
{"timestamp":"2025-09-08T13:09:18.087958Z","level":"info","event":"│ 40       │ RESEAU2023-40-Sema…  │ 4350598-40_A_50_40…  │ … │ 400009   │                    0 │             0 │","chan":"stdout","logger":"task"}
{"timestamp":"2025-09-08T13:09:18.087997Z","level":"info","event":"│ 40       │ RESEAU2023-40-Sema…  │ 4350594-40_R_99_40…  │ … │ 400010   │                    0 │             0 │","chan":"stdout","logger":"task"}
{"timestamp":"2025-09-08T13:09:18.088035Z","level":"info","event":"│ 75       │ RESEAU2023-75-Dima…  │ 4962943-75_R_97_75…  │ … │ 750032   │                    0 │             0 │","chan":"stdout","logger":"task"}
{"timestamp":"2025-09-08T13:09:18.088085Z","level":"info","event":"│ ·        │          ·           │          ·           │ · │   ·      │                    · │             · │","chan":"stdout","logger":"task"}
{"timestamp":"2025-09-08T13:09:18.088126Z","level":"info","event":"│ ·        │          ·           │          ·           │ · │   ·      │                    · │             · │","chan":"stdout","logger":"task"}
{"timestamp":"2025-09-08T13:09:18.088165Z","level":"info","event":"│ ·        │          ·           │          ·           │ · │   ·      │                    · │             · │","chan":"stdout","logger":"task"}
{"timestamp":"2025-09-08T13:09:18.088203Z","level":"info","event":"│ 10       │ SETP2025-10-Samedi…  │ 6435967-10_A_5_060…  │ … │ 100005   │                    0 │             0 │","chan":"stdout","logger":"task"}
{"timestamp":"2025-09-08T13:09:18.088241Z","level":"info","event":"│ 10       │ SETP2025-10-Samedi…  │ 6435974-10_R_2_060…  │ … │ 100002   │                    0 │             0 │","chan":"stdout","logger":"task"}
{"timestamp":"2025-09-08T13:09:18.088280Z","level":"info","event":"│ 10       │ SETP2025-10-Samedi…  │ 6435975-10_R_2_060…  │ … │ 100002   │                    0 │             0 │","chan":"stdout","logger":"task"}
{"timestamp":"2025-09-08T13:09:18.088322Z","level":"info","event":"│ 12+      │ chouette:TimeTable…  │ 6252788-12_R_99_12…  │ … │ 120081   │                    0 │             0 │","chan":"stdout","logger":"task"}
{"timestamp":"2025-09-08T13:09:18.088361Z","level":"info","event":"│ 12+      │ chouette:TimeTable…  │ 6252789-12_R_99_12…  │ … │ 120081   │                    0 │             0 │","chan":"stdout","logger":"task"}
{"timestamp":"2025-09-08T13:09:18.088401Z","level":"info","event":"│ 12+      │ chouette:TimeTable…  │ 6252790-12_A_50_12…  │ … │ 120080   │                    0 │             0 │","chan":"stdout","logger":"task"}
{"timestamp":"2025-09-08T13:09:18.088440Z","level":"info","event":"│ 10       │ SETP2025-10-Samedi…  │ 6435986-10_R_2_060…  │ … │ 100002   │                    0 │             0 │","chan":"stdout","logger":"task"}
{"timestamp":"2025-09-08T13:09:18.088479Z","level":"info","event":"│ 33       │ SETP2025-33-Mercre…  │ 6444424-33_A_48_33…  │ … │ 330119   │                    0 │             0 │","chan":"stdout","logger":"task"}
{"timestamp":"2025-09-08T13:09:18.088521Z","level":"info","event":"│ 10       │ SETP2025-10-Samedi…  │ 6435988-10_R_2_060…  │ … │ 100002   │                    0 │             0 │","chan":"stdout","logger":"task"}
{"timestamp":"2025-09-08T13:09:18.088599Z","level":"info","event":"│ 10       │ SETP2025-10-Samedi…  │ 6435989-10_R_2_060…  │ … │ 100002   │                    0 │             0 │","chan":"stdout","logger":"task"}
{"timestamp":"2025-09-08T13:09:18.088706Z","level":"info","event":"├──────────┴──────────────────────┴──────────────────────┴───┴──────────┴──────────────────────┴───────────────┤","chan":"stdout","logger":"task"}
{"timestamp":"2025-09-08T13:09:18.088758Z","level":"info","event":"│ ? rows (>9999 rows, 20 shown)                                                            9 columns (6 shown) │","chan":"stdout","logger":"task"}
{"timestamp":"2025-09-08T13:09:18.088801Z","level":"info","event":"└──────────────────────────────────────────────────────────────────────────────────────────────────────────────┘","chan":"stdout","logger":"task"}
{"timestamp":"2025-09-08T13:09:18.088849Z","level":"info","event":"","chan":"stdout","logger":"task"}
{"timestamp":"2025-09-08T13:09:18.750955Z","level":"info","event":"--------------- RETURN SELECT ------------------------","chan":"stdout","logger":"task"}
{"timestamp":"2025-09-08T13:09:18.759229Z","level":"info","event":"┌──────────────────────────────┬──────────────┬────────────────┬─────────┬───────────────┬─────────────┬───────────────┐","chan":"stdout","logger":"task"}
{"timestamp":"2025-09-08T13:09:18.759439Z","level":"info","event":"│           trip_id            │ arrival_time │ departure_time │ stop_id │ stop_sequence │ pickup_type │ drop_off_type │","chan":"stdout","logger":"task"}
{"timestamp":"2025-09-08T13:09:18.759567Z","level":"info","event":"│           varchar            │   varchar    │    varchar     │  int64  │     int64     │    int64    │     int64     │","chan":"stdout","logger":"task"}
{"timestamp":"2025-09-08T13:09:18.759656Z","level":"info","event":"├──────────────────────────────┼──────────────┼────────────────┼─────────┼───────────────┼─────────────┼───────────────┤","chan":"stdout","logger":"task"}
{"timestamp":"2025-09-08T13:09:18.759736Z","level":"info","event":"│ 3064029-C32_A_1_C3201_08:3…  │ 08:30:00     │ 08:30:00       │   21681 │             0 │           2 │             2 │","chan":"stdout","logger":"task"}
{"timestamp":"2025-09-08T13:09:18.759812Z","level":"info","event":"│ 3064029-C32_A_1_C3201_08:3…  │ 08:35:00     │ 08:35:00       │   21652 │             1 │           2 │             2 │","chan":"stdout","logger":"task"}
{"timestamp":"2025-09-08T13:09:18.759887Z","level":"info","event":"│ 3064029-C32_A_1_C3201_08:3…  │ 08:55:00     │ 08:55:00       │   21644 │             2 │           2 │             2 │","chan":"stdout","logger":"task"}
{"timestamp":"2025-09-08T13:09:18.759960Z","level":"info","event":"│ 3064029-C32_A_1_C3201_08:3…  │ 09:15:00     │ 09:15:00       │   21398 │             3 │           2 │             2 │","chan":"stdout","logger":"task"}
{"timestamp":"2025-09-08T13:09:18.760031Z","level":"info","event":"│ 3064030-C32_R_2_C3202_17:2…  │ 17:20:00     │ 17:20:00       │   21398 │             0 │           2 │             2 │","chan":"stdout","logger":"task"}
{"timestamp":"2025-09-08T13:09:18.760104Z","level":"info","event":"│ 3064030-C32_R_2_C3202_17:2…  │ 17:40:00     │ 17:40:00       │   21644 │             1 │           2 │             2 │","chan":"stdout","logger":"task"}
{"timestamp":"2025-09-08T13:09:18.760175Z","level":"info","event":"│ 3064030-C32_R_2_C3202_17:2…  │ 18:00:00     │ 18:00:00       │   21652 │             2 │           2 │             2 │","chan":"stdout","logger":"task"}
{"timestamp":"2025-09-08T13:09:18.760247Z","level":"info","event":"│ 3064030-C32_R_2_C3202_17:2…  │ 18:05:00     │ 18:05:00       │   21681 │             3 │           2 │             2 │","chan":"stdout","logger":"task"}
{"timestamp":"2025-09-08T13:09:18.760318Z","level":"info","event":"│ 3064033-C32_A_1_C3202_17:0…  │ 17:00:00     │ 17:00:00       │   21681 │             0 │           2 │             2 │","chan":"stdout","logger":"task"}
{"timestamp":"2025-09-08T13:09:18.760389Z","level":"info","event":"│ 3064033-C32_A_1_C3202_17:0…  │ 17:05:00     │ 17:05:00       │   21652 │             1 │           2 │             2 │","chan":"stdout","logger":"task"}
{"timestamp":"2025-09-08T13:09:18.760477Z","level":"info","event":"│              ·               │    ·         │    ·           │      ·  │             · │           · │             · │","chan":"stdout","logger":"task"}
{"timestamp":"2025-09-08T13:09:18.760553Z","level":"info","event":"│              ·               │    ·         │    ·           │      ·  │             · │           · │             · │","chan":"stdout","logger":"task"}
{"timestamp":"2025-09-08T13:09:18.760625Z","level":"info","event":"│              ·               │    ·         │    ·           │      ·  │             · │           · │             · │","chan":"stdout","logger":"task"}
{"timestamp":"2025-09-08T13:09:18.760696Z","level":"info","event":"│ 4669775-62_A_48_6201_13:40…  │ 14:08:00     │ 14:08:00       │    6064 │            25 │           0 │             0 │","chan":"stdout","logger":"task"}
{"timestamp":"2025-09-08T13:09:18.760767Z","level":"info","event":"│ 4669775-62_A_48_6201_13:40…  │ 14:09:00     │ 14:09:00       │    6021 │            26 │           0 │             0 │","chan":"stdout","logger":"task"}
{"timestamp":"2025-09-08T13:09:18.760843Z","level":"info","event":"│ 4669775-62_A_48_6201_13:40…  │ 14:10:00     │ 14:10:00       │    6033 │            27 │           0 │             0 │","chan":"stdout","logger":"task"}
{"timestamp":"2025-09-08T13:09:18.760973Z","level":"info","event":"│ 4669776-62_A_48_6203_12:40…  │ 12:40:00     │ 12:40:00       │    2828 │             0 │           0 │             0 │","chan":"stdout","logger":"task"}
{"timestamp":"2025-09-08T13:09:18.761051Z","level":"info","event":"│ 4669776-62_A_48_6203_12:40…  │ 12:42:00     │ 12:42:00       │    1619 │             1 │           0 │             0 │","chan":"stdout","logger":"task"}
{"timestamp":"2025-09-08T13:09:18.761121Z","level":"info","event":"│ 4669776-62_A_48_6203_12:40…  │ 12:44:00     │ 12:44:00       │     139 │             2 │           0 │             0 │","chan":"stdout","logger":"task"}
{"timestamp":"2025-09-08T13:09:18.761194Z","level":"info","event":"│ 4669776-62_A_48_6203_12:40…  │ 12:47:00     │ 12:47:00       │     144 │             3 │           0 │             0 │","chan":"stdout","logger":"task"}
{"timestamp":"2025-09-08T13:09:18.761266Z","level":"info","event":"│ 4669776-62_A_48_6203_12:40…  │ 12:48:00     │ 12:48:00       │    1161 │             4 │           0 │             0 │","chan":"stdout","logger":"task"}
{"timestamp":"2025-09-08T13:09:18.761338Z","level":"info","event":"│ 4669776-62_A_48_6203_12:40…  │ 12:49:00     │ 12:49:00       │     265 │             5 │           0 │             0 │","chan":"stdout","logger":"task"}
{"timestamp":"2025-09-08T13:09:18.761689Z","level":"info","event":"│ 4669776-62_A_48_6203_12:40…  │ 12:49:00     │ 12:49:00       │    1320 │             6 │           0 │             0 │","chan":"stdout","logger":"task"}
{"timestamp":"2025-09-08T13:09:18.761872Z","level":"info","event":"├──────────────────────────────┴──────────────┴────────────────┴─────────┴───────────────┴─────────────┴───────────────┤","chan":"stdout","logger":"task"}
{"timestamp":"2025-09-08T13:09:18.761980Z","level":"info","event":"│ ? rows (>9999 rows, 20 shown)                                                                              7 columns │","chan":"stdout","logger":"task"}
{"timestamp":"2025-09-08T13:09:18.762128Z","level":"info","event":"└──────────────────────────────────────────────────────────────────────────────────────────────────────────────────────┘","chan":"stdout","logger":"task"}
{"timestamp":"2025-09-08T13:09:18.762329Z","level":"info","event":"","chan":"stdout","logger":"task"}
{"timestamp":"2025-09-08T13:09:18.779516Z","level":"info","event":"--------------- RETURN SELECT ------------------------","chan":"stdout","logger":"task"}
{"timestamp":"2025-09-08T13:09:18.784584Z","level":"info","event":"┌───────────────────────┬────────┬─────────┬───────────┬──────────┬────────┬──────────┬────────┬────────────┬──────────┐","chan":"stdout","logger":"task"}
{"timestamp":"2025-09-08T13:09:18.784920Z","level":"info","event":"│      service_id       │ monday │ tuesday │ wednesday │ thursday │ friday │ saturday │ sunday │ start_date │ end_date │","chan":"stdout","logger":"task"}
{"timestamp":"2025-09-08T13:09:18.785058Z","level":"info","event":"│        varchar        │ int64  │  int64  │   int64   │  int64   │ int64  │  int64   │ int64  │   int64    │  int64   │","chan":"stdout","logger":"task"}
{"timestamp":"2025-09-08T13:09:18.785267Z","level":"info","event":"├───────────────────────┼────────┼─────────┼───────────┼──────────┼────────┼──────────┼────────┼────────────┼──────────┤","chan":"stdout","logger":"task"}
{"timestamp":"2025-09-08T13:09:18.785370Z","level":"info","event":"│ PROJET2025-61-Semai…  │      1 │       1 │         1 │        1 │      1 │        0 │      0 │   20251020 │ 20251231 │","chan":"stdout","logger":"task"}
{"timestamp":"2025-09-08T13:09:18.785458Z","level":"info","event":"│ PVS2025-26-64-Semai…  │      1 │       1 │         1 │        1 │      1 │        0 │      0 │   20251020 │ 20251231 │","chan":"stdout","logger":"task"}
{"timestamp":"2025-09-08T13:09:18.785536Z","level":"info","event":"│ SETP2025-08-Samedi-…  │      0 │       0 │         0 │        0 │      0 │        1 │      0 │   20250907 │ 20251018 │","chan":"stdout","logger":"task"}
{"timestamp":"2025-09-08T13:09:18.785614Z","level":"info","event":"│ chouette:TimeTable:…  │      0 │       1 │         1 │        1 │      1 │        1 │      0 │   20250907 │ 20251018 │","chan":"stdout","logger":"task"}
{"timestamp":"2025-09-08T13:09:18.785690Z","level":"info","event":"│ RESEAU2023-41-Semai…  │      1 │       1 │         1 │        1 │      1 │        0 │      0 │   20251020 │ 20251231 │","chan":"stdout","logger":"task"}
{"timestamp":"2025-09-08T13:09:18.785769Z","level":"info","event":"│ SETP2025-06-Samedi-…  │      0 │       0 │         0 │        0 │      0 │        1 │      0 │   20250907 │ 20251227 │","chan":"stdout","logger":"task"}
{"timestamp":"2025-09-08T13:09:18.785845Z","level":"info","event":"│ PROJET2025-54-Samed…  │      0 │       0 │         0 │        0 │      0 │        1 │      0 │   20250907 │ 20251227 │","chan":"stdout","logger":"task"}
{"timestamp":"2025-09-08T13:09:18.785922Z","level":"info","event":"│ PROJET2023-47-Samed…  │      0 │       0 │         0 │        0 │      0 │        1 │      0 │   20250907 │ 20251227 │","chan":"stdout","logger":"task"}
{"timestamp":"2025-09-08T13:09:18.785994Z","level":"info","event":"│ SETP2025-15-Samedi-…  │      0 │       0 │         0 │        0 │      0 │        1 │      0 │   20250907 │ 20250927 │","chan":"stdout","logger":"task"}
{"timestamp":"2025-09-08T13:09:18.786104Z","level":"info","event":"│ PROJET2025-41-Samed…  │      0 │       0 │         0 │        0 │      0 │        1 │      0 │   20250907 │ 20251227 │","chan":"stdout","logger":"task"}
{"timestamp":"2025-09-08T13:09:18.786195Z","level":"info","event":"│           ·           │      · │       · │         · │        · │      · │        · │      · │       ·    │     ·    │","chan":"stdout","logger":"task"}
{"timestamp":"2025-09-08T13:09:18.786369Z","level":"info","event":"│           ·           │      · │       · │         · │        · │      · │        · │      · │       ·    │     ·    │","chan":"stdout","logger":"task"}
{"timestamp":"2025-09-08T13:09:18.786453Z","level":"info","event":"│           ·           │      · │       · │         · │        · │      · │        · │      · │       ·    │     ·    │","chan":"stdout","logger":"task"}
{"timestamp":"2025-09-08T13:09:18.786526Z","level":"info","event":"│ RESEAU2021-K-Mercre…  │      0 │       0 │         1 │        0 │      0 │        0 │      0 │   20250910 │ 20251217 │","chan":"stdout","logger":"task"}
{"timestamp":"2025-09-08T13:09:18.786596Z","level":"info","event":"│ chouette:TimeTable:…  │      0 │       0 │         0 │        0 │      0 │        1 │      0 │   20250907 │ 20251018 │","chan":"stdout","logger":"task"}
{"timestamp":"2025-09-08T13:09:18.786672Z","level":"info","event":"│ PROJET2025-FOOT-Sam…  │      0 │       0 │         0 │        0 │      0 │        1 │      0 │   20250907 │ 20251227 │","chan":"stdout","logger":"task"}
{"timestamp":"2025-09-08T13:09:18.786752Z","level":"info","event":"│ RESEAU2021-K-L-Ma-J…  │      1 │       1 │         0 │        1 │      1 │        0 │      0 │   20250908 │ 20251219 │","chan":"stdout","logger":"task"}
{"timestamp":"2025-09-08T13:09:18.787109Z","level":"info","event":"│ RESEAU2021-Exp3-Sem…  │      1 │       1 │         1 │        1 │      1 │        0 │      0 │   20250908 │ 20251231 │","chan":"stdout","logger":"task"}
{"timestamp":"2025-09-08T13:09:18.787267Z","level":"info","event":"│ RESEAU2021-C43-Sema…  │      1 │       0 │         0 │        0 │      0 │        0 │      0 │   20250908 │ 20251230 │","chan":"stdout","logger":"task"}
{"timestamp":"2025-09-08T13:09:18.787356Z","level":"info","event":"│ PROJET2025-744-Vend…  │      0 │       0 │         0 │        0 │      1 │        0 │      0 │   20250912 │ 20251219 │","chan":"stdout","logger":"task"}
{"timestamp":"2025-09-08T13:09:18.787438Z","level":"info","event":"│ PROJET2025-744-Lund…  │      1 │       0 │         0 │        0 │      0 │        0 │      0 │   20250908 │ 20251215 │","chan":"stdout","logger":"task"}
{"timestamp":"2025-09-08T13:09:18.787609Z","level":"info","event":"│ PROJET2025-742-Lund…  │      1 │       0 │         0 │        0 │      0 │        0 │      0 │   20250908 │ 20251215 │","chan":"stdout","logger":"task"}
{"timestamp":"2025-09-08T13:09:18.787744Z","level":"info","event":"│ chouette:TimeTable:…  │      0 │       1 │         1 │        1 │      1 │        1 │      0 │   20250907 │ 20251018 │","chan":"stdout","logger":"task"}
{"timestamp":"2025-09-08T13:09:18.787838Z","level":"info","event":"├───────────────────────┴────────┴─────────┴───────────┴──────────┴────────┴──────────┴────────┴────────────┴──────────┤","chan":"stdout","logger":"task"}
{"timestamp":"2025-09-08T13:09:18.787932Z","level":"info","event":"│ 776 rows (20 shown)                                                                                       10 columns │","chan":"stdout","logger":"task"}
{"timestamp":"2025-09-08T13:09:18.788026Z","level":"info","event":"└──────────────────────────────────────────────────────────────────────────────────────────────────────────────────────┘","chan":"stdout","logger":"task"}
{"timestamp":"2025-09-08T13:09:18.788100Z","level":"info","event":"","chan":"stdout","logger":"task"}
{"timestamp":"2025-09-08T13:09:18.795307Z","level":"info","event":"--------------- RETURN SELECT ------------------------","chan":"stdout","logger":"task"}
{"timestamp":"2025-09-08T13:09:18.798847Z","level":"info","event":"┌─────────────────────────────────┬──────────┬────────────────┐","chan":"stdout","logger":"task"}
{"timestamp":"2025-09-08T13:09:18.799057Z","level":"info","event":"│           service_id            │   date   │ exception_type │","chan":"stdout","logger":"task"}
{"timestamp":"2025-09-08T13:09:18.799143Z","level":"info","event":"│             varchar             │  int64   │     int64      │","chan":"stdout","logger":"task"}
{"timestamp":"2025-09-08T13:09:18.799193Z","level":"info","event":"├─────────────────────────────────┼──────────┼────────────────┤","chan":"stdout","logger":"task"}
{"timestamp":"2025-09-08T13:09:18.799238Z","level":"info","event":"│ PROJET2025-61-Semaine-25-61     │ 20251103 │              2 │","chan":"stdout","logger":"task"}
{"timestamp":"2025-09-08T13:09:18.799281Z","level":"info","event":"│ PROJET2025-61-Semaine-25-61     │ 20251104 │              2 │","chan":"stdout","logger":"task"}
{"timestamp":"2025-09-08T13:09:18.799324Z","level":"info","event":"│ PROJET2025-61-Semaine-25-61     │ 20251105 │              2 │","chan":"stdout","logger":"task"}
{"timestamp":"2025-09-08T13:09:18.799366Z","level":"info","event":"│ PROJET2025-61-Semaine-25-61     │ 20251106 │              2 │","chan":"stdout","logger":"task"}
{"timestamp":"2025-09-08T13:09:18.799408Z","level":"info","event":"│ PROJET2025-61-Semaine-25-61     │ 20251107 │              2 │","chan":"stdout","logger":"task"}
{"timestamp":"2025-09-08T13:09:18.799450Z","level":"info","event":"│ PROJET2025-61-Semaine-25-61     │ 20251110 │              2 │","chan":"stdout","logger":"task"}
{"timestamp":"2025-09-08T13:09:18.799491Z","level":"info","event":"│ PROJET2025-61-Semaine-25-61     │ 20251111 │              2 │","chan":"stdout","logger":"task"}
{"timestamp":"2025-09-08T13:09:18.799532Z","level":"info","event":"│ PROJET2025-61-Semaine-25-61     │ 20251112 │              2 │","chan":"stdout","logger":"task"}
{"timestamp":"2025-09-08T13:09:18.799573Z","level":"info","event":"│ PROJET2025-61-Semaine-25-61     │ 20251113 │              2 │","chan":"stdout","logger":"task"}
{"timestamp":"2025-09-08T13:09:18.799614Z","level":"info","event":"│ PROJET2025-61-Semaine-25-61     │ 20251114 │              2 │","chan":"stdout","logger":"task"}
{"timestamp":"2025-09-08T13:09:18.799656Z","level":"info","event":"│             ·                   │     ·    │              · │","chan":"stdout","logger":"task"}
{"timestamp":"2025-09-08T13:09:18.799697Z","level":"info","event":"│             ·                   │     ·    │              · │","chan":"stdout","logger":"task"}
{"timestamp":"2025-09-08T13:09:18.799739Z","level":"info","event":"│             ·                   │     ·    │              · │","chan":"stdout","logger":"task"}
{"timestamp":"2025-09-08T13:09:18.799791Z","level":"info","event":"│ RESEAU2021-K-L-Ma-J-V-01-K      │ 20251028 │              2 │","chan":"stdout","logger":"task"}
{"timestamp":"2025-09-08T13:09:18.799835Z","level":"info","event":"│ RESEAU2021-K-L-Ma-J-V-01-K      │ 20251030 │              2 │","chan":"stdout","logger":"task"}
{"timestamp":"2025-09-08T13:09:18.799876Z","level":"info","event":"│ RESEAU2021-K-L-Ma-J-V-01-K      │ 20251031 │              2 │","chan":"stdout","logger":"task"}
{"timestamp":"2025-09-08T13:09:18.799917Z","level":"info","event":"│ RESEAU2021-K-L-Ma-J-V-01-K      │ 20251111 │              2 │","chan":"stdout","logger":"task"}
{"timestamp":"2025-09-08T13:09:18.799957Z","level":"info","event":"│ RESEAU2021-Exp3-Semaine-01-Exp3 │ 20251111 │              2 │","chan":"stdout","logger":"task"}
{"timestamp":"2025-09-08T13:09:18.800001Z","level":"info","event":"│ RESEAU2021-Exp3-Semaine-01-Exp3 │ 20251225 │              2 │","chan":"stdout","logger":"task"}
{"timestamp":"2025-09-08T13:09:18.800045Z","level":"info","event":"│ PROJET2025-744-Lundi-07-744     │ 20251020 │              2 │","chan":"stdout","logger":"task"}
{"timestamp":"2025-09-08T13:09:18.800087Z","level":"info","event":"│ PROJET2025-744-Lundi-07-744     │ 20251027 │              2 │","chan":"stdout","logger":"task"}
{"timestamp":"2025-09-08T13:09:18.800128Z","level":"info","event":"│ PROJET2025-742-Lundi-06-742     │ 20251020 │              2 │","chan":"stdout","logger":"task"}
{"timestamp":"2025-09-08T13:09:18.800169Z","level":"info","event":"│ PROJET2025-742-Lundi-06-742     │ 20251027 │              2 │","chan":"stdout","logger":"task"}
{"timestamp":"2025-09-08T13:09:18.800210Z","level":"info","event":"├─────────────────────────────────┴──────────┴────────────────┤","chan":"stdout","logger":"task"}
{"timestamp":"2025-09-08T13:09:18.800251Z","level":"info","event":"│ 6152 rows (20 shown)                              3 columns │","chan":"stdout","logger":"task"}
{"timestamp":"2025-09-08T13:09:18.800292Z","level":"info","event":"└─────────────────────────────────────────────────────────────┘","chan":"stdout","logger":"task"}
{"timestamp":"2025-09-08T13:09:18.800334Z","level":"info","event":"","chan":"stdout","logger":"task"}
{"timestamp":"2025-09-08T13:09:19.193791Z","level":"info","event":"--------------- RETURN SELECT ------------------------","chan":"stdout","logger":"task"}
{"timestamp":"2025-09-08T13:09:19.199426Z","level":"info","event":"┌──────────┬──────────────┬──────────────┬───────────────────┬─────────────────────┐","chan":"stdout","logger":"task"}
{"timestamp":"2025-09-08T13:09:19.199637Z","level":"info","event":"│ shape_id │ shape_pt_lat │ shape_pt_lon │ shape_pt_sequence │ shape_dist_traveled │","chan":"stdout","logger":"task"}
{"timestamp":"2025-09-08T13:09:19.199710Z","level":"info","event":"│ varchar  │    double    │    double    │       int64       │       double        │","chan":"stdout","logger":"task"}
{"timestamp":"2025-09-08T13:09:19.199760Z","level":"info","event":"├──────────┼──────────────┼──────────────┼───────────────────┼─────────────────────┤","chan":"stdout","logger":"task"}
{"timestamp":"2025-09-08T13:09:19.199806Z","level":"info","event":"│ 090009   │    43.666912 │      7.12729 │                 0 │                 0.0 │","chan":"stdout","logger":"task"}
{"timestamp":"2025-09-08T13:09:19.199914Z","level":"info","event":"│ 090009   │    43.666146 │     7.127847 │                 1 │               0.096 │","chan":"stdout","logger":"task"}
{"timestamp":"2025-09-08T13:09:19.199961Z","level":"info","event":"│ 090009   │    43.665786 │     7.128121 │                 2 │               0.142 │","chan":"stdout","logger":"task"}
{"timestamp":"2025-09-08T13:09:19.200003Z","level":"info","event":"│ 090009   │    43.665663 │     7.128181 │                 3 │               0.157 │","chan":"stdout","logger":"task"}
{"timestamp":"2025-09-08T13:09:19.200044Z","level":"info","event":"│ 090009   │    43.665541 │     7.128189 │                 4 │                0.17 │","chan":"stdout","logger":"task"}
{"timestamp":"2025-09-08T13:09:19.200085Z","level":"info","event":"│ 090009   │    43.665459 │     7.128166 │                 5 │               0.179 │","chan":"stdout","logger":"task"}
{"timestamp":"2025-09-08T13:09:19.200125Z","level":"info","event":"│ 090009   │    43.665393 │     7.128129 │                 6 │               0.187 │","chan":"stdout","logger":"task"}
{"timestamp":"2025-09-08T13:09:19.200179Z","level":"info","event":"│ 090009   │     43.66538 │      7.12805 │                 7 │               0.194 │","chan":"stdout","logger":"task"}
{"timestamp":"2025-09-08T13:09:19.200221Z","level":"info","event":"│ 090009   │     43.66538 │     7.128005 │                 8 │               0.198 │","chan":"stdout","logger":"task"}
{"timestamp":"2025-09-08T13:09:19.200262Z","level":"info","event":"│ 090009   │    43.665285 │     7.127922 │                 9 │                0.21 │","chan":"stdout","logger":"task"}
{"timestamp":"2025-09-08T13:09:19.200327Z","level":"info","event":"│   ·      │         ·    │         ·    │                 · │                  ·  │","chan":"stdout","logger":"task"}
{"timestamp":"2025-09-08T13:09:19.200373Z","level":"info","event":"│   ·      │         ·    │         ·    │                 · │                  ·  │","chan":"stdout","logger":"task"}
{"timestamp":"2025-09-08T13:09:19.200415Z","level":"info","event":"│   ·      │         ·    │         ·    │                 · │                  ·  │","chan":"stdout","logger":"task"}
{"timestamp":"2025-09-08T13:09:19.200456Z","level":"info","event":"│ 850001   │     43.74449 │     7.317986 │               271 │                3.96 │","chan":"stdout","logger":"task"}
{"timestamp":"2025-09-08T13:09:19.200496Z","level":"info","event":"│ 850001   │    43.744562 │     7.318015 │               272 │               3.968 │","chan":"stdout","logger":"task"}
{"timestamp":"2025-09-08T13:09:19.200537Z","level":"info","event":"│ 850001   │    43.744619 │     7.318053 │               273 │               3.975 │","chan":"stdout","logger":"task"}
{"timestamp":"2025-09-08T13:09:19.200578Z","level":"info","event":"│ 850001   │    43.744671 │     7.318139 │               274 │               3.984 │","chan":"stdout","logger":"task"}
{"timestamp":"2025-09-08T13:09:19.200619Z","level":"info","event":"│ 850001   │    43.744874 │     7.318531 │               275 │               4.023 │","chan":"stdout","logger":"task"}
{"timestamp":"2025-09-08T13:09:19.200659Z","level":"info","event":"│ 850001   │    43.744958 │     7.318633 │               276 │               4.036 │","chan":"stdout","logger":"task"}
{"timestamp":"2025-09-08T13:09:19.200699Z","level":"info","event":"│ 850001   │    43.745227 │     7.319016 │               277 │               4.079 │","chan":"stdout","logger":"task"}
{"timestamp":"2025-09-08T13:09:19.200739Z","level":"info","event":"│ 850001   │    43.745277 │     7.319084 │               278 │               4.086 │","chan":"stdout","logger":"task"}
{"timestamp":"2025-09-08T13:09:19.200780Z","level":"info","event":"│ 850001   │    43.745277 │     7.319084 │               279 │               4.086 │","chan":"stdout","logger":"task"}
{"timestamp":"2025-09-08T13:09:19.200859Z","level":"info","event":"│ 850001   │    43.745307 │     7.319122 │               280 │               4.091 │","chan":"stdout","logger":"task"}
{"timestamp":"2025-09-08T13:09:19.200913Z","level":"info","event":"├──────────┴──────────────┴──────────────┴───────────────────┴─────────────────────┤","chan":"stdout","logger":"task"}
{"timestamp":"2025-09-08T13:09:19.200955Z","level":"info","event":"│ ? rows (>9999 rows, 20 shown)                                          5 columns │","chan":"stdout","logger":"task"}
{"timestamp":"2025-09-08T13:09:19.200998Z","level":"info","event":"└──────────────────────────────────────────────────────────────────────────────────┘","chan":"stdout","logger":"task"}
{"timestamp":"2025-09-08T13:09:19.201040Z","level":"info","event":"","chan":"stdout","logger":"task"}
{"timestamp":"2025-09-08T13:09:19.200820","level":"info","event":"Done. Returned value was: None","logger":"airflow.task.operators.airflow.providers.standard.operators.python.PythonOperator"}
{"timestamp":"2025-09-08T13:09:19.233606Z","level":"info","event":"Task instance in success state","chan":"stdout","logger":"task"}
{"timestamp":"2025-09-08T13:09:19.233768Z","level":"info","event":" Previous state of the Task instance: TaskInstanceState.RUNNING","chan":"stdout","logger":"task"}
{"timestamp":"2025-09-08T13:09:19.233902Z","level":"info","event":"Task operator:<Task(PythonOperator): reseau_transport.to_duckdb_reseau_transport>","chan":"stdout","logger":"task"}
