{"timestamp":"2025-09-09T12:51:08.577533","level":"info","event":"DAG bundles loaded: dags-folder, example_dags","logger":"airflow.dag_processing.bundles.manager.DagBundlesManager"}
{"timestamp":"2025-09-09T12:51:08.578010","level":"info","event":"Filling up the DagBag from /opt/airflow/dags/lignes_azure_dag.py","logger":"airflow.models.dagbag.DagBag"}
{"timestamp":"2025-09-09T12:51:08.634118Z","level":"info","event":"Task instance is in running state","chan":"stdout","logger":"task"}
{"timestamp":"2025-09-09T12:51:08.634277Z","level":"info","event":" Previous state of the Task instance: TaskInstanceState.QUEUED","chan":"stdout","logger":"task"}
{"timestamp":"2025-09-09T12:51:08.634360Z","level":"info","event":"Current task name:load_duckdb.to_duckdb_vehicle_positions","chan":"stdout","logger":"task"}
{"timestamp":"2025-09-09T12:51:08.634413Z","level":"info","event":"Dag name:lignes_azure_ETL","chan":"stdout","logger":"task"}
{"timestamp":"2025-09-09T12:51:08.666830Z","level":"info","event":"--------------- RETURN SELECT ------------------------","chan":"stdout","logger":"task"}
{"timestamp":"2025-09-09T12:51:08.670451Z","level":"info","event":"┌──────────────────────┬──────────┬────────────────────┬────────────────────┬───┬────────────┬─────────┬────────────┐","chan":"stdout","logger":"task"}
{"timestamp":"2025-09-09T12:51:08.670596Z","level":"info","event":"│       trip_id        │ route_id │      latitude      │     longitude      │ … │ timestamp  │ stop_id │ vehicle_id │","chan":"stdout","logger":"task"}
{"timestamp":"2025-09-09T12:51:08.670657Z","level":"info","event":"│       varchar        │ varchar  │       double       │       double       │   │   int64    │ varchar │  varchar   │","chan":"stdout","logger":"task"}
{"timestamp":"2025-09-09T12:51:08.670704Z","level":"info","event":"├──────────────────────┼──────────┼────────────────────┼────────────────────┼───┼────────────┼─────────┼────────────┤","chan":"stdout","logger":"task"}
{"timestamp":"2025-09-09T12:51:08.670748Z","level":"info","event":"│ 5340967-72_A_50_72…  │ 72       │  43.71011734008789 │  7.255619049072266 │ … │ 1757422233 │ 1064    │ TCA115742  │","chan":"stdout","logger":"task"}
{"timestamp":"2025-09-09T12:51:08.670789Z","level":"info","event":"│ 6416472-33_R_99_33…  │ 33       │ 43.724090576171875 │   7.27360725402832 │ … │ 1757422233 │ 243     │ RLA333     │","chan":"stdout","logger":"task"}
{"timestamp":"2025-09-09T12:51:08.670828Z","level":"info","event":"│ 6252445-11_R_97_11…  │ 11       │ 43.701786041259766 │  7.256216526031494 │ … │ 1757422233 │ 1296    │ RLA370     │","chan":"stdout","logger":"task"}
{"timestamp":"2025-09-09T12:51:08.670867Z","level":"info","event":"│ 6416087-21_A_50_21…  │ 21       │ 43.666168212890625 │ 7.1759514808654785 │ … │ 1757422233 │ 4005    │ RLA342     │","chan":"stdout","logger":"task"}
{"timestamp":"2025-09-09T12:51:08.670905Z","level":"info","event":"│ 6414291-07_R_97_07…  │ 07       │ 43.698970794677734 │  7.285170555114746 │ … │ 1757422234 │ 701     │ RLA434     │","chan":"stdout","logger":"task"}
{"timestamp":"2025-09-09T12:51:08.670963Z","level":"info","event":"│ 6368777-09_A_50_09…  │ 09       │  43.72269821166992 │  7.107219696044922 │ … │ 1757422234 │ 3146    │ TCA108951  │","chan":"stdout","logger":"task"}
{"timestamp":"2025-09-09T12:51:08.671015Z","level":"info","event":"│ 6327219-17_R_99_17…  │ 17       │  43.67728805541992 │ 7.2068071365356445 │ … │ 1757422233 │ 24      │ RLA163     │","chan":"stdout","logger":"task"}
{"timestamp":"2025-09-09T12:51:08.671064Z","level":"info","event":"│ 6355793-18_R_99_18…  │ 18       │  43.70685958862305 │  7.292208671569824 │ … │ 1757422233 │ 117     │ RLA617     │","chan":"stdout","logger":"task"}
{"timestamp":"2025-09-09T12:51:08.671104Z","level":"info","event":"│ 6472665-50_R_99_50…  │ 50       │  43.67583465576172 │  7.199127197265625 │ … │ 1757422233 │ 2853    │ TCA115156  │","chan":"stdout","logger":"task"}
{"timestamp":"2025-09-09T12:51:08.671141Z","level":"info","event":"│ 6416296-51_A_49_51…  │ 51       │  43.69035720825195 │  7.210896968841553 │ … │ 1757422234 │ 971     │ TCA115159  │","chan":"stdout","logger":"task"}
{"timestamp":"2025-09-09T12:51:08.671179Z","level":"info","event":"│          ·           │ ·        │          ·         │          ·         │ · │      ·     │  ·      │   ·        │","chan":"stdout","logger":"task"}
{"timestamp":"2025-09-09T12:51:08.671217Z","level":"info","event":"│          ·           │ ·        │          ·         │          ·         │ · │      ·     │  ·      │   ·        │","chan":"stdout","logger":"task"}
{"timestamp":"2025-09-09T12:51:08.671255Z","level":"info","event":"│          ·           │ ·        │          ·         │          ·         │ · │      ·     │  ·      │   ·        │","chan":"stdout","logger":"task"}
{"timestamp":"2025-09-09T12:51:08.671292Z","level":"info","event":"│ 6409620-57_R_99_57…  │ 57       │ 43.729740142822266 │  7.248056888580322 │ … │ 1757422233 │ 2826    │ RLA619     │","chan":"stdout","logger":"task"}
{"timestamp":"2025-09-09T12:51:08.671330Z","level":"info","event":"│ 6077772-58_A_50_58…  │ 58       │  43.66423416137695 │  7.155405044555664 │ … │ 1757422233 │ 4149    │ TCA106085  │","chan":"stdout","logger":"task"}
{"timestamp":"2025-09-09T12:51:08.671370Z","level":"info","event":"│ 6355794-18_R_99_18…  │ 18       │   43.7222900390625 │  7.275435924530029 │ … │ 1757422233 │ 1094    │ RLA609     │","chan":"stdout","logger":"task"}
{"timestamp":"2025-09-09T12:51:08.671411Z","level":"info","event":"│ 6105168-76_A_48_76…  │ 76       │ 43.725345611572266 │   7.25700044631958 │ … │ 1757422233 │ 710     │ TCA73900   │","chan":"stdout","logger":"task"}
{"timestamp":"2025-09-09T12:51:08.671448Z","level":"info","event":"│ 4669819-62_R_99_62…  │ 62       │  43.78451919555664 │  7.243297100067139 │ … │ 1757422233 │ 6176    │ TCA73934   │","chan":"stdout","logger":"task"}
{"timestamp":"2025-09-09T12:51:08.671507Z","level":"info","event":"│ 6414287-07_R_97_07…  │ 07       │  43.73945617675781 │  7.308128356933594 │ … │ 1757422234 │ 1065    │ RLA450     │","chan":"stdout","logger":"task"}
{"timestamp":"2025-09-09T12:51:08.671560Z","level":"info","event":"│ 6409593-57_A_50_57…  │ 57       │  43.70542526245117 │  7.289715766906738 │ … │ 1757422233 │ 1150    │ RLA605     │","chan":"stdout","logger":"task"}
{"timestamp":"2025-09-09T12:51:08.671617Z","level":"info","event":"│ 6102461-63_R_98_63…  │ 63       │  43.72032928466797 │  7.246338844299316 │ … │ 1757422234 │ 676     │ TCA73948   │","chan":"stdout","logger":"task"}
{"timestamp":"2025-09-09T12:51:08.671655Z","level":"info","event":"│ 6365969-20_A_50_20…  │ 20       │  43.68752670288086 │  7.181457996368408 │ … │ 1757420004 │ 2962    │ RLA327     │","chan":"stdout","logger":"task"}
{"timestamp":"2025-09-09T12:51:08.671742Z","level":"info","event":"│ 6414303-07_R_97_07…  │ 07       │  43.69905090332031 │  7.285002708435059 │ … │ 1757422234 │ 701     │ RLA462     │","chan":"stdout","logger":"task"}
{"timestamp":"2025-09-09T12:51:08.671793Z","level":"info","event":"├──────────────────────┴──────────┴────────────────────┴────────────────────┴───┴────────────┴─────────┴────────────┤","chan":"stdout","logger":"task"}
{"timestamp":"2025-09-09T12:51:08.671846Z","level":"info","event":"│ 358 rows (20 shown)                                                                           8 columns (7 shown) │","chan":"stdout","logger":"task"}
{"timestamp":"2025-09-09T12:51:08.671889Z","level":"info","event":"└───────────────────────────────────────────────────────────────────────────────────────────────────────────────────┘","chan":"stdout","logger":"task"}
{"timestamp":"2025-09-09T12:51:08.671963Z","level":"info","event":"","chan":"stdout","logger":"task"}
{"timestamp":"2025-09-09T12:51:08.702136","level":"info","event":"Done. Returned value was: None","logger":"airflow.task.operators.airflow.providers.standard.operators.python.PythonOperator"}
{"timestamp":"2025-09-09T12:51:08.717413Z","level":"info","event":"Task instance in success state","chan":"stdout","logger":"task"}
{"timestamp":"2025-09-09T12:51:08.717545Z","level":"info","event":" Previous state of the Task instance: TaskInstanceState.RUNNING","chan":"stdout","logger":"task"}
{"timestamp":"2025-09-09T12:51:08.717688Z","level":"info","event":"Task operator:<Task(PythonOperator): load_duckdb.to_duckdb_vehicle_positions>","chan":"stdout","logger":"task"}
