{"timestamp":"2025-09-15T13:00:24.024155","level":"info","event":"DAG bundles loaded: dags-folder, example_dags","logger":"airflow.dag_processing.bundles.manager.DagBundlesManager"}
{"timestamp":"2025-09-15T13:00:24.024629","level":"info","event":"Filling up the DagBag from /opt/airflow/dags/lignes_azure_dag.py","logger":"airflow.models.dagbag.DagBag"}
{"timestamp":"2025-09-15T13:00:24.094147Z","level":"info","event":"Task instance is in running state","chan":"stdout","logger":"task"}
{"timestamp":"2025-09-15T13:00:24.094338Z","level":"info","event":" Previous state of the Task instance: TaskInstanceState.QUEUED","chan":"stdout","logger":"task"}
{"timestamp":"2025-09-15T13:00:24.094422Z","level":"info","event":"Current task name:load_duckdb.to_duckdb_vehicle_positions","chan":"stdout","logger":"task"}
{"timestamp":"2025-09-15T13:00:24.094470Z","level":"info","event":"Dag name:lignes_azure_ETL","chan":"stdout","logger":"task"}
{"timestamp":"2025-09-15T13:00:24.134908Z","level":"info","event":"--------------- RETURN SELECT ------------------------","chan":"stdout","logger":"task"}
{"timestamp":"2025-09-15T13:00:24.139882Z","level":"info","event":"┌──────────────────────┬──────────┬────────────────────┬───┬─────────────────────┬─────────┬────────────┐","chan":"stdout","logger":"task"}
{"timestamp":"2025-09-15T13:00:24.140040Z","level":"info","event":"│       trip_id        │ route_id │      latitude      │ … │      timestamp      │ stop_id │ vehicle_id │","chan":"stdout","logger":"task"}
{"timestamp":"2025-09-15T13:00:24.140106Z","level":"info","event":"│       varchar        │ varchar  │       double       │   │    timestamp_ns     │ varchar │  varchar   │","chan":"stdout","logger":"task"}
{"timestamp":"2025-09-15T13:00:24.140155Z","level":"info","event":"├──────────────────────┼──────────┼────────────────────┼───┼─────────────────────┼─────────┼────────────┤","chan":"stdout","logger":"task"}
{"timestamp":"2025-09-15T13:00:24.140199Z","level":"info","event":"│ 6472687-50_A_50_50…  │ 50       │  43.68924331665039 │ … │ 2025-09-15 12:59:02 │ 950     │ TCA115117  │","chan":"stdout","logger":"task"}
{"timestamp":"2025-09-15T13:00:24.140241Z","level":"info","event":"│ 6368870-09_R_99_09…  │ 09       │  43.65988540649414 │ … │ 2025-09-15 12:59:02 │ 5087    │ TCA109585  │","chan":"stdout","logger":"task"}
{"timestamp":"2025-09-15T13:00:24.140281Z","level":"info","event":"│ 6416359-51_R_98_51…  │ 51       │ 43.682315826416016 │ … │ 2025-09-15 12:59:02 │ 747     │ TCA106793  │","chan":"stdout","logger":"task"}
{"timestamp":"2025-09-15T13:00:24.140320Z","level":"info","event":"│ 6102462-63_R_98_63…  │ 63       │ 43.729705810546875 │ … │ 2025-09-15 12:59:02 │ 853     │ TCA73948   │","chan":"stdout","logger":"task"}
{"timestamp":"2025-09-15T13:00:24.140385Z","level":"info","event":"│ 6414303-07_R_97_07…  │ 07       │   43.6990852355957 │ … │ 2025-09-15 12:59:02 │ 701     │ RLA462     │","chan":"stdout","logger":"task"}
{"timestamp":"2025-09-15T13:00:24.140427Z","level":"info","event":"│ 4669812-62_R_98_62…  │ 62       │  43.69364929199219 │ … │ 2025-09-15 12:59:02 │ 178     │ TCA73922   │","chan":"stdout","logger":"task"}
{"timestamp":"2025-09-15T13:00:24.140481Z","level":"info","event":"│ 6411446-70_A_50_70…  │ 70       │ 43.720237731933594 │ … │ 2025-09-15 12:59:02 │ 160     │ RLA339     │","chan":"stdout","logger":"task"}
{"timestamp":"2025-09-15T13:00:24.140521Z","level":"info","event":"│ 6429329-15_A_50_15…  │ 15       │  43.70589828491211 │ … │ 2025-09-15 12:59:02 │ 8073    │ RLA334     │","chan":"stdout","logger":"task"}
{"timestamp":"2025-09-15T13:00:24.140572Z","level":"info","event":"│ 6140121-41_A_6_410…  │ 41       │  43.66278839111328 │ … │ 2025-09-15 12:59:02 │ 4001    │ TCA108185  │","chan":"stdout","logger":"task"}
{"timestamp":"2025-09-15T13:00:24.140613Z","level":"info","event":"│ 6472665-50_R_99_50…  │ 50       │ 43.675968170166016 │ … │ 2025-09-15 12:59:02 │ 2853    │ TCA115515  │","chan":"stdout","logger":"task"}
{"timestamp":"2025-09-15T13:00:24.140653Z","level":"info","event":"│          ·           │ ·        │          ·         │ · │          ·          │  ·      │     ·      │","chan":"stdout","logger":"task"}
{"timestamp":"2025-09-15T13:00:24.140693Z","level":"info","event":"│          ·           │ ·        │          ·         │ · │          ·          │  ·      │     ·      │","chan":"stdout","logger":"task"}
{"timestamp":"2025-09-15T13:00:24.140753Z","level":"info","event":"│          ·           │ ·        │          ·         │ · │          ·          │  ·      │     ·      │","chan":"stdout","logger":"task"}
{"timestamp":"2025-09-15T13:00:24.140793Z","level":"info","event":"│ 5340969-72_A_50_72…  │ 72       │ 43.710060119628906 │ … │ 2025-09-15 12:59:02 │ 1064    │ TCA115742  │","chan":"stdout","logger":"task"}
{"timestamp":"2025-09-15T13:00:24.140833Z","level":"info","event":"│ 6414305-07_R_97_07…  │ 07       │  43.69895553588867 │ … │ 2025-09-15 12:59:02 │ 701     │ RLA451     │","chan":"stdout","logger":"task"}
{"timestamp":"2025-09-15T13:00:24.140955Z","level":"info","event":"│ 6409594-57_A_50_57…  │ 57       │ 43.705421447753906 │ … │ 2025-09-15 12:59:02 │ 1150    │ RLA618     │","chan":"stdout","logger":"task"}
{"timestamp":"2025-09-15T13:00:24.141003Z","level":"info","event":"│ 6446504-05_R_49_05…  │ 05       │  43.70743942260742 │ … │ 2025-09-15 12:59:02 │ 1160    │ RLA366     │","chan":"stdout","logger":"task"}
{"timestamp":"2025-09-15T13:00:24.141044Z","level":"info","event":"│ 4669819-62_R_99_62…  │ 62       │  43.76380157470703 │ … │ 2025-09-15 12:59:02 │ 6100    │ TCA73930   │","chan":"stdout","logger":"task"}
{"timestamp":"2025-09-15T13:00:24.141087Z","level":"info","event":"│ 6413110-38_R_99_38…  │ 38       │ 43.701332092285156 │ … │ 2025-09-15 12:59:02 │ 2977    │ RLA45      │","chan":"stdout","logger":"task"}
{"timestamp":"2025-09-15T13:00:24.141127Z","level":"info","event":"│ 6252493-11_A_49_11…  │ 11       │  43.73331069946289 │ … │ 2025-09-15 12:59:02 │ 1342    │ RLA374     │","chan":"stdout","logger":"task"}
{"timestamp":"2025-09-15T13:00:24.141191Z","level":"info","event":"│ 6414304-07_R_97_07…  │ 07       │ 43.699092864990234 │ … │ 2025-09-15 12:59:02 │ 701     │ RLA465     │","chan":"stdout","logger":"task"}
{"timestamp":"2025-09-15T13:00:24.141248Z","level":"info","event":"│ 6414291-07_R_97_07…  │ 07       │ 43.708343505859375 │ … │ 2025-09-15 12:59:02 │ 1457    │ RLA434     │","chan":"stdout","logger":"task"}
{"timestamp":"2025-09-15T13:00:24.141287Z","level":"info","event":"│ 6412129-37_A_50_37…  │ 37       │   43.7078971862793 │ … │ 2025-09-15 12:59:02 │ 1546    │ RLA15      │","chan":"stdout","logger":"task"}
{"timestamp":"2025-09-15T13:00:24.141379Z","level":"info","event":"├──────────────────────┴──────────┴────────────────────┴───┴─────────────────────┴─────────┴────────────┤","chan":"stdout","logger":"task"}
{"timestamp":"2025-09-15T13:00:24.141521Z","level":"info","event":"│ 358 rows (20 shown)                                                               8 columns (6 shown) │","chan":"stdout","logger":"task"}
{"timestamp":"2025-09-15T13:00:24.141618Z","level":"info","event":"└───────────────────────────────────────────────────────────────────────────────────────────────────────┘","chan":"stdout","logger":"task"}
{"timestamp":"2025-09-15T13:00:24.141666Z","level":"info","event":"","chan":"stdout","logger":"task"}
{"timestamp":"2025-09-15T13:00:24.171203","level":"info","event":"Done. Returned value was: None","logger":"airflow.task.operators.airflow.providers.standard.operators.python.PythonOperator"}
{"timestamp":"2025-09-15T13:00:24.184943Z","level":"info","event":"Task instance in success state","chan":"stdout","logger":"task"}
{"timestamp":"2025-09-15T13:00:24.185120Z","level":"info","event":" Previous state of the Task instance: TaskInstanceState.RUNNING","chan":"stdout","logger":"task"}
{"timestamp":"2025-09-15T13:00:24.185279Z","level":"info","event":"Task operator:<Task(PythonOperator): load_duckdb.to_duckdb_vehicle_positions>","chan":"stdout","logger":"task"}
