{"timestamp":"2025-09-08T13:04:36.350652","level":"info","event":"DAG bundles loaded: dags-folder, example_dags","logger":"airflow.dag_processing.bundles.manager.DagBundlesManager"}
{"timestamp":"2025-09-08T13:04:36.351680","level":"info","event":"Filling up the DagBag from /opt/airflow/dags/lignes_azure_dag.py","logger":"airflow.models.dagbag.DagBag"}
{"timestamp":"2025-09-08T13:04:36.463054Z","level":"info","event":"Task instance is in running state","chan":"stdout","logger":"task"}
{"timestamp":"2025-09-08T13:04:36.463319Z","level":"info","event":" Previous state of the Task instance: TaskInstanceState.QUEUED","chan":"stdout","logger":"task"}
{"timestamp":"2025-09-08T13:04:36.463438Z","level":"info","event":"Current task name:vehicle_positions.to_duckdb_vehicle_positions","chan":"stdout","logger":"task"}
{"timestamp":"2025-09-08T13:04:36.463516Z","level":"info","event":"Dag name:lignes_azure_ETL","chan":"stdout","logger":"task"}
{"timestamp":"2025-09-08T13:04:36.519025Z","level":"info","event":"--------------- RETURN SELECT ------------------------","chan":"stdout","logger":"task"}
{"timestamp":"2025-09-08T13:04:36.528802Z","level":"info","event":"┌───────────────────┬──────────────────────┬──────────┬───┬─────────┬────────────┬─────────┬────────────┐","chan":"stdout","logger":"task"}
{"timestamp":"2025-09-08T13:04:36.529011Z","level":"info","event":"│     entity_id     │       trip_id        │ route_id │ … │ bearing │ timestamp  │ stop_id │ vehicle_id │","chan":"stdout","logger":"task"}
{"timestamp":"2025-09-08T13:04:36.529087Z","level":"info","event":"│      varchar      │       varchar        │ varchar  │   │ double  │   int64    │ varchar │  varchar   │","chan":"stdout","logger":"task"}
{"timestamp":"2025-09-08T13:04:36.529142Z","level":"info","event":"├───────────────────┼──────────────────────┼──────────┼───┼─────────┼────────────┼─────────┼────────────┤","chan":"stdout","logger":"task"}
{"timestamp":"2025-09-08T13:04:36.529195Z","level":"info","event":"│ vehicle:RLA361    │ 6355835-18_A_50_18…  │ 18       │ … │    10.0 │ 1757336660 │ 201     │ RLA361     │","chan":"stdout","logger":"task"}
{"timestamp":"2025-09-08T13:04:36.529242Z","level":"info","event":"│ vehicle:RLA173    │ 6416473-33_R_99_33…  │ 33       │ … │    12.0 │ 1757336660 │ 1106    │ RLA173     │","chan":"stdout","logger":"task"}
{"timestamp":"2025-09-08T13:04:36.529292Z","level":"info","event":"│ vehicle:RLA335    │ 6429239-15_R_99_15…  │ 15       │ … │   312.0 │ 1757336660 │ 8001    │ RLA335     │","chan":"stdout","logger":"task"}
{"timestamp":"2025-09-08T13:04:36.529340Z","level":"info","event":"│ vehicle:TCA115742 │ 5340999-72_R_98_72…  │ 72       │ … │   152.0 │ 1757336660 │ 2820    │ TCA115742  │","chan":"stdout","logger":"task"}
{"timestamp":"2025-09-08T13:04:36.529386Z","level":"info","event":"│ vehicle:RLA365    │ 6446551-05_A_98_05…  │ 05       │ … │   157.0 │ 1757336660 │ 1434    │ RLA365     │","chan":"stdout","logger":"task"}
{"timestamp":"2025-09-08T13:04:36.529432Z","level":"info","event":"│ vehicle:TCA106793 │ 4759140-47_A_50_47…  │ 47       │ … │   238.0 │ 1757336660 │ 3186    │ TCA106793  │","chan":"stdout","logger":"task"}
{"timestamp":"2025-09-08T13:04:36.529479Z","level":"info","event":"│ vehicle:TCA115156 │ 6416335-51_R_98_51…  │ 51       │ … │   190.0 │ 1757336660 │ 2832    │ TCA115156  │","chan":"stdout","logger":"task"}
{"timestamp":"2025-09-08T13:04:36.529522Z","level":"info","event":"│ vehicle:RLA378    │ 6252492-11_A_50_11…  │ 11       │ … │   269.0 │ 1757336660 │ 1616    │ RLA378     │","chan":"stdout","logger":"task"}
{"timestamp":"2025-09-08T13:04:36.529585Z","level":"info","event":"│ vehicle:RLA103    │ 6369696-30_A_50_30…  │ 30       │ … │   269.0 │ 1757336660 │ 2685    │ RLA103     │","chan":"stdout","logger":"task"}
{"timestamp":"2025-09-08T13:04:36.529630Z","level":"info","event":"│ vehicle:TCA106085 │ 6077773-58_R_99_58…  │ 58       │ … │    25.0 │ 1757336660 │ 4137    │ TCA106085  │","chan":"stdout","logger":"task"}
{"timestamp":"2025-09-08T13:04:36.529671Z","level":"info","event":"│         ·         │          ·           │ ·        │ · │      ·  │      ·     │  ·      │     ·      │","chan":"stdout","logger":"task"}
{"timestamp":"2025-09-08T13:04:36.529712Z","level":"info","event":"│         ·         │          ·           │ ·        │ · │      ·  │      ·     │  ·      │     ·      │","chan":"stdout","logger":"task"}
{"timestamp":"2025-09-08T13:04:36.529753Z","level":"info","event":"│         ·         │          ·           │ ·        │ · │      ·  │      ·     │  ·      │     ·      │","chan":"stdout","logger":"task"}
{"timestamp":"2025-09-08T13:04:36.529820Z","level":"info","event":"│ vehicle:TCA115114 │ 5838471-52_A_6_520…  │ 52       │ … │    97.0 │ 1757336660 │ 1367    │ TCA115114  │","chan":"stdout","logger":"task"}
{"timestamp":"2025-09-08T13:04:36.529867Z","level":"info","event":"│ vehicle:TCA108952 │ 6368778-09_A_50_09…  │ 09       │ … │   239.0 │ 1757336660 │ 3146    │ TCA108952  │","chan":"stdout","logger":"task"}
{"timestamp":"2025-09-08T13:04:36.529910Z","level":"info","event":"│ vehicle:TCA73948  │ 6102500-63_A_48_63…  │ 63       │ … │    75.0 │ 1757336660 │ 414     │ TCA73948   │","chan":"stdout","logger":"task"}
{"timestamp":"2025-09-08T13:04:36.529951Z","level":"info","event":"│ vehicle:TCA73973  │ 6018961-55_R_98_55…  │ 55       │ … │   171.0 │ 1757336660 │ 5121    │ TCA73973   │","chan":"stdout","logger":"task"}
{"timestamp":"2025-09-08T13:04:36.529992Z","level":"info","event":"│ vehicle:RLA133    │ 6424173-16_A_46_16…  │ 16       │ … │   298.0 │ 1757336660 │ 1242    │ RLA133     │","chan":"stdout","logger":"task"}
{"timestamp":"2025-09-08T13:04:36.530034Z","level":"info","event":"│ vehicle:RLA338    │ 6402538-32_R_97_32…  │ 32       │ … │   116.0 │ 1757336660 │ 810     │ RLA338     │","chan":"stdout","logger":"task"}
{"timestamp":"2025-09-08T13:04:36.530133Z","level":"info","event":"│ vehicle:RLA328    │ 6429282-15_A_50_15…  │ 15       │ … │   297.0 │ 1757336660 │ 2581    │ RLA328     │","chan":"stdout","logger":"task"}
{"timestamp":"2025-09-08T13:04:36.530190Z","level":"info","event":"│ vehicle:RLA317    │ 6365956-20_R_99_20…  │ 20       │ … │   162.0 │ 1757336660 │ NULL    │ RLA317     │","chan":"stdout","logger":"task"}
{"timestamp":"2025-09-08T13:04:36.530233Z","level":"info","event":"│ vehicle:RLA136    │ 6420006-35_R_99_35…  │ 35       │ … │   304.0 │ 1757336660 │ 6042    │ RLA136     │","chan":"stdout","logger":"task"}
{"timestamp":"2025-09-08T13:04:36.530275Z","level":"info","event":"│ vehicle:RLA484    │ 6253010-14_R_99_14…  │ 14       │ … │   307.0 │ 1757336660 │ 2688    │ RLA484     │","chan":"stdout","logger":"task"}
{"timestamp":"2025-09-08T13:04:36.530409Z","level":"info","event":"├───────────────────┴──────────────────────┴──────────┴───┴─────────┴────────────┴─────────┴────────────┤","chan":"stdout","logger":"task"}
{"timestamp":"2025-09-08T13:04:36.530561Z","level":"info","event":"│ 354 rows (20 shown)                                                               9 columns (7 shown) │","chan":"stdout","logger":"task"}
{"timestamp":"2025-09-08T13:04:36.530660Z","level":"info","event":"└───────────────────────────────────────────────────────────────────────────────────────────────────────┘","chan":"stdout","logger":"task"}
{"timestamp":"2025-09-08T13:04:36.530736Z","level":"info","event":"","chan":"stdout","logger":"task"}
{"timestamp":"2025-09-08T13:04:36.529052","level":"info","event":"Done. Returned value was: None","logger":"airflow.task.operators.airflow.providers.standard.operators.python.PythonOperator"}
{"timestamp":"2025-09-08T13:04:36.546049Z","level":"info","event":"Task instance in success state","chan":"stdout","logger":"task"}
{"timestamp":"2025-09-08T13:04:36.546239Z","level":"info","event":" Previous state of the Task instance: TaskInstanceState.RUNNING","chan":"stdout","logger":"task"}
{"timestamp":"2025-09-08T13:04:36.546338Z","level":"info","event":"Task operator:<Task(PythonOperator): vehicle_positions.to_duckdb_vehicle_positions>","chan":"stdout","logger":"task"}
