{"timestamp":"2025-09-05T14:07:55.673767","level":"info","event":"DAG bundles loaded: dags-folder, example_dags","logger":"airflow.dag_processing.bundles.manager.DagBundlesManager"}
{"timestamp":"2025-09-05T14:07:55.674214","level":"info","event":"Filling up the DagBag from /opt/airflow/dags/lignes_azure_dag.py","logger":"airflow.models.dagbag.DagBag"}
{"timestamp":"2025-09-05T14:07:55.736639Z","level":"info","event":"Task instance is in running state","chan":"stdout","logger":"task"}
{"timestamp":"2025-09-05T14:07:55.736749Z","level":"info","event":" Previous state of the Task instance: TaskInstanceState.QUEUED","chan":"stdout","logger":"task"}
{"timestamp":"2025-09-05T14:07:55.737015Z","level":"info","event":"Current task name:trips_updates.to_duckdb_trips_updates","chan":"stdout","logger":"task"}
{"timestamp":"2025-09-05T14:07:55.737131Z","level":"info","event":"Dag name:lignes_azure_ETL","chan":"stdout","logger":"task"}
{"timestamp":"2025-09-05T14:07:55.835287Z","level":"info","event":"--------------- RETURN SELECT ------------------------","chan":"stdout","logger":"task"}
{"timestamp":"2025-09-05T14:07:55.842993Z","level":"info","event":"┌──────────────────────────────────┬──────────┬──────────────┬─────────┬───────────────┬──────────────┬────────────────┐","chan":"stdout","logger":"task"}
{"timestamp":"2025-09-05T14:07:55.843152Z","level":"info","event":"│             trip_id              │ route_id │ direction_id │ stop_id │ stop_sequence │ arrival_time │ departure_time │","chan":"stdout","logger":"task"}
{"timestamp":"2025-09-05T14:07:55.843217Z","level":"info","event":"│             varchar              │ varchar  │    double    │ varchar │     int64     │    double    │     double     │","chan":"stdout","logger":"task"}
{"timestamp":"2025-09-05T14:07:55.843293Z","level":"info","event":"├──────────────────────────────────┼──────────┼──────────────┼─────────┼───────────────┼──────────────┼────────────────┤","chan":"stdout","logger":"task"}
{"timestamp":"2025-09-05T14:07:55.843347Z","level":"info","event":"│ 6413122-38_A_50_3805_16:41-SET…  │ 38       │          1.0 │ 1138    │             0 │         NULL │   1757083260.0 │","chan":"stdout","logger":"task"}
{"timestamp":"2025-09-05T14:07:55.843389Z","level":"info","event":"│ 6413122-38_A_50_3805_16:41-SET…  │ 38       │          1.0 │ 1190    │             1 │ 1757083311.0 │   1757083311.0 │","chan":"stdout","logger":"task"}
{"timestamp":"2025-09-05T14:07:55.843429Z","level":"info","event":"│ 6413122-38_A_50_3805_16:41-SET…  │ 38       │          1.0 │ 817     │             2 │ 1757083363.0 │   1757083363.0 │","chan":"stdout","logger":"task"}
{"timestamp":"2025-09-05T14:07:55.843467Z","level":"info","event":"│ 6413122-38_A_50_3805_16:41-SET…  │ 38       │          1.0 │ 1027    │             3 │ 1757083428.0 │   1757083428.0 │","chan":"stdout","logger":"task"}
{"timestamp":"2025-09-05T14:07:55.843505Z","level":"info","event":"│ 6413122-38_A_50_3805_16:41-SET…  │ 38       │          1.0 │ 442     │             4 │ 1757083475.0 │   1757083475.0 │","chan":"stdout","logger":"task"}
{"timestamp":"2025-09-05T14:07:55.843543Z","level":"info","event":"│ 6413122-38_A_50_3805_16:41-SET…  │ 38       │          1.0 │ 495     │             5 │ 1757083544.0 │   1757083544.0 │","chan":"stdout","logger":"task"}
{"timestamp":"2025-09-05T14:07:55.843580Z","level":"info","event":"│ 6413122-38_A_50_3805_16:41-SET…  │ 38       │          1.0 │ 1346    │             6 │ 1757083653.0 │   1757083653.0 │","chan":"stdout","logger":"task"}
{"timestamp":"2025-09-05T14:07:55.843629Z","level":"info","event":"│ 6413122-38_A_50_3805_16:41-SET…  │ 38       │          1.0 │ 283     │             7 │ 1757083735.0 │   1757083735.0 │","chan":"stdout","logger":"task"}
{"timestamp":"2025-09-05T14:07:55.843668Z","level":"info","event":"│ 6413122-38_A_50_3805_16:41-SET…  │ 38       │          1.0 │ 857     │             8 │ 1757083860.0 │   1757083860.0 │","chan":"stdout","logger":"task"}
{"timestamp":"2025-09-05T14:07:55.843705Z","level":"info","event":"│ 6413122-38_A_50_3805_16:41-SET…  │ 38       │          1.0 │ 912     │             9 │ 1757084040.0 │   1757084040.0 │","chan":"stdout","logger":"task"}
{"timestamp":"2025-09-05T14:07:55.843742Z","level":"info","event":"│                ·                 │ ·        │           ·  │  ·      │             · │       ·      │         ·      │","chan":"stdout","logger":"task"}
{"timestamp":"2025-09-05T14:07:55.843784Z","level":"info","event":"│                ·                 │ ·        │           ·  │  ·      │             · │       ·      │         ·      │","chan":"stdout","logger":"task"}
{"timestamp":"2025-09-05T14:07:55.843820Z","level":"info","event":"│                ·                 │ ·        │           ·  │  ·      │             · │       ·      │         ·      │","chan":"stdout","logger":"task"}
{"timestamp":"2025-09-05T14:07:55.843857Z","level":"info","event":"│ 6414307-07_R_97_0701_15:31-SET…  │ 07       │         NULL │ 570     │            23 │ 1757081176.0 │   1757081176.0 │","chan":"stdout","logger":"task"}
{"timestamp":"2025-09-05T14:07:55.843894Z","level":"info","event":"│ 6414307-07_R_97_0701_15:31-SET…  │ 07       │         NULL │ 1087    │            24 │ 1757081244.0 │   1757081244.0 │","chan":"stdout","logger":"task"}
{"timestamp":"2025-09-05T14:07:55.843934Z","level":"info","event":"│ 6414307-07_R_97_0701_15:31-SET…  │ 07       │         NULL │ 851     │            25 │ 1757081265.0 │   1757081265.0 │","chan":"stdout","logger":"task"}
{"timestamp":"2025-09-05T14:07:55.843972Z","level":"info","event":"│ 6414307-07_R_97_0701_15:31-SET…  │ 07       │         NULL │ 1065    │            26 │ 1757081287.0 │           NULL │","chan":"stdout","logger":"task"}
{"timestamp":"2025-09-05T14:07:55.844010Z","level":"info","event":"│ 6253094-14_R_99_1408_15:42-SET…  │ 14       │         NULL │ 7269    │            21 │ 1757081177.0 │   1757081177.0 │","chan":"stdout","logger":"task"}
{"timestamp":"2025-09-05T14:07:55.844047Z","level":"info","event":"│ 6253094-14_R_99_1408_15:42-SET…  │ 14       │         NULL │ 7109    │            22 │ 1757081226.0 │   1757081226.0 │","chan":"stdout","logger":"task"}
{"timestamp":"2025-09-05T14:07:55.844085Z","level":"info","event":"│ 6261661-73_R_95_7302_17:52-PRO…  │ 73       │          0.0 │ 5020    │             0 │         NULL │   1757089348.0 │","chan":"stdout","logger":"task"}
{"timestamp":"2025-09-05T14:07:55.844121Z","level":"info","event":"│ 6420010-35_A_50_3501_15:50-SET…  │ 35       │         NULL │ 2694    │             9 │ 1757081156.0 │   1757081156.0 │","chan":"stdout","logger":"task"}
{"timestamp":"2025-09-05T14:07:55.844157Z","level":"info","event":"│ 6420010-35_A_50_3501_15:50-SET…  │ 35       │         NULL │ 642     │            10 │ 1757081186.0 │   1757081186.0 │","chan":"stdout","logger":"task"}
{"timestamp":"2025-09-05T14:07:55.844246Z","level":"info","event":"│ 6420010-35_A_50_3501_15:50-SET…  │ 35       │         NULL │ 443     │            11 │ 1757081277.0 │   1757081277.0 │","chan":"stdout","logger":"task"}
{"timestamp":"2025-09-05T14:07:55.844317Z","level":"info","event":"├──────────────────────────────────┴──────────┴──────────────┴─────────┴───────────────┴──────────────┴────────────────┤","chan":"stdout","logger":"task"}
{"timestamp":"2025-09-05T14:07:55.844375Z","level":"info","event":"│ ? rows (>9999 rows, 20 shown)                                                                              7 columns │","chan":"stdout","logger":"task"}
{"timestamp":"2025-09-05T14:07:55.844438Z","level":"info","event":"└──────────────────────────────────────────────────────────────────────────────────────────────────────────────────────┘","chan":"stdout","logger":"task"}
{"timestamp":"2025-09-05T14:07:55.844488Z","level":"info","event":"","chan":"stdout","logger":"task"}
{"timestamp":"2025-09-05T14:07:55.844699","level":"info","event":"Done. Returned value was: None","logger":"airflow.task.operators.airflow.providers.standard.operators.python.PythonOperator"}
{"timestamp":"2025-09-05T14:07:55.871805Z","level":"info","event":"Task instance in success state","chan":"stdout","logger":"task"}
{"timestamp":"2025-09-05T14:07:55.871940Z","level":"info","event":" Previous state of the Task instance: TaskInstanceState.RUNNING","chan":"stdout","logger":"task"}
{"timestamp":"2025-09-05T14:07:55.872028Z","level":"info","event":"Task operator:<Task(PythonOperator): trips_updates.to_duckdb_trips_updates>","chan":"stdout","logger":"task"}
