{"timestamp":"2025-09-19T07:02:36.958179","level":"info","event":"DAG bundles loaded: dags-folder, example_dags","logger":"airflow.dag_processing.bundles.manager.DagBundlesManager"}
{"timestamp":"2025-09-19T07:02:36.958765","level":"info","event":"Filling up the DagBag from /opt/airflow/dags/lignes_azure_dag.py","logger":"airflow.models.dagbag.DagBag"}
{"timestamp":"2025-09-19T07:02:37.022401Z","level":"info","event":"Task instance is in running state","chan":"stdout","logger":"task"}
{"timestamp":"2025-09-19T07:02:37.022520Z","level":"info","event":" Previous state of the Task instance: TaskInstanceState.QUEUED","chan":"stdout","logger":"task"}
{"timestamp":"2025-09-19T07:02:37.022613Z","level":"info","event":"Current task name:load_duckdb.to_duckdb_reseau_transport","chan":"stdout","logger":"task"}
{"timestamp":"2025-09-19T07:02:37.022669Z","level":"info","event":"Dag name:lignes_azure_ETL","chan":"stdout","logger":"task"}
{"timestamp":"2025-09-19T07:02:37.063104Z","level":"info","event":"---------- stops -------------","chan":"stdout","logger":"task"}
{"timestamp":"2025-09-19T07:02:37.087478Z","level":"info","event":"#### csv created and stored in : /opt/airflow/warehouse/reseau_transport_static/stops_2025-09-19_09:02:37.063009.csv","chan":"stdout","logger":"task"}
{"timestamp":"2025-09-19T07:02:37.203564Z","level":"info","event":"┌──────────────┬───────────┬──────────────────────┬───┬────────────────┬───────────────┬─────────────────────┐","chan":"stdout","logger":"task"}
{"timestamp":"2025-09-19T07:02:37.203724Z","level":"info","event":"│   stop_id    │ stop_code │      stop_name       │ … │ parent_station │ stop_timezone │ wheelchair_boarding │","chan":"stdout","logger":"task"}
{"timestamp":"2025-09-19T07:02:37.203792Z","level":"info","event":"│   varchar    │  varchar  │       varchar        │   │    varchar     │    varchar    │        int64        │","chan":"stdout","logger":"task"}
{"timestamp":"2025-09-19T07:02:37.203851Z","level":"info","event":"├──────────────┼───────────┼──────────────────────┼───┼────────────────┼───────────────┼─────────────────────┤","chan":"stdout","logger":"task"}
{"timestamp":"2025-09-19T07:02:37.203906Z","level":"info","event":"│ 1            │ ABBAT8    │ Abattoirs            │ … │ place_101376   │ NULL          │                   1 │","chan":"stdout","logger":"task"}
{"timestamp":"2025-09-19T07:02:37.203960Z","level":"info","event":"│ 2            │ ABBAT4    │ Abattoirs            │ … │ place_101376   │ NULL          │                   1 │","chan":"stdout","logger":"task"}
{"timestamp":"2025-09-19T07:02:37.204010Z","level":"info","event":"│ 3            │ ROSEL2    │ Abbaye de Roseland   │ … │ place_096609   │ NULL          │                   0 │","chan":"stdout","logger":"task"}
{"timestamp":"2025-09-19T07:02:37.204061Z","level":"info","event":"│ 4            │ ROSEL8    │ Abbaye de Roseland   │ … │ place_096609   │ NULL          │                   0 │","chan":"stdout","logger":"task"}
{"timestamp":"2025-09-19T07:02:37.204111Z","level":"info","event":"│ 5            │ ARSE4     │ Abbaye de Roseland…  │ … │ place_096610   │ NULL          │                   0 │","chan":"stdout","logger":"task"}
{"timestamp":"2025-09-19T07:02:37.204161Z","level":"info","event":"│ 6            │ ACROB6    │ Risso                │ … │ place_096612   │ NULL          │                   1 │","chan":"stdout","logger":"task"}
{"timestamp":"2025-09-19T07:02:37.204210Z","level":"info","event":"│ 8            │ AEPRM1    │ Aéroport / Promenade │ … │ place_101377   │ NULL          │                   1 │","chan":"stdout","logger":"task"}
{"timestamp":"2025-09-19T07:02:37.204273Z","level":"info","event":"│ 11           │ AEPRM2    │ Aéroport / Promenade │ … │ place_101377   │ NULL          │                   1 │","chan":"stdout","logger":"task"}
{"timestamp":"2025-09-19T07:02:37.204323Z","level":"info","event":"│ 12           │ ALBER3    │ Albert 1er           │ … │ place_096616   │ NULL          │                   0 │","chan":"stdout","logger":"task"}
{"timestamp":"2025-09-19T07:02:37.204369Z","level":"info","event":"│ 13           │ ALBER8    │ Jardin d'Arménie     │ … │ place_096617   │ NULL          │                   0 │","chan":"stdout","logger":"task"}
{"timestamp":"2025-09-19T07:02:37.204415Z","level":"info","event":"│ ·            │  ·        │      ·               │ · │  ·             │  ·            │                   · │","chan":"stdout","logger":"task"}
{"timestamp":"2025-09-19T07:02:37.204461Z","level":"info","event":"│ ·            │  ·        │      ·               │ · │  ·             │  ·            │                   · │","chan":"stdout","logger":"task"}
{"timestamp":"2025-09-19T07:02:37.204506Z","level":"info","event":"│ ·            │  ·        │      ·               │ · │  ·             │  ·            │                   · │","chan":"stdout","logger":"task"}
{"timestamp":"2025-09-19T07:02:37.204552Z","level":"info","event":"│ place_SMGEN  │ NULL      │ Gendarmerie          │ … │ NULL           │ Europe/Paris  │                   0 │","chan":"stdout","logger":"task"}
{"timestamp":"2025-09-19T07:02:37.204598Z","level":"info","event":"│ place_SMPMA7 │ NULL      │ Pont Maïssa          │ … │ NULL           │ Europe/Paris  │                   0 │","chan":"stdout","logger":"task"}
{"timestamp":"2025-09-19T07:02:37.204644Z","level":"info","event":"│ 6198         │ SMGEN8    │ Gendarmerie          │ … │ place_SMGEN    │ NULL          │                   1 │","chan":"stdout","logger":"task"}
{"timestamp":"2025-09-19T07:02:37.204689Z","level":"info","event":"│ 21313        │ GENDA3    │ Gendarmerie          │ … │ place_GENDAR   │ NULL          │                   0 │","chan":"stdout","logger":"task"}
{"timestamp":"2025-09-19T07:02:37.204734Z","level":"info","event":"│ 6197         │ SMPMA7    │ Pont Maïssa          │ … │ place_SMPMA7   │ NULL          │                   1 │","chan":"stdout","logger":"task"}
{"timestamp":"2025-09-19T07:02:37.204779Z","level":"info","event":"│ place_VACHRI │ NULL      │ La Vacherie          │ … │ NULL           │ Europe/Paris  │                   0 │","chan":"stdout","logger":"task"}
{"timestamp":"2025-09-19T07:02:37.204824Z","level":"info","event":"│ 23020        │ VACHRI    │ La Vacherie          │ … │ place_VACHRI   │ NULL          │                   1 │","chan":"stdout","logger":"task"}
{"timestamp":"2025-09-19T07:02:37.204869Z","level":"info","event":"│ 21659        │ SUPGA9    │ Super Gattières      │ … │ NULL           │ Europe/Paris  │                   0 │","chan":"stdout","logger":"task"}
{"timestamp":"2025-09-19T07:02:37.204955Z","level":"info","event":"│ place_ALPHA0 │ NULL      │ Parc Alpha Loup      │ … │ NULL           │ Europe/Paris  │                   0 │","chan":"stdout","logger":"task"}
{"timestamp":"2025-09-19T07:02:37.205024Z","level":"info","event":"│ 2997         │ MAGNA1    │ Magnan               │ … │ place_097192   │ NULL          │                   1 │","chan":"stdout","logger":"task"}
{"timestamp":"2025-09-19T07:02:37.205183Z","level":"info","event":"├──────────────┴───────────┴──────────────────────┴───┴────────────────┴───────────────┴─────────────────────┤","chan":"stdout","logger":"task"}
{"timestamp":"2025-09-19T07:02:37.205318Z","level":"info","event":"│ 8964 rows (20 shown)                                                                  10 columns (6 shown) │","chan":"stdout","logger":"task"}
{"timestamp":"2025-09-19T07:02:37.205408Z","level":"info","event":"└────────────────────────────────────────────────────────────────────────────────────────────────────────────┘","chan":"stdout","logger":"task"}
{"timestamp":"2025-09-19T07:02:37.205489Z","level":"info","event":"","chan":"stdout","logger":"task"}
{"timestamp":"2025-09-19T07:02:37.205626Z","level":"info","event":"---------- routes -------------","chan":"stdout","logger":"task"}
{"timestamp":"2025-09-19T07:02:37.206565Z","level":"info","event":"#### csv created and stored in : /opt/airflow/warehouse/reseau_transport_static/routes_2025-09-19_09:02:37.205447.csv","chan":"stdout","logger":"task"}
{"timestamp":"2025-09-19T07:02:37.224302Z","level":"info","event":"┌──────────┬───────────────┬──────────────────┬───┬────────────┬──────────────────────┬─────────────┬──────────────────┐","chan":"stdout","logger":"task"}
{"timestamp":"2025-09-19T07:02:37.224482Z","level":"info","event":"│ route_id │   agency_id   │ route_short_name │ … │ route_type │      route_url       │ route_color │ route_text_color │","chan":"stdout","logger":"task"}
{"timestamp":"2025-09-19T07:02:37.224553Z","level":"info","event":"│ varchar  │    varchar    │     varchar      │   │   int64    │       varchar        │   varchar   │     varchar      │","chan":"stdout","logger":"task"}
{"timestamp":"2025-09-19T07:02:37.224608Z","level":"info","event":"├──────────┼───────────────┼──────────────────┼───┼────────────┼──────────────────────┼─────────────┼──────────────────┤","chan":"stdout","logger":"task"}
{"timestamp":"2025-09-19T07:02:37.224659Z","level":"info","event":"│ 05       │ lignes-d-azur │ 05               │ … │          3 │ https://ftp.lignes…  │ 3065AF      │ FFFFFF           │","chan":"stdout","logger":"task"}
{"timestamp":"2025-09-19T07:02:37.224763Z","level":"info","event":"│ 06       │ lignes-d-azur │ 06               │ … │          3 │ https://ftp.lignes…  │ 2FA948      │ FFFFFF           │","chan":"stdout","logger":"task"}
{"timestamp":"2025-09-19T07:02:37.224921Z","level":"info","event":"│ 07       │ lignes-d-azur │ 07               │ … │          3 │ https://ftp.lignes…  │ 751D5D      │ FFFFFF           │","chan":"stdout","logger":"task"}
{"timestamp":"2025-09-19T07:02:37.225012Z","level":"info","event":"│ 09       │ lignes-d-azur │ 09               │ … │          3 │ https://ftp.lignes…  │ EF7D00      │ FFFFFF           │","chan":"stdout","logger":"task"}
{"timestamp":"2025-09-19T07:02:37.225066Z","level":"info","event":"│ 11       │ lignes-d-azur │ 11               │ … │          3 │ https://ftp.lignes…  │ 9C3F8F      │ FFFFFF           │","chan":"stdout","logger":"task"}
{"timestamp":"2025-09-19T07:02:37.225114Z","level":"info","event":"│ 12       │ lignes-d-azur │ 12+              │ … │          3 │ https://ftp.lignes…  │ DE1381      │ FFFFFF           │","chan":"stdout","logger":"task"}
{"timestamp":"2025-09-19T07:02:37.225171Z","level":"info","event":"│ 14       │ lignes-d-azur │ 14               │ … │          3 │ https://ftp.lignes…  │ F07E04      │ FFFFFF           │","chan":"stdout","logger":"task"}
{"timestamp":"2025-09-19T07:02:37.225220Z","level":"info","event":"│ 15       │ lignes-d-azur │ 15               │ … │          3 │ https://ftp.lignes…  │ 15B1AF      │ FFFFFF           │","chan":"stdout","logger":"task"}
{"timestamp":"2025-09-19T07:02:37.225277Z","level":"info","event":"│ 16       │ lignes-d-azur │ 16               │ … │          3 │ https://ftp.lignes…  │ 35BEEB      │ FFFFFF           │","chan":"stdout","logger":"task"}
{"timestamp":"2025-09-19T07:02:37.225327Z","level":"info","event":"│ 17       │ lignes-d-azur │ 17               │ … │          3 │ https://ftp.lignes…  │ 418ABF      │ FFFFFF           │","chan":"stdout","logger":"task"}
{"timestamp":"2025-09-19T07:02:37.225375Z","level":"info","event":"│ ·        │       ·       │ ·                │ · │          · │          ·           │   ·         │   ·              │","chan":"stdout","logger":"task"}
{"timestamp":"2025-09-19T07:02:37.225422Z","level":"info","event":"│ ·        │       ·       │ ·                │ · │          · │          ·           │   ·         │   ·              │","chan":"stdout","logger":"task"}
{"timestamp":"2025-09-19T07:02:37.225469Z","level":"info","event":"│ ·        │       ·       │ ·                │ · │          · │          ·           │   ·         │   ·              │","chan":"stdout","logger":"task"}
{"timestamp":"2025-09-19T07:02:37.225516Z","level":"info","event":"│ NGOR     │ lignes-d-azur │ NGOR             │ … │          3 │ https://ftp.lignes…  │ 2AA137      │ FFFFFF           │","chan":"stdout","logger":"task"}
{"timestamp":"2025-09-19T07:02:37.225563Z","level":"info","event":"│ 10       │ lignes-d-azur │ 10               │ … │          3 │ https://ftp.lignes…  │ 31A948      │ FFFFFF           │","chan":"stdout","logger":"task"}
{"timestamp":"2025-09-19T07:02:37.225608Z","level":"info","event":"│ 08       │ lignes-d-azur │ 8+               │ … │          3 │ https://ftp.lignes…  │ FEC703      │ 000000           │","chan":"stdout","logger":"task"}
{"timestamp":"2025-09-19T07:02:37.225654Z","level":"info","event":"│ 12+      │ lignes-d-azur │ 12+              │ … │          3 │ https://ftp.lignes…  │ DE1381      │ FFFFFF           │","chan":"stdout","logger":"task"}
{"timestamp":"2025-09-19T07:02:37.225700Z","level":"info","event":"│ 8+       │ lignes-d-azur │ 8+               │ … │          3 │ https://ftp.lignes…  │ FEC703      │ 000000           │","chan":"stdout","logger":"task"}
{"timestamp":"2025-09-19T07:02:37.225745Z","level":"info","event":"│ B        │ lignes-d-azur │ B                │ … │          0 │ https://ftp.lignes…  │ FFDD00      │ 000000           │","chan":"stdout","logger":"task"}
{"timestamp":"2025-09-19T07:02:37.225790Z","level":"info","event":"│ NBOR     │ lignes-d-azur │ NBOR             │ … │          3 │ https://ftp.lignes…  │ 2AA137      │ 000000           │","chan":"stdout","logger":"task"}
{"timestamp":"2025-09-19T07:02:37.225835Z","level":"info","event":"│ VESU     │ lignes-d-azur │ VESU             │ … │          3 │ https://ftp.lignes…  │ 2AA137      │ FFFFFF           │","chan":"stdout","logger":"task"}
{"timestamp":"2025-09-19T07:02:37.225979Z","level":"info","event":"│ FOOT     │ lignes-d-azur │ FOOT             │ … │          3 │ NULL                 │ 36BEE9      │ FFFFFF           │","chan":"stdout","logger":"task"}
{"timestamp":"2025-09-19T07:02:37.226045Z","level":"info","event":"│ NV30     │ lignes-d-azur │ NV30             │ … │          3 │ NULL                 │ 428ABF      │ FFFFFF           │","chan":"stdout","logger":"task"}
{"timestamp":"2025-09-19T07:02:37.226102Z","level":"info","event":"├──────────┴───────────────┴──────────────────┴───┴────────────┴──────────────────────┴─────────────┴──────────────────┤","chan":"stdout","logger":"task"}
{"timestamp":"2025-09-19T07:02:37.226152Z","level":"info","event":"│ 226 rows (20 shown)                                                                              9 columns (7 shown) │","chan":"stdout","logger":"task"}
{"timestamp":"2025-09-19T07:02:37.226200Z","level":"info","event":"└──────────────────────────────────────────────────────────────────────────────────────────────────────────────────────┘","chan":"stdout","logger":"task"}
{"timestamp":"2025-09-19T07:02:37.226248Z","level":"info","event":"","chan":"stdout","logger":"task"}
{"timestamp":"2025-09-19T07:02:37.340082Z","level":"info","event":"---------- trips -------------","chan":"stdout","logger":"task"}
{"timestamp":"2025-09-19T07:02:37.520440Z","level":"info","event":"#### csv created and stored in : /opt/airflow/warehouse/reseau_transport_static/trips_2025-09-19_09:02:37.339980.csv","chan":"stdout","logger":"task"}
{"timestamp":"2025-09-19T07:02:37.690532Z","level":"info","event":"┌──────────┬──────────────────────┬──────────────────────┬───┬──────────┬──────────────────────┬───────────────┐","chan":"stdout","logger":"task"}
{"timestamp":"2025-09-19T07:02:37.690698Z","level":"info","event":"│ route_id │      service_id      │       trip_id        │ … │ shape_id │ wheelchair_accessi…  │ bikes_allowed │","chan":"stdout","logger":"task"}
{"timestamp":"2025-09-19T07:02:37.690768Z","level":"info","event":"│ varchar  │       varchar        │       varchar        │   │ varchar  │        int64         │     int64     │","chan":"stdout","logger":"task"}
{"timestamp":"2025-09-19T07:02:37.690825Z","level":"info","event":"├──────────┼──────────────────────┼──────────────────────┼───┼──────────┼──────────────────────┼───────────────┤","chan":"stdout","logger":"task"}
{"timestamp":"2025-09-19T07:02:37.690877Z","level":"info","event":"│ 40       │ chouette:TimeTable…  │ 4350596-40_A_50_40…  │ … │ 400009   │                    0 │             0 │","chan":"stdout","logger":"task"}
{"timestamp":"2025-09-19T07:02:37.690927Z","level":"info","event":"│ 40       │ RESEAU2023-40-Sema…  │ 4350596-40_A_50_40…  │ … │ 400009   │                    0 │             0 │","chan":"stdout","logger":"task"}
{"timestamp":"2025-09-19T07:02:37.690977Z","level":"info","event":"│ 62       │ chouette:TimeTable…  │ 4336738-62_R_98_62…  │ … │ 620015   │                    0 │             0 │","chan":"stdout","logger":"task"}
{"timestamp":"2025-09-19T07:02:37.691025Z","level":"info","event":"│ 62       │ RESEAU2023-62-Same…  │ 4336738-62_R_98_62…  │ … │ 620015   │                    0 │             0 │","chan":"stdout","logger":"task"}
{"timestamp":"2025-09-19T07:02:37.691073Z","level":"info","event":"│ C34      │ RESEAU2021-C34-Dim…  │ 3064040-C34_R_2_C3…  │ … │ C340002  │                    0 │             0 │","chan":"stdout","logger":"task"}
{"timestamp":"2025-09-19T07:02:37.691146Z","level":"info","event":"│ C34      │ chouette:TimeTable…  │ 3064040-C34_R_2_C3…  │ … │ C340002  │                    0 │             0 │","chan":"stdout","logger":"task"}
{"timestamp":"2025-09-19T07:02:37.691198Z","level":"info","event":"│ 62       │ RESEAU2023-62-Dima…  │ 4336785-62_R_98_62…  │ … │ 620015   │                    0 │             0 │","chan":"stdout","logger":"task"}
{"timestamp":"2025-09-19T07:02:37.691246Z","level":"info","event":"│ 62       │ chouette:TimeTable…  │ 4336785-62_R_98_62…  │ … │ 620015   │                    0 │             0 │","chan":"stdout","logger":"task"}
{"timestamp":"2025-09-19T07:02:37.691337Z","level":"info","event":"│ 40       │ chouette:TimeTable…  │ 4350598-40_A_50_40…  │ … │ 400009   │                    0 │             0 │","chan":"stdout","logger":"task"}
{"timestamp":"2025-09-19T07:02:37.691440Z","level":"info","event":"│ 40       │ RESEAU2023-40-Sema…  │ 4350598-40_A_50_40…  │ … │ 400009   │                    0 │             0 │","chan":"stdout","logger":"task"}
{"timestamp":"2025-09-19T07:02:37.691496Z","level":"info","event":"│ ·        │          ·           │          ·           │ · │   ·      │                    · │             · │","chan":"stdout","logger":"task"}
{"timestamp":"2025-09-19T07:02:37.691545Z","level":"info","event":"│ ·        │          ·           │          ·           │ · │   ·      │                    · │             · │","chan":"stdout","logger":"task"}
{"timestamp":"2025-09-19T07:02:37.691594Z","level":"info","event":"│ ·        │          ·           │          ·           │ · │   ·      │                    · │             · │","chan":"stdout","logger":"task"}
{"timestamp":"2025-09-19T07:02:37.691641Z","level":"info","event":"│ B        │ JANV2025-B-Dimanch…  │ 6178112-B_R_99_VTB…  │ … │ B0004    │                    0 │             0 │","chan":"stdout","logger":"task"}
{"timestamp":"2025-09-19T07:02:37.691689Z","level":"info","event":"│ B        │ chouette:TimeTable…  │ 6178112-B_R_99_VTB…  │ … │ B0004    │                    0 │             0 │","chan":"stdout","logger":"task"}
{"timestamp":"2025-09-19T07:02:37.691736Z","level":"info","event":"│ B        │ JANV2025-B-Dimanch…  │ 6178113-B_A_50_VTB…  │ … │ B0005    │                    0 │             0 │","chan":"stdout","logger":"task"}
{"timestamp":"2025-09-19T07:02:37.691782Z","level":"info","event":"│ B        │ chouette:TimeTable…  │ 6178113-B_A_50_VTB…  │ … │ B0005    │                    0 │             0 │","chan":"stdout","logger":"task"}
{"timestamp":"2025-09-19T07:02:37.691828Z","level":"info","event":"│ B        │ JANV2025-B-Dimanch…  │ 6178114-B_A_50_VTB…  │ … │ B0005    │                    0 │             0 │","chan":"stdout","logger":"task"}
{"timestamp":"2025-09-19T07:02:37.691874Z","level":"info","event":"│ B        │ chouette:TimeTable…  │ 6178114-B_A_50_VTB…  │ … │ B0005    │                    0 │             0 │","chan":"stdout","logger":"task"}
{"timestamp":"2025-09-19T07:02:37.691921Z","level":"info","event":"│ B        │ JANV2025-B-Dimanch…  │ 6178115-B_A_50_VTB…  │ … │ B0005    │                    0 │             0 │","chan":"stdout","logger":"task"}
{"timestamp":"2025-09-19T07:02:37.691973Z","level":"info","event":"│ B        │ chouette:TimeTable…  │ 6178115-B_A_50_VTB…  │ … │ B0005    │                    0 │             0 │","chan":"stdout","logger":"task"}
{"timestamp":"2025-09-19T07:02:37.692021Z","level":"info","event":"│ B        │ JANV2025-B-Dimanch…  │ 6178116-B_R_99_VTB…  │ … │ B0004    │                    0 │             0 │","chan":"stdout","logger":"task"}
{"timestamp":"2025-09-19T07:02:37.692075Z","level":"info","event":"│ B        │ chouette:TimeTable…  │ 6178116-B_R_99_VTB…  │ … │ B0004    │                    0 │             0 │","chan":"stdout","logger":"task"}
{"timestamp":"2025-09-19T07:02:37.692185Z","level":"info","event":"├──────────┴──────────────────────┴──────────────────────┴───┴──────────┴──────────────────────┴───────────────┤","chan":"stdout","logger":"task"}
{"timestamp":"2025-09-19T07:02:37.692243Z","level":"info","event":"│ ? rows (>9999 rows, 20 shown)                                                            9 columns (6 shown) │","chan":"stdout","logger":"task"}
{"timestamp":"2025-09-19T07:02:37.692292Z","level":"info","event":"└──────────────────────────────────────────────────────────────────────────────────────────────────────────────┘","chan":"stdout","logger":"task"}
{"timestamp":"2025-09-19T07:02:37.692340Z","level":"info","event":"","chan":"stdout","logger":"task"}
{"timestamp":"2025-09-19T07:02:38.484485Z","level":"info","event":"---------- stop_times -------------","chan":"stdout","logger":"task"}
{"timestamp":"2025-09-19T07:03:05.506368Z","level":"info","event":"#### csv created and stored in : /opt/airflow/warehouse/reseau_transport_static/stop_times_2025-09-19_09:02:59.392798.csv","chan":"stdout","logger":"task"}
{"timestamp":"2025-09-19T07:03:07.136063Z","level":"info","event":"┌──────────────────────────────┬──────────────┬────────────────┬─────────┬───────────────┬─────────────┬───────────────┐","chan":"stdout","logger":"task"}
{"timestamp":"2025-09-19T07:03:07.136247Z","level":"info","event":"│           trip_id            │ arrival_time │ departure_time │ stop_id │ stop_sequence │ pickup_type │ drop_off_type │","chan":"stdout","logger":"task"}
{"timestamp":"2025-09-19T07:03:07.136326Z","level":"info","event":"│           varchar            │     time     │      time      │  int64  │     int64     │    int64    │     int64     │","chan":"stdout","logger":"task"}
{"timestamp":"2025-09-19T07:03:07.136385Z","level":"info","event":"├──────────────────────────────┼──────────────┼────────────────┼─────────┼───────────────┼─────────────┼───────────────┤","chan":"stdout","logger":"task"}
{"timestamp":"2025-09-19T07:03:07.136438Z","level":"info","event":"│ 3064029-C32_A_1_C3201_08:3…  │ 08:30:00     │ 08:30:00       │   21681 │             0 │           2 │             2 │","chan":"stdout","logger":"task"}
{"timestamp":"2025-09-19T07:03:07.136487Z","level":"info","event":"│ 3064029-C32_A_1_C3201_08:3…  │ 08:30:00     │ 08:30:00       │   21681 │             0 │           2 │             2 │","chan":"stdout","logger":"task"}
{"timestamp":"2025-09-19T07:03:07.136535Z","level":"info","event":"│ 3064029-C32_A_1_C3201_08:3…  │ 08:35:00     │ 08:35:00       │   21652 │             1 │           2 │             2 │","chan":"stdout","logger":"task"}
{"timestamp":"2025-09-19T07:03:07.136583Z","level":"info","event":"│ 3064029-C32_A_1_C3201_08:3…  │ 08:35:00     │ 08:35:00       │   21652 │             1 │           2 │             2 │","chan":"stdout","logger":"task"}
{"timestamp":"2025-09-19T07:03:07.136644Z","level":"info","event":"│ 3064029-C32_A_1_C3201_08:3…  │ 08:55:00     │ 08:55:00       │   21644 │             2 │           2 │             2 │","chan":"stdout","logger":"task"}
{"timestamp":"2025-09-19T07:03:07.136693Z","level":"info","event":"│ 3064029-C32_A_1_C3201_08:3…  │ 08:55:00     │ 08:55:00       │   21644 │             2 │           2 │             2 │","chan":"stdout","logger":"task"}
{"timestamp":"2025-09-19T07:03:07.136739Z","level":"info","event":"│ 3064029-C32_A_1_C3201_08:3…  │ 09:15:00     │ 09:15:00       │   21398 │             3 │           2 │             2 │","chan":"stdout","logger":"task"}
{"timestamp":"2025-09-19T07:03:07.136783Z","level":"info","event":"│ 3064029-C32_A_1_C3201_08:3…  │ 09:15:00     │ 09:15:00       │   21398 │             3 │           2 │             2 │","chan":"stdout","logger":"task"}
{"timestamp":"2025-09-19T07:03:07.136828Z","level":"info","event":"│ 3064030-C32_R_2_C3202_17:2…  │ 17:20:00     │ 17:20:00       │   21398 │             0 │           2 │             2 │","chan":"stdout","logger":"task"}
{"timestamp":"2025-09-19T07:03:07.136872Z","level":"info","event":"│ 3064030-C32_R_2_C3202_17:2…  │ 17:20:00     │ 17:20:00       │   21398 │             0 │           2 │             2 │","chan":"stdout","logger":"task"}
{"timestamp":"2025-09-19T07:03:07.136940Z","level":"info","event":"│              ·               │    ·         │    ·           │     ·   │             · │           · │             · │","chan":"stdout","logger":"task"}
{"timestamp":"2025-09-19T07:03:07.137019Z","level":"info","event":"│              ·               │    ·         │    ·           │     ·   │             · │           · │             · │","chan":"stdout","logger":"task"}
{"timestamp":"2025-09-19T07:03:07.137104Z","level":"info","event":"│              ·               │    ·         │    ·           │     ·   │             · │           · │             · │","chan":"stdout","logger":"task"}
{"timestamp":"2025-09-19T07:03:07.137188Z","level":"info","event":"│ 5228592-Exp2_R_17_12_16:30…  │ 16:34:00     │ 16:34:00       │   21578 │            14 │           0 │             0 │","chan":"stdout","logger":"task"}
{"timestamp":"2025-09-19T07:03:07.137266Z","level":"info","event":"│ 5228592-Exp2_R_17_12_16:30…  │ 16:34:00     │ 16:34:00       │   21578 │            14 │           0 │             0 │","chan":"stdout","logger":"task"}
{"timestamp":"2025-09-19T07:03:07.137352Z","level":"info","event":"│ 5228592-Exp2_R_17_12_16:30…  │ 16:35:00     │ 16:35:00       │   21579 │            15 │           0 │             0 │","chan":"stdout","logger":"task"}
{"timestamp":"2025-09-19T07:03:07.137432Z","level":"info","event":"│ 5228592-Exp2_R_17_12_16:30…  │ 16:35:00     │ 16:35:00       │   21579 │            15 │           0 │             0 │","chan":"stdout","logger":"task"}
{"timestamp":"2025-09-19T07:03:07.137505Z","level":"info","event":"│ 5228592-Exp2_R_17_12_16:30…  │ 16:35:00     │ 16:35:00       │   21580 │            16 │           0 │             0 │","chan":"stdout","logger":"task"}
{"timestamp":"2025-09-19T07:03:07.137634Z","level":"info","event":"│ 5228592-Exp2_R_17_12_16:30…  │ 16:35:00     │ 16:35:00       │   21580 │            16 │           0 │             0 │","chan":"stdout","logger":"task"}
{"timestamp":"2025-09-19T07:03:07.137727Z","level":"info","event":"│ 5228592-Exp2_R_17_12_16:30…  │ 16:35:00     │ 16:35:00       │   21581 │            17 │           0 │             0 │","chan":"stdout","logger":"task"}
{"timestamp":"2025-09-19T07:03:07.137806Z","level":"info","event":"│ 5228592-Exp2_R_17_12_16:30…  │ 16:35:00     │ 16:35:00       │   21581 │            17 │           0 │             0 │","chan":"stdout","logger":"task"}
{"timestamp":"2025-09-19T07:03:07.137901Z","level":"info","event":"│ 5228592-Exp2_R_17_12_16:30…  │ 16:36:00     │ 16:36:00       │   21582 │            18 │           0 │             0 │","chan":"stdout","logger":"task"}
{"timestamp":"2025-09-19T07:03:07.138106Z","level":"info","event":"│ 5228592-Exp2_R_17_12_16:30…  │ 16:36:00     │ 16:36:00       │   21582 │            18 │           0 │             0 │","chan":"stdout","logger":"task"}
{"timestamp":"2025-09-19T07:03:07.138249Z","level":"info","event":"├──────────────────────────────┴──────────────┴────────────────┴─────────┴───────────────┴─────────────┴───────────────┤","chan":"stdout","logger":"task"}
{"timestamp":"2025-09-19T07:03:07.138347Z","level":"info","event":"│ ? rows (>9999 rows, 20 shown)                                                                              7 columns │","chan":"stdout","logger":"task"}
{"timestamp":"2025-09-19T07:03:07.138438Z","level":"info","event":"└──────────────────────────────────────────────────────────────────────────────────────────────────────────────────────┘","chan":"stdout","logger":"task"}
{"timestamp":"2025-09-19T07:03:07.138522Z","level":"info","event":"","chan":"stdout","logger":"task"}
{"timestamp":"2025-09-19T07:03:07.141946Z","level":"info","event":"---------- calendar -------------","chan":"stdout","logger":"task"}
{"timestamp":"2025-09-19T07:03:07.155107Z","level":"info","event":"#### csv created and stored in : /opt/airflow/warehouse/reseau_transport_static/calendar_2025-09-19_09:03:07.152415.csv","chan":"stdout","logger":"task"}
{"timestamp":"2025-09-19T07:03:07.208778Z","level":"info","event":"┌──────────────────────┬────────┬─────────┬───────────┬──────────┬───┬──────────┬────────┬────────────┬────────────┐","chan":"stdout","logger":"task"}
{"timestamp":"2025-09-19T07:03:07.208945Z","level":"info","event":"│      service_id      │ monday │ tuesday │ wednesday │ thursday │ … │ saturday │ sunday │ start_date │  end_date  │","chan":"stdout","logger":"task"}
{"timestamp":"2025-09-19T07:03:07.209015Z","level":"info","event":"│       varchar        │ int64  │  int64  │   int64   │  int64   │   │  int64   │ int64  │    date    │    date    │","chan":"stdout","logger":"task"}
{"timestamp":"2025-09-19T07:03:07.209111Z","level":"info","event":"├──────────────────────┼────────┼─────────┼───────────┼──────────┼───┼──────────┼────────┼────────────┼────────────┤","chan":"stdout","logger":"task"}
{"timestamp":"2025-09-19T07:03:07.209175Z","level":"info","event":"│ PVS2024-25-B-Semai…  │      1 │       1 │         1 │        1 │ … │        0 │      0 │ 2025-10-20 │ 2025-10-30 │","chan":"stdout","logger":"task"}
{"timestamp":"2025-09-19T07:03:07.209224Z","level":"info","event":"│ chouette:TimeTable…  │      0 │       0 │         0 │        0 │ … │        1 │      0 │ 2025-09-20 │ 2025-12-27 │","chan":"stdout","logger":"task"}
{"timestamp":"2025-09-19T07:03:07.209270Z","level":"info","event":"│ JANV2025-B-Semaine…  │      1 │       1 │         1 │        1 │ … │        0 │      0 │ 2025-09-19 │ 2025-12-26 │","chan":"stdout","logger":"task"}
{"timestamp":"2025-09-19T07:03:07.209329Z","level":"info","event":"│ PVS2024-25-B-Semai…  │      1 │       1 │         1 │        1 │ … │        0 │      0 │ 2025-10-24 │ 2025-10-31 │","chan":"stdout","logger":"task"}
{"timestamp":"2025-09-19T07:03:07.209376Z","level":"info","event":"│ chouette:TimeTable…  │      0 │       0 │         0 │        0 │ … │        0 │      1 │ 2025-09-21 │ 2025-12-28 │","chan":"stdout","logger":"task"}
{"timestamp":"2025-09-19T07:03:07.209421Z","level":"info","event":"│ chouette:TimeTable…  │      1 │       1 │         1 │        1 │ … │        0 │      0 │ 2025-09-18 │ 2025-12-31 │","chan":"stdout","logger":"task"}
{"timestamp":"2025-09-19T07:03:07.209466Z","level":"info","event":"│ chouette:TimeTable…  │      0 │       1 │         1 │        1 │ … │        1 │      0 │ 2025-09-20 │ 2025-12-27 │","chan":"stdout","logger":"task"}
{"timestamp":"2025-09-19T07:03:07.209510Z","level":"info","event":"│ chouette:TimeTable…  │      0 │       1 │         1 │        1 │ … │        1 │      0 │ 2025-10-21 │ 2025-10-31 │","chan":"stdout","logger":"task"}
{"timestamp":"2025-09-19T07:03:07.209554Z","level":"info","event":"│ chouette:TimeTable…  │      0 │       0 │         0 │        0 │ … │        0 │      1 │ 2025-09-21 │ 2025-12-28 │","chan":"stdout","logger":"task"}
{"timestamp":"2025-09-19T07:03:07.209598Z","level":"info","event":"│ chouette:TimeTable…  │      0 │       1 │         1 │        1 │ … │        1 │      0 │ 2025-09-19 │ 2025-12-31 │","chan":"stdout","logger":"task"}
{"timestamp":"2025-09-19T07:03:07.209642Z","level":"info","event":"│          ·           │      · │       · │         · │        · │ · │        · │      · │     ·      │     ·      │","chan":"stdout","logger":"task"}
{"timestamp":"2025-09-19T07:03:07.209688Z","level":"info","event":"│          ·           │      · │       · │         · │        · │ · │        · │      · │     ·      │     ·      │","chan":"stdout","logger":"task"}
{"timestamp":"2025-09-19T07:03:07.209732Z","level":"info","event":"│          ·           │      · │       · │         · │        · │ · │        · │      · │     ·      │     ·      │","chan":"stdout","logger":"task"}
{"timestamp":"2025-09-19T07:03:07.209777Z","level":"info","event":"│ chouette:TimeTable…  │      0 │       1 │         1 │        1 │ … │        1 │      0 │ 2025-09-17 │ 2025-10-18 │","chan":"stdout","logger":"task"}
{"timestamp":"2025-09-19T07:03:07.209822Z","level":"info","event":"│ chouette:TimeTable…  │      1 │       0 │         0 │        0 │ … │        0 │      0 │ 2025-09-17 │ 2025-10-19 │","chan":"stdout","logger":"task"}
{"timestamp":"2025-09-19T07:03:07.209865Z","level":"info","event":"│ SETP2025-12-Semain…  │      1 │       1 │         1 │        1 │ … │        0 │      0 │ 2025-09-17 │ 2025-10-17 │","chan":"stdout","logger":"task"}
{"timestamp":"2025-09-19T07:03:07.209908Z","level":"info","event":"│ SETP2025-08-Semain…  │      1 │       1 │         1 │        1 │ … │        0 │      0 │ 2025-09-17 │ 2025-10-17 │","chan":"stdout","logger":"task"}
{"timestamp":"2025-09-19T07:03:07.209958Z","level":"info","event":"│ chouette:TimeTable…  │      0 │       0 │         0 │        0 │ … │        0 │      1 │ 2025-09-17 │ 2025-10-19 │","chan":"stdout","logger":"task"}
{"timestamp":"2025-09-19T07:03:07.210003Z","level":"info","event":"│ chouette:TimeTable…  │      0 │       0 │         0 │        0 │ … │        1 │      0 │ 2025-09-17 │ 2025-10-18 │","chan":"stdout","logger":"task"}
{"timestamp":"2025-09-19T07:03:07.210069Z","level":"info","event":"│ chouette:TimeTable…  │      1 │       0 │         0 │        0 │ … │        0 │      0 │ 2025-09-17 │ 2025-10-19 │","chan":"stdout","logger":"task"}
{"timestamp":"2025-09-19T07:03:07.210122Z","level":"info","event":"│ chouette:TimeTable…  │      0 │       0 │         0 │        0 │ … │        0 │      1 │ 2025-09-17 │ 2025-10-19 │","chan":"stdout","logger":"task"}
{"timestamp":"2025-09-19T07:03:07.210220Z","level":"info","event":"│ chouette:TimeTable…  │      0 │       0 │         0 │        0 │ … │        1 │      0 │ 2025-09-17 │ 2025-10-18 │","chan":"stdout","logger":"task"}
{"timestamp":"2025-09-19T07:03:07.210298Z","level":"info","event":"│ chouette:TimeTable…  │      0 │       1 │         1 │        1 │ … │        1 │      0 │ 2025-09-17 │ 2025-10-18 │","chan":"stdout","logger":"task"}
{"timestamp":"2025-09-19T07:03:07.210352Z","level":"info","event":"├──────────────────────┴────────┴─────────┴───────────┴──────────┴───┴──────────┴────────┴────────────┴────────────┤","chan":"stdout","logger":"task"}
{"timestamp":"2025-09-19T07:03:07.210427Z","level":"info","event":"│ 784 rows (20 shown)                                                                         10 columns (9 shown) │","chan":"stdout","logger":"task"}
{"timestamp":"2025-09-19T07:03:07.210488Z","level":"info","event":"└──────────────────────────────────────────────────────────────────────────────────────────────────────────────────┘","chan":"stdout","logger":"task"}
{"timestamp":"2025-09-19T07:03:07.210536Z","level":"info","event":"","chan":"stdout","logger":"task"}
{"timestamp":"2025-09-19T07:03:07.211772Z","level":"info","event":"---------- calendar_dates -------------","chan":"stdout","logger":"task"}
{"timestamp":"2025-09-19T07:03:07.248152Z","level":"info","event":"#### csv created and stored in : /opt/airflow/warehouse/reseau_transport_static/calendar_dates_2025-09-19_09:03:07.239412.csv","chan":"stdout","logger":"task"}
{"timestamp":"2025-09-19T07:03:07.267865Z","level":"info","event":"┌─────────────────────────────────────────────────────────────┬────────────┬────────────────┐","chan":"stdout","logger":"task"}
{"timestamp":"2025-09-19T07:03:07.268038Z","level":"info","event":"│                         service_id                          │    date    │ exception_type │","chan":"stdout","logger":"task"}
{"timestamp":"2025-09-19T07:03:07.268108Z","level":"info","event":"│                           varchar                           │    date    │     int64      │","chan":"stdout","logger":"task"}
{"timestamp":"2025-09-19T07:03:07.268160Z","level":"info","event":"├─────────────────────────────────────────────────────────────┼────────────┼────────────────┤","chan":"stdout","logger":"task"}
{"timestamp":"2025-09-19T07:03:07.268208Z","level":"info","event":"│ PVS2024-25-B-Semaine-12-B                                   │ 2025-10-24 │              2 │","chan":"stdout","logger":"task"}
{"timestamp":"2025-09-19T07:03:07.268255Z","level":"info","event":"│ chouette:TimeTable:5f61c429-3817-4284-9fbb-5cdda097230a:LOC │ 2025-11-01 │              2 │","chan":"stdout","logger":"task"}
{"timestamp":"2025-09-19T07:03:07.268311Z","level":"info","event":"│ JANV2025-B-Semaine-10-B                                     │ 2025-09-22 │              2 │","chan":"stdout","logger":"task"}
{"timestamp":"2025-09-19T07:03:07.268359Z","level":"info","event":"│ JANV2025-B-Semaine-10-B                                     │ 2025-09-23 │              2 │","chan":"stdout","logger":"task"}
{"timestamp":"2025-09-19T07:03:07.268404Z","level":"info","event":"│ JANV2025-B-Semaine-10-B                                     │ 2025-09-24 │              2 │","chan":"stdout","logger":"task"}
{"timestamp":"2025-09-19T07:03:07.268449Z","level":"info","event":"│ JANV2025-B-Semaine-10-B                                     │ 2025-09-25 │              2 │","chan":"stdout","logger":"task"}
{"timestamp":"2025-09-19T07:03:07.268492Z","level":"info","event":"│ JANV2025-B-Semaine-10-B                                     │ 2025-09-29 │              2 │","chan":"stdout","logger":"task"}
{"timestamp":"2025-09-19T07:03:07.268537Z","level":"info","event":"│ JANV2025-B-Semaine-10-B                                     │ 2025-09-30 │              2 │","chan":"stdout","logger":"task"}
{"timestamp":"2025-09-19T07:03:07.268580Z","level":"info","event":"│ JANV2025-B-Semaine-10-B                                     │ 2025-10-01 │              2 │","chan":"stdout","logger":"task"}
{"timestamp":"2025-09-19T07:03:07.268624Z","level":"info","event":"│ JANV2025-B-Semaine-10-B                                     │ 2025-10-02 │              2 │","chan":"stdout","logger":"task"}
{"timestamp":"2025-09-19T07:03:07.268667Z","level":"info","event":"│            ·                                                │     ·      │              · │","chan":"stdout","logger":"task"}
{"timestamp":"2025-09-19T07:03:07.268711Z","level":"info","event":"│            ·                                                │     ·      │              · │","chan":"stdout","logger":"task"}
{"timestamp":"2025-09-19T07:03:07.268754Z","level":"info","event":"│            ·                                                │     ·      │              · │","chan":"stdout","logger":"task"}
{"timestamp":"2025-09-19T07:03:07.268797Z","level":"info","event":"│ chouette:TimeTable:a7dedf85-3e8e-4224-ba0b-13771d3df1dc:LOC │ 2025-09-17 │              1 │","chan":"stdout","logger":"task"}
{"timestamp":"2025-09-19T07:03:07.268840Z","level":"info","event":"│ chouette:TimeTable:b956e64b-9b7a-46ab-a40a-863071a306c3:LOC │ 2025-09-17 │              1 │","chan":"stdout","logger":"task"}
{"timestamp":"2025-09-19T07:03:07.268884Z","level":"info","event":"│ PROJET2025-63-Mercredi-73-63                                │ 2025-09-17 │              1 │","chan":"stdout","logger":"task"}
{"timestamp":"2025-09-19T07:03:07.268928Z","level":"info","event":"│ PROJET2025-54-Semaine-17-54                                 │ 2025-09-17 │              1 │","chan":"stdout","logger":"task"}
{"timestamp":"2025-09-19T07:03:07.268971Z","level":"info","event":"│ chouette:TimeTable:e031e0e6-2549-4b3f-abe2-5ca74a26a14c:LOC │ 2025-09-17 │              1 │","chan":"stdout","logger":"task"}
{"timestamp":"2025-09-19T07:03:07.269015Z","level":"info","event":"│ chouette:TimeTable:7a95a7d5-6fb9-4101-9b12-19198b364aae:LOC │ 2025-09-17 │              1 │","chan":"stdout","logger":"task"}
{"timestamp":"2025-09-19T07:03:07.269059Z","level":"info","event":"│ JANV2025-L2-Samedi-03-L2                                    │ 2025-09-17 │              1 │","chan":"stdout","logger":"task"}
{"timestamp":"2025-09-19T07:03:07.269102Z","level":"info","event":"│ chouette:TimeTable:6120623a-ef5c-4c9a-844a-a33f790266ab:LOC │ 2025-09-17 │              1 │","chan":"stdout","logger":"task"}
{"timestamp":"2025-09-19T07:03:07.269145Z","level":"info","event":"│ RESEAU2023-40-Semaine-04-40                                 │ 2025-09-17 │              1 │","chan":"stdout","logger":"task"}
{"timestamp":"2025-09-19T07:03:07.269194Z","level":"info","event":"│ chouette:TimeTable:721d9cb9-8df1-4e78-9b13-5a7d3f6fc3bd:LOC │ 2025-09-17 │              1 │","chan":"stdout","logger":"task"}
{"timestamp":"2025-09-19T07:03:07.269240Z","level":"info","event":"├─────────────────────────────────────────────────────────────┴────────────┴────────────────┤","chan":"stdout","logger":"task"}
{"timestamp":"2025-09-19T07:03:07.269284Z","level":"info","event":"│ 6742 rows (20 shown)                                                            3 columns │","chan":"stdout","logger":"task"}
{"timestamp":"2025-09-19T07:03:07.269328Z","level":"info","event":"└───────────────────────────────────────────────────────────────────────────────────────────┘","chan":"stdout","logger":"task"}
{"timestamp":"2025-09-19T07:03:07.269372Z","level":"info","event":"","chan":"stdout","logger":"task"}
{"timestamp":"2025-09-19T07:03:07.410877Z","level":"info","event":"---------- shapes -------------","chan":"stdout","logger":"task"}
{"timestamp":"2025-09-19T07:03:08.263337Z","level":"info","event":"#### csv created and stored in : /opt/airflow/warehouse/reseau_transport_static/shapes_2025-09-19_09:03:07.410777.csv","chan":"stdout","logger":"task"}
{"timestamp":"2025-09-19T07:03:08.520085Z","level":"info","event":"┌──────────┬──────────────┬──────────────┬───────────────────┬─────────────────────┐","chan":"stdout","logger":"task"}
{"timestamp":"2025-09-19T07:03:08.520328Z","level":"info","event":"│ shape_id │ shape_pt_lat │ shape_pt_lon │ shape_pt_sequence │ shape_dist_traveled │","chan":"stdout","logger":"task"}
{"timestamp":"2025-09-19T07:03:08.520439Z","level":"info","event":"│ varchar  │    double    │    double    │       int64       │       double        │","chan":"stdout","logger":"task"}
{"timestamp":"2025-09-19T07:03:08.520523Z","level":"info","event":"├──────────┼──────────────┼──────────────┼───────────────────┼─────────────────────┤","chan":"stdout","logger":"task"}
{"timestamp":"2025-09-19T07:03:08.520604Z","level":"info","event":"│ 090009   │    43.666912 │      7.12729 │                 0 │                 0.0 │","chan":"stdout","logger":"task"}
{"timestamp":"2025-09-19T07:03:08.520681Z","level":"info","event":"│ 090009   │    43.666146 │     7.127847 │                 1 │               0.096 │","chan":"stdout","logger":"task"}
{"timestamp":"2025-09-19T07:03:08.520757Z","level":"info","event":"│ 090009   │    43.665786 │     7.128121 │                 2 │               0.142 │","chan":"stdout","logger":"task"}
{"timestamp":"2025-09-19T07:03:08.520832Z","level":"info","event":"│ 090009   │    43.665663 │     7.128181 │                 3 │               0.157 │","chan":"stdout","logger":"task"}
{"timestamp":"2025-09-19T07:03:08.520903Z","level":"info","event":"│ 090009   │    43.665541 │     7.128189 │                 4 │                0.17 │","chan":"stdout","logger":"task"}
{"timestamp":"2025-09-19T07:03:08.520974Z","level":"info","event":"│ 090009   │    43.665459 │     7.128166 │                 5 │               0.179 │","chan":"stdout","logger":"task"}
{"timestamp":"2025-09-19T07:03:08.521045Z","level":"info","event":"│ 090009   │    43.665393 │     7.128129 │                 6 │               0.187 │","chan":"stdout","logger":"task"}
{"timestamp":"2025-09-19T07:03:08.521131Z","level":"info","event":"│ 090009   │     43.66538 │      7.12805 │                 7 │               0.194 │","chan":"stdout","logger":"task"}
{"timestamp":"2025-09-19T07:03:08.521207Z","level":"info","event":"│ 090009   │     43.66538 │     7.128005 │                 8 │               0.198 │","chan":"stdout","logger":"task"}
{"timestamp":"2025-09-19T07:03:08.521280Z","level":"info","event":"│ 090009   │    43.665285 │     7.127922 │                 9 │                0.21 │","chan":"stdout","logger":"task"}
{"timestamp":"2025-09-19T07:03:08.521358Z","level":"info","event":"│   ·      │        ·     │         ·    │                 · │                  ·  │","chan":"stdout","logger":"task"}
{"timestamp":"2025-09-19T07:03:08.521432Z","level":"info","event":"│   ·      │        ·     │         ·    │                 · │                  ·  │","chan":"stdout","logger":"task"}
{"timestamp":"2025-09-19T07:03:08.521503Z","level":"info","event":"│   ·      │        ·     │         ·    │                 · │                  ·  │","chan":"stdout","logger":"task"}
{"timestamp":"2025-09-19T07:03:08.521603Z","level":"info","event":"│ K0005    │    43.791352 │     7.231355 │               350 │               5.779 │","chan":"stdout","logger":"task"}
{"timestamp":"2025-09-19T07:03:08.521694Z","level":"info","event":"│ K0005    │    43.791011 │     7.231284 │               351 │               5.818 │","chan":"stdout","logger":"task"}
{"timestamp":"2025-09-19T07:03:08.521786Z","level":"info","event":"│ K0005    │    43.790547 │     7.231148 │               352 │                5.87 │","chan":"stdout","logger":"task"}
{"timestamp":"2025-09-19T07:03:08.521866Z","level":"info","event":"│ K0005    │    43.790537 │     7.231148 │               353 │               5.872 │","chan":"stdout","logger":"task"}
{"timestamp":"2025-09-19T07:03:08.521945Z","level":"info","event":"│ K0005    │    43.790537 │     7.231148 │               354 │               5.872 │","chan":"stdout","logger":"task"}
{"timestamp":"2025-09-19T07:03:08.522021Z","level":"info","event":"│ K0005    │    43.790473 │     7.231148 │               355 │               5.879 │","chan":"stdout","logger":"task"}
{"timestamp":"2025-09-19T07:03:08.522177Z","level":"info","event":"│ K0005    │    43.790418 │     7.231202 │               356 │               5.886 │","chan":"stdout","logger":"task"}
{"timestamp":"2025-09-19T07:03:08.522251Z","level":"info","event":"│ K0005    │    43.790439 │     7.231428 │               357 │               5.904 │","chan":"stdout","logger":"task"}
{"timestamp":"2025-09-19T07:03:08.522300Z","level":"info","event":"│ K0005    │    43.790524 │     7.231782 │               358 │               5.934 │","chan":"stdout","logger":"task"}
{"timestamp":"2025-09-19T07:03:08.522345Z","level":"info","event":"│ K0005    │    43.790573 │     7.231867 │               359 │               5.943 │","chan":"stdout","logger":"task"}
{"timestamp":"2025-09-19T07:03:08.522390Z","level":"info","event":"├──────────┴──────────────┴──────────────┴───────────────────┴─────────────────────┤","chan":"stdout","logger":"task"}
{"timestamp":"2025-09-19T07:03:08.522436Z","level":"info","event":"│ ? rows (>9999 rows, 20 shown)                                          5 columns │","chan":"stdout","logger":"task"}
{"timestamp":"2025-09-19T07:03:08.522481Z","level":"info","event":"└──────────────────────────────────────────────────────────────────────────────────┘","chan":"stdout","logger":"task"}
{"timestamp":"2025-09-19T07:03:08.522536Z","level":"info","event":"","chan":"stdout","logger":"task"}
{"timestamp":"2025-09-19T07:03:08.694919","level":"info","event":"Done. Returned value was: None","logger":"airflow.task.operators.airflow.providers.standard.operators.python.PythonOperator"}
{"timestamp":"2025-09-19T07:03:08.714504Z","level":"info","event":"Task instance in success state","chan":"stdout","logger":"task"}
{"timestamp":"2025-09-19T07:03:08.714660Z","level":"info","event":" Previous state of the Task instance: TaskInstanceState.RUNNING","chan":"stdout","logger":"task"}
{"timestamp":"2025-09-19T07:03:08.715241Z","level":"info","event":"Task operator:<Task(PythonOperator): load_duckdb.to_duckdb_reseau_transport>","chan":"stdout","logger":"task"}
