{"timestamp":"2025-09-11T08:43:46.387376","level":"info","event":"DAG bundles loaded: dags-folder, example_dags","logger":"airflow.dag_processing.bundles.manager.DagBundlesManager"}
{"timestamp":"2025-09-11T08:43:46.387918","level":"info","event":"Filling up the DagBag from /opt/airflow/dags/lignes_azure_dag.py","logger":"airflow.models.dagbag.DagBag"}
{"timestamp":"2025-09-11T08:43:46.480710Z","level":"info","event":"Task instance is in running state","chan":"stdout","logger":"task"}
{"timestamp":"2025-09-11T08:43:46.480902Z","level":"info","event":" Previous state of the Task instance: TaskInstanceState.QUEUED","chan":"stdout","logger":"task"}
{"timestamp":"2025-09-11T08:43:46.481077Z","level":"info","event":"Current task name:load_duckdb.to_duckdb_trips_updates","chan":"stdout","logger":"task"}
{"timestamp":"2025-09-11T08:43:46.481181Z","level":"info","event":"Dag name:lignes_azure_ETL","chan":"stdout","logger":"task"}
{"timestamp":"2025-09-11T08:43:46.630302Z","level":"info","event":"--------------- RETURN SELECT ------------------------","chan":"stdout","logger":"task"}
{"timestamp":"2025-09-11T08:43:46.639853Z","level":"info","event":"┌──────────────────────┬──────────┬──────────────┬───┬──────────────┬──────────────┬────────────────┬────────────────┐","chan":"stdout","logger":"task"}
{"timestamp":"2025-09-11T08:43:46.640071Z","level":"info","event":"│       trip_id        │ route_id │ direction_id │ … │ arrival_time │ arrival_date │ departure_time │ departure_date │","chan":"stdout","logger":"task"}
{"timestamp":"2025-09-11T08:43:46.640158Z","level":"info","event":"│       varchar        │ varchar  │    double    │   │     time     │     date     │      time      │      date      │","chan":"stdout","logger":"task"}
{"timestamp":"2025-09-11T08:43:46.640226Z","level":"info","event":"├──────────────────────┼──────────┼──────────────┼───┼──────────────┼──────────────┼────────────────┼────────────────┤","chan":"stdout","logger":"task"}
{"timestamp":"2025-09-11T08:43:46.640286Z","level":"info","event":"│ 6446556-05_R_50_05…  │ 05       │          1.0 │ … │ NULL         │ NULL         │ 09:28:00       │ 2025-09-11     │","chan":"stdout","logger":"task"}
{"timestamp":"2025-09-11T08:43:46.640341Z","level":"info","event":"│ 6446556-05_R_50_05…  │ 05       │          1.0 │ … │ 09:29:18     │ 2025-09-11   │ 09:29:18       │ 2025-09-11     │","chan":"stdout","logger":"task"}
{"timestamp":"2025-09-11T08:43:46.640477Z","level":"info","event":"│ 6446556-05_R_50_05…  │ 05       │          1.0 │ … │ 09:30:15     │ 2025-09-11   │ 09:30:15       │ 2025-09-11     │","chan":"stdout","logger":"task"}
{"timestamp":"2025-09-11T08:43:46.640538Z","level":"info","event":"│ 6446556-05_R_50_05…  │ 05       │          1.0 │ … │ 09:31:05     │ 2025-09-11   │ 09:31:05       │ 2025-09-11     │","chan":"stdout","logger":"task"}
{"timestamp":"2025-09-11T08:43:46.640590Z","level":"info","event":"│ 6446556-05_R_50_05…  │ 05       │          1.0 │ … │ 09:32:06     │ 2025-09-11   │ 09:32:06       │ 2025-09-11     │","chan":"stdout","logger":"task"}
{"timestamp":"2025-09-11T08:43:46.640648Z","level":"info","event":"│ 6446556-05_R_50_05…  │ 05       │          1.0 │ … │ 09:34:00     │ 2025-09-11   │ 09:34:00       │ 2025-09-11     │","chan":"stdout","logger":"task"}
{"timestamp":"2025-09-11T08:43:46.640701Z","level":"info","event":"│ 6446556-05_R_50_05…  │ 05       │          1.0 │ … │ 09:34:56     │ 2025-09-11   │ 09:34:56       │ 2025-09-11     │","chan":"stdout","logger":"task"}
{"timestamp":"2025-09-11T08:43:46.640769Z","level":"info","event":"│ 6446556-05_R_50_05…  │ 05       │          1.0 │ … │ 09:36:05     │ 2025-09-11   │ 09:36:05       │ 2025-09-11     │","chan":"stdout","logger":"task"}
{"timestamp":"2025-09-11T08:43:46.640857Z","level":"info","event":"│ 6446556-05_R_50_05…  │ 05       │          1.0 │ … │ 09:37:00     │ 2025-09-11   │ 09:37:00       │ 2025-09-11     │","chan":"stdout","logger":"task"}
{"timestamp":"2025-09-11T08:43:46.640946Z","level":"info","event":"│ 6446556-05_R_50_05…  │ 05       │          1.0 │ … │ 09:38:56     │ 2025-09-11   │ 09:38:56       │ 2025-09-11     │","chan":"stdout","logger":"task"}
{"timestamp":"2025-09-11T08:43:46.641007Z","level":"info","event":"│          ·           │ ·        │           ·  │ · │  ·           │  ·           │    ·           │     ·          │","chan":"stdout","logger":"task"}
{"timestamp":"2025-09-11T08:43:46.641062Z","level":"info","event":"│          ·           │ ·        │           ·  │ · │  ·           │  ·           │    ·           │     ·          │","chan":"stdout","logger":"task"}
{"timestamp":"2025-09-11T08:43:46.641117Z","level":"info","event":"│          ·           │ ·        │           ·  │ · │  ·           │  ·           │    ·           │     ·          │","chan":"stdout","logger":"task"}
{"timestamp":"2025-09-11T08:43:46.641170Z","level":"info","event":"│ 6416280-51_A_49_51…  │ 51       │          0.0 │ … │ NULL         │ NULL         │ 09:41:41       │ 2025-09-11     │","chan":"stdout","logger":"task"}
{"timestamp":"2025-09-11T08:43:46.641237Z","level":"info","event":"│ 6416280-51_A_49_51…  │ 51       │          0.0 │ … │ 09:42:43     │ 2025-09-11   │ 09:42:43       │ 2025-09-11     │","chan":"stdout","logger":"task"}
{"timestamp":"2025-09-11T08:43:46.641309Z","level":"info","event":"│ 6416280-51_A_49_51…  │ 51       │          0.0 │ … │ 09:43:20     │ 2025-09-11   │ 09:43:20       │ 2025-09-11     │","chan":"stdout","logger":"task"}
{"timestamp":"2025-09-11T08:43:46.641396Z","level":"info","event":"│ 6416280-51_A_49_51…  │ 51       │          0.0 │ … │ 09:44:53     │ 2025-09-11   │ 09:44:53       │ 2025-09-11     │","chan":"stdout","logger":"task"}
{"timestamp":"2025-09-11T08:43:46.641454Z","level":"info","event":"│ 4542687-44_A_50_44…  │ 44       │          0.0 │ … │ NULL         │ NULL         │ 10:30:00       │ 2025-09-11     │","chan":"stdout","logger":"task"}
{"timestamp":"2025-09-11T08:43:46.641536Z","level":"info","event":"│ 4542687-44_A_50_44…  │ 44       │          0.0 │ … │ 10:30:33     │ 2025-09-11   │ 10:30:33       │ 2025-09-11     │","chan":"stdout","logger":"task"}
{"timestamp":"2025-09-11T08:43:46.641603Z","level":"info","event":"│ 4542687-44_A_50_44…  │ 44       │          0.0 │ … │ 10:36:18     │ 2025-09-11   │ 10:36:18       │ 2025-09-11     │","chan":"stdout","logger":"task"}
{"timestamp":"2025-09-11T08:43:46.641657Z","level":"info","event":"│ 6005492-B_R_99_VTB…  │ B        │          1.0 │ … │ 08:42:11     │ 2025-09-11   │ 08:42:11       │ 2025-09-11     │","chan":"stdout","logger":"task"}
{"timestamp":"2025-09-11T08:43:46.641802Z","level":"info","event":"│ 6412122-37_A_50_37…  │ 37       │          0.0 │ … │ NULL         │ NULL         │ 09:03:00       │ 2025-09-11     │","chan":"stdout","logger":"task"}
{"timestamp":"2025-09-11T08:43:46.641906Z","level":"info","event":"│ 6412122-37_A_50_37…  │ 37       │          0.0 │ … │ 09:04:20     │ 2025-09-11   │ 09:04:20       │ 2025-09-11     │","chan":"stdout","logger":"task"}
{"timestamp":"2025-09-11T08:43:46.641966Z","level":"info","event":"├──────────────────────┴──────────┴──────────────┴───┴──────────────┴──────────────┴────────────────┴────────────────┤","chan":"stdout","logger":"task"}
{"timestamp":"2025-09-11T08:43:46.642038Z","level":"info","event":"│ ? rows (>9999 rows, 20 shown)                                                                  9 columns (7 shown) │","chan":"stdout","logger":"task"}
{"timestamp":"2025-09-11T08:43:46.642097Z","level":"info","event":"└────────────────────────────────────────────────────────────────────────────────────────────────────────────────────┘","chan":"stdout","logger":"task"}
{"timestamp":"2025-09-11T08:43:46.642155Z","level":"info","event":"","chan":"stdout","logger":"task"}
{"timestamp":"2025-09-11T08:43:46.697807","level":"info","event":"Done. Returned value was: None","logger":"airflow.task.operators.airflow.providers.standard.operators.python.PythonOperator"}
{"timestamp":"2025-09-11T08:43:46.714292Z","level":"info","event":"Task instance in success state","chan":"stdout","logger":"task"}
{"timestamp":"2025-09-11T08:43:46.714501Z","level":"info","event":" Previous state of the Task instance: TaskInstanceState.RUNNING","chan":"stdout","logger":"task"}
{"timestamp":"2025-09-11T08:43:46.714627Z","level":"info","event":"Task operator:<Task(PythonOperator): load_duckdb.to_duckdb_trips_updates>","chan":"stdout","logger":"task"}
