{"timestamp":"2025-09-16T08:00:22.884048","level":"info","event":"DAG bundles loaded: dags-folder, example_dags","logger":"airflow.dag_processing.bundles.manager.DagBundlesManager"}
{"timestamp":"2025-09-16T08:00:22.884794","level":"info","event":"Filling up the DagBag from /opt/airflow/dags/lignes_azure_dag.py","logger":"airflow.models.dagbag.DagBag"}
{"timestamp":"2025-09-16T08:00:22.972492Z","level":"info","event":"Task instance is in running state","chan":"stdout","logger":"task"}
{"timestamp":"2025-09-16T08:00:22.972792Z","level":"info","event":" Previous state of the Task instance: TaskInstanceState.QUEUED","chan":"stdout","logger":"task"}
{"timestamp":"2025-09-16T08:00:22.973060Z","level":"info","event":"Current task name:load_duckdb.to_duckdb_reseau_transport","chan":"stdout","logger":"task"}
{"timestamp":"2025-09-16T08:00:22.973238Z","level":"info","event":"Dag name:lignes_azure_ETL","chan":"stdout","logger":"task"}
{"timestamp":"2025-09-16T08:00:23.026498Z","level":"info","event":"---------- stops -------------","chan":"stdout","logger":"task"}
{"timestamp":"2025-09-16T08:00:23.051940Z","level":"info","event":"#### csv created and stored in : /opt/airflow/warehouse/reseau_transport_static/stops_2025-09-16_10:00:23.026386.csv","chan":"stdout","logger":"task"}
{"timestamp":"2025-09-16T08:00:23.141348Z","level":"info","event":"┌──────────────┬───────────┬──────────────────────┬───┬────────────────┬───────────────┬─────────────────────┐","chan":"stdout","logger":"task"}
{"timestamp":"2025-09-16T08:00:23.141596Z","level":"info","event":"│   stop_id    │ stop_code │      stop_name       │ … │ parent_station │ stop_timezone │ wheelchair_boarding │","chan":"stdout","logger":"task"}
{"timestamp":"2025-09-16T08:00:23.141691Z","level":"info","event":"│   varchar    │  varchar  │       varchar        │   │    varchar     │    varchar    │        int64        │","chan":"stdout","logger":"task"}
{"timestamp":"2025-09-16T08:00:23.141758Z","level":"info","event":"├──────────────┼───────────┼──────────────────────┼───┼────────────────┼───────────────┼─────────────────────┤","chan":"stdout","logger":"task"}
{"timestamp":"2025-09-16T08:00:23.141818Z","level":"info","event":"│ 1            │ ABBAT8    │ Abattoirs            │ … │ place_101376   │ NULL          │                   1 │","chan":"stdout","logger":"task"}
{"timestamp":"2025-09-16T08:00:23.141875Z","level":"info","event":"│ 2            │ ABBAT4    │ Abattoirs            │ … │ place_101376   │ NULL          │                   1 │","chan":"stdout","logger":"task"}
{"timestamp":"2025-09-16T08:00:23.141931Z","level":"info","event":"│ 3            │ ROSEL2    │ Abbaye de Roseland   │ … │ place_096609   │ NULL          │                   0 │","chan":"stdout","logger":"task"}
{"timestamp":"2025-09-16T08:00:23.141987Z","level":"info","event":"│ 4            │ ROSEL8    │ Abbaye de Roseland   │ … │ place_096609   │ NULL          │                   0 │","chan":"stdout","logger":"task"}
{"timestamp":"2025-09-16T08:00:23.142041Z","level":"info","event":"│ 5            │ ARSE4     │ Abbaye de Roseland…  │ … │ place_096610   │ NULL          │                   0 │","chan":"stdout","logger":"task"}
{"timestamp":"2025-09-16T08:00:23.142129Z","level":"info","event":"│ 6            │ ACROB6    │ Risso                │ … │ place_096612   │ NULL          │                   1 │","chan":"stdout","logger":"task"}
{"timestamp":"2025-09-16T08:00:23.142190Z","level":"info","event":"│ 8            │ AEPRM1    │ Aéroport / Promenade │ … │ place_101377   │ NULL          │                   1 │","chan":"stdout","logger":"task"}
{"timestamp":"2025-09-16T08:00:23.142259Z","level":"info","event":"│ 11           │ AEPRM2    │ Aéroport / Promenade │ … │ place_101377   │ NULL          │                   1 │","chan":"stdout","logger":"task"}
{"timestamp":"2025-09-16T08:00:23.142316Z","level":"info","event":"│ 12           │ ALBER3    │ Albert 1er           │ … │ place_096616   │ NULL          │                   0 │","chan":"stdout","logger":"task"}
{"timestamp":"2025-09-16T08:00:23.142369Z","level":"info","event":"│ 13           │ ALBER8    │ Jardin d'Arménie     │ … │ place_096617   │ NULL          │                   0 │","chan":"stdout","logger":"task"}
{"timestamp":"2025-09-16T08:00:23.142422Z","level":"info","event":"│ ·            │  ·        │      ·               │ · │  ·             │  ·            │                   · │","chan":"stdout","logger":"task"}
{"timestamp":"2025-09-16T08:00:23.142476Z","level":"info","event":"│ ·            │  ·        │      ·               │ · │  ·             │  ·            │                   · │","chan":"stdout","logger":"task"}
{"timestamp":"2025-09-16T08:00:23.142529Z","level":"info","event":"│ ·            │  ·        │      ·               │ · │  ·             │  ·            │                   · │","chan":"stdout","logger":"task"}
{"timestamp":"2025-09-16T08:00:23.142582Z","level":"info","event":"│ place_SMGEN  │ NULL      │ Gendarmerie          │ … │ NULL           │ Europe/Paris  │                   0 │","chan":"stdout","logger":"task"}
{"timestamp":"2025-09-16T08:00:23.142634Z","level":"info","event":"│ place_SMPMA7 │ NULL      │ Pont Maïssa          │ … │ NULL           │ Europe/Paris  │                   0 │","chan":"stdout","logger":"task"}
{"timestamp":"2025-09-16T08:00:23.142686Z","level":"info","event":"│ 6198         │ SMGEN8    │ Gendarmerie          │ … │ place_SMGEN    │ NULL          │                   1 │","chan":"stdout","logger":"task"}
{"timestamp":"2025-09-16T08:00:23.142738Z","level":"info","event":"│ 21313        │ GENDA3    │ Gendarmerie          │ … │ place_GENDAR   │ NULL          │                   0 │","chan":"stdout","logger":"task"}
{"timestamp":"2025-09-16T08:00:23.142804Z","level":"info","event":"│ 6197         │ SMPMA7    │ Pont Maïssa          │ … │ place_SMPMA7   │ NULL          │                   1 │","chan":"stdout","logger":"task"}
{"timestamp":"2025-09-16T08:00:23.142866Z","level":"info","event":"│ place_VACHRI │ NULL      │ La Vacherie          │ … │ NULL           │ Europe/Paris  │                   0 │","chan":"stdout","logger":"task"}
{"timestamp":"2025-09-16T08:00:23.143001Z","level":"info","event":"│ 23020        │ VACHRI    │ La Vacherie          │ … │ place_VACHRI   │ NULL          │                   1 │","chan":"stdout","logger":"task"}
{"timestamp":"2025-09-16T08:00:23.143069Z","level":"info","event":"│ 21659        │ SUPGA9    │ Super Gattières      │ … │ NULL           │ Europe/Paris  │                   0 │","chan":"stdout","logger":"task"}
{"timestamp":"2025-09-16T08:00:23.143125Z","level":"info","event":"│ place_ALPHA0 │ NULL      │ Parc Alpha Loup      │ … │ NULL           │ Europe/Paris  │                   0 │","chan":"stdout","logger":"task"}
{"timestamp":"2025-09-16T08:00:23.143179Z","level":"info","event":"│ 2997         │ MAGNA1    │ Magnan               │ … │ place_097192   │ NULL          │                   1 │","chan":"stdout","logger":"task"}
{"timestamp":"2025-09-16T08:00:23.143316Z","level":"info","event":"├──────────────┴───────────┴──────────────────────┴───┴────────────────┴───────────────┴─────────────────────┤","chan":"stdout","logger":"task"}
{"timestamp":"2025-09-16T08:00:23.143430Z","level":"info","event":"│ 8964 rows (20 shown)                                                                  10 columns (6 shown) │","chan":"stdout","logger":"task"}
{"timestamp":"2025-09-16T08:00:23.143495Z","level":"info","event":"└────────────────────────────────────────────────────────────────────────────────────────────────────────────┘","chan":"stdout","logger":"task"}
{"timestamp":"2025-09-16T08:00:23.143551Z","level":"info","event":"","chan":"stdout","logger":"task"}
{"timestamp":"2025-09-16T08:00:23.143649Z","level":"info","event":"---------- routes -------------","chan":"stdout","logger":"task"}
{"timestamp":"2025-09-16T08:00:23.145132Z","level":"info","event":"#### csv created and stored in : /opt/airflow/warehouse/reseau_transport_static/routes_2025-09-16_10:00:23.143414.csv","chan":"stdout","logger":"task"}
{"timestamp":"2025-09-16T08:00:23.165600Z","level":"info","event":"┌──────────┬───────────────┬──────────────────┬───┬──────────────────────┬─────────────┬──────────────────┐","chan":"stdout","logger":"task"}
{"timestamp":"2025-09-16T08:00:23.165809Z","level":"info","event":"│ route_id │   agency_id   │ route_short_name │ … │      route_url       │ route_color │ route_text_color │","chan":"stdout","logger":"task"}
{"timestamp":"2025-09-16T08:00:23.165901Z","level":"info","event":"│ varchar  │    varchar    │     varchar      │   │       varchar        │   varchar   │     varchar      │","chan":"stdout","logger":"task"}
{"timestamp":"2025-09-16T08:00:23.165965Z","level":"info","event":"├──────────┼───────────────┼──────────────────┼───┼──────────────────────┼─────────────┼──────────────────┤","chan":"stdout","logger":"task"}
{"timestamp":"2025-09-16T08:00:23.166024Z","level":"info","event":"│ 05       │ lignes-d-azur │ 05               │ … │ https://ftp.lignes…  │ 3065AF      │ FFFFFF           │","chan":"stdout","logger":"task"}
{"timestamp":"2025-09-16T08:00:23.166080Z","level":"info","event":"│ 06       │ lignes-d-azur │ 06               │ … │ https://ftp.lignes…  │ 2FA948      │ FFFFFF           │","chan":"stdout","logger":"task"}
{"timestamp":"2025-09-16T08:00:23.166136Z","level":"info","event":"│ 07       │ lignes-d-azur │ 07               │ … │ https://ftp.lignes…  │ 751D5D      │ FFFFFF           │","chan":"stdout","logger":"task"}
{"timestamp":"2025-09-16T08:00:23.166191Z","level":"info","event":"│ 09       │ lignes-d-azur │ 09               │ … │ https://ftp.lignes…  │ EF7D00      │ FFFFFF           │","chan":"stdout","logger":"task"}
{"timestamp":"2025-09-16T08:00:23.166246Z","level":"info","event":"│ 11       │ lignes-d-azur │ 11               │ … │ https://ftp.lignes…  │ 9C3F8F      │ FFFFFF           │","chan":"stdout","logger":"task"}
{"timestamp":"2025-09-16T08:00:23.166301Z","level":"info","event":"│ 12       │ lignes-d-azur │ 12+              │ … │ https://ftp.lignes…  │ DE1381      │ FFFFFF           │","chan":"stdout","logger":"task"}
{"timestamp":"2025-09-16T08:00:23.166422Z","level":"info","event":"│ 14       │ lignes-d-azur │ 14               │ … │ https://ftp.lignes…  │ F5A32F      │ FFFFFF           │","chan":"stdout","logger":"task"}
{"timestamp":"2025-09-16T08:00:23.166597Z","level":"info","event":"│ 15       │ lignes-d-azur │ 15               │ … │ https://ftp.lignes…  │ 15B1AF      │ FFFFFF           │","chan":"stdout","logger":"task"}
{"timestamp":"2025-09-16T08:00:23.166783Z","level":"info","event":"│ 16       │ lignes-d-azur │ 16               │ … │ https://ftp.lignes…  │ 35BEEB      │ FFFFFF           │","chan":"stdout","logger":"task"}
{"timestamp":"2025-09-16T08:00:23.166913Z","level":"info","event":"│ 17       │ lignes-d-azur │ 17               │ … │ https://ftp.lignes…  │ 418ABF      │ FFFFFF           │","chan":"stdout","logger":"task"}
{"timestamp":"2025-09-16T08:00:23.167023Z","level":"info","event":"│ ·        │       ·       │ ·                │ · │          ·           │   ·         │   ·              │","chan":"stdout","logger":"task"}
{"timestamp":"2025-09-16T08:00:23.167187Z","level":"info","event":"│ ·        │       ·       │ ·                │ · │          ·           │   ·         │   ·              │","chan":"stdout","logger":"task"}
{"timestamp":"2025-09-16T08:00:23.167345Z","level":"info","event":"│ ·        │       ·       │ ·                │ · │          ·           │   ·         │   ·              │","chan":"stdout","logger":"task"}
{"timestamp":"2025-09-16T08:00:23.167487Z","level":"info","event":"│ NGOR     │ lignes-d-azur │ NGOR             │ … │ https://ftp.lignes…  │ 2AA137      │ FFFFFF           │","chan":"stdout","logger":"task"}
{"timestamp":"2025-09-16T08:00:23.167549Z","level":"info","event":"│ 10       │ lignes-d-azur │ 10               │ … │ https://ftp.lignes…  │ 31A948      │ FFFFFF           │","chan":"stdout","logger":"task"}
{"timestamp":"2025-09-16T08:00:23.167604Z","level":"info","event":"│ 08       │ lignes-d-azur │ 8+               │ … │ https://ftp.lignes…  │ FEC703      │ 000000           │","chan":"stdout","logger":"task"}
{"timestamp":"2025-09-16T08:00:23.167658Z","level":"info","event":"│ 12+      │ lignes-d-azur │ 12+              │ … │ https://ftp.lignes…  │ DE1381      │ FFFFFF           │","chan":"stdout","logger":"task"}
{"timestamp":"2025-09-16T08:00:23.167711Z","level":"info","event":"│ 8+       │ lignes-d-azur │ 8+               │ … │ https://ftp.lignes…  │ FEC703      │ 000000           │","chan":"stdout","logger":"task"}
{"timestamp":"2025-09-16T08:00:23.167764Z","level":"info","event":"│ B        │ lignes-d-azur │ B                │ … │ https://ftp.lignes…  │ FFDD00      │ 000000           │","chan":"stdout","logger":"task"}
{"timestamp":"2025-09-16T08:00:23.167818Z","level":"info","event":"│ NBOR     │ lignes-d-azur │ NBOR             │ … │ https://ftp.lignes…  │ 2AA137      │ 000000           │","chan":"stdout","logger":"task"}
{"timestamp":"2025-09-16T08:00:23.167876Z","level":"info","event":"│ VESU     │ lignes-d-azur │ VESU             │ … │ https://ftp.lignes…  │ 2AA137      │ FFFFFF           │","chan":"stdout","logger":"task"}
{"timestamp":"2025-09-16T08:00:23.167930Z","level":"info","event":"│ FOOT     │ lignes-d-azur │ FOOT             │ … │ NULL                 │ 36BEE9      │ FFFFFF           │","chan":"stdout","logger":"task"}
{"timestamp":"2025-09-16T08:00:23.167982Z","level":"info","event":"│ NV30     │ lignes-d-azur │ NV30             │ … │ NULL                 │ FFFFFF      │ 000000           │","chan":"stdout","logger":"task"}
{"timestamp":"2025-09-16T08:00:23.168120Z","level":"info","event":"├──────────┴───────────────┴──────────────────┴───┴──────────────────────┴─────────────┴──────────────────┤","chan":"stdout","logger":"task"}
{"timestamp":"2025-09-16T08:00:23.168201Z","level":"info","event":"│ 226 rows (20 shown)                                                                 8 columns (6 shown) │","chan":"stdout","logger":"task"}
{"timestamp":"2025-09-16T08:00:23.168288Z","level":"info","event":"└─────────────────────────────────────────────────────────────────────────────────────────────────────────┘","chan":"stdout","logger":"task"}
{"timestamp":"2025-09-16T08:00:23.168398Z","level":"info","event":"","chan":"stdout","logger":"task"}
{"timestamp":"2025-09-16T08:00:23.235838Z","level":"info","event":"---------- trips -------------","chan":"stdout","logger":"task"}
{"timestamp":"2025-09-16T08:00:23.353429Z","level":"info","event":"#### csv created and stored in : /opt/airflow/warehouse/reseau_transport_static/trips_2025-09-16_10:00:23.235721.csv","chan":"stdout","logger":"task"}
{"timestamp":"2025-09-16T08:00:23.568281Z","level":"info","event":"┌──────────┬──────────────────────┬──────────────────────┬───┬──────────┬──────────────────────┬───────────────┐","chan":"stdout","logger":"task"}
{"timestamp":"2025-09-16T08:00:23.568792Z","level":"info","event":"│ route_id │      service_id      │       trip_id        │ … │ shape_id │ wheelchair_accessi…  │ bikes_allowed │","chan":"stdout","logger":"task"}
{"timestamp":"2025-09-16T08:00:23.569349Z","level":"info","event":"│ varchar  │       varchar        │       varchar        │   │ varchar  │        int64         │     int64     │","chan":"stdout","logger":"task"}
{"timestamp":"2025-09-16T08:00:23.569721Z","level":"info","event":"├──────────┼──────────────────────┼──────────────────────┼───┼──────────┼──────────────────────┼───────────────┤","chan":"stdout","logger":"task"}
{"timestamp":"2025-09-16T08:00:23.569922Z","level":"info","event":"│ 40       │ RESEAU2023-40-Sema…  │ 4350596-40_A_50_40…  │ … │ 400009   │                    0 │             0 │","chan":"stdout","logger":"task"}
{"timestamp":"2025-09-16T08:00:23.570063Z","level":"info","event":"│ 62       │ RESEAU2023-62-Same…  │ 4336738-62_R_98_62…  │ … │ 620015   │                    0 │             0 │","chan":"stdout","logger":"task"}
{"timestamp":"2025-09-16T08:00:23.570183Z","level":"info","event":"│ C34      │ RESEAU2021-C34-Dim…  │ 3064040-C34_R_2_C3…  │ … │ C340002  │                    0 │             0 │","chan":"stdout","logger":"task"}
{"timestamp":"2025-09-16T08:00:23.570300Z","level":"info","event":"│ 62       │ RESEAU2023-62-Dima…  │ 4336785-62_R_98_62…  │ … │ 620015   │                    0 │             0 │","chan":"stdout","logger":"task"}
{"timestamp":"2025-09-16T08:00:23.570417Z","level":"info","event":"│ 40       │ RESEAU2023-40-Sema…  │ 4350598-40_A_50_40…  │ … │ 400009   │                    0 │             0 │","chan":"stdout","logger":"task"}
{"timestamp":"2025-09-16T08:00:23.570531Z","level":"info","event":"│ 40       │ RESEAU2023-40-Sema…  │ 4350594-40_R_99_40…  │ … │ 400010   │                    0 │             0 │","chan":"stdout","logger":"task"}
{"timestamp":"2025-09-16T08:00:23.570646Z","level":"info","event":"│ 62       │ RESEAU2023-62-Same…  │ 4336737-62_R_98_62…  │ … │ 620015   │                    0 │             0 │","chan":"stdout","logger":"task"}
{"timestamp":"2025-09-16T08:00:23.570783Z","level":"info","event":"│ 62       │ RESEAU2023-62-Same…  │ 4336760-62_R_98_62…  │ … │ 620015   │                    0 │             0 │","chan":"stdout","logger":"task"}
{"timestamp":"2025-09-16T08:00:23.570957Z","level":"info","event":"│ 62       │ RESEAU2023-62-Same…  │ 4336710-62_A_48_62…  │ … │ 620012   │                    0 │             0 │","chan":"stdout","logger":"task"}
{"timestamp":"2025-09-16T08:00:23.571078Z","level":"info","event":"│ 62       │ RESEAU2023-62-Sema…  │ 4669761-62_R_98_62…  │ … │ 620015   │                    0 │             0 │","chan":"stdout","logger":"task"}
{"timestamp":"2025-09-16T08:00:23.571189Z","level":"info","event":"│ ·        │          ·           │          ·           │ · │   ·      │                    · │             · │","chan":"stdout","logger":"task"}
{"timestamp":"2025-09-16T08:00:23.571315Z","level":"info","event":"│ ·        │          ·           │          ·           │ · │   ·      │                    · │             · │","chan":"stdout","logger":"task"}
{"timestamp":"2025-09-16T08:00:23.571471Z","level":"info","event":"│ ·        │          ·           │          ·           │ · │   ·      │                    · │             · │","chan":"stdout","logger":"task"}
{"timestamp":"2025-09-16T08:00:23.571648Z","level":"info","event":"│ 05       │ SETP2025-05-Mercre…  │ 6446855-05_R_49_05…  │ … │ 050046   │                    0 │             0 │","chan":"stdout","logger":"task"}
{"timestamp":"2025-09-16T08:00:23.571765Z","level":"info","event":"│ 12+      │ SETP2025-12-Dimanc…  │ chouette:VehicleJo…  │ … │ 120081   │                    0 │             0 │","chan":"stdout","logger":"task"}
{"timestamp":"2025-09-16T08:00:23.571871Z","level":"info","event":"│ 12+      │ SETP2025-12-Semain…  │ chouette:VehicleJo…  │ … │ 120081   │                    0 │             0 │","chan":"stdout","logger":"task"}
{"timestamp":"2025-09-16T08:00:23.571986Z","level":"info","event":"│ 05       │ SETP2025-05-Mercre…  │ 6446856-05_R_49_05…  │ … │ 050046   │                    0 │             0 │","chan":"stdout","logger":"task"}
{"timestamp":"2025-09-16T08:00:23.572098Z","level":"info","event":"│ 05       │ SETP2025-05-Mercre…  │ 6446858-05_R_50_05…  │ … │ 050045   │                    0 │             0 │","chan":"stdout","logger":"task"}
{"timestamp":"2025-09-16T08:00:23.572234Z","level":"info","event":"│ 05       │ SETP2025-05-Mercre…  │ 6446860-05_R_49_05…  │ … │ 050046   │                    0 │             0 │","chan":"stdout","logger":"task"}
{"timestamp":"2025-09-16T08:00:23.572419Z","level":"info","event":"│ 05       │ SETP2025-05-Mercre…  │ 6446862-05_R_49_05…  │ … │ 050046   │                    0 │             0 │","chan":"stdout","logger":"task"}
{"timestamp":"2025-09-16T08:00:23.572557Z","level":"info","event":"│ 57       │ SETP2025-57-Dimanc…  │ 6409923-57_A_50_57…  │ … │ 570106   │                    0 │             0 │","chan":"stdout","logger":"task"}
{"timestamp":"2025-09-16T08:00:23.572668Z","level":"info","event":"│ 57       │ SETP2025-57-Dimanc…  │ 6409924-57_A_50_57…  │ … │ 570106   │                    0 │             0 │","chan":"stdout","logger":"task"}
{"timestamp":"2025-09-16T08:00:23.572816Z","level":"info","event":"│ 05       │ SETP2025-05-Mercre…  │ 6446863-05_R_49_05…  │ … │ 050046   │                    0 │             0 │","chan":"stdout","logger":"task"}
{"timestamp":"2025-09-16T08:00:23.573107Z","level":"info","event":"├──────────┴──────────────────────┴──────────────────────┴───┴──────────┴──────────────────────┴───────────────┤","chan":"stdout","logger":"task"}
{"timestamp":"2025-09-16T08:00:23.573334Z","level":"info","event":"│ ? rows (>9999 rows, 20 shown)                                                            9 columns (6 shown) │","chan":"stdout","logger":"task"}
{"timestamp":"2025-09-16T08:00:23.573851Z","level":"info","event":"└──────────────────────────────────────────────────────────────────────────────────────────────────────────────┘","chan":"stdout","logger":"task"}
{"timestamp":"2025-09-16T08:00:23.574117Z","level":"info","event":"","chan":"stdout","logger":"task"}
{"timestamp":"2025-09-16T08:00:24.734002Z","level":"info","event":"---------- stop_times -------------","chan":"stdout","logger":"task"}
{"timestamp":"2025-09-16T08:00:42.319088Z","level":"info","event":"#### csv created and stored in : /opt/airflow/warehouse/reseau_transport_static/stop_times_2025-09-16_10:00:38.504585.csv","chan":"stdout","logger":"task"}
{"timestamp":"2025-09-16T08:00:44.133467Z","level":"info","event":"┌──────────────────────────────┬──────────────┬────────────────┬─────────┬───────────────┬─────────────┬───────────────┐","chan":"stdout","logger":"task"}
{"timestamp":"2025-09-16T08:00:44.134098Z","level":"info","event":"│           trip_id            │ arrival_time │ departure_time │ stop_id │ stop_sequence │ pickup_type │ drop_off_type │","chan":"stdout","logger":"task"}
{"timestamp":"2025-09-16T08:00:44.134637Z","level":"info","event":"│           varchar            │     time     │      time      │  int64  │     int64     │    int64    │     int64     │","chan":"stdout","logger":"task"}
{"timestamp":"2025-09-16T08:00:44.134870Z","level":"info","event":"├──────────────────────────────┼──────────────┼────────────────┼─────────┼───────────────┼─────────────┼───────────────┤","chan":"stdout","logger":"task"}
{"timestamp":"2025-09-16T08:00:44.135145Z","level":"info","event":"│ 3064029-C32_A_1_C3201_08:3…  │ 08:30:00     │ 08:30:00       │   21681 │             0 │           2 │             2 │","chan":"stdout","logger":"task"}
{"timestamp":"2025-09-16T08:00:44.135430Z","level":"info","event":"│ 3064029-C32_A_1_C3201_08:3…  │ 08:35:00     │ 08:35:00       │   21652 │             1 │           2 │             2 │","chan":"stdout","logger":"task"}
{"timestamp":"2025-09-16T08:00:44.135703Z","level":"info","event":"│ 3064029-C32_A_1_C3201_08:3…  │ 08:55:00     │ 08:55:00       │   21644 │             2 │           2 │             2 │","chan":"stdout","logger":"task"}
{"timestamp":"2025-09-16T08:00:44.136014Z","level":"info","event":"│ 3064029-C32_A_1_C3201_08:3…  │ 09:15:00     │ 09:15:00       │   21398 │             3 │           2 │             2 │","chan":"stdout","logger":"task"}
{"timestamp":"2025-09-16T08:00:44.136211Z","level":"info","event":"│ 3064030-C32_R_2_C3202_17:2…  │ 17:20:00     │ 17:20:00       │   21398 │             0 │           2 │             2 │","chan":"stdout","logger":"task"}
{"timestamp":"2025-09-16T08:00:44.136374Z","level":"info","event":"│ 3064030-C32_R_2_C3202_17:2…  │ 17:40:00     │ 17:40:00       │   21644 │             1 │           2 │             2 │","chan":"stdout","logger":"task"}
{"timestamp":"2025-09-16T08:00:44.136536Z","level":"info","event":"│ 3064030-C32_R_2_C3202_17:2…  │ 18:00:00     │ 18:00:00       │   21652 │             2 │           2 │             2 │","chan":"stdout","logger":"task"}
{"timestamp":"2025-09-16T08:00:44.136733Z","level":"info","event":"│ 3064030-C32_R_2_C3202_17:2…  │ 18:05:00     │ 18:05:00       │   21681 │             3 │           2 │             2 │","chan":"stdout","logger":"task"}
{"timestamp":"2025-09-16T08:00:44.136888Z","level":"info","event":"│ 3064033-C32_A_1_C3202_17:0…  │ 17:00:00     │ 17:00:00       │   21681 │             0 │           2 │             2 │","chan":"stdout","logger":"task"}
{"timestamp":"2025-09-16T08:00:44.137034Z","level":"info","event":"│ 3064033-C32_A_1_C3202_17:0…  │ 17:05:00     │ 17:05:00       │   21652 │             1 │           2 │             2 │","chan":"stdout","logger":"task"}
{"timestamp":"2025-09-16T08:00:44.137169Z","level":"info","event":"│              ·               │    ·         │    ·           │      ·  │             · │           · │             · │","chan":"stdout","logger":"task"}
{"timestamp":"2025-09-16T08:00:44.137309Z","level":"info","event":"│              ·               │    ·         │    ·           │      ·  │             · │           · │             · │","chan":"stdout","logger":"task"}
{"timestamp":"2025-09-16T08:00:44.137668Z","level":"info","event":"│              ·               │    ·         │    ·           │      ·  │             · │           · │             · │","chan":"stdout","logger":"task"}
{"timestamp":"2025-09-16T08:00:44.137994Z","level":"info","event":"│ 4669814-62_R_98_6206_14:20…  │ 14:21:00     │ 14:21:00       │    6022 │             1 │           0 │             0 │","chan":"stdout","logger":"task"}
{"timestamp":"2025-09-16T08:00:44.138143Z","level":"info","event":"│ 4669814-62_R_98_6206_14:20…  │ 14:22:00     │ 14:22:00       │    6063 │             2 │           0 │             0 │","chan":"stdout","logger":"task"}
{"timestamp":"2025-09-16T08:00:44.138271Z","level":"info","event":"│ 4669814-62_R_98_6206_14:20…  │ 14:22:00     │ 14:22:00       │    6016 │             3 │           0 │             0 │","chan":"stdout","logger":"task"}
{"timestamp":"2025-09-16T08:00:44.138395Z","level":"info","event":"│ 4669814-62_R_98_6206_14:20…  │ 14:23:00     │ 14:23:00       │    6030 │             4 │           0 │             0 │","chan":"stdout","logger":"task"}
{"timestamp":"2025-09-16T08:00:44.138518Z","level":"info","event":"│ 4669814-62_R_98_6206_14:20…  │ 14:24:00     │ 14:24:00       │    6052 │             5 │           0 │             0 │","chan":"stdout","logger":"task"}
{"timestamp":"2025-09-16T08:00:44.138638Z","level":"info","event":"│ 4669814-62_R_98_6206_14:20…  │ 14:24:00     │ 14:24:00       │     207 │             6 │           0 │             0 │","chan":"stdout","logger":"task"}
{"timestamp":"2025-09-16T08:00:44.138760Z","level":"info","event":"│ 4669814-62_R_98_6206_14:20…  │ 14:25:00     │ 14:25:00       │    1414 │             7 │           0 │             0 │","chan":"stdout","logger":"task"}
{"timestamp":"2025-09-16T08:00:44.138876Z","level":"info","event":"│ 4669814-62_R_98_6206_14:20…  │ 14:25:00     │ 14:25:00       │    1245 │             8 │           0 │             0 │","chan":"stdout","logger":"task"}
{"timestamp":"2025-09-16T08:00:44.138996Z","level":"info","event":"│ 4669814-62_R_98_6206_14:20…  │ 14:26:00     │ 14:26:00       │    1417 │             9 │           0 │             0 │","chan":"stdout","logger":"task"}
{"timestamp":"2025-09-16T08:00:44.139311Z","level":"info","event":"│ 4669814-62_R_98_6206_14:20…  │ 14:27:00     │ 14:27:00       │     225 │            10 │           0 │             0 │","chan":"stdout","logger":"task"}
{"timestamp":"2025-09-16T08:00:44.139531Z","level":"info","event":"├──────────────────────────────┴──────────────┴────────────────┴─────────┴───────────────┴─────────────┴───────────────┤","chan":"stdout","logger":"task"}
{"timestamp":"2025-09-16T08:00:44.139677Z","level":"info","event":"│ ? rows (>9999 rows, 20 shown)                                                                              7 columns │","chan":"stdout","logger":"task"}
{"timestamp":"2025-09-16T08:00:44.139810Z","level":"info","event":"└──────────────────────────────────────────────────────────────────────────────────────────────────────────────────────┘","chan":"stdout","logger":"task"}
{"timestamp":"2025-09-16T08:00:44.139955Z","level":"info","event":"","chan":"stdout","logger":"task"}
{"timestamp":"2025-09-16T08:00:44.141726Z","level":"info","event":"---------- calendar -------------","chan":"stdout","logger":"task"}
{"timestamp":"2025-09-16T08:00:44.162508Z","level":"info","event":"#### csv created and stored in : /opt/airflow/warehouse/reseau_transport_static/calendar_2025-09-16_10:00:44.157156.csv","chan":"stdout","logger":"task"}
{"timestamp":"2025-09-16T08:00:44.243420Z","level":"info","event":"┌──────────────────────┬────────┬─────────┬───────────┬──────────┬───┬──────────┬────────┬────────────┬────────────┐","chan":"stdout","logger":"task"}
{"timestamp":"2025-09-16T08:00:44.243922Z","level":"info","event":"│      service_id      │ monday │ tuesday │ wednesday │ thursday │ … │ saturday │ sunday │ start_date │  end_date  │","chan":"stdout","logger":"task"}
{"timestamp":"2025-09-16T08:00:44.244272Z","level":"info","event":"│       varchar        │ int64  │  int64  │   int64   │  int64   │   │  int64   │ int64  │    date    │    date    │","chan":"stdout","logger":"task"}
{"timestamp":"2025-09-16T08:00:44.244581Z","level":"info","event":"├──────────────────────┼────────┼─────────┼───────────┼──────────┼───┼──────────┼────────┼────────────┼────────────┤","chan":"stdout","logger":"task"}
{"timestamp":"2025-09-16T08:00:44.244756Z","level":"info","event":"│ SETP2025-21-Semain…  │      1 │       1 │         1 │        1 │ … │        0 │      0 │ 2025-09-15 │ 2025-12-31 │","chan":"stdout","logger":"task"}
{"timestamp":"2025-09-16T08:00:44.244895Z","level":"info","event":"│ PVS2025-26-36-Sema…  │      1 │       1 │         1 │        1 │ … │        0 │      0 │ 2025-10-20 │ 2025-12-31 │","chan":"stdout","logger":"task"}
{"timestamp":"2025-09-16T08:00:44.245017Z","level":"info","event":"│ PROJET2024-88-Merc…  │      0 │       0 │         1 │        0 │ … │        0 │      0 │ 2025-09-15 │ 2025-12-17 │","chan":"stdout","logger":"task"}
{"timestamp":"2025-09-16T08:00:44.245144Z","level":"info","event":"│ PROJET2025-85-Merc…  │      0 │       0 │         1 │        0 │ … │        0 │      0 │ 2025-09-15 │ 2025-12-17 │","chan":"stdout","logger":"task"}
{"timestamp":"2025-09-16T08:00:44.245276Z","level":"info","event":"│ SETP2025-12-Semain…  │      1 │       1 │         1 │        1 │ … │        0 │      0 │ 2025-09-15 │ 2025-10-17 │","chan":"stdout","logger":"task"}
{"timestamp":"2025-09-16T08:00:44.245432Z","level":"info","event":"│ PROJET2025-94-Sema…  │      1 │       0 │         1 │        1 │ … │        0 │      0 │ 2025-09-15 │ 2025-10-31 │","chan":"stdout","logger":"task"}
{"timestamp":"2025-09-16T08:00:44.245541Z","level":"info","event":"│ PROJET2023-89-Sema…  │      1 │       1 │         1 │        1 │ … │        0 │      0 │ 2025-09-15 │ 2025-12-31 │","chan":"stdout","logger":"task"}
{"timestamp":"2025-09-16T08:00:44.245650Z","level":"info","event":"│ PROJET2024-63-Sema…  │      1 │       1 │         1 │        1 │ … │        0 │      0 │ 2025-10-20 │ 2025-12-31 │","chan":"stdout","logger":"task"}
{"timestamp":"2025-09-16T08:00:44.245749Z","level":"info","event":"│ SETP2025-08-Semain…  │      1 │       1 │         1 │        1 │ … │        0 │      0 │ 2025-09-15 │ 2025-10-17 │","chan":"stdout","logger":"task"}
{"timestamp":"2025-09-16T08:00:44.245824Z","level":"info","event":"│ SETP2025-33-L-Ma-J…  │      1 │       1 │         0 │        1 │ … │        0 │      0 │ 2025-09-15 │ 2025-12-19 │","chan":"stdout","logger":"task"}
{"timestamp":"2025-09-16T08:00:44.245896Z","level":"info","event":"│          ·           │      · │       · │         · │        · │ · │        · │      · │     ·      │     ·      │","chan":"stdout","logger":"task"}
{"timestamp":"2025-09-16T08:00:44.245968Z","level":"info","event":"│          ·           │      · │       · │         · │        · │ · │        · │      · │     ·      │     ·      │","chan":"stdout","logger":"task"}
{"timestamp":"2025-09-16T08:00:44.246084Z","level":"info","event":"│          ·           │      · │       · │         · │        · │ · │        · │      · │     ·      │     ·      │","chan":"stdout","logger":"task"}
{"timestamp":"2025-09-16T08:00:44.246233Z","level":"info","event":"│ RESEAU2023-75-Dima…  │      0 │       0 │         0 │        0 │ … │        0 │      1 │ 2025-09-15 │ 2025-12-28 │","chan":"stdout","logger":"task"}
{"timestamp":"2025-09-16T08:00:44.246499Z","level":"info","event":"│ RESEAU2023-75-Same…  │      0 │       0 │         0 │        0 │ … │        1 │      0 │ 2025-09-15 │ 2025-12-27 │","chan":"stdout","logger":"task"}
{"timestamp":"2025-09-16T08:00:44.246651Z","level":"info","event":"│ PROJET2025-FOOT-Di…  │      0 │       0 │         0 │        0 │ … │        0 │      1 │ 2025-09-15 │ 2025-12-28 │","chan":"stdout","logger":"task"}
{"timestamp":"2025-09-16T08:00:44.246788Z","level":"info","event":"│ PROJET2025-FOOT-Sa…  │      0 │       0 │         0 │        0 │ … │        1 │      0 │ 2025-09-15 │ 2025-12-27 │","chan":"stdout","logger":"task"}
{"timestamp":"2025-09-16T08:00:44.246925Z","level":"info","event":"│ PROJET2025-43-Merc…  │      0 │       0 │         1 │        0 │ … │        0 │      0 │ 2025-09-17 │ 2025-12-17 │","chan":"stdout","logger":"task"}
{"timestamp":"2025-09-16T08:00:44.247148Z","level":"info","event":"│ chouette:TimeTable…  │      1 │       1 │         0 │        1 │ … │        0 │      0 │ 2025-09-16 │ 2025-12-18 │","chan":"stdout","logger":"task"}
{"timestamp":"2025-09-16T08:00:44.247310Z","level":"info","event":"│ PROJET2025-43-Sema…  │      0 │       0 │         0 │        0 │ … │        0 │      0 │ 2025-09-19 │ 2025-12-19 │","chan":"stdout","logger":"task"}
{"timestamp":"2025-09-16T08:00:44.247449Z","level":"info","event":"│ PROJET2025-49-Sema…  │      1 │       1 │         1 │        1 │ … │        0 │      0 │ 2025-09-16 │ 2025-12-31 │","chan":"stdout","logger":"task"}
{"timestamp":"2025-09-16T08:00:44.247694Z","level":"info","event":"│ PROJETS-NV30-Samed…  │      0 │       0 │         0 │        0 │ … │        1 │      0 │ 2025-09-20 │ 2025-12-27 │","chan":"stdout","logger":"task"}
{"timestamp":"2025-09-16T08:00:44.247900Z","level":"info","event":"│ PROJETS-NV30-Semai…  │      1 │       1 │         1 │        1 │ … │        0 │      0 │ 2025-09-16 │ 2025-12-31 │","chan":"stdout","logger":"task"}
{"timestamp":"2025-09-16T08:00:44.248028Z","level":"info","event":"├──────────────────────┴────────┴─────────┴───────────┴──────────┴───┴──────────┴────────┴────────────┴────────────┤","chan":"stdout","logger":"task"}
{"timestamp":"2025-09-16T08:00:44.248164Z","level":"info","event":"│ 770 rows (20 shown)                                                                         10 columns (9 shown) │","chan":"stdout","logger":"task"}
{"timestamp":"2025-09-16T08:00:44.248349Z","level":"info","event":"└──────────────────────────────────────────────────────────────────────────────────────────────────────────────────┘","chan":"stdout","logger":"task"}
{"timestamp":"2025-09-16T08:00:44.248506Z","level":"info","event":"","chan":"stdout","logger":"task"}
{"timestamp":"2025-09-16T08:00:44.258095Z","level":"info","event":"---------- calendar_dates -------------","chan":"stdout","logger":"task"}
{"timestamp":"2025-09-16T08:00:44.333955Z","level":"info","event":"#### csv created and stored in : /opt/airflow/warehouse/reseau_transport_static/calendar_dates_2025-09-16_10:00:44.318179.csv","chan":"stdout","logger":"task"}
{"timestamp":"2025-09-16T08:00:44.376691Z","level":"info","event":"┌─────────────────────────────────────────────────────────────┬────────────┬────────────────┐","chan":"stdout","logger":"task"}
{"timestamp":"2025-09-16T08:00:44.377035Z","level":"info","event":"│                         service_id                          │    date    │ exception_type │","chan":"stdout","logger":"task"}
{"timestamp":"2025-09-16T08:00:44.377212Z","level":"info","event":"│                           varchar                           │    date    │     int64      │","chan":"stdout","logger":"task"}
{"timestamp":"2025-09-16T08:00:44.377333Z","level":"info","event":"├─────────────────────────────────────────────────────────────┼────────────┼────────────────┤","chan":"stdout","logger":"task"}
{"timestamp":"2025-09-16T08:00:44.377443Z","level":"info","event":"│ SETP2025-21-Semaine-40-21                                   │ 2025-11-11 │              2 │","chan":"stdout","logger":"task"}
{"timestamp":"2025-09-16T08:00:44.377549Z","level":"info","event":"│ SETP2025-21-Semaine-40-21                                   │ 2025-12-25 │              2 │","chan":"stdout","logger":"task"}
{"timestamp":"2025-09-16T08:00:44.377652Z","level":"info","event":"│ PVS2025-26-36-Semaine-34-36                                 │ 2025-11-03 │              2 │","chan":"stdout","logger":"task"}
{"timestamp":"2025-09-16T08:00:44.377755Z","level":"info","event":"│ PVS2025-26-36-Semaine-34-36                                 │ 2025-11-04 │              2 │","chan":"stdout","logger":"task"}
{"timestamp":"2025-09-16T08:00:44.377856Z","level":"info","event":"│ PVS2025-26-36-Semaine-34-36                                 │ 2025-11-05 │              2 │","chan":"stdout","logger":"task"}
{"timestamp":"2025-09-16T08:00:44.377975Z","level":"info","event":"│ PVS2025-26-36-Semaine-34-36                                 │ 2025-11-06 │              2 │","chan":"stdout","logger":"task"}
{"timestamp":"2025-09-16T08:00:44.378087Z","level":"info","event":"│ PVS2025-26-36-Semaine-34-36                                 │ 2025-11-07 │              2 │","chan":"stdout","logger":"task"}
{"timestamp":"2025-09-16T08:00:44.378193Z","level":"info","event":"│ PVS2025-26-36-Semaine-34-36                                 │ 2025-11-10 │              2 │","chan":"stdout","logger":"task"}
{"timestamp":"2025-09-16T08:00:44.378356Z","level":"info","event":"│ PVS2025-26-36-Semaine-34-36                                 │ 2025-11-11 │              2 │","chan":"stdout","logger":"task"}
{"timestamp":"2025-09-16T08:00:44.378588Z","level":"info","event":"│ PVS2025-26-36-Semaine-34-36                                 │ 2025-11-12 │              2 │","chan":"stdout","logger":"task"}
{"timestamp":"2025-09-16T08:00:44.378729Z","level":"info","event":"│              ·                                              │     ·      │              · │","chan":"stdout","logger":"task"}
{"timestamp":"2025-09-16T08:00:44.378851Z","level":"info","event":"│              ·                                              │     ·      │              · │","chan":"stdout","logger":"task"}
{"timestamp":"2025-09-16T08:00:44.378953Z","level":"info","event":"│              ·                                              │     ·      │              · │","chan":"stdout","logger":"task"}
{"timestamp":"2025-09-16T08:00:44.379151Z","level":"info","event":"│ chouette:TimeTable:bdc49b63-40ae-4b07-b5e1-fc420959e898:LOC │ 2025-10-28 │              2 │","chan":"stdout","logger":"task"}
{"timestamp":"2025-09-16T08:00:44.379310Z","level":"info","event":"│ chouette:TimeTable:bdc49b63-40ae-4b07-b5e1-fc420959e898:LOC │ 2025-10-30 │              2 │","chan":"stdout","logger":"task"}
{"timestamp":"2025-09-16T08:00:44.379432Z","level":"info","event":"│ chouette:TimeTable:bdc49b63-40ae-4b07-b5e1-fc420959e898:LOC │ 2025-11-11 │              2 │","chan":"stdout","logger":"task"}
{"timestamp":"2025-09-16T08:00:44.379537Z","level":"info","event":"│ PROJET2025-43-Semaine-15-0000100-43                         │ 2025-10-24 │              2 │","chan":"stdout","logger":"task"}
{"timestamp":"2025-09-16T08:00:44.379609Z","level":"info","event":"│ PROJET2025-43-Semaine-15-0000100-43                         │ 2025-10-31 │              2 │","chan":"stdout","logger":"task"}
{"timestamp":"2025-09-16T08:00:44.379704Z","level":"info","event":"│ PROJET2025-49-Semaine-08-49                                 │ 2025-11-11 │              2 │","chan":"stdout","logger":"task"}
{"timestamp":"2025-09-16T08:00:44.379800Z","level":"info","event":"│ PROJET2025-49-Semaine-08-49                                 │ 2025-12-25 │              2 │","chan":"stdout","logger":"task"}
{"timestamp":"2025-09-16T08:00:44.379969Z","level":"info","event":"│ PROJETS-NV30-Samedi-01-NV30                                 │ 2025-11-01 │              2 │","chan":"stdout","logger":"task"}
{"timestamp":"2025-09-16T08:00:44.380073Z","level":"info","event":"│ PROJETS-NV30-Semaine-01-NV30                                │ 2025-11-11 │              2 │","chan":"stdout","logger":"task"}
{"timestamp":"2025-09-16T08:00:44.380168Z","level":"info","event":"│ PROJETS-NV30-Semaine-01-NV30                                │ 2025-12-25 │              2 │","chan":"stdout","logger":"task"}
{"timestamp":"2025-09-16T08:00:44.380264Z","level":"info","event":"├─────────────────────────────────────────────────────────────┴────────────┴────────────────┤","chan":"stdout","logger":"task"}
{"timestamp":"2025-09-16T08:00:44.380440Z","level":"info","event":"│ 6144 rows (20 shown)                                                            3 columns │","chan":"stdout","logger":"task"}
{"timestamp":"2025-09-16T08:00:44.380611Z","level":"info","event":"└───────────────────────────────────────────────────────────────────────────────────────────┘","chan":"stdout","logger":"task"}
{"timestamp":"2025-09-16T08:00:44.380730Z","level":"info","event":"","chan":"stdout","logger":"task"}
{"timestamp":"2025-09-16T08:00:44.673407Z","level":"info","event":"---------- shapes -------------","chan":"stdout","logger":"task"}
{"timestamp":"2025-09-16T08:00:46.072194Z","level":"info","event":"#### csv created and stored in : /opt/airflow/warehouse/reseau_transport_static/shapes_2025-09-16_10:00:44.673275.csv","chan":"stdout","logger":"task"}
{"timestamp":"2025-09-16T08:00:46.454354Z","level":"info","event":"┌──────────┬──────────────┬──────────────┬───────────────────┬─────────────────────┐","chan":"stdout","logger":"task"}
{"timestamp":"2025-09-16T08:00:46.454757Z","level":"info","event":"│ shape_id │ shape_pt_lat │ shape_pt_lon │ shape_pt_sequence │ shape_dist_traveled │","chan":"stdout","logger":"task"}
{"timestamp":"2025-09-16T08:00:46.454924Z","level":"info","event":"│ varchar  │    double    │    double    │       int64       │       double        │","chan":"stdout","logger":"task"}
{"timestamp":"2025-09-16T08:00:46.455028Z","level":"info","event":"├──────────┼──────────────┼──────────────┼───────────────────┼─────────────────────┤","chan":"stdout","logger":"task"}
{"timestamp":"2025-09-16T08:00:46.455194Z","level":"info","event":"│ 090009   │    43.666912 │      7.12729 │                 0 │                 0.0 │","chan":"stdout","logger":"task"}
{"timestamp":"2025-09-16T08:00:46.455292Z","level":"info","event":"│ 090009   │    43.666146 │     7.127847 │                 1 │               0.096 │","chan":"stdout","logger":"task"}
{"timestamp":"2025-09-16T08:00:46.455387Z","level":"info","event":"│ 090009   │    43.665786 │     7.128121 │                 2 │               0.142 │","chan":"stdout","logger":"task"}
{"timestamp":"2025-09-16T08:00:46.455480Z","level":"info","event":"│ 090009   │    43.665663 │     7.128181 │                 3 │               0.157 │","chan":"stdout","logger":"task"}
{"timestamp":"2025-09-16T08:00:46.455566Z","level":"info","event":"│ 090009   │    43.665541 │     7.128189 │                 4 │                0.17 │","chan":"stdout","logger":"task"}
{"timestamp":"2025-09-16T08:00:46.455651Z","level":"info","event":"│ 090009   │    43.665459 │     7.128166 │                 5 │               0.179 │","chan":"stdout","logger":"task"}
{"timestamp":"2025-09-16T08:00:46.455740Z","level":"info","event":"│ 090009   │    43.665393 │     7.128129 │                 6 │               0.187 │","chan":"stdout","logger":"task"}
{"timestamp":"2025-09-16T08:00:46.455871Z","level":"info","event":"│ 090009   │     43.66538 │      7.12805 │                 7 │               0.194 │","chan":"stdout","logger":"task"}
{"timestamp":"2025-09-16T08:00:46.455972Z","level":"info","event":"│ 090009   │     43.66538 │     7.128005 │                 8 │               0.198 │","chan":"stdout","logger":"task"}
{"timestamp":"2025-09-16T08:00:46.456058Z","level":"info","event":"│ 090009   │    43.665285 │     7.127922 │                 9 │                0.21 │","chan":"stdout","logger":"task"}
{"timestamp":"2025-09-16T08:00:46.456179Z","level":"info","event":"│   ·      │        ·     │         ·    │                 · │                  ·  │","chan":"stdout","logger":"task"}
{"timestamp":"2025-09-16T08:00:46.456272Z","level":"info","event":"│   ·      │        ·     │         ·    │                 · │                  ·  │","chan":"stdout","logger":"task"}
{"timestamp":"2025-09-16T08:00:46.456356Z","level":"info","event":"│   ·      │        ·     │         ·    │                 · │                  ·  │","chan":"stdout","logger":"task"}
{"timestamp":"2025-09-16T08:00:46.456446Z","level":"info","event":"│ Exp30004 │    43.660181 │     7.144002 │               407 │                9.36 │","chan":"stdout","logger":"task"}
{"timestamp":"2025-09-16T08:00:46.456534Z","level":"info","event":"│ Exp30004 │    43.660208 │     7.144051 │               408 │               9.365 │","chan":"stdout","logger":"task"}
{"timestamp":"2025-09-16T08:00:46.456632Z","level":"info","event":"│ Exp30004 │    43.660174 │     7.144222 │               409 │               9.379 │","chan":"stdout","logger":"task"}
{"timestamp":"2025-09-16T08:00:46.456738Z","level":"info","event":"│ Exp30004 │    43.660107 │     7.144592 │               410 │                9.41 │","chan":"stdout","logger":"task"}
{"timestamp":"2025-09-16T08:00:46.456838Z","level":"info","event":"│ Exp30004 │    43.660077 │     7.144761 │               411 │               9.424 │","chan":"stdout","logger":"task"}
{"timestamp":"2025-09-16T08:00:46.456947Z","level":"info","event":"│ Exp30004 │    43.659801 │     7.145956 │               412 │               9.525 │","chan":"stdout","logger":"task"}
{"timestamp":"2025-09-16T08:00:46.457060Z","level":"info","event":"│ Exp30004 │    43.659794 │     7.145984 │               413 │               9.527 │","chan":"stdout","logger":"task"}
{"timestamp":"2025-09-16T08:00:46.457165Z","level":"info","event":"│ Exp30004 │    43.659759 │     7.146122 │               414 │               9.539 │","chan":"stdout","logger":"task"}
{"timestamp":"2025-09-16T08:00:46.457268Z","level":"info","event":"│ Exp30004 │    43.659454 │     7.147373 │               415 │               9.645 │","chan":"stdout","logger":"task"}
{"timestamp":"2025-09-16T08:00:46.457372Z","level":"info","event":"│ Exp30004 │    43.659295 │     7.147997 │               416 │               9.698 │","chan":"stdout","logger":"task"}
{"timestamp":"2025-09-16T08:00:46.457482Z","level":"info","event":"├──────────┴──────────────┴──────────────┴───────────────────┴─────────────────────┤","chan":"stdout","logger":"task"}
{"timestamp":"2025-09-16T08:00:46.457595Z","level":"info","event":"│ ? rows (>9999 rows, 20 shown)                                          5 columns │","chan":"stdout","logger":"task"}
{"timestamp":"2025-09-16T08:00:46.457724Z","level":"info","event":"└──────────────────────────────────────────────────────────────────────────────────┘","chan":"stdout","logger":"task"}
{"timestamp":"2025-09-16T08:00:46.457884Z","level":"info","event":"","chan":"stdout","logger":"task"}
{"timestamp":"2025-09-16T08:00:46.780795","level":"info","event":"Done. Returned value was: None","logger":"airflow.task.operators.airflow.providers.standard.operators.python.PythonOperator"}
{"timestamp":"2025-09-16T08:00:46.831447Z","level":"info","event":"Task instance in success state","chan":"stdout","logger":"task"}
{"timestamp":"2025-09-16T08:00:46.831805Z","level":"info","event":" Previous state of the Task instance: TaskInstanceState.RUNNING","chan":"stdout","logger":"task"}
{"timestamp":"2025-09-16T08:00:46.832601Z","level":"info","event":"Task operator:<Task(PythonOperator): load_duckdb.to_duckdb_reseau_transport>","chan":"stdout","logger":"task"}
