{"timestamp":"2025-09-22T13:00:23.473413","level":"info","event":"DAG bundles loaded: dags-folder, example_dags","logger":"airflow.dag_processing.bundles.manager.DagBundlesManager"}
{"timestamp":"2025-09-22T13:00:23.473907","level":"info","event":"Filling up the DagBag from /opt/airflow/dags/lignes_azure_dag.py","logger":"airflow.models.dagbag.DagBag"}
{"timestamp":"2025-09-22T13:00:23.531131Z","level":"info","event":"Task instance is in running state","chan":"stdout","logger":"task"}
{"timestamp":"2025-09-22T13:00:23.531331Z","level":"info","event":" Previous state of the Task instance: TaskInstanceState.QUEUED","chan":"stdout","logger":"task"}
{"timestamp":"2025-09-22T13:00:23.531416Z","level":"info","event":"Current task name:load_duckdb.to_duckdb_vehicle_positions","chan":"stdout","logger":"task"}
{"timestamp":"2025-09-22T13:00:23.531465Z","level":"info","event":"Dag name:lignes_azure_ETL","chan":"stdout","logger":"task"}
{"timestamp":"2025-09-22T13:00:23.562021Z","level":"info","event":"--------------- RETURN SELECT ------------------------","chan":"stdout","logger":"task"}
{"timestamp":"2025-09-22T13:00:23.566160Z","level":"info","event":"┌──────────────────────┬──────────┬────────────────────┬───┬─────────────────────┬─────────┬────────────┐","chan":"stdout","logger":"task"}
{"timestamp":"2025-09-22T13:00:23.566347Z","level":"info","event":"│       trip_id        │ route_id │      latitude      │ … │      timestamp      │ stop_id │ vehicle_id │","chan":"stdout","logger":"task"}
{"timestamp":"2025-09-22T13:00:23.566457Z","level":"info","event":"│       varchar        │ varchar  │       double       │   │    timestamp_ns     │ varchar │  varchar   │","chan":"stdout","logger":"task"}
{"timestamp":"2025-09-22T13:00:23.566536Z","level":"info","event":"├──────────────────────┼──────────┼────────────────────┼───┼─────────────────────┼─────────┼────────────┤","chan":"stdout","logger":"task"}
{"timestamp":"2025-09-22T13:00:23.566624Z","level":"info","event":"│ 6411446-70_A_50_70…  │ 70       │ 43.720130920410156 │ … │ 2025-09-22 12:59:23 │ 160     │ RLA330     │","chan":"stdout","logger":"task"}
{"timestamp":"2025-09-22T13:00:23.566668Z","level":"info","event":"│ 6355836-18_A_50_18…  │ 18       │  43.71702194213867 │ … │ 2025-09-22 12:59:23 │ 866     │ RLA279     │","chan":"stdout","logger":"task"}
{"timestamp":"2025-09-22T13:00:23.566728Z","level":"info","event":"│ 6428439-61_A_50_61…  │ 61       │ 43.684120178222656 │ … │ 2025-09-22 12:59:23 │ 424     │ TCA73970   │","chan":"stdout","logger":"task"}
{"timestamp":"2025-09-22T13:00:23.566769Z","level":"info","event":"│ 6429285-15_A_50_15…  │ 15       │  43.70306396484375 │ … │ 2025-09-22 12:59:23 │ 148     │ RLA328     │","chan":"stdout","logger":"task"}
{"timestamp":"2025-09-22T13:00:23.566823Z","level":"info","event":"│ 6414289-07_R_97_07…  │ 07       │ 43.731170654296875 │ … │ 2025-09-22 12:59:23 │ 466     │ RLA462     │","chan":"stdout","logger":"task"}
{"timestamp":"2025-09-22T13:00:23.566875Z","level":"info","event":"│ 6102462-63_R_98_63…  │ 63       │ 43.740604400634766 │ … │ 2025-09-22 12:59:23 │ 267     │ TCA73939   │","chan":"stdout","logger":"task"}
{"timestamp":"2025-09-22T13:00:23.566912Z","level":"info","event":"│ 5340969-72_A_50_72…  │ 72       │ 43.711708068847656 │ … │ 2025-09-22 12:59:23 │ 650     │ TCA115611  │","chan":"stdout","logger":"task"}
{"timestamp":"2025-09-22T13:00:23.566948Z","level":"info","event":"│ 5673219-NVN1_A_48_…  │ NVN1     │  43.72285461425781 │ … │ 2025-09-22 12:59:23 │ 3018    │ TCA108187  │","chan":"stdout","logger":"task"}
{"timestamp":"2025-09-22T13:00:23.566995Z","level":"info","event":"│ 6414290-07_R_97_07…  │ 07       │  43.71519470214844 │ … │ 2025-09-22 12:59:23 │ 556     │ RLA450     │","chan":"stdout","logger":"task"}
{"timestamp":"2025-09-22T13:00:23.567033Z","level":"info","event":"│ 6102461-63_R_98_63…  │ 63       │   43.7375373840332 │ … │ 2025-09-22 12:59:23 │ 549     │ TCA73942   │","chan":"stdout","logger":"task"}
{"timestamp":"2025-09-22T13:00:23.567070Z","level":"info","event":"│          ·           │ ·        │           ·        │ · │          ·          │  ·      │   ·        │","chan":"stdout","logger":"task"}
{"timestamp":"2025-09-22T13:00:23.567107Z","level":"info","event":"│          ·           │ ·        │           ·        │ · │          ·          │  ·      │   ·        │","chan":"stdout","logger":"task"}
{"timestamp":"2025-09-22T13:00:23.567144Z","level":"info","event":"│          ·           │ ·        │           ·        │ · │          ·          │  ·      │   ·        │","chan":"stdout","logger":"task"}
{"timestamp":"2025-09-22T13:00:23.567201Z","level":"info","event":"│ 6253180-14_R_99_14…  │ 14       │  43.74359130859375 │ … │ 2025-09-22 12:59:23 │ 7269    │ RLA482     │","chan":"stdout","logger":"task"}
{"timestamp":"2025-09-22T13:00:23.567252Z","level":"info","event":"│ 4542685-44_A_50_44…  │ 44       │  43.68560791015625 │ … │ 2025-09-22 10:45:34 │ 4148    │ TCA108035  │","chan":"stdout","logger":"task"}
{"timestamp":"2025-09-22T13:00:23.567309Z","level":"info","event":"│ 6412290-71_R_99_71…  │ 71       │  43.70756149291992 │ … │ 2025-09-22 12:59:23 │ 1406    │ TCA115742  │","chan":"stdout","logger":"task"}
{"timestamp":"2025-09-22T13:00:23.567361Z","level":"info","event":"│ 6102501-63_A_48_63…  │ 63       │  43.71284484863281 │ … │ 2025-09-22 12:59:23 │ 2671    │ TCA73948   │","chan":"stdout","logger":"task"}
{"timestamp":"2025-09-22T13:00:23.567398Z","level":"info","event":"│ 4669819-62_R_99_62…  │ 62       │ 43.769962310791016 │ … │ 2025-09-22 12:59:23 │ 6160    │ TCA73922   │","chan":"stdout","logger":"task"}
{"timestamp":"2025-09-22T13:00:23.567436Z","level":"info","event":"│ 6429257-15_R_99_15…  │ 15       │ 43.690147399902344 │ … │ 2025-09-22 12:59:23 │ 8148    │ RLA336     │","chan":"stdout","logger":"task"}
{"timestamp":"2025-09-22T13:00:23.567475Z","level":"info","event":"│ 6327219-17_R_99_17…  │ 17       │  43.67778015136719 │ … │ 2025-09-22 12:59:23 │ 94      │ RLA161     │","chan":"stdout","logger":"task"}
{"timestamp":"2025-09-22T13:00:23.567513Z","level":"info","event":"│ 6429239-15_R_99_15…  │ 15       │ 43.703460693359375 │ … │ 2025-09-22 12:59:23 │ 8129    │ RLA321     │","chan":"stdout","logger":"task"}
{"timestamp":"2025-09-22T13:00:23.567552Z","level":"info","event":"│ 6462533-31_A_47_31…  │ 31       │   43.7221565246582 │ … │ 2025-09-22 12:59:23 │ 503     │ TCA74036   │","chan":"stdout","logger":"task"}
{"timestamp":"2025-09-22T13:00:23.567589Z","level":"info","event":"│ 6472708-50_R_99_50…  │ 50       │  43.67583465576172 │ … │ 2025-09-22 12:27:48 │ 2853    │ TCA115157  │","chan":"stdout","logger":"task"}
{"timestamp":"2025-09-22T13:00:23.567671Z","level":"info","event":"├──────────────────────┴──────────┴────────────────────┴───┴─────────────────────┴─────────┴────────────┤","chan":"stdout","logger":"task"}
{"timestamp":"2025-09-22T13:00:23.567718Z","level":"info","event":"│ 348 rows (20 shown)                                                               8 columns (6 shown) │","chan":"stdout","logger":"task"}
{"timestamp":"2025-09-22T13:00:23.567765Z","level":"info","event":"└───────────────────────────────────────────────────────────────────────────────────────────────────────┘","chan":"stdout","logger":"task"}
{"timestamp":"2025-09-22T13:00:23.567805Z","level":"info","event":"","chan":"stdout","logger":"task"}
{"timestamp":"2025-09-22T13:00:23.595721","level":"info","event":"Done. Returned value was: None","logger":"airflow.task.operators.airflow.providers.standard.operators.python.PythonOperator"}
{"timestamp":"2025-09-22T13:00:23.609059Z","level":"info","event":"Task instance in success state","chan":"stdout","logger":"task"}
{"timestamp":"2025-09-22T13:00:23.609226Z","level":"info","event":" Previous state of the Task instance: TaskInstanceState.RUNNING","chan":"stdout","logger":"task"}
{"timestamp":"2025-09-22T13:00:23.609467Z","level":"info","event":"Task operator:<Task(PythonOperator): load_duckdb.to_duckdb_vehicle_positions>","chan":"stdout","logger":"task"}
