{"timestamp":"2025-09-23T12:03:48.904756","level":"info","event":"DAG bundles loaded: dags-folder, example_dags","logger":"airflow.dag_processing.bundles.manager.DagBundlesManager"}
{"timestamp":"2025-09-23T12:03:48.905244","level":"info","event":"Filling up the DagBag from /opt/airflow/dags/lignes_azure_dag.py","logger":"airflow.models.dagbag.DagBag"}
{"timestamp":"2025-09-23T12:03:48.964386Z","level":"info","event":"Task instance is in running state","chan":"stdout","logger":"task"}
{"timestamp":"2025-09-23T12:03:48.964562Z","level":"info","event":" Previous state of the Task instance: TaskInstanceState.QUEUED","chan":"stdout","logger":"task"}
{"timestamp":"2025-09-23T12:03:48.964653Z","level":"info","event":"Current task name:load_duckdb.to_duckdb_vehicle_positions","chan":"stdout","logger":"task"}
{"timestamp":"2025-09-23T12:03:48.964723Z","level":"info","event":"Dag name:lignes_azure_ETL","chan":"stdout","logger":"task"}
{"timestamp":"2025-09-23T12:03:48.995571Z","level":"info","event":"--------------- RETURN SELECT ------------------------","chan":"stdout","logger":"task"}
{"timestamp":"2025-09-23T12:03:48.998995Z","level":"info","event":"┌──────────────────────┬──────────────────────┬────────────────────┬───┬─────────────────────┬─────────┬────────────┐","chan":"stdout","logger":"task"}
{"timestamp":"2025-09-23T12:03:48.999170Z","level":"info","event":"│       trip_id        │       route_id       │      latitude      │ … │      timestamp      │ stop_id │ vehicle_id │","chan":"stdout","logger":"task"}
{"timestamp":"2025-09-23T12:03:48.999248Z","level":"info","event":"│       varchar        │       varchar        │       double       │   │    timestamp_ns     │ varchar │  varchar   │","chan":"stdout","logger":"task"}
{"timestamp":"2025-09-23T12:03:48.999304Z","level":"info","event":"├──────────────────────┼──────────────────────┼────────────────────┼───┼─────────────────────┼─────────┼────────────┤","chan":"stdout","logger":"task"}
{"timestamp":"2025-09-23T12:03:48.999350Z","level":"info","event":"│ 6412276-71_R_99_71…  │ 71                   │  43.70436096191406 │ … │ 2025-09-23 12:02:56 │ 1551    │ TCA115611  │","chan":"stdout","logger":"task"}
{"timestamp":"2025-09-23T12:03:48.999394Z","level":"info","event":"│ 4350570-40_R_99_40…  │ 40                   │   43.7210693359375 │ … │ 2025-09-23 12:02:56 │ 2912    │ TCA117299  │","chan":"stdout","logger":"task"}
{"timestamp":"2025-09-23T12:03:48.999436Z","level":"info","event":"│ 6077790-58_A_50_58…  │ 58                   │ 43.667110443115234 │ … │ 2025-09-23 12:02:56 │ 4131    │ TCA105028  │","chan":"stdout","logger":"task"}
{"timestamp":"2025-09-23T12:03:48.999477Z","level":"info","event":"│ 6102459-63_R_98_63…  │ 63                   │  43.72226333618164 │ … │ 2025-09-23 12:02:56 │ 1042    │ TCA73940   │","chan":"stdout","logger":"task"}
{"timestamp":"2025-09-23T12:03:48.999518Z","level":"info","event":"│ 6253060-14_A_50_14…  │ 14                   │ 43.723533630371094 │ … │ 2025-09-23 12:02:56 │ 25      │ RLA482     │","chan":"stdout","logger":"task"}
{"timestamp":"2025-09-23T12:03:48.999573Z","level":"info","event":"│ 6368850-09_A_50_09…  │ 09                   │  43.72272491455078 │ … │ 2025-09-23 11:44:48 │ 3146    │ TCA107747  │","chan":"stdout","logger":"task"}
{"timestamp":"2025-09-23T12:03:48.999612Z","level":"info","event":"│ 6252953-14_R_99_14…  │ 14                   │  43.72719955444336 │ … │ 2025-09-23 12:02:56 │ 655     │ RLA481     │","chan":"stdout","logger":"task"}
{"timestamp":"2025-09-23T12:03:48.999663Z","level":"info","event":"│ 6428346-60_A_50_60…  │ chouette:Line:4a8d…  │ 43.704524993896484 │ … │ 2025-09-23 12:02:57 │ 814     │ TCA73932   │","chan":"stdout","logger":"task"}
{"timestamp":"2025-09-23T12:03:48.999705Z","level":"info","event":"│ 6409586-57_A_50_57…  │ 57                   │  43.72822189331055 │ … │ 2025-09-23 12:02:56 │ 711     │ RLA625     │","chan":"stdout","logger":"task"}
{"timestamp":"2025-09-23T12:03:48.999745Z","level":"info","event":"│ 6411444-70_A_50_70…  │ 70                   │   43.7149772644043 │ … │ 2025-09-23 12:02:56 │ 1056    │ RLA335     │","chan":"stdout","logger":"task"}
{"timestamp":"2025-09-23T12:03:48.999785Z","level":"info","event":"│          ·           │ ·                    │           ·        │ · │          ·          │  ·      │   ·        │","chan":"stdout","logger":"task"}
{"timestamp":"2025-09-23T12:03:48.999825Z","level":"info","event":"│          ·           │ ·                    │           ·        │ · │          ·          │  ·      │   ·        │","chan":"stdout","logger":"task"}
{"timestamp":"2025-09-23T12:03:48.999864Z","level":"info","event":"│          ·           │ ·                    │           ·        │ · │          ·          │  ·      │   ·        │","chan":"stdout","logger":"task"}
{"timestamp":"2025-09-23T12:03:48.999904Z","level":"info","event":"│ 6429272-15_R_99_15…  │ 15                   │  43.68684387207031 │ … │ 2025-09-23 12:02:56 │ 512     │ RLA317     │","chan":"stdout","logger":"task"}
{"timestamp":"2025-09-23T12:03:48.999943Z","level":"info","event":"│ 6369756-42_R_95_42…  │ 42                   │  43.67338943481445 │ … │ 2025-09-23 12:02:56 │ 4042    │ TCA108190  │","chan":"stdout","logger":"task"}
{"timestamp":"2025-09-23T12:03:48.999982Z","level":"info","event":"│ 6424099-16_A_50_16…  │ 16                   │ 43.725284576416016 │ … │ 2025-09-23 12:02:56 │ 1247    │ RLA156     │","chan":"stdout","logger":"task"}
{"timestamp":"2025-09-23T12:03:49.000022Z","level":"info","event":"│ 6252441-11_R_98_11…  │ 11                   │  43.71014404296875 │ … │ 2025-09-23 12:02:56 │ 1612    │ RLA363     │","chan":"stdout","logger":"task"}
{"timestamp":"2025-09-23T12:03:49.000061Z","level":"info","event":"│ 6327135-17_A_50_17…  │ 17                   │  43.67710876464844 │ … │ 2025-09-23 12:02:57 │ 2712    │ RLA158     │","chan":"stdout","logger":"task"}
{"timestamp":"2025-09-23T12:03:49.000100Z","level":"info","event":"│ 6424137-16_R_97_16…  │ 16                   │  43.72362518310547 │ … │ 2025-09-23 12:02:56 │ 205     │ RLA159     │","chan":"stdout","logger":"task"}
{"timestamp":"2025-09-23T12:03:49.000138Z","level":"info","event":"│ 6428441-61_R_99_61…  │ 61                   │  43.69375228881836 │ … │ 2025-09-23 12:02:56 │ 139     │ TCA73929   │","chan":"stdout","logger":"task"}
{"timestamp":"2025-09-23T12:03:49.000177Z","level":"info","event":"│ 5925312-54_R_98_54…  │ 54                   │ 43.666439056396484 │ … │ 2025-09-23 12:02:56 │ 5104    │ TCA106737  │","chan":"stdout","logger":"task"}
{"timestamp":"2025-09-23T12:03:49.000215Z","level":"info","event":"│ 6428291-60_R_99_60…  │ chouette:Line:4a8d…  │  43.71510696411133 │ … │ 2025-09-23 12:02:57 │ 2545    │ TCA73925   │","chan":"stdout","logger":"task"}
{"timestamp":"2025-09-23T12:03:49.000304Z","level":"info","event":"│ 6327190-17_R_99_17…  │ 17                   │ 43.685585021972656 │ … │ 2025-09-23 12:02:57 │ 472     │ RLA151     │","chan":"stdout","logger":"task"}
{"timestamp":"2025-09-23T12:03:49.000371Z","level":"info","event":"├──────────────────────┴──────────────────────┴────────────────────┴───┴─────────────────────┴─────────┴────────────┤","chan":"stdout","logger":"task"}
{"timestamp":"2025-09-23T12:03:49.000429Z","level":"info","event":"│ 358 rows (20 shown)                                                                           8 columns (6 shown) │","chan":"stdout","logger":"task"}
{"timestamp":"2025-09-23T12:03:49.000474Z","level":"info","event":"└───────────────────────────────────────────────────────────────────────────────────────────────────────────────────┘","chan":"stdout","logger":"task"}
{"timestamp":"2025-09-23T12:03:49.000515Z","level":"info","event":"","chan":"stdout","logger":"task"}
{"timestamp":"2025-09-23T12:03:49.026205","level":"info","event":"Done. Returned value was: None","logger":"airflow.task.operators.airflow.providers.standard.operators.python.PythonOperator"}
{"timestamp":"2025-09-23T12:03:49.039531Z","level":"info","event":"Task instance in success state","chan":"stdout","logger":"task"}
{"timestamp":"2025-09-23T12:03:49.039697Z","level":"info","event":" Previous state of the Task instance: TaskInstanceState.RUNNING","chan":"stdout","logger":"task"}
{"timestamp":"2025-09-23T12:03:49.039791Z","level":"info","event":"Task operator:<Task(PythonOperator): load_duckdb.to_duckdb_vehicle_positions>","chan":"stdout","logger":"task"}
