{"timestamp":"2025-09-05T14:15:20.009996","level":"info","event":"DAG bundles loaded: dags-folder, example_dags","logger":"airflow.dag_processing.bundles.manager.DagBundlesManager"}
{"timestamp":"2025-09-05T14:15:20.010548","level":"info","event":"Filling up the DagBag from /opt/airflow/dags/lignes_azure_dag.py","logger":"airflow.models.dagbag.DagBag"}
{"timestamp":"2025-09-05T14:15:20.082194Z","level":"info","event":"Task instance is in running state","chan":"stdout","logger":"task"}
{"timestamp":"2025-09-05T14:15:20.082359Z","level":"info","event":" Previous state of the Task instance: TaskInstanceState.QUEUED","chan":"stdout","logger":"task"}
{"timestamp":"2025-09-05T14:15:20.082522Z","level":"info","event":"Current task name:vehicle_positions.to_duckdb_vehicle_positions","chan":"stdout","logger":"task"}
{"timestamp":"2025-09-05T14:15:20.082592Z","level":"info","event":"Dag name:lignes_azure_ETL","chan":"stdout","logger":"task"}
{"timestamp":"2025-09-05T14:15:20.115804Z","level":"info","event":"--------------- RETURN SELECT ------------------------","chan":"stdout","logger":"task"}
{"timestamp":"2025-09-05T14:15:20.121302Z","level":"info","event":"┌───────────────────┬──────────────────────┬──────────────────────┬───┬─────────┬────────────┬─────────┬────────────┐","chan":"stdout","logger":"task"}
{"timestamp":"2025-09-05T14:15:20.121477Z","level":"info","event":"│     entity_id     │       trip_id        │       route_id       │ … │ bearing │ timestamp  │ stop_id │ vehicle_id │","chan":"stdout","logger":"task"}
{"timestamp":"2025-09-05T14:15:20.121547Z","level":"info","event":"│      varchar      │       varchar        │       varchar        │   │ double  │   int64    │ varchar │  varchar   │","chan":"stdout","logger":"task"}
{"timestamp":"2025-09-05T14:15:20.121631Z","level":"info","event":"├───────────────────┼──────────────────────┼──────────────────────┼───┼─────────┼────────────┼─────────┼────────────┤","chan":"stdout","logger":"task"}
{"timestamp":"2025-09-05T14:15:20.121693Z","level":"info","event":"│ vehicle:RLA343    │ 6416477-33_R_99_33…  │ 33                   │ … │   334.0 │ 1757081656 │ 341     │ RLA343     │","chan":"stdout","logger":"task"}
{"timestamp":"2025-09-05T14:15:20.121742Z","level":"info","event":"│ vehicle:RLA339    │ 6365952-20_R_99_20…  │ 20                   │ … │   166.0 │ 1757081656 │ 5218    │ RLA339     │","chan":"stdout","logger":"task"}
{"timestamp":"2025-09-05T14:15:20.121788Z","level":"info","event":"│ vehicle:RLA340    │ 6366084-20_A_50_20…  │ 20                   │ … │   184.0 │ 1757081656 │ 5246    │ RLA340     │","chan":"stdout","logger":"task"}
{"timestamp":"2025-09-05T14:15:20.121832Z","level":"info","event":"│ vehicle:RLA334    │ 6416009-21_A_50_21…  │ 21                   │ … │   333.0 │ 1757081606 │ 5246    │ RLA334     │","chan":"stdout","logger":"task"}
{"timestamp":"2025-09-05T14:15:20.121875Z","level":"info","event":"│ vehicle:TCA73933  │ 6428296-60_R_99_60…  │ chouette:Line:4a8d…  │ … │   254.0 │ 1757081656 │ 300     │ TCA73933   │","chan":"stdout","logger":"task"}
{"timestamp":"2025-09-05T14:15:20.121918Z","level":"info","event":"│ vehicle:RLA341    │ 6402562-32_A_48_32…  │ 32                   │ … │    25.0 │ 1757081656 │ 412     │ RLA341     │","chan":"stdout","logger":"task"}
{"timestamp":"2025-09-05T14:15:20.121960Z","level":"info","event":"│ vehicle:RLA102    │ 6410647-64_R_99_64…  │ 64                   │ … │   157.0 │ 1757081656 │ 863     │ RLA102     │","chan":"stdout","logger":"task"}
{"timestamp":"2025-09-05T14:15:20.122014Z","level":"info","event":"│ vehicle:TCA109468 │ 6368805-09_R_98_09…  │ 09                   │ … │   244.0 │ 1757081656 │ 5246    │ TCA109468  │","chan":"stdout","logger":"task"}
{"timestamp":"2025-09-05T14:15:20.122059Z","level":"info","event":"│ vehicle:TCA115159 │ 6416292-51_R_98_51…  │ 51                   │ … │   134.0 │ 1757071030 │ 346     │ TCA115159  │","chan":"stdout","logger":"task"}
{"timestamp":"2025-09-05T14:15:20.122102Z","level":"info","event":"│ vehicle:RLA151    │ 6424194-16_A_50_16…  │ 16                   │ … │   337.0 │ 1757081656 │ 482     │ RLA151     │","chan":"stdout","logger":"task"}
{"timestamp":"2025-09-05T14:15:20.122144Z","level":"info","event":"│       ·           │          ·           │ ·                    │ · │     ·   │      ·     │  ·      │   ·        │","chan":"stdout","logger":"task"}
{"timestamp":"2025-09-05T14:15:20.122190Z","level":"info","event":"│       ·           │          ·           │ ·                    │ · │     ·   │      ·     │  ·      │   ·        │","chan":"stdout","logger":"task"}
{"timestamp":"2025-09-05T14:15:20.122233Z","level":"info","event":"│       ·           │          ·           │ ·                    │ · │     ·   │      ·     │  ·      │   ·        │","chan":"stdout","logger":"task"}
{"timestamp":"2025-09-05T14:15:20.122301Z","level":"info","event":"│ vehicle:TCA106087 │ 6077794-58_A_49_58…  │ 58                   │ … │   109.0 │ 1757081656 │ 5131    │ TCA106087  │","chan":"stdout","logger":"task"}
{"timestamp":"2025-09-05T14:15:20.122358Z","level":"info","event":"│ vehicle:RLA156    │ 6424161-16_R_97_16…  │ 16                   │ … │    88.0 │ 1757081656 │ 1425    │ RLA156     │","chan":"stdout","logger":"task"}
{"timestamp":"2025-09-05T14:15:20.122406Z","level":"info","event":"│ vehicle:RLA338    │ 6366087-20_R_99_20…  │ 20                   │ … │    62.0 │ 1757081656 │ 2971    │ RLA338     │","chan":"stdout","logger":"task"}
{"timestamp":"2025-09-05T14:15:20.122453Z","level":"info","event":"│ vehicle:RLA324    │ 6402544-32_A_48_32…  │ 32                   │ … │    21.0 │ 1757081656 │ 2831    │ RLA324     │","chan":"stdout","logger":"task"}
{"timestamp":"2025-09-05T14:15:20.122522Z","level":"info","event":"│ vehicle:TCA73934  │ 4669810-62_A_48_62…  │ 62                   │ … │    17.0 │ 1757081656 │ 675     │ TCA73934   │","chan":"stdout","logger":"task"}
{"timestamp":"2025-09-05T14:15:20.122583Z","level":"info","event":"│ vehicle:RLA15     │ 6412110-37_R_99_37…  │ 37                   │ … │    62.0 │ 1757081656 │ 476     │ RLA15      │","chan":"stdout","logger":"task"}
{"timestamp":"2025-09-05T14:15:20.122628Z","level":"info","event":"│ vehicle:TCA108189 │ 6428454-61_A_50_61…  │ 61                   │ … │   145.0 │ 1757081656 │ 1225    │ TCA108189  │","chan":"stdout","logger":"task"}
{"timestamp":"2025-09-05T14:15:20.122672Z","level":"info","event":"│ vehicle:RLA452    │ 6414318-07_A_49_07…  │ 07                   │ … │   287.0 │ 1757081656 │ 1153    │ RLA452     │","chan":"stdout","logger":"task"}
{"timestamp":"2025-09-05T14:15:20.122715Z","level":"info","event":"│ vehicle:RLA313    │ 6416442-33_A_50_33…  │ 33                   │ … │   195.0 │ 1757081656 │ 1105    │ RLA313     │","chan":"stdout","logger":"task"}
{"timestamp":"2025-09-05T14:15:20.122826Z","level":"info","event":"│ vehicle:RLA315    │ 6429240-15_R_99_15…  │ 15                   │ … │   243.0 │ 1757081656 │ 8172    │ RLA315     │","chan":"stdout","logger":"task"}
{"timestamp":"2025-09-05T14:15:20.122943Z","level":"info","event":"├───────────────────┴──────────────────────┴──────────────────────┴───┴─────────┴────────────┴─────────┴────────────┤","chan":"stdout","logger":"task"}
{"timestamp":"2025-09-05T14:15:20.123017Z","level":"info","event":"│ 382 rows (20 shown)                                                                           9 columns (7 shown) │","chan":"stdout","logger":"task"}
{"timestamp":"2025-09-05T14:15:20.123095Z","level":"info","event":"└───────────────────────────────────────────────────────────────────────────────────────────────────────────────────┘","chan":"stdout","logger":"task"}
{"timestamp":"2025-09-05T14:15:20.123155Z","level":"info","event":"","chan":"stdout","logger":"task"}
{"timestamp":"2025-09-05T14:15:20.121443","level":"info","event":"Done. Returned value was: None","logger":"airflow.task.operators.airflow.providers.standard.operators.python.PythonOperator"}
{"timestamp":"2025-09-05T14:15:20.147269Z","level":"info","event":"Task instance in success state","chan":"stdout","logger":"task"}
{"timestamp":"2025-09-05T14:15:20.147493Z","level":"info","event":" Previous state of the Task instance: TaskInstanceState.RUNNING","chan":"stdout","logger":"task"}
{"timestamp":"2025-09-05T14:15:20.147669Z","level":"info","event":"Task operator:<Task(PythonOperator): vehicle_positions.to_duckdb_vehicle_positions>","chan":"stdout","logger":"task"}
