{"timestamp":"2025-09-11T09:04:04.528715","level":"info","event":"DAG bundles loaded: dags-folder, example_dags","logger":"airflow.dag_processing.bundles.manager.DagBundlesManager"}
{"timestamp":"2025-09-11T09:04:04.529374","level":"info","event":"Filling up the DagBag from /opt/airflow/dags/lignes_azure_dag.py","logger":"airflow.models.dagbag.DagBag"}
{"timestamp":"2025-09-11T09:04:04.598296Z","level":"info","event":"Task instance is in running state","chan":"stdout","logger":"task"}
{"timestamp":"2025-09-11T09:04:04.598500Z","level":"info","event":" Previous state of the Task instance: TaskInstanceState.QUEUED","chan":"stdout","logger":"task"}
{"timestamp":"2025-09-11T09:04:04.598672Z","level":"info","event":"Current task name:load_duckdb.to_duckdb_trips_updates","chan":"stdout","logger":"task"}
{"timestamp":"2025-09-11T09:04:04.598732Z","level":"info","event":"Dag name:lignes_azure_ETL","chan":"stdout","logger":"task"}
{"timestamp":"2025-09-11T09:04:04.729524Z","level":"info","event":"--------------- RETURN SELECT ------------------------","chan":"stdout","logger":"task"}
{"timestamp":"2025-09-11T09:04:04.739133Z","level":"info","event":"┌──────────────────────┬──────────┬──────────────┬───┬──────────────┬──────────────┬────────────────┬────────────────┐","chan":"stdout","logger":"task"}
{"timestamp":"2025-09-11T09:04:04.739306Z","level":"info","event":"│       trip_id        │ route_id │ direction_id │ … │ arrival_time │ arrival_date │ departure_time │ departure_date │","chan":"stdout","logger":"task"}
{"timestamp":"2025-09-11T09:04:04.739378Z","level":"info","event":"│       varchar        │ varchar  │    double    │   │     time     │     date     │      time      │      date      │","chan":"stdout","logger":"task"}
{"timestamp":"2025-09-11T09:04:04.739432Z","level":"info","event":"├──────────────────────┼──────────┼──────────────┼───┼──────────────┼──────────────┼────────────────┼────────────────┤","chan":"stdout","logger":"task"}
{"timestamp":"2025-09-11T09:04:04.739477Z","level":"info","event":"│ 6140086-41_R_99_41…  │ 41       │         NULL │ … │ 09:01:51     │ 2025-09-11   │ 09:01:51       │ 2025-09-11     │","chan":"stdout","logger":"task"}
{"timestamp":"2025-09-11T09:04:04.739521Z","level":"info","event":"│ 6140086-41_R_99_41…  │ 41       │         NULL │ … │ 09:02:51     │ 2025-09-11   │ 09:02:51       │ 2025-09-11     │","chan":"stdout","logger":"task"}
{"timestamp":"2025-09-11T09:04:04.739562Z","level":"info","event":"│ 6140086-41_R_99_41…  │ 41       │         NULL │ … │ 09:04:47     │ 2025-09-11   │ 09:04:47       │ 2025-09-11     │","chan":"stdout","logger":"task"}
{"timestamp":"2025-09-11T09:04:04.739602Z","level":"info","event":"│ 6140086-41_R_99_41…  │ 41       │         NULL │ … │ NULL         │ NULL         │ 09:06:31       │ 2025-09-11     │","chan":"stdout","logger":"task"}
{"timestamp":"2025-09-11T09:04:04.739642Z","level":"info","event":"│ 6140086-41_R_99_41…  │ 41       │         NULL │ … │ 09:10:05     │ 2025-09-11   │ NULL           │ NULL           │","chan":"stdout","logger":"task"}
{"timestamp":"2025-09-11T09:04:04.739682Z","level":"info","event":"│ 6446547-05_A_99_05…  │ 05       │          0.0 │ … │ 10:58:41     │ 2025-09-11   │ 10:58:41       │ 2025-09-11     │","chan":"stdout","logger":"task"}
{"timestamp":"2025-09-11T09:04:04.739721Z","level":"info","event":"│ 6446547-05_A_99_05…  │ 05       │          0.0 │ … │ 11:00:00     │ 2025-09-11   │ 11:00:00       │ 2025-09-11     │","chan":"stdout","logger":"task"}
{"timestamp":"2025-09-11T09:04:04.739776Z","level":"info","event":"│ 5422170-75_A_49_75…  │ 75       │          0.0 │ … │ NULL         │ NULL         │ 13:55:00       │ 2025-09-11     │","chan":"stdout","logger":"task"}
{"timestamp":"2025-09-11T09:04:04.739818Z","level":"info","event":"│ 5422170-75_A_49_75…  │ 75       │          0.0 │ … │ NULL         │ NULL         │ 13:56:53       │ 2025-09-11     │","chan":"stdout","logger":"task"}
{"timestamp":"2025-09-11T09:04:04.739859Z","level":"info","event":"│ 4542687-44_A_50_44…  │ 44       │          0.0 │ … │ NULL         │ NULL         │ 10:30:00       │ 2025-09-11     │","chan":"stdout","logger":"task"}
{"timestamp":"2025-09-11T09:04:04.739899Z","level":"info","event":"│          ·           │ ·        │           ·  │ · │  ·           │  ·           │    ·           │     ·          │","chan":"stdout","logger":"task"}
{"timestamp":"2025-09-11T09:04:04.739963Z","level":"info","event":"│          ·           │ ·        │           ·  │ · │  ·           │  ·           │    ·           │     ·          │","chan":"stdout","logger":"task"}
{"timestamp":"2025-09-11T09:04:04.740017Z","level":"info","event":"│          ·           │ ·        │           ·  │ · │  ·           │  ·           │    ·           │     ·          │","chan":"stdout","logger":"task"}
{"timestamp":"2025-09-11T09:04:04.740057Z","level":"info","event":"│ 6368826-09_A_49_09…  │ 09       │          0.0 │ … │ 10:25:01     │ 2025-09-11   │ 10:25:01       │ 2025-09-11     │","chan":"stdout","logger":"task"}
{"timestamp":"2025-09-11T09:04:04.740096Z","level":"info","event":"│ 6368826-09_A_49_09…  │ 09       │          0.0 │ … │ 10:36:00     │ 2025-09-11   │ NULL           │ NULL           │","chan":"stdout","logger":"task"}
{"timestamp":"2025-09-11T09:04:04.740136Z","level":"info","event":"│ 6446537-05_R_49_05…  │ 05       │          1.0 │ … │ NULL         │ NULL         │ 10:11:00       │ 2025-09-11     │","chan":"stdout","logger":"task"}
{"timestamp":"2025-09-11T09:04:04.740175Z","level":"info","event":"│ 6446537-05_R_49_05…  │ 05       │          1.0 │ … │ 10:11:39     │ 2025-09-11   │ 10:11:39       │ 2025-09-11     │","chan":"stdout","logger":"task"}
{"timestamp":"2025-09-11T09:04:04.740214Z","level":"info","event":"│ 6446537-05_R_49_05…  │ 05       │          1.0 │ … │ 10:11:54     │ 2025-09-11   │ 10:11:54       │ 2025-09-11     │","chan":"stdout","logger":"task"}
{"timestamp":"2025-09-11T09:04:04.740256Z","level":"info","event":"│ 6446537-05_R_49_05…  │ 05       │          1.0 │ … │ 10:12:49     │ 2025-09-11   │ 10:12:49       │ 2025-09-11     │","chan":"stdout","logger":"task"}
{"timestamp":"2025-09-11T09:04:04.740296Z","level":"info","event":"│ 6446537-05_R_49_05…  │ 05       │          1.0 │ … │ 10:13:13     │ 2025-09-11   │ 10:13:13       │ 2025-09-11     │","chan":"stdout","logger":"task"}
{"timestamp":"2025-09-11T09:04:04.740334Z","level":"info","event":"│ 6446537-05_R_49_05…  │ 05       │          1.0 │ … │ 10:13:32     │ 2025-09-11   │ 10:13:32       │ 2025-09-11     │","chan":"stdout","logger":"task"}
{"timestamp":"2025-09-11T09:04:04.740475Z","level":"info","event":"│ 6446537-05_R_49_05…  │ 05       │          1.0 │ … │ 10:14:00     │ 2025-09-11   │ 10:14:00       │ 2025-09-11     │","chan":"stdout","logger":"task"}
{"timestamp":"2025-09-11T09:04:04.740533Z","level":"info","event":"│ 6446537-05_R_49_05…  │ 05       │          1.0 │ … │ 10:15:18     │ 2025-09-11   │ 10:15:18       │ 2025-09-11     │","chan":"stdout","logger":"task"}
{"timestamp":"2025-09-11T09:04:04.740594Z","level":"info","event":"├──────────────────────┴──────────┴──────────────┴───┴──────────────┴──────────────┴────────────────┴────────────────┤","chan":"stdout","logger":"task"}
{"timestamp":"2025-09-11T09:04:04.740645Z","level":"info","event":"│ ? rows (>9999 rows, 20 shown)                                                                  9 columns (7 shown) │","chan":"stdout","logger":"task"}
{"timestamp":"2025-09-11T09:04:04.740690Z","level":"info","event":"└────────────────────────────────────────────────────────────────────────────────────────────────────────────────────┘","chan":"stdout","logger":"task"}
{"timestamp":"2025-09-11T09:04:04.740774Z","level":"info","event":"","chan":"stdout","logger":"task"}
{"timestamp":"2025-09-11T09:04:04.791946","level":"info","event":"Done. Returned value was: None","logger":"airflow.task.operators.airflow.providers.standard.operators.python.PythonOperator"}
{"timestamp":"2025-09-11T09:04:04.811714Z","level":"info","event":"Task instance in success state","chan":"stdout","logger":"task"}
{"timestamp":"2025-09-11T09:04:04.811896Z","level":"info","event":" Previous state of the Task instance: TaskInstanceState.RUNNING","chan":"stdout","logger":"task"}
{"timestamp":"2025-09-11T09:04:04.812014Z","level":"info","event":"Task operator:<Task(PythonOperator): load_duckdb.to_duckdb_trips_updates>","chan":"stdout","logger":"task"}
