{"timestamp":"2025-09-16T08:00:47.996274","level":"info","event":"DAG bundles loaded: dags-folder, example_dags","logger":"airflow.dag_processing.bundles.manager.DagBundlesManager"}
{"timestamp":"2025-09-16T08:00:47.997805","level":"info","event":"Filling up the DagBag from /opt/airflow/dags/lignes_azure_dag.py","logger":"airflow.models.dagbag.DagBag"}
{"timestamp":"2025-09-16T08:00:48.137961Z","level":"info","event":"Task instance is in running state","chan":"stdout","logger":"task"}
{"timestamp":"2025-09-16T08:00:48.138343Z","level":"info","event":" Previous state of the Task instance: TaskInstanceState.QUEUED","chan":"stdout","logger":"task"}
{"timestamp":"2025-09-16T08:00:48.138584Z","level":"info","event":"Current task name:load_duckdb.to_duckdb_trips_updates","chan":"stdout","logger":"task"}
{"timestamp":"2025-09-16T08:00:48.138718Z","level":"info","event":"Dag name:lignes_azure_ETL","chan":"stdout","logger":"task"}
{"timestamp":"2025-09-16T08:00:48.403588Z","level":"info","event":"--------------- RETURN SELECT ------------------------","chan":"stdout","logger":"task"}
{"timestamp":"2025-09-16T08:00:48.426060Z","level":"info","event":"┌──────────────────────┬──────────┬──────────────┬───┬──────────────┬──────────────┬────────────────┬────────────────┐","chan":"stdout","logger":"task"}
{"timestamp":"2025-09-16T08:00:48.426527Z","level":"info","event":"│       trip_id        │ route_id │ direction_id │ … │ arrival_time │ arrival_date │ departure_time │ departure_date │","chan":"stdout","logger":"task"}
{"timestamp":"2025-09-16T08:00:48.426806Z","level":"info","event":"│       varchar        │ varchar  │    double    │   │     time     │     date     │      time      │      date      │","chan":"stdout","logger":"task"}
{"timestamp":"2025-09-16T08:00:48.426953Z","level":"info","event":"├──────────────────────┼──────────┼──────────────┼───┼──────────────┼──────────────┼────────────────┼────────────────┤","chan":"stdout","logger":"task"}
{"timestamp":"2025-09-16T08:00:48.427164Z","level":"info","event":"│ 6102453-63_R_98_63…  │ 63       │          1.0 │ … │ NULL         │ NULL         │ 09:40:00       │ 2025-09-16     │","chan":"stdout","logger":"task"}
{"timestamp":"2025-09-16T08:00:48.427290Z","level":"info","event":"│ 6102453-63_R_98_63…  │ 63       │          1.0 │ … │ 09:41:06     │ 2025-09-16   │ 09:41:06       │ 2025-09-16     │","chan":"stdout","logger":"task"}
{"timestamp":"2025-09-16T08:00:48.427446Z","level":"info","event":"│ 6102453-63_R_98_63…  │ 63       │          1.0 │ … │ 09:43:00     │ 2025-09-16   │ 09:43:00       │ 2025-09-16     │","chan":"stdout","logger":"task"}
{"timestamp":"2025-09-16T08:00:48.427578Z","level":"info","event":"│ 6102453-63_R_98_63…  │ 63       │          1.0 │ … │ 09:43:40     │ 2025-09-16   │ 09:43:40       │ 2025-09-16     │","chan":"stdout","logger":"task"}
{"timestamp":"2025-09-16T08:00:48.427702Z","level":"info","event":"│ 6102453-63_R_98_63…  │ 63       │          1.0 │ … │ 09:44:05     │ 2025-09-16   │ 09:44:05       │ 2025-09-16     │","chan":"stdout","logger":"task"}
{"timestamp":"2025-09-16T08:00:48.427828Z","level":"info","event":"│ 6102453-63_R_98_63…  │ 63       │          1.0 │ … │ 09:44:38     │ 2025-09-16   │ 09:44:38       │ 2025-09-16     │","chan":"stdout","logger":"task"}
{"timestamp":"2025-09-16T08:00:48.427953Z","level":"info","event":"│ 6102453-63_R_98_63…  │ 63       │          1.0 │ … │ 09:45:23     │ 2025-09-16   │ 09:45:23       │ 2025-09-16     │","chan":"stdout","logger":"task"}
{"timestamp":"2025-09-16T08:00:48.428106Z","level":"info","event":"│ 6102453-63_R_98_63…  │ 63       │          1.0 │ … │ 09:46:13     │ 2025-09-16   │ 09:46:13       │ 2025-09-16     │","chan":"stdout","logger":"task"}
{"timestamp":"2025-09-16T08:00:48.428236Z","level":"info","event":"│ 6102453-63_R_98_63…  │ 63       │          1.0 │ … │ 09:47:05     │ 2025-09-16   │ 09:47:05       │ 2025-09-16     │","chan":"stdout","logger":"task"}
{"timestamp":"2025-09-16T08:00:48.428372Z","level":"info","event":"│ 6102453-63_R_98_63…  │ 63       │          1.0 │ … │ 09:47:50     │ 2025-09-16   │ 09:47:50       │ 2025-09-16     │","chan":"stdout","logger":"task"}
{"timestamp":"2025-09-16T08:00:48.428500Z","level":"info","event":"│          ·           │ ·        │           ·  │ · │    ·         │     ·        │    ·           │     ·          │","chan":"stdout","logger":"task"}
{"timestamp":"2025-09-16T08:00:48.428626Z","level":"info","event":"│          ·           │ ·        │           ·  │ · │    ·         │     ·        │    ·           │     ·          │","chan":"stdout","logger":"task"}
{"timestamp":"2025-09-16T08:00:48.428769Z","level":"info","event":"│          ·           │ ·        │           ·  │ · │    ·         │     ·        │    ·           │     ·          │","chan":"stdout","logger":"task"}
{"timestamp":"2025-09-16T08:00:48.428882Z","level":"info","event":"│ 4515172-80_R_99_80…  │ 80       │          1.0 │ … │ 09:44:00     │ 2025-09-16   │ 09:44:00       │ 2025-09-16     │","chan":"stdout","logger":"task"}
{"timestamp":"2025-09-16T08:00:48.429048Z","level":"info","event":"│ 4515172-80_R_99_80…  │ 80       │          1.0 │ … │ 09:44:59     │ 2025-09-16   │ 09:44:59       │ 2025-09-16     │","chan":"stdout","logger":"task"}
{"timestamp":"2025-09-16T08:00:48.429196Z","level":"info","event":"│ 4515172-80_R_99_80…  │ 80       │          1.0 │ … │ 09:45:30     │ 2025-09-16   │ 09:45:30       │ 2025-09-16     │","chan":"stdout","logger":"task"}
{"timestamp":"2025-09-16T08:00:48.429333Z","level":"info","event":"│ 4515172-80_R_99_80…  │ 80       │          1.0 │ … │ 09:46:09     │ 2025-09-16   │ 09:46:09       │ 2025-09-16     │","chan":"stdout","logger":"task"}
{"timestamp":"2025-09-16T08:00:48.429496Z","level":"info","event":"│ 4515172-80_R_99_80…  │ 80       │          1.0 │ … │ 09:46:20     │ 2025-09-16   │ 09:46:20       │ 2025-09-16     │","chan":"stdout","logger":"task"}
{"timestamp":"2025-09-16T08:00:48.429636Z","level":"info","event":"│ 4515172-80_R_99_80…  │ 80       │          1.0 │ … │ 09:48:00     │ 2025-09-16   │ 09:48:00       │ 2025-09-16     │","chan":"stdout","logger":"task"}
{"timestamp":"2025-09-16T08:00:48.429760Z","level":"info","event":"│ 4515172-80_R_99_80…  │ 80       │          1.0 │ … │ 09:48:28     │ 2025-09-16   │ 09:48:28       │ 2025-09-16     │","chan":"stdout","logger":"task"}
{"timestamp":"2025-09-16T08:00:48.429878Z","level":"info","event":"│ 4515172-80_R_99_80…  │ 80       │          1.0 │ … │ 09:49:00     │ 2025-09-16   │ 09:49:00       │ 2025-09-16     │","chan":"stdout","logger":"task"}
{"timestamp":"2025-09-16T08:00:48.430145Z","level":"info","event":"│ 4515172-80_R_99_80…  │ 80       │          1.0 │ … │ 09:50:00     │ 2025-09-16   │ 09:50:00       │ 2025-09-16     │","chan":"stdout","logger":"task"}
{"timestamp":"2025-09-16T08:00:48.430285Z","level":"info","event":"│ 4515172-80_R_99_80…  │ 80       │          1.0 │ … │ 09:51:00     │ 2025-09-16   │ 09:51:00       │ 2025-09-16     │","chan":"stdout","logger":"task"}
{"timestamp":"2025-09-16T08:00:48.430407Z","level":"info","event":"├──────────────────────┴──────────┴──────────────┴───┴──────────────┴──────────────┴────────────────┴────────────────┤","chan":"stdout","logger":"task"}
{"timestamp":"2025-09-16T08:00:48.430568Z","level":"info","event":"│ ? rows (>9999 rows, 20 shown)                                                                  9 columns (7 shown) │","chan":"stdout","logger":"task"}
{"timestamp":"2025-09-16T08:00:48.430692Z","level":"info","event":"└────────────────────────────────────────────────────────────────────────────────────────────────────────────────────┘","chan":"stdout","logger":"task"}
{"timestamp":"2025-09-16T08:00:48.430811Z","level":"info","event":"","chan":"stdout","logger":"task"}
{"timestamp":"2025-09-16T08:00:48.594392","level":"info","event":"Done. Returned value was: None","logger":"airflow.task.operators.airflow.providers.standard.operators.python.PythonOperator"}
{"timestamp":"2025-09-16T08:00:48.631445Z","level":"info","event":"Task instance in success state","chan":"stdout","logger":"task"}
{"timestamp":"2025-09-16T08:00:48.631959Z","level":"info","event":" Previous state of the Task instance: TaskInstanceState.RUNNING","chan":"stdout","logger":"task"}
{"timestamp":"2025-09-16T08:00:48.632284Z","level":"info","event":"Task operator:<Task(PythonOperator): load_duckdb.to_duckdb_trips_updates>","chan":"stdout","logger":"task"}
