{"timestamp":"2025-09-09T15:01:30.707072","level":"info","event":"DAG bundles loaded: dags-folder, example_dags","logger":"airflow.dag_processing.bundles.manager.DagBundlesManager"}
{"timestamp":"2025-09-09T15:01:30.707507","level":"info","event":"Filling up the DagBag from /opt/airflow/dags/lignes_azure_dag.py","logger":"airflow.models.dagbag.DagBag"}
{"timestamp":"2025-09-09T15:01:30.763974Z","level":"info","event":"Task instance is in running state","chan":"stdout","logger":"task"}
{"timestamp":"2025-09-09T15:01:30.764107Z","level":"info","event":" Previous state of the Task instance: TaskInstanceState.QUEUED","chan":"stdout","logger":"task"}
{"timestamp":"2025-09-09T15:01:30.764194Z","level":"info","event":"Current task name:load_duckdb.to_duckdb_vehicle_positions","chan":"stdout","logger":"task"}
{"timestamp":"2025-09-09T15:01:30.764246Z","level":"info","event":"Dag name:lignes_azure_ETL","chan":"stdout","logger":"task"}
{"timestamp":"2025-09-09T15:01:30.793020Z","level":"info","event":"--------------- RETURN SELECT ------------------------","chan":"stdout","logger":"task"}
{"timestamp":"2025-09-09T15:01:30.797223Z","level":"info","event":"┌──────────────────────┬──────────┬────────────────────┬───┬─────────────────────┬─────────┬────────────┐","chan":"stdout","logger":"task"}
{"timestamp":"2025-09-09T15:01:30.797379Z","level":"info","event":"│       trip_id        │ route_id │      latitude      │ … │      timestamp      │ stop_id │ vehicle_id │","chan":"stdout","logger":"task"}
{"timestamp":"2025-09-09T15:01:30.797440Z","level":"info","event":"│       varchar        │ varchar  │       double       │   │    timestamp_ns     │ varchar │  varchar   │","chan":"stdout","logger":"task"}
{"timestamp":"2025-09-09T15:01:30.797484Z","level":"info","event":"├──────────────────────┼──────────┼────────────────────┼───┼─────────────────────┼─────────┼────────────┤","chan":"stdout","logger":"task"}
{"timestamp":"2025-09-09T15:01:30.797524Z","level":"info","event":"│ 6105165-76_A_50_76…  │ 76       │   43.7342414855957 │ … │ 2025-09-09 15:00:54 │ 413     │ TCA73900   │","chan":"stdout","logger":"task"}
{"timestamp":"2025-09-09T15:01:30.797563Z","level":"info","event":"│ 4669803-62_A_48_62…  │ 62       │  43.69309997558594 │ … │ 2025-09-09 15:00:54 │ 1619    │ TCA73934   │","chan":"stdout","logger":"task"}
{"timestamp":"2025-09-09T15:01:30.797624Z","level":"info","event":"│ 6414323-07_A_49_07…  │ 07       │ 43.705543518066406 │ … │ 2025-09-09 15:00:54 │ 314     │ RLA450     │","chan":"stdout","logger":"task"}
{"timestamp":"2025-09-09T15:01:30.797677Z","level":"info","event":"│ 6409638-57_R_99_57…  │ 57       │  43.70294952392578 │ … │ 2025-09-09 15:00:54 │ 148     │ RLA605     │","chan":"stdout","logger":"task"}
{"timestamp":"2025-09-09T15:01:30.797775Z","level":"info","event":"│ 6102506-63_A_48_63…  │ 63       │   43.7105712890625 │ … │ 2025-09-09 15:00:54 │ 1616    │ TCA73948   │","chan":"stdout","logger":"task"}
{"timestamp":"2025-09-09T15:01:30.797871Z","level":"info","event":"│ 5203733-68_A_50_68…  │ 68       │ 43.789878845214844 │ … │ 2025-09-09 15:00:54 │ 21574   │ PDV97      │","chan":"stdout","logger":"task"}
{"timestamp":"2025-09-09T15:01:30.797924Z","level":"info","event":"│ 6365969-20_A_50_20…  │ 20       │  43.68752670288086 │ … │ 2025-09-09 12:13:24 │ 2962    │ RLA327     │","chan":"stdout","logger":"task"}
{"timestamp":"2025-09-09T15:01:30.797982Z","level":"info","event":"│ 6414301-07_R_97_07…  │ 07       │ 43.724159240722656 │ … │ 2025-09-09 15:00:54 │ 775     │ RLA462     │","chan":"stdout","logger":"task"}
{"timestamp":"2025-09-09T15:01:30.798059Z","level":"info","event":"│ 6368781-09_A_50_09…  │ 09       │ 43.722713470458984 │ … │ 2025-09-09 15:00:54 │ 3146    │ TCA107746  │","chan":"stdout","logger":"task"}
{"timestamp":"2025-09-09T15:01:30.798096Z","level":"info","event":"│ 5340973-72_A_50_72…  │ 72       │  43.71205139160156 │ … │ 2025-09-09 15:00:54 │ 970     │ TCA115742  │","chan":"stdout","logger":"task"}
{"timestamp":"2025-09-09T15:01:30.798132Z","level":"info","event":"│          ·           │ ·        │          ·         │ · │          ·          │  ·      │   ·        │","chan":"stdout","logger":"task"}
{"timestamp":"2025-09-09T15:01:30.798168Z","level":"info","event":"│          ·           │ ·        │          ·         │ · │          ·          │  ·      │   ·        │","chan":"stdout","logger":"task"}
{"timestamp":"2025-09-09T15:01:30.798203Z","level":"info","event":"│          ·           │ ·        │          ·         │ · │          ·          │  ·      │   ·        │","chan":"stdout","logger":"task"}
{"timestamp":"2025-09-09T15:01:30.798239Z","level":"info","event":"│ 6414312-07_R_97_07…  │ 07       │ 43.735923767089844 │ … │ 2025-09-09 15:00:54 │ 570     │ RLA449     │","chan":"stdout","logger":"task"}
{"timestamp":"2025-09-09T15:01:30.798274Z","level":"info","event":"│ 6446571-05_A_98_05…  │ 05       │  43.72029113769531 │ … │ 2025-09-09 15:00:54 │ 44      │ RLA376     │","chan":"stdout","logger":"task"}
{"timestamp":"2025-09-09T15:01:30.798374Z","level":"info","event":"│ 6355842-18_A_50_18…  │ 18       │ 43.712928771972656 │ … │ 2025-09-09 15:00:54 │ 55      │ RLA616     │","chan":"stdout","logger":"task"}
{"timestamp":"2025-09-09T15:01:30.798417Z","level":"info","event":"│ 4542757-44_R_99_44…  │ 44       │  43.66422653198242 │ … │ 2025-09-09 15:00:54 │ 4244    │ TCA108034  │","chan":"stdout","logger":"task"}
{"timestamp":"2025-09-09T15:01:30.798457Z","level":"info","event":"│ 6420020-35_R_99_35…  │ 35       │ 43.730613708496094 │ … │ 2025-09-09 15:00:54 │ 711     │ RLA133     │","chan":"stdout","logger":"task"}
{"timestamp":"2025-09-09T15:01:30.798557Z","level":"info","event":"│ 5759394-NVN2_A_50_…  │ NVN2     │ 43.723087310791016 │ … │ 2025-09-09 15:00:54 │ 3257    │ TCA106921  │","chan":"stdout","logger":"task"}
{"timestamp":"2025-09-09T15:01:30.798615Z","level":"info","event":"│ 6409625-57_A_50_57…  │ 57       │  43.72129440307617 │ … │ 2025-09-09 15:00:54 │ 404     │ RLA619     │","chan":"stdout","logger":"task"}
{"timestamp":"2025-09-09T15:01:30.798652Z","level":"info","event":"│ 6428922-CE_R_99_CE…  │ CE       │  43.70267868041992 │ … │ 2025-09-09 15:00:54 │ 1091    │ RLA281     │","chan":"stdout","logger":"task"}
{"timestamp":"2025-09-09T15:01:30.798690Z","level":"info","event":"│ 6077775-58_R_98_58…  │ 58       │ 43.670196533203125 │ … │ 2025-09-09 15:00:54 │ 5159    │ TCA106085  │","chan":"stdout","logger":"task"}
{"timestamp":"2025-09-09T15:01:30.798726Z","level":"info","event":"│ 6355800-18_R_99_18…  │ 18       │  43.72341537475586 │ … │ 2025-09-09 15:00:54 │ 1029    │ RLA609     │","chan":"stdout","logger":"task"}
{"timestamp":"2025-09-09T15:01:30.798825Z","level":"info","event":"├──────────────────────┴──────────┴────────────────────┴───┴─────────────────────┴─────────┴────────────┤","chan":"stdout","logger":"task"}
{"timestamp":"2025-09-09T15:01:30.798898Z","level":"info","event":"│ 412 rows (20 shown)                                                               8 columns (6 shown) │","chan":"stdout","logger":"task"}
{"timestamp":"2025-09-09T15:01:30.798945Z","level":"info","event":"└───────────────────────────────────────────────────────────────────────────────────────────────────────┘","chan":"stdout","logger":"task"}
{"timestamp":"2025-09-09T15:01:30.798984Z","level":"info","event":"","chan":"stdout","logger":"task"}
{"timestamp":"2025-09-09T15:01:30.828278","level":"info","event":"Done. Returned value was: None","logger":"airflow.task.operators.airflow.providers.standard.operators.python.PythonOperator"}
{"timestamp":"2025-09-09T15:01:30.844516Z","level":"info","event":"Task instance in success state","chan":"stdout","logger":"task"}
{"timestamp":"2025-09-09T15:01:30.844696Z","level":"info","event":" Previous state of the Task instance: TaskInstanceState.RUNNING","chan":"stdout","logger":"task"}
{"timestamp":"2025-09-09T15:01:30.844893Z","level":"info","event":"Task operator:<Task(PythonOperator): load_duckdb.to_duckdb_vehicle_positions>","chan":"stdout","logger":"task"}
