{"timestamp":"2025-09-11T08:43:32.787031","level":"info","event":"DAG bundles loaded: dags-folder, example_dags","logger":"airflow.dag_processing.bundles.manager.DagBundlesManager"}
{"timestamp":"2025-09-11T08:43:32.787592","level":"info","event":"Filling up the DagBag from /opt/airflow/dags/lignes_azure_dag.py","logger":"airflow.models.dagbag.DagBag"}
{"timestamp":"2025-09-11T08:43:32.858151Z","level":"info","event":"Task instance is in running state","chan":"stdout","logger":"task"}
{"timestamp":"2025-09-11T08:43:32.858330Z","level":"info","event":" Previous state of the Task instance: TaskInstanceState.QUEUED","chan":"stdout","logger":"task"}
{"timestamp":"2025-09-11T08:43:32.858516Z","level":"info","event":"Current task name:load_duckdb.to_duckdb_reseau_transport","chan":"stdout","logger":"task"}
{"timestamp":"2025-09-11T08:43:32.858605Z","level":"info","event":"Dag name:lignes_azure_ETL","chan":"stdout","logger":"task"}
{"timestamp":"2025-09-11T08:43:32.902940Z","level":"info","event":"---------- stops -------------","chan":"stdout","logger":"task"}
{"timestamp":"2025-09-11T08:43:32.974997Z","level":"info","event":"┌──────────────┬───────────┬──────────────────────┬───┬────────────────┬───────────────┬─────────────────────┐","chan":"stdout","logger":"task"}
{"timestamp":"2025-09-11T08:43:32.975202Z","level":"info","event":"│   stop_id    │ stop_code │      stop_name       │ … │ parent_station │ stop_timezone │ wheelchair_boarding │","chan":"stdout","logger":"task"}
{"timestamp":"2025-09-11T08:43:32.975285Z","level":"info","event":"│   varchar    │  varchar  │       varchar        │   │    varchar     │    varchar    │        int64        │","chan":"stdout","logger":"task"}
{"timestamp":"2025-09-11T08:43:32.975348Z","level":"info","event":"├──────────────┼───────────┼──────────────────────┼───┼────────────────┼───────────────┼─────────────────────┤","chan":"stdout","logger":"task"}
{"timestamp":"2025-09-11T08:43:32.975402Z","level":"info","event":"│ 1            │ ABBAT8    │ Abattoirs            │ … │ place_101376   │ NULL          │                   1 │","chan":"stdout","logger":"task"}
{"timestamp":"2025-09-11T08:43:32.975452Z","level":"info","event":"│ 2            │ ABBAT4    │ Abattoirs            │ … │ place_101376   │ NULL          │                   1 │","chan":"stdout","logger":"task"}
{"timestamp":"2025-09-11T08:43:32.975502Z","level":"info","event":"│ 3            │ ROSEL2    │ Abbaye de Roseland   │ … │ place_096609   │ NULL          │                   0 │","chan":"stdout","logger":"task"}
{"timestamp":"2025-09-11T08:43:32.975555Z","level":"info","event":"│ 4            │ ROSEL8    │ Abbaye de Roseland   │ … │ place_096609   │ NULL          │                   0 │","chan":"stdout","logger":"task"}
{"timestamp":"2025-09-11T08:43:32.975604Z","level":"info","event":"│ 5            │ ARSE4     │ Abbaye de Roseland…  │ … │ place_096610   │ NULL          │                   0 │","chan":"stdout","logger":"task"}
{"timestamp":"2025-09-11T08:43:32.975652Z","level":"info","event":"│ 6            │ ACROB6    │ Risso                │ … │ place_096612   │ NULL          │                   1 │","chan":"stdout","logger":"task"}
{"timestamp":"2025-09-11T08:43:32.975700Z","level":"info","event":"│ 8            │ AEPRM1    │ Aéroport / Promenade │ … │ place_101377   │ NULL          │                   1 │","chan":"stdout","logger":"task"}
{"timestamp":"2025-09-11T08:43:32.975748Z","level":"info","event":"│ 11           │ AEPRM2    │ Aéroport / Promenade │ … │ place_101377   │ NULL          │                   1 │","chan":"stdout","logger":"task"}
{"timestamp":"2025-09-11T08:43:32.975817Z","level":"info","event":"│ 12           │ ALBER3    │ Albert 1er           │ … │ place_096616   │ NULL          │                   0 │","chan":"stdout","logger":"task"}
{"timestamp":"2025-09-11T08:43:32.975871Z","level":"info","event":"│ 13           │ ALBER8    │ Jardin d'Arménie     │ … │ place_096617   │ NULL          │                   0 │","chan":"stdout","logger":"task"}
{"timestamp":"2025-09-11T08:43:32.975920Z","level":"info","event":"│ ·            │  ·        │      ·               │ · │  ·             │  ·            │                   · │","chan":"stdout","logger":"task"}
{"timestamp":"2025-09-11T08:43:32.975968Z","level":"info","event":"│ ·            │  ·        │      ·               │ · │  ·             │  ·            │                   · │","chan":"stdout","logger":"task"}
{"timestamp":"2025-09-11T08:43:32.976015Z","level":"info","event":"│ ·            │  ·        │      ·               │ · │  ·             │  ·            │                   · │","chan":"stdout","logger":"task"}
{"timestamp":"2025-09-11T08:43:32.976061Z","level":"info","event":"│ place_SMGEN  │ NULL      │ Gendarmerie          │ … │ NULL           │ Europe/Paris  │                   0 │","chan":"stdout","logger":"task"}
{"timestamp":"2025-09-11T08:43:32.976109Z","level":"info","event":"│ place_SMPMA7 │ NULL      │ Pont Maïssa          │ … │ NULL           │ Europe/Paris  │                   0 │","chan":"stdout","logger":"task"}
{"timestamp":"2025-09-11T08:43:32.976155Z","level":"info","event":"│ 6198         │ SMGEN8    │ Gendarmerie          │ … │ place_SMGEN    │ NULL          │                   1 │","chan":"stdout","logger":"task"}
{"timestamp":"2025-09-11T08:43:32.976202Z","level":"info","event":"│ 21313        │ GENDA3    │ Gendarmerie          │ … │ place_GENDAR   │ NULL          │                   0 │","chan":"stdout","logger":"task"}
{"timestamp":"2025-09-11T08:43:32.976249Z","level":"info","event":"│ 6197         │ SMPMA7    │ Pont Maïssa          │ … │ place_SMPMA7   │ NULL          │                   1 │","chan":"stdout","logger":"task"}
{"timestamp":"2025-09-11T08:43:32.976296Z","level":"info","event":"│ place_VACHRI │ NULL      │ La Vacherie          │ … │ NULL           │ Europe/Paris  │                   0 │","chan":"stdout","logger":"task"}
{"timestamp":"2025-09-11T08:43:32.976383Z","level":"info","event":"│ 23020        │ VACHRI    │ La Vacherie          │ … │ place_VACHRI   │ NULL          │                   1 │","chan":"stdout","logger":"task"}
{"timestamp":"2025-09-11T08:43:32.976481Z","level":"info","event":"│ 21659        │ SUPGA9    │ Super Gattières      │ … │ NULL           │ Europe/Paris  │                   0 │","chan":"stdout","logger":"task"}
{"timestamp":"2025-09-11T08:43:32.976535Z","level":"info","event":"│ place_ALPHA0 │ NULL      │ Parc Alpha Loup      │ … │ NULL           │ Europe/Paris  │                   0 │","chan":"stdout","logger":"task"}
{"timestamp":"2025-09-11T08:43:32.976583Z","level":"info","event":"│ 2997         │ MAGNA1    │ Magnan               │ … │ place_097192   │ NULL          │                   1 │","chan":"stdout","logger":"task"}
{"timestamp":"2025-09-11T08:43:32.976748Z","level":"info","event":"├──────────────┴───────────┴──────────────────────┴───┴────────────────┴───────────────┴─────────────────────┤","chan":"stdout","logger":"task"}
{"timestamp":"2025-09-11T08:43:32.976816Z","level":"info","event":"│ 8970 rows (20 shown)                                                                  10 columns (6 shown) │","chan":"stdout","logger":"task"}
{"timestamp":"2025-09-11T08:43:32.976879Z","level":"info","event":"└────────────────────────────────────────────────────────────────────────────────────────────────────────────┘","chan":"stdout","logger":"task"}
{"timestamp":"2025-09-11T08:43:32.976932Z","level":"info","event":"","chan":"stdout","logger":"task"}
{"timestamp":"2025-09-11T08:43:32.977344Z","level":"info","event":"---------- routes -------------","chan":"stdout","logger":"task"}
{"timestamp":"2025-09-11T08:43:32.996085Z","level":"info","event":"┌──────────┬───────────────┬──────────────────┬───┬──────────────────────┬─────────────┬──────────────────┐","chan":"stdout","logger":"task"}
{"timestamp":"2025-09-11T08:43:32.996334Z","level":"info","event":"│ route_id │   agency_id   │ route_short_name │ … │      route_url       │ route_color │ route_text_color │","chan":"stdout","logger":"task"}
{"timestamp":"2025-09-11T08:43:32.996488Z","level":"info","event":"│ varchar  │    varchar    │     varchar      │   │       varchar        │   varchar   │     varchar      │","chan":"stdout","logger":"task"}
{"timestamp":"2025-09-11T08:43:32.996568Z","level":"info","event":"├──────────┼───────────────┼──────────────────┼───┼──────────────────────┼─────────────┼──────────────────┤","chan":"stdout","logger":"task"}
{"timestamp":"2025-09-11T08:43:32.996627Z","level":"info","event":"│ 05       │ lignes-d-azur │ 05               │ … │ https://ftp.lignes…  │ 3065AF      │ FFFFFF           │","chan":"stdout","logger":"task"}
{"timestamp":"2025-09-11T08:43:32.996680Z","level":"info","event":"│ 06       │ lignes-d-azur │ 06               │ … │ https://ftp.lignes…  │ 2FA948      │ FFFFFF           │","chan":"stdout","logger":"task"}
{"timestamp":"2025-09-11T08:43:32.996731Z","level":"info","event":"│ 07       │ lignes-d-azur │ 07               │ … │ https://ftp.lignes…  │ 751D5D      │ FFFFFF           │","chan":"stdout","logger":"task"}
{"timestamp":"2025-09-11T08:43:32.996782Z","level":"info","event":"│ 09       │ lignes-d-azur │ 09               │ … │ https://ftp.lignes…  │ EF7D00      │ FFFFFF           │","chan":"stdout","logger":"task"}
{"timestamp":"2025-09-11T08:43:32.996838Z","level":"info","event":"│ 11       │ lignes-d-azur │ 11               │ … │ https://ftp.lignes…  │ 9C3F8F      │ FFFFFF           │","chan":"stdout","logger":"task"}
{"timestamp":"2025-09-11T08:43:32.996890Z","level":"info","event":"│ 12       │ lignes-d-azur │ 12+              │ … │ https://ftp.lignes…  │ DE1381      │ FFFFFF           │","chan":"stdout","logger":"task"}
{"timestamp":"2025-09-11T08:43:32.996940Z","level":"info","event":"│ 14       │ lignes-d-azur │ 14               │ … │ https://ftp.lignes…  │ F5A32F      │ FFFFFF           │","chan":"stdout","logger":"task"}
{"timestamp":"2025-09-11T08:43:32.996991Z","level":"info","event":"│ 15       │ lignes-d-azur │ 15               │ … │ https://ftp.lignes…  │ 15B1AF      │ FFFFFF           │","chan":"stdout","logger":"task"}
{"timestamp":"2025-09-11T08:43:32.997042Z","level":"info","event":"│ 16       │ lignes-d-azur │ 16               │ … │ https://ftp.lignes…  │ 35BEEB      │ FFFFFF           │","chan":"stdout","logger":"task"}
{"timestamp":"2025-09-11T08:43:32.997105Z","level":"info","event":"│ 17       │ lignes-d-azur │ 17               │ … │ https://ftp.lignes…  │ 418ABF      │ FFFFFF           │","chan":"stdout","logger":"task"}
{"timestamp":"2025-09-11T08:43:32.997158Z","level":"info","event":"│ ·        │       ·       │ ·                │ · │          ·           │   ·         │   ·              │","chan":"stdout","logger":"task"}
{"timestamp":"2025-09-11T08:43:32.997209Z","level":"info","event":"│ ·        │       ·       │ ·                │ · │          ·           │   ·         │   ·              │","chan":"stdout","logger":"task"}
{"timestamp":"2025-09-11T08:43:32.997259Z","level":"info","event":"│ ·        │       ·       │ ·                │ · │          ·           │   ·         │   ·              │","chan":"stdout","logger":"task"}
{"timestamp":"2025-09-11T08:43:32.997313Z","level":"info","event":"│ NVMA     │ lignes-d-azur │ NVMA             │ … │ https://ftp.lignes…  │ 36BEE9      │ FFFFFF           │","chan":"stdout","logger":"task"}
{"timestamp":"2025-09-11T08:43:32.997364Z","level":"info","event":"│ NGOR     │ lignes-d-azur │ NGOR             │ … │ https://ftp.lignes…  │ 2AA137      │ FFFFFF           │","chan":"stdout","logger":"task"}
{"timestamp":"2025-09-11T08:43:32.997415Z","level":"info","event":"│ 10       │ lignes-d-azur │ 10               │ … │ https://ftp.lignes…  │ 31A948      │ FFFFFF           │","chan":"stdout","logger":"task"}
{"timestamp":"2025-09-11T08:43:32.997466Z","level":"info","event":"│ 08       │ lignes-d-azur │ 8+               │ … │ https://ftp.lignes…  │ FEC703      │ 000000           │","chan":"stdout","logger":"task"}
{"timestamp":"2025-09-11T08:43:32.997517Z","level":"info","event":"│ 12+      │ lignes-d-azur │ 12+              │ … │ https://ftp.lignes…  │ DE1381      │ FFFFFF           │","chan":"stdout","logger":"task"}
{"timestamp":"2025-09-11T08:43:32.997567Z","level":"info","event":"│ 8+       │ lignes-d-azur │ 8+               │ … │ https://ftp.lignes…  │ FEC703      │ 000000           │","chan":"stdout","logger":"task"}
{"timestamp":"2025-09-11T08:43:32.997617Z","level":"info","event":"│ B        │ lignes-d-azur │ B                │ … │ https://ftp.lignes…  │ FFDD00      │ 000000           │","chan":"stdout","logger":"task"}
{"timestamp":"2025-09-11T08:43:32.997670Z","level":"info","event":"│ NBOR     │ lignes-d-azur │ NBOR             │ … │ https://ftp.lignes…  │ 2AA137      │ 000000           │","chan":"stdout","logger":"task"}
{"timestamp":"2025-09-11T08:43:32.997743Z","level":"info","event":"│ VESU     │ lignes-d-azur │ VESU             │ … │ https://ftp.lignes…  │ 2AA137      │ FFFFFF           │","chan":"stdout","logger":"task"}
{"timestamp":"2025-09-11T08:43:32.997816Z","level":"info","event":"│ FOOT     │ lignes-d-azur │ FOOT             │ … │ NULL                 │ 36BEE9      │ FFFFFF           │","chan":"stdout","logger":"task"}
{"timestamp":"2025-09-11T08:43:32.997942Z","level":"info","event":"├──────────┴───────────────┴──────────────────┴───┴──────────────────────┴─────────────┴──────────────────┤","chan":"stdout","logger":"task"}
{"timestamp":"2025-09-11T08:43:32.998007Z","level":"info","event":"│ 226 rows (20 shown)                                                                 8 columns (6 shown) │","chan":"stdout","logger":"task"}
{"timestamp":"2025-09-11T08:43:32.998095Z","level":"info","event":"└─────────────────────────────────────────────────────────────────────────────────────────────────────────┘","chan":"stdout","logger":"task"}
{"timestamp":"2025-09-11T08:43:32.998165Z","level":"info","event":"","chan":"stdout","logger":"task"}
{"timestamp":"2025-09-11T08:43:33.062194Z","level":"info","event":"---------- trips -------------","chan":"stdout","logger":"task"}
{"timestamp":"2025-09-11T08:43:33.170884Z","level":"info","event":"┌──────────┬──────────────────────┬──────────────────────┬───┬──────────┬──────────────────────┬───────────────┐","chan":"stdout","logger":"task"}
{"timestamp":"2025-09-11T08:43:33.171094Z","level":"info","event":"│ route_id │      service_id      │       trip_id        │ … │ shape_id │ wheelchair_accessi…  │ bikes_allowed │","chan":"stdout","logger":"task"}
{"timestamp":"2025-09-11T08:43:33.171188Z","level":"info","event":"│ varchar  │       varchar        │       varchar        │   │ varchar  │        int64         │     int64     │","chan":"stdout","logger":"task"}
{"timestamp":"2025-09-11T08:43:33.171254Z","level":"info","event":"├──────────┼──────────────────────┼──────────────────────┼───┼──────────┼──────────────────────┼───────────────┤","chan":"stdout","logger":"task"}
{"timestamp":"2025-09-11T08:43:33.171308Z","level":"info","event":"│ 75       │ RESEAU2023-75-Dima…  │ 4962940-75_R_97_75…  │ … │ 750032   │                    0 │             0 │","chan":"stdout","logger":"task"}
{"timestamp":"2025-09-11T08:43:33.171359Z","level":"info","event":"│ 75       │ RESEAU2023-75-Same…  │ 4962972-75_R_97_75…  │ … │ 750032   │                    0 │             0 │","chan":"stdout","logger":"task"}
{"timestamp":"2025-09-11T08:43:33.171420Z","level":"info","event":"│ 40       │ RESEAU2023-40-Sema…  │ 4350596-40_A_50_40…  │ … │ 400009   │                    0 │             0 │","chan":"stdout","logger":"task"}
{"timestamp":"2025-09-11T08:43:33.171521Z","level":"info","event":"│ 62       │ RESEAU2023-62-Same…  │ 4336738-62_R_98_62…  │ … │ 620015   │                    0 │             0 │","chan":"stdout","logger":"task"}
{"timestamp":"2025-09-11T08:43:33.171614Z","level":"info","event":"│ C34      │ RESEAU2021-C34-Dim…  │ 3064040-C34_R_2_C3…  │ … │ C340002  │                    0 │             0 │","chan":"stdout","logger":"task"}
{"timestamp":"2025-09-11T08:43:33.171669Z","level":"info","event":"│ 62       │ RESEAU2023-62-Dima…  │ 4336785-62_R_98_62…  │ … │ 620015   │                    0 │             0 │","chan":"stdout","logger":"task"}
{"timestamp":"2025-09-11T08:43:33.171719Z","level":"info","event":"│ 75       │ RESEAU2023-75-Dima…  │ 4962945-75_R_97_75…  │ … │ 750032   │                    0 │             0 │","chan":"stdout","logger":"task"}
{"timestamp":"2025-09-11T08:43:33.171767Z","level":"info","event":"│ 40       │ RESEAU2023-40-Sema…  │ 4350598-40_A_50_40…  │ … │ 400009   │                    0 │             0 │","chan":"stdout","logger":"task"}
{"timestamp":"2025-09-11T08:43:33.171815Z","level":"info","event":"│ 40       │ RESEAU2023-40-Sema…  │ 4350594-40_R_99_40…  │ … │ 400010   │                    0 │             0 │","chan":"stdout","logger":"task"}
{"timestamp":"2025-09-11T08:43:33.171863Z","level":"info","event":"│ 75       │ RESEAU2023-75-Dima…  │ 4962943-75_R_97_75…  │ … │ 750032   │                    0 │             0 │","chan":"stdout","logger":"task"}
{"timestamp":"2025-09-11T08:43:33.171927Z","level":"info","event":"│ ·        │          ·           │          ·           │ · │   ·      │                    · │             · │","chan":"stdout","logger":"task"}
{"timestamp":"2025-09-11T08:43:33.171978Z","level":"info","event":"│ ·        │          ·           │          ·           │ · │   ·      │                    · │             · │","chan":"stdout","logger":"task"}
{"timestamp":"2025-09-11T08:43:33.172030Z","level":"info","event":"│ ·        │          ·           │          ·           │ · │   ·      │                    · │             · │","chan":"stdout","logger":"task"}
{"timestamp":"2025-09-11T08:43:33.172078Z","level":"info","event":"│ 10       │ SETP2025-10-Samedi…  │ 6435959-10_A_5_060…  │ … │ 100005   │                    0 │             0 │","chan":"stdout","logger":"task"}
{"timestamp":"2025-09-11T08:43:33.172126Z","level":"info","event":"│ 10       │ SETP2025-10-Samedi…  │ 6435960-10_A_5_060…  │ … │ 100005   │                    0 │             0 │","chan":"stdout","logger":"task"}
{"timestamp":"2025-09-11T08:43:33.172174Z","level":"info","event":"│ 10       │ SETP2025-10-Samedi…  │ 6435961-10_A_5_060…  │ … │ 100005   │                    0 │             0 │","chan":"stdout","logger":"task"}
{"timestamp":"2025-09-11T08:43:33.172221Z","level":"info","event":"│ 12+      │ SETP2025-12-Semain…  │ chouette:VehicleJo…  │ … │ 120081   │                    0 │             0 │","chan":"stdout","logger":"task"}
{"timestamp":"2025-09-11T08:43:33.172271Z","level":"info","event":"│ 12+      │ SETP2025-12-Semain…  │ 6252783-12_R_99_12…  │ … │ 120081   │                    0 │             0 │","chan":"stdout","logger":"task"}
{"timestamp":"2025-09-11T08:43:33.172318Z","level":"info","event":"│ 12+      │ SETP2025-12-Semain…  │ chouette:VehicleJo…  │ … │ 120081   │                    0 │             0 │","chan":"stdout","logger":"task"}
{"timestamp":"2025-09-11T08:43:33.172447Z","level":"info","event":"│ 10       │ SETP2025-10-Samedi…  │ 6435962-10_A_5_060…  │ … │ 100005   │                    0 │             0 │","chan":"stdout","logger":"task"}
{"timestamp":"2025-09-11T08:43:33.172503Z","level":"info","event":"│ 10       │ SETP2025-10-Samedi…  │ 6435963-10_A_5_060…  │ … │ 100005   │                    0 │             0 │","chan":"stdout","logger":"task"}
{"timestamp":"2025-09-11T08:43:33.172587Z","level":"info","event":"│ 10       │ SETP2025-10-Samedi…  │ 6435964-10_A_5_060…  │ … │ 100005   │                    0 │             0 │","chan":"stdout","logger":"task"}
{"timestamp":"2025-09-11T08:43:33.172639Z","level":"info","event":"│ 10       │ SETP2025-10-Samedi…  │ 6435965-10_A_5_060…  │ … │ 100005   │                    0 │             0 │","chan":"stdout","logger":"task"}
{"timestamp":"2025-09-11T08:43:33.172783Z","level":"info","event":"├──────────┴──────────────────────┴──────────────────────┴───┴──────────┴──────────────────────┴───────────────┤","chan":"stdout","logger":"task"}
{"timestamp":"2025-09-11T08:43:33.172895Z","level":"info","event":"│ ? rows (>9999 rows, 20 shown)                                                            9 columns (6 shown) │","chan":"stdout","logger":"task"}
{"timestamp":"2025-09-11T08:43:33.172959Z","level":"info","event":"└──────────────────────────────────────────────────────────────────────────────────────────────────────────────┘","chan":"stdout","logger":"task"}
{"timestamp":"2025-09-11T08:43:33.173020Z","level":"info","event":"","chan":"stdout","logger":"task"}
{"timestamp":"2025-09-11T08:43:33.713972Z","level":"info","event":"---------- stop_times -------------","chan":"stdout","logger":"task"}
{"timestamp":"2025-09-11T08:43:44.910913Z","level":"info","event":"┌──────────────────────────────┬──────────────┬────────────────┬─────────┬───────────────┬─────────────┬───────────────┐","chan":"stdout","logger":"task"}
{"timestamp":"2025-09-11T08:43:44.911133Z","level":"info","event":"│           trip_id            │ arrival_time │ departure_time │ stop_id │ stop_sequence │ pickup_type │ drop_off_type │","chan":"stdout","logger":"task"}
{"timestamp":"2025-09-11T08:43:44.911223Z","level":"info","event":"│           varchar            │     time     │      time      │  int64  │     int64     │    int64    │     int64     │","chan":"stdout","logger":"task"}
{"timestamp":"2025-09-11T08:43:44.911296Z","level":"info","event":"├──────────────────────────────┼──────────────┼────────────────┼─────────┼───────────────┼─────────────┼───────────────┤","chan":"stdout","logger":"task"}
{"timestamp":"2025-09-11T08:43:44.911358Z","level":"info","event":"│ 3064029-C32_A_1_C3201_08:3…  │ 08:30:00     │ 08:30:00       │   21681 │             0 │           2 │             2 │","chan":"stdout","logger":"task"}
{"timestamp":"2025-09-11T08:43:44.911416Z","level":"info","event":"│ 3064029-C32_A_1_C3201_08:3…  │ 08:35:00     │ 08:35:00       │   21652 │             1 │           2 │             2 │","chan":"stdout","logger":"task"}
{"timestamp":"2025-09-11T08:43:44.911472Z","level":"info","event":"│ 3064029-C32_A_1_C3201_08:3…  │ 08:55:00     │ 08:55:00       │   21644 │             2 │           2 │             2 │","chan":"stdout","logger":"task"}
{"timestamp":"2025-09-11T08:43:44.911528Z","level":"info","event":"│ 3064029-C32_A_1_C3201_08:3…  │ 09:15:00     │ 09:15:00       │   21398 │             3 │           2 │             2 │","chan":"stdout","logger":"task"}
{"timestamp":"2025-09-11T08:43:44.911600Z","level":"info","event":"│ 3064030-C32_R_2_C3202_17:2…  │ 17:20:00     │ 17:20:00       │   21398 │             0 │           2 │             2 │","chan":"stdout","logger":"task"}
{"timestamp":"2025-09-11T08:43:44.911657Z","level":"info","event":"│ 3064030-C32_R_2_C3202_17:2…  │ 17:40:00     │ 17:40:00       │   21644 │             1 │           2 │             2 │","chan":"stdout","logger":"task"}
{"timestamp":"2025-09-11T08:43:44.911713Z","level":"info","event":"│ 3064030-C32_R_2_C3202_17:2…  │ 18:00:00     │ 18:00:00       │   21652 │             2 │           2 │             2 │","chan":"stdout","logger":"task"}
{"timestamp":"2025-09-11T08:43:44.911768Z","level":"info","event":"│ 3064030-C32_R_2_C3202_17:2…  │ 18:05:00     │ 18:05:00       │   21681 │             3 │           2 │             2 │","chan":"stdout","logger":"task"}
{"timestamp":"2025-09-11T08:43:44.911823Z","level":"info","event":"│ 3064033-C32_A_1_C3202_17:0…  │ 17:00:00     │ 17:00:00       │   21681 │             0 │           2 │             2 │","chan":"stdout","logger":"task"}
{"timestamp":"2025-09-11T08:43:44.911877Z","level":"info","event":"│ 3064033-C32_A_1_C3202_17:0…  │ 17:05:00     │ 17:05:00       │   21652 │             1 │           2 │             2 │","chan":"stdout","logger":"task"}
{"timestamp":"2025-09-11T08:43:44.911945Z","level":"info","event":"│              ·               │    ·         │    ·           │      ·  │             · │           · │             · │","chan":"stdout","logger":"task"}
{"timestamp":"2025-09-11T08:43:44.912001Z","level":"info","event":"│              ·               │    ·         │    ·           │      ·  │             · │           · │             · │","chan":"stdout","logger":"task"}
{"timestamp":"2025-09-11T08:43:44.912054Z","level":"info","event":"│              ·               │    ·         │    ·           │      ·  │             · │           · │             · │","chan":"stdout","logger":"task"}
{"timestamp":"2025-09-11T08:43:44.912106Z","level":"info","event":"│ 4669775-62_A_48_6201_13:40…  │ 14:08:00     │ 14:08:00       │    6064 │            25 │           0 │             0 │","chan":"stdout","logger":"task"}
{"timestamp":"2025-09-11T08:43:44.912158Z","level":"info","event":"│ 4669775-62_A_48_6201_13:40…  │ 14:09:00     │ 14:09:00       │    6021 │            26 │           0 │             0 │","chan":"stdout","logger":"task"}
{"timestamp":"2025-09-11T08:43:44.912212Z","level":"info","event":"│ 4669775-62_A_48_6201_13:40…  │ 14:10:00     │ 14:10:00       │    6033 │            27 │           0 │             0 │","chan":"stdout","logger":"task"}
{"timestamp":"2025-09-11T08:43:44.912266Z","level":"info","event":"│ 4669776-62_A_48_6203_12:40…  │ 12:40:00     │ 12:40:00       │    2828 │             0 │           0 │             0 │","chan":"stdout","logger":"task"}
{"timestamp":"2025-09-11T08:43:44.912318Z","level":"info","event":"│ 4669776-62_A_48_6203_12:40…  │ 12:42:00     │ 12:42:00       │    1619 │             1 │           0 │             0 │","chan":"stdout","logger":"task"}
{"timestamp":"2025-09-11T08:43:44.912370Z","level":"info","event":"│ 4669776-62_A_48_6203_12:40…  │ 12:44:00     │ 12:44:00       │     139 │             2 │           0 │             0 │","chan":"stdout","logger":"task"}
{"timestamp":"2025-09-11T08:43:44.912449Z","level":"info","event":"│ 4669776-62_A_48_6203_12:40…  │ 12:47:00     │ 12:47:00       │     144 │             3 │           0 │             0 │","chan":"stdout","logger":"task"}
{"timestamp":"2025-09-11T08:43:44.912505Z","level":"info","event":"│ 4669776-62_A_48_6203_12:40…  │ 12:48:00     │ 12:48:00       │    1161 │             4 │           0 │             0 │","chan":"stdout","logger":"task"}
{"timestamp":"2025-09-11T08:43:44.912576Z","level":"info","event":"│ 4669776-62_A_48_6203_12:40…  │ 12:49:00     │ 12:49:00       │     265 │             5 │           0 │             0 │","chan":"stdout","logger":"task"}
{"timestamp":"2025-09-11T08:43:44.912719Z","level":"info","event":"│ 4669776-62_A_48_6203_12:40…  │ 12:49:00     │ 12:49:00       │    1320 │             6 │           0 │             0 │","chan":"stdout","logger":"task"}
{"timestamp":"2025-09-11T08:43:44.912790Z","level":"info","event":"├──────────────────────────────┴──────────────┴────────────────┴─────────┴───────────────┴─────────────┴───────────────┤","chan":"stdout","logger":"task"}
{"timestamp":"2025-09-11T08:43:44.912847Z","level":"info","event":"│ ? rows (>9999 rows, 20 shown)                                                                              7 columns │","chan":"stdout","logger":"task"}
{"timestamp":"2025-09-11T08:43:44.912903Z","level":"info","event":"└──────────────────────────────────────────────────────────────────────────────────────────────────────────────────────┘","chan":"stdout","logger":"task"}
{"timestamp":"2025-09-11T08:43:44.912965Z","level":"info","event":"","chan":"stdout","logger":"task"}
{"timestamp":"2025-09-11T08:43:44.913457Z","level":"info","event":"---------- calendar -------------","chan":"stdout","logger":"task"}
{"timestamp":"2025-09-11T08:43:44.967897Z","level":"info","event":"┌──────────────────────┬────────┬─────────┬───────────┬──────────┬───┬──────────┬────────┬────────────┬────────────┐","chan":"stdout","logger":"task"}
{"timestamp":"2025-09-11T08:43:44.968098Z","level":"info","event":"│      service_id      │ monday │ tuesday │ wednesday │ thursday │ … │ saturday │ sunday │ start_date │  end_date  │","chan":"stdout","logger":"task"}
{"timestamp":"2025-09-11T08:43:44.968185Z","level":"info","event":"│       varchar        │ int64  │  int64  │   int64   │  int64   │   │  int64   │ int64  │    date    │    date    │","chan":"stdout","logger":"task"}
{"timestamp":"2025-09-11T08:43:44.968251Z","level":"info","event":"├──────────────────────┼────────┼─────────┼───────────┼──────────┼───┼──────────┼────────┼────────────┼────────────┤","chan":"stdout","logger":"task"}
{"timestamp":"2025-09-11T08:43:44.968311Z","level":"info","event":"│ SETP2025-08-Semain…  │      1 │       1 │         1 │        1 │ … │        0 │      0 │ 2025-09-10 │ 2025-10-17 │","chan":"stdout","logger":"task"}
{"timestamp":"2025-09-11T08:43:44.968385Z","level":"info","event":"│ chouette:TimeTable…  │      1 │       0 │         0 │        0 │ … │        0 │      0 │ 2025-09-10 │ 2025-10-19 │","chan":"stdout","logger":"task"}
{"timestamp":"2025-09-11T08:43:44.968448Z","level":"info","event":"│ chouette:TimeTable…  │      0 │       1 │         1 │        1 │ … │        1 │      0 │ 2025-09-10 │ 2025-10-18 │","chan":"stdout","logger":"task"}
{"timestamp":"2025-09-11T08:43:44.968504Z","level":"info","event":"│ SETP2025-12-Semain…  │      1 │       1 │         1 │        1 │ … │        0 │      0 │ 2025-09-10 │ 2025-10-17 │","chan":"stdout","logger":"task"}
{"timestamp":"2025-09-11T08:43:44.968558Z","level":"info","event":"│ chouette:TimeTable…  │      1 │       0 │         0 │        0 │ … │        0 │      0 │ 2025-09-10 │ 2025-10-19 │","chan":"stdout","logger":"task"}
{"timestamp":"2025-09-11T08:43:44.968611Z","level":"info","event":"│ SETP2025-06-Semain…  │      1 │       1 │         1 │        1 │ … │        0 │      0 │ 2025-09-10 │ 2025-12-31 │","chan":"stdout","logger":"task"}
{"timestamp":"2025-09-11T08:43:44.968663Z","level":"info","event":"│ PROJET2023-47-Sema…  │      1 │       1 │         1 │        1 │ … │        0 │      0 │ 2025-09-10 │ 2025-12-19 │","chan":"stdout","logger":"task"}
{"timestamp":"2025-09-11T08:43:44.968715Z","level":"info","event":"│ SETP2025-L1-Semain…  │      1 │       1 │         1 │        1 │ … │        0 │      0 │ 2025-09-10 │ 2025-12-31 │","chan":"stdout","logger":"task"}
{"timestamp":"2025-09-11T08:43:44.968767Z","level":"info","event":"│ JANV2025-L2-Semain…  │      1 │       1 │         1 │        1 │ … │        0 │      0 │ 2025-09-10 │ 2025-12-31 │","chan":"stdout","logger":"task"}
{"timestamp":"2025-09-11T08:43:44.968833Z","level":"info","event":"│ chouette:TimeTable…  │      0 │       1 │         1 │        1 │ … │        1 │      0 │ 2025-09-10 │ 2025-12-31 │","chan":"stdout","logger":"task"}
{"timestamp":"2025-09-11T08:43:44.968890Z","level":"info","event":"│          ·           │      · │       · │         · │        · │ · │        · │      · │     ·      │     ·      │","chan":"stdout","logger":"task"}
{"timestamp":"2025-09-11T08:43:44.968944Z","level":"info","event":"│          ·           │      · │       · │         · │        · │ · │        · │      · │     ·      │     ·      │","chan":"stdout","logger":"task"}
{"timestamp":"2025-09-11T08:43:44.968997Z","level":"info","event":"│          ·           │      · │       · │         · │        · │ · │        · │      · │     ·      │     ·      │","chan":"stdout","logger":"task"}
{"timestamp":"2025-09-11T08:43:44.969049Z","level":"info","event":"│ PROJET2025-VESU-Di…  │      0 │       0 │         0 │        0 │ … │        0 │      1 │ 2025-09-10 │ 2025-09-21 │","chan":"stdout","logger":"task"}
{"timestamp":"2025-09-11T08:43:44.969101Z","level":"info","event":"│ RESEAU2021-C32-Wee…  │      0 │       0 │         0 │        0 │ … │        1 │      1 │ 2025-09-10 │ 2025-12-28 │","chan":"stdout","logger":"task"}
{"timestamp":"2025-09-11T08:43:44.969152Z","level":"info","event":"│ PROJET2024-75-Merc…  │      0 │       0 │         1 │        0 │ … │        0 │      0 │ 2025-09-17 │ 2025-12-17 │","chan":"stdout","logger":"task"}
{"timestamp":"2025-09-11T08:43:44.969205Z","level":"info","event":"│ PROJET2024-75-Sema…  │      1 │       1 │         0 │        1 │ … │        0 │      0 │ 2025-09-11 │ 2025-12-19 │","chan":"stdout","logger":"task"}
{"timestamp":"2025-09-11T08:43:44.969256Z","level":"info","event":"│ PROJET2024-75-Sema…  │      1 │       1 │         1 │        1 │ … │        0 │      0 │ 2025-10-20 │ 2025-12-31 │","chan":"stdout","logger":"task"}
{"timestamp":"2025-09-11T08:43:44.969308Z","level":"info","event":"│ chouette:TimeTable…  │      0 │       0 │         0 │        0 │ … │        0 │      1 │ 2025-09-14 │ 2025-12-28 │","chan":"stdout","logger":"task"}
{"timestamp":"2025-09-11T08:43:44.969360Z","level":"info","event":"│ chouette:TimeTable…  │      0 │       0 │         0 │        0 │ … │        1 │      0 │ 2025-09-13 │ 2025-12-27 │","chan":"stdout","logger":"task"}
{"timestamp":"2025-09-11T08:43:44.969412Z","level":"info","event":"│ chouette:TimeTable…  │      0 │       0 │         0 │        0 │ … │        0 │      1 │ 2025-09-14 │ 2025-12-28 │","chan":"stdout","logger":"task"}
{"timestamp":"2025-09-11T08:43:44.969527Z","level":"info","event":"│ PROJET2025-FOOT-Sa…  │      0 │       0 │         0 │        0 │ … │        1 │      0 │ 2025-09-13 │ 2025-12-27 │","chan":"stdout","logger":"task"}
{"timestamp":"2025-09-11T08:43:44.969626Z","level":"info","event":"│ PROJET2025-FOOT-Se…  │      1 │       1 │         1 │        1 │ … │        0 │      0 │ 2025-09-11 │ 2025-12-31 │","chan":"stdout","logger":"task"}
{"timestamp":"2025-09-11T08:43:44.969692Z","level":"info","event":"├──────────────────────┴────────┴─────────┴───────────┴──────────┴───┴──────────┴────────┴────────────┴────────────┤","chan":"stdout","logger":"task"}
{"timestamp":"2025-09-11T08:43:44.969781Z","level":"info","event":"│ 776 rows (20 shown)                                                                         10 columns (9 shown) │","chan":"stdout","logger":"task"}
{"timestamp":"2025-09-11T08:43:44.969861Z","level":"info","event":"└──────────────────────────────────────────────────────────────────────────────────────────────────────────────────┘","chan":"stdout","logger":"task"}
{"timestamp":"2025-09-11T08:43:44.969920Z","level":"info","event":"","chan":"stdout","logger":"task"}
{"timestamp":"2025-09-11T08:43:44.971826Z","level":"info","event":"---------- calendar_dates -------------","chan":"stdout","logger":"task"}
{"timestamp":"2025-09-11T08:43:45.022632Z","level":"info","event":"┌─────────────────────────────────────────────────────────────┬────────────┬────────────────┐","chan":"stdout","logger":"task"}
{"timestamp":"2025-09-11T08:43:45.022843Z","level":"info","event":"│                         service_id                          │    date    │ exception_type │","chan":"stdout","logger":"task"}
{"timestamp":"2025-09-11T08:43:45.022934Z","level":"info","event":"│                           varchar                           │    date    │     int64      │","chan":"stdout","logger":"task"}
{"timestamp":"2025-09-11T08:43:45.022992Z","level":"info","event":"├─────────────────────────────────────────────────────────────┼────────────┼────────────────┤","chan":"stdout","logger":"task"}
{"timestamp":"2025-09-11T08:43:45.023045Z","level":"info","event":"│ SETP2025-06-Semaine-01-06                                   │ 2025-10-20 │              2 │","chan":"stdout","logger":"task"}
{"timestamp":"2025-09-11T08:43:45.023095Z","level":"info","event":"│ SETP2025-06-Semaine-01-06                                   │ 2025-10-21 │              2 │","chan":"stdout","logger":"task"}
{"timestamp":"2025-09-11T08:43:45.023144Z","level":"info","event":"│ SETP2025-06-Semaine-01-06                                   │ 2025-10-22 │              2 │","chan":"stdout","logger":"task"}
{"timestamp":"2025-09-11T08:43:45.023194Z","level":"info","event":"│ SETP2025-06-Semaine-01-06                                   │ 2025-10-23 │              2 │","chan":"stdout","logger":"task"}
{"timestamp":"2025-09-11T08:43:45.023243Z","level":"info","event":"│ SETP2025-06-Semaine-01-06                                   │ 2025-10-24 │              2 │","chan":"stdout","logger":"task"}
{"timestamp":"2025-09-11T08:43:45.023291Z","level":"info","event":"│ SETP2025-06-Semaine-01-06                                   │ 2025-10-27 │              2 │","chan":"stdout","logger":"task"}
{"timestamp":"2025-09-11T08:43:45.023338Z","level":"info","event":"│ SETP2025-06-Semaine-01-06                                   │ 2025-10-28 │              2 │","chan":"stdout","logger":"task"}
{"timestamp":"2025-09-11T08:43:45.023385Z","level":"info","event":"│ SETP2025-06-Semaine-01-06                                   │ 2025-10-29 │              2 │","chan":"stdout","logger":"task"}
{"timestamp":"2025-09-11T08:43:45.023432Z","level":"info","event":"│ SETP2025-06-Semaine-01-06                                   │ 2025-10-30 │              2 │","chan":"stdout","logger":"task"}
{"timestamp":"2025-09-11T08:43:45.023479Z","level":"info","event":"│ SETP2025-06-Semaine-01-06                                   │ 2025-10-31 │              2 │","chan":"stdout","logger":"task"}
{"timestamp":"2025-09-11T08:43:45.023526Z","level":"info","event":"│             ·                                               │     ·      │              · │","chan":"stdout","logger":"task"}
{"timestamp":"2025-09-11T08:43:45.023587Z","level":"info","event":"│             ·                                               │     ·      │              · │","chan":"stdout","logger":"task"}
{"timestamp":"2025-09-11T08:43:45.023637Z","level":"info","event":"│             ·                                               │     ·      │              · │","chan":"stdout","logger":"task"}
{"timestamp":"2025-09-11T08:43:45.023686Z","level":"info","event":"│ chouette:TimeTable:6f189263-46a0-4c74-bcd7-91f10971c05a:LOC │ 2025-11-01 │              1 │","chan":"stdout","logger":"task"}
{"timestamp":"2025-09-11T08:43:45.023733Z","level":"info","event":"│ chouette:TimeTable:6f189263-46a0-4c74-bcd7-91f10971c05a:LOC │ 2025-11-11 │              1 │","chan":"stdout","logger":"task"}
{"timestamp":"2025-09-11T08:43:45.023781Z","level":"info","event":"│ chouette:TimeTable:6f189263-46a0-4c74-bcd7-91f10971c05a:LOC │ 2025-12-25 │              1 │","chan":"stdout","logger":"task"}
{"timestamp":"2025-09-11T08:43:45.023828Z","level":"info","event":"│ chouette:TimeTable:2c121a71-1699-4ad2-b598-448167840877:LOC │ 2025-11-01 │              2 │","chan":"stdout","logger":"task"}
{"timestamp":"2025-09-11T08:43:45.023875Z","level":"info","event":"│ chouette:TimeTable:686e82eb-2b9a-425e-be61-f682742c18f7:LOC │ 2025-11-01 │              1 │","chan":"stdout","logger":"task"}
{"timestamp":"2025-09-11T08:43:45.023922Z","level":"info","event":"│ chouette:TimeTable:686e82eb-2b9a-425e-be61-f682742c18f7:LOC │ 2025-11-11 │              1 │","chan":"stdout","logger":"task"}
{"timestamp":"2025-09-11T08:43:45.023970Z","level":"info","event":"│ chouette:TimeTable:686e82eb-2b9a-425e-be61-f682742c18f7:LOC │ 2025-12-25 │              1 │","chan":"stdout","logger":"task"}
{"timestamp":"2025-09-11T08:43:45.024016Z","level":"info","event":"│ PROJET2025-FOOT-Samedi-03-FOOT                              │ 2025-11-01 │              2 │","chan":"stdout","logger":"task"}
{"timestamp":"2025-09-11T08:43:45.024064Z","level":"info","event":"│ PROJET2025-FOOT-Semaine-03-FOOT                             │ 2025-11-11 │              2 │","chan":"stdout","logger":"task"}
{"timestamp":"2025-09-11T08:43:45.024111Z","level":"info","event":"│ PROJET2025-FOOT-Semaine-03-FOOT                             │ 2025-12-25 │              2 │","chan":"stdout","logger":"task"}
{"timestamp":"2025-09-11T08:43:45.024159Z","level":"info","event":"├─────────────────────────────────────────────────────────────┴────────────┴────────────────┤","chan":"stdout","logger":"task"}
{"timestamp":"2025-09-11T08:43:45.024210Z","level":"info","event":"│ 6164 rows (20 shown)                                                            3 columns │","chan":"stdout","logger":"task"}
{"timestamp":"2025-09-11T08:43:45.024259Z","level":"info","event":"└───────────────────────────────────────────────────────────────────────────────────────────┘","chan":"stdout","logger":"task"}
{"timestamp":"2025-09-11T08:43:45.024348Z","level":"info","event":"","chan":"stdout","logger":"task"}
{"timestamp":"2025-09-11T08:43:45.185465Z","level":"info","event":"---------- shapes -------------","chan":"stdout","logger":"task"}
{"timestamp":"2025-09-11T08:43:45.457639Z","level":"info","event":"┌──────────┬──────────────┬──────────────┬───────────────────┬─────────────────────┐","chan":"stdout","logger":"task"}
{"timestamp":"2025-09-11T08:43:45.457918Z","level":"info","event":"│ shape_id │ shape_pt_lat │ shape_pt_lon │ shape_pt_sequence │ shape_dist_traveled │","chan":"stdout","logger":"task"}
{"timestamp":"2025-09-11T08:43:45.458030Z","level":"info","event":"│ varchar  │    double    │    double    │       int64       │       double        │","chan":"stdout","logger":"task"}
{"timestamp":"2025-09-11T08:43:45.458097Z","level":"info","event":"├──────────┼──────────────┼──────────────┼───────────────────┼─────────────────────┤","chan":"stdout","logger":"task"}
{"timestamp":"2025-09-11T08:43:45.458155Z","level":"info","event":"│ 090009   │    43.666912 │      7.12729 │                 0 │                 0.0 │","chan":"stdout","logger":"task"}
{"timestamp":"2025-09-11T08:43:45.458232Z","level":"info","event":"│ 090009   │    43.666146 │     7.127847 │                 1 │               0.096 │","chan":"stdout","logger":"task"}
{"timestamp":"2025-09-11T08:43:45.458294Z","level":"info","event":"│ 090009   │    43.665786 │     7.128121 │                 2 │               0.142 │","chan":"stdout","logger":"task"}
{"timestamp":"2025-09-11T08:43:45.458346Z","level":"info","event":"│ 090009   │    43.665663 │     7.128181 │                 3 │               0.157 │","chan":"stdout","logger":"task"}
{"timestamp":"2025-09-11T08:43:45.458398Z","level":"info","event":"│ 090009   │    43.665541 │     7.128189 │                 4 │                0.17 │","chan":"stdout","logger":"task"}
{"timestamp":"2025-09-11T08:43:45.458448Z","level":"info","event":"│ 090009   │    43.665459 │     7.128166 │                 5 │               0.179 │","chan":"stdout","logger":"task"}
{"timestamp":"2025-09-11T08:43:45.458500Z","level":"info","event":"│ 090009   │    43.665393 │     7.128129 │                 6 │               0.187 │","chan":"stdout","logger":"task"}
{"timestamp":"2025-09-11T08:43:45.458550Z","level":"info","event":"│ 090009   │     43.66538 │      7.12805 │                 7 │               0.194 │","chan":"stdout","logger":"task"}
{"timestamp":"2025-09-11T08:43:45.458600Z","level":"info","event":"│ 090009   │     43.66538 │     7.128005 │                 8 │               0.198 │","chan":"stdout","logger":"task"}
{"timestamp":"2025-09-11T08:43:45.458650Z","level":"info","event":"│ 090009   │    43.665285 │     7.127922 │                 9 │                0.21 │","chan":"stdout","logger":"task"}
{"timestamp":"2025-09-11T08:43:45.458700Z","level":"info","event":"│   ·      │         ·    │         ·    │                 · │                  ·  │","chan":"stdout","logger":"task"}
{"timestamp":"2025-09-11T08:43:45.458764Z","level":"info","event":"│   ·      │         ·    │         ·    │                 · │                  ·  │","chan":"stdout","logger":"task"}
{"timestamp":"2025-09-11T08:43:45.458830Z","level":"info","event":"│   ·      │         ·    │         ·    │                 · │                  ·  │","chan":"stdout","logger":"task"}
{"timestamp":"2025-09-11T08:43:45.458902Z","level":"info","event":"│ 850001   │     43.74449 │     7.317986 │               271 │                3.96 │","chan":"stdout","logger":"task"}
{"timestamp":"2025-09-11T08:43:45.459001Z","level":"info","event":"│ 850001   │    43.744562 │     7.318015 │               272 │               3.968 │","chan":"stdout","logger":"task"}
{"timestamp":"2025-09-11T08:43:45.459098Z","level":"info","event":"│ 850001   │    43.744619 │     7.318053 │               273 │               3.975 │","chan":"stdout","logger":"task"}
{"timestamp":"2025-09-11T08:43:45.459202Z","level":"info","event":"│ 850001   │    43.744671 │     7.318139 │               274 │               3.984 │","chan":"stdout","logger":"task"}
{"timestamp":"2025-09-11T08:43:45.459378Z","level":"info","event":"│ 850001   │    43.744874 │     7.318531 │               275 │               4.023 │","chan":"stdout","logger":"task"}
{"timestamp":"2025-09-11T08:43:45.459463Z","level":"info","event":"│ 850001   │    43.744958 │     7.318633 │               276 │               4.036 │","chan":"stdout","logger":"task"}
{"timestamp":"2025-09-11T08:43:45.459517Z","level":"info","event":"│ 850001   │    43.745227 │     7.319016 │               277 │               4.079 │","chan":"stdout","logger":"task"}
{"timestamp":"2025-09-11T08:43:45.459568Z","level":"info","event":"│ 850001   │    43.745277 │     7.319084 │               278 │               4.086 │","chan":"stdout","logger":"task"}
{"timestamp":"2025-09-11T08:43:45.459644Z","level":"info","event":"│ 850001   │    43.745277 │     7.319084 │               279 │               4.086 │","chan":"stdout","logger":"task"}
{"timestamp":"2025-09-11T08:43:45.459728Z","level":"info","event":"│ 850001   │    43.745307 │     7.319122 │               280 │               4.091 │","chan":"stdout","logger":"task"}
{"timestamp":"2025-09-11T08:43:45.459783Z","level":"info","event":"├──────────┴──────────────┴──────────────┴───────────────────┴─────────────────────┤","chan":"stdout","logger":"task"}
{"timestamp":"2025-09-11T08:43:45.459836Z","level":"info","event":"│ ? rows (>9999 rows, 20 shown)                                          5 columns │","chan":"stdout","logger":"task"}
{"timestamp":"2025-09-11T08:43:45.459886Z","level":"info","event":"└──────────────────────────────────────────────────────────────────────────────────┘","chan":"stdout","logger":"task"}
{"timestamp":"2025-09-11T08:43:45.459936Z","level":"info","event":"","chan":"stdout","logger":"task"}
{"timestamp":"2025-09-11T08:43:45.653367","level":"info","event":"Done. Returned value was: None","logger":"airflow.task.operators.airflow.providers.standard.operators.python.PythonOperator"}
{"timestamp":"2025-09-11T08:43:45.671226Z","level":"info","event":"Task instance in success state","chan":"stdout","logger":"task"}
{"timestamp":"2025-09-11T08:43:45.671392Z","level":"info","event":" Previous state of the Task instance: TaskInstanceState.RUNNING","chan":"stdout","logger":"task"}
{"timestamp":"2025-09-11T08:43:45.671511Z","level":"info","event":"Task operator:<Task(PythonOperator): load_duckdb.to_duckdb_reseau_transport>","chan":"stdout","logger":"task"}
