{"timestamp":"2025-09-11T09:03:52.637729","level":"info","event":"DAG bundles loaded: dags-folder, example_dags","logger":"airflow.dag_processing.bundles.manager.DagBundlesManager"}
{"timestamp":"2025-09-11T09:03:52.638339","level":"info","event":"Filling up the DagBag from /opt/airflow/dags/lignes_azure_dag.py","logger":"airflow.models.dagbag.DagBag"}
{"timestamp":"2025-09-11T09:03:52.697555Z","level":"info","event":"Task instance is in running state","chan":"stdout","logger":"task"}
{"timestamp":"2025-09-11T09:03:52.697715Z","level":"info","event":" Previous state of the Task instance: TaskInstanceState.QUEUED","chan":"stdout","logger":"task"}
{"timestamp":"2025-09-11T09:03:52.697832Z","level":"info","event":"Current task name:load_duckdb.to_duckdb_reseau_transport","chan":"stdout","logger":"task"}
{"timestamp":"2025-09-11T09:03:52.697915Z","level":"info","event":"Dag name:lignes_azure_ETL","chan":"stdout","logger":"task"}
{"timestamp":"2025-09-11T09:03:52.738745Z","level":"info","event":"---------- stops -------------","chan":"stdout","logger":"task"}
{"timestamp":"2025-09-11T09:03:52.798817Z","level":"info","event":"┌──────────────┬───────────┬──────────────────────┬───┬────────────────┬───────────────┬─────────────────────┐","chan":"stdout","logger":"task"}
{"timestamp":"2025-09-11T09:03:52.798974Z","level":"info","event":"│   stop_id    │ stop_code │      stop_name       │ … │ parent_station │ stop_timezone │ wheelchair_boarding │","chan":"stdout","logger":"task"}
{"timestamp":"2025-09-11T09:03:52.799042Z","level":"info","event":"│   varchar    │  varchar  │       varchar        │   │    varchar     │    varchar    │        int64        │","chan":"stdout","logger":"task"}
{"timestamp":"2025-09-11T09:03:52.799089Z","level":"info","event":"├──────────────┼───────────┼──────────────────────┼───┼────────────────┼───────────────┼─────────────────────┤","chan":"stdout","logger":"task"}
{"timestamp":"2025-09-11T09:03:52.799153Z","level":"info","event":"│ 1            │ ABBAT8    │ Abattoirs            │ … │ place_101376   │ NULL          │                   1 │","chan":"stdout","logger":"task"}
{"timestamp":"2025-09-11T09:03:52.799205Z","level":"info","event":"│ 2            │ ABBAT4    │ Abattoirs            │ … │ place_101376   │ NULL          │                   1 │","chan":"stdout","logger":"task"}
{"timestamp":"2025-09-11T09:03:52.799269Z","level":"info","event":"│ 3            │ ROSEL2    │ Abbaye de Roseland   │ … │ place_096609   │ NULL          │                   0 │","chan":"stdout","logger":"task"}
{"timestamp":"2025-09-11T09:03:52.799320Z","level":"info","event":"│ 4            │ ROSEL8    │ Abbaye de Roseland   │ … │ place_096609   │ NULL          │                   0 │","chan":"stdout","logger":"task"}
{"timestamp":"2025-09-11T09:03:52.799361Z","level":"info","event":"│ 5            │ ARSE4     │ Abbaye de Roseland…  │ … │ place_096610   │ NULL          │                   0 │","chan":"stdout","logger":"task"}
{"timestamp":"2025-09-11T09:03:52.799402Z","level":"info","event":"│ 6            │ ACROB6    │ Risso                │ … │ place_096612   │ NULL          │                   1 │","chan":"stdout","logger":"task"}
{"timestamp":"2025-09-11T09:03:52.799442Z","level":"info","event":"│ 8            │ AEPRM1    │ Aéroport / Promenade │ … │ place_101377   │ NULL          │                   1 │","chan":"stdout","logger":"task"}
{"timestamp":"2025-09-11T09:03:52.799482Z","level":"info","event":"│ 11           │ AEPRM2    │ Aéroport / Promenade │ … │ place_101377   │ NULL          │                   1 │","chan":"stdout","logger":"task"}
{"timestamp":"2025-09-11T09:03:52.799569Z","level":"info","event":"│ 12           │ ALBER3    │ Albert 1er           │ … │ place_096616   │ NULL          │                   0 │","chan":"stdout","logger":"task"}
{"timestamp":"2025-09-11T09:03:52.799611Z","level":"info","event":"│ 13           │ ALBER8    │ Jardin d'Arménie     │ … │ place_096617   │ NULL          │                   0 │","chan":"stdout","logger":"task"}
{"timestamp":"2025-09-11T09:03:52.799651Z","level":"info","event":"│ ·            │  ·        │      ·               │ · │  ·             │  ·            │                   · │","chan":"stdout","logger":"task"}
{"timestamp":"2025-09-11T09:03:52.799691Z","level":"info","event":"│ ·            │  ·        │      ·               │ · │  ·             │  ·            │                   · │","chan":"stdout","logger":"task"}
{"timestamp":"2025-09-11T09:03:52.799731Z","level":"info","event":"│ ·            │  ·        │      ·               │ · │  ·             │  ·            │                   · │","chan":"stdout","logger":"task"}
{"timestamp":"2025-09-11T09:03:52.799773Z","level":"info","event":"│ place_SMGEN  │ NULL      │ Gendarmerie          │ … │ NULL           │ Europe/Paris  │                   0 │","chan":"stdout","logger":"task"}
{"timestamp":"2025-09-11T09:03:52.799815Z","level":"info","event":"│ place_SMPMA7 │ NULL      │ Pont Maïssa          │ … │ NULL           │ Europe/Paris  │                   0 │","chan":"stdout","logger":"task"}
{"timestamp":"2025-09-11T09:03:52.799870Z","level":"info","event":"│ 6198         │ SMGEN8    │ Gendarmerie          │ … │ place_SMGEN    │ NULL          │                   1 │","chan":"stdout","logger":"task"}
{"timestamp":"2025-09-11T09:03:52.799944Z","level":"info","event":"│ 21313        │ GENDA3    │ Gendarmerie          │ … │ place_GENDAR   │ NULL          │                   0 │","chan":"stdout","logger":"task"}
{"timestamp":"2025-09-11T09:03:52.800012Z","level":"info","event":"│ 6197         │ SMPMA7    │ Pont Maïssa          │ … │ place_SMPMA7   │ NULL          │                   1 │","chan":"stdout","logger":"task"}
{"timestamp":"2025-09-11T09:03:52.800110Z","level":"info","event":"│ place_VACHRI │ NULL      │ La Vacherie          │ … │ NULL           │ Europe/Paris  │                   0 │","chan":"stdout","logger":"task"}
{"timestamp":"2025-09-11T09:03:52.800189Z","level":"info","event":"│ 23020        │ VACHRI    │ La Vacherie          │ … │ place_VACHRI   │ NULL          │                   1 │","chan":"stdout","logger":"task"}
{"timestamp":"2025-09-11T09:03:52.800260Z","level":"info","event":"│ 21659        │ SUPGA9    │ Super Gattières      │ … │ NULL           │ Europe/Paris  │                   0 │","chan":"stdout","logger":"task"}
{"timestamp":"2025-09-11T09:03:52.800330Z","level":"info","event":"│ place_ALPHA0 │ NULL      │ Parc Alpha Loup      │ … │ NULL           │ Europe/Paris  │                   0 │","chan":"stdout","logger":"task"}
{"timestamp":"2025-09-11T09:03:52.800499Z","level":"info","event":"│ 2997         │ MAGNA1    │ Magnan               │ … │ place_097192   │ NULL          │                   1 │","chan":"stdout","logger":"task"}
{"timestamp":"2025-09-11T09:03:52.800674Z","level":"info","event":"├──────────────┴───────────┴──────────────────────┴───┴────────────────┴───────────────┴─────────────────────┤","chan":"stdout","logger":"task"}
{"timestamp":"2025-09-11T09:03:52.800815Z","level":"info","event":"│ 8970 rows (20 shown)                                                                  10 columns (6 shown) │","chan":"stdout","logger":"task"}
{"timestamp":"2025-09-11T09:03:52.800918Z","level":"info","event":"└────────────────────────────────────────────────────────────────────────────────────────────────────────────┘","chan":"stdout","logger":"task"}
{"timestamp":"2025-09-11T09:03:52.800982Z","level":"info","event":"","chan":"stdout","logger":"task"}
{"timestamp":"2025-09-11T09:03:52.801235Z","level":"info","event":"---------- routes -------------","chan":"stdout","logger":"task"}
{"timestamp":"2025-09-11T09:03:52.817004Z","level":"info","event":"┌──────────┬───────────────┬──────────────────┬───┬──────────────────────┬─────────────┬──────────────────┐","chan":"stdout","logger":"task"}
{"timestamp":"2025-09-11T09:03:52.817206Z","level":"info","event":"│ route_id │   agency_id   │ route_short_name │ … │      route_url       │ route_color │ route_text_color │","chan":"stdout","logger":"task"}
{"timestamp":"2025-09-11T09:03:52.817283Z","level":"info","event":"│ varchar  │    varchar    │     varchar      │   │       varchar        │   varchar   │     varchar      │","chan":"stdout","logger":"task"}
{"timestamp":"2025-09-11T09:03:52.817334Z","level":"info","event":"├──────────┼───────────────┼──────────────────┼───┼──────────────────────┼─────────────┼──────────────────┤","chan":"stdout","logger":"task"}
{"timestamp":"2025-09-11T09:03:52.817378Z","level":"info","event":"│ 05       │ lignes-d-azur │ 05               │ … │ https://ftp.lignes…  │ 3065AF      │ FFFFFF           │","chan":"stdout","logger":"task"}
{"timestamp":"2025-09-11T09:03:52.817420Z","level":"info","event":"│ 06       │ lignes-d-azur │ 06               │ … │ https://ftp.lignes…  │ 2FA948      │ FFFFFF           │","chan":"stdout","logger":"task"}
{"timestamp":"2025-09-11T09:03:52.817463Z","level":"info","event":"│ 07       │ lignes-d-azur │ 07               │ … │ https://ftp.lignes…  │ 751D5D      │ FFFFFF           │","chan":"stdout","logger":"task"}
{"timestamp":"2025-09-11T09:03:52.817534Z","level":"info","event":"│ 09       │ lignes-d-azur │ 09               │ … │ https://ftp.lignes…  │ EF7D00      │ FFFFFF           │","chan":"stdout","logger":"task"}
{"timestamp":"2025-09-11T09:03:52.817600Z","level":"info","event":"│ 11       │ lignes-d-azur │ 11               │ … │ https://ftp.lignes…  │ 9C3F8F      │ FFFFFF           │","chan":"stdout","logger":"task"}
{"timestamp":"2025-09-11T09:03:52.817641Z","level":"info","event":"│ 12       │ lignes-d-azur │ 12+              │ … │ https://ftp.lignes…  │ DE1381      │ FFFFFF           │","chan":"stdout","logger":"task"}
{"timestamp":"2025-09-11T09:03:52.817703Z","level":"info","event":"│ 14       │ lignes-d-azur │ 14               │ … │ https://ftp.lignes…  │ F5A32F      │ FFFFFF           │","chan":"stdout","logger":"task"}
{"timestamp":"2025-09-11T09:03:52.817754Z","level":"info","event":"│ 15       │ lignes-d-azur │ 15               │ … │ https://ftp.lignes…  │ 15B1AF      │ FFFFFF           │","chan":"stdout","logger":"task"}
{"timestamp":"2025-09-11T09:03:52.817842Z","level":"info","event":"│ 16       │ lignes-d-azur │ 16               │ … │ https://ftp.lignes…  │ 35BEEB      │ FFFFFF           │","chan":"stdout","logger":"task"}
{"timestamp":"2025-09-11T09:03:52.817911Z","level":"info","event":"│ 17       │ lignes-d-azur │ 17               │ … │ https://ftp.lignes…  │ 418ABF      │ FFFFFF           │","chan":"stdout","logger":"task"}
{"timestamp":"2025-09-11T09:03:52.817953Z","level":"info","event":"│ ·        │       ·       │ ·                │ · │          ·           │   ·         │   ·              │","chan":"stdout","logger":"task"}
{"timestamp":"2025-09-11T09:03:52.817993Z","level":"info","event":"│ ·        │       ·       │ ·                │ · │          ·           │   ·         │   ·              │","chan":"stdout","logger":"task"}
{"timestamp":"2025-09-11T09:03:52.818033Z","level":"info","event":"│ ·        │       ·       │ ·                │ · │          ·           │   ·         │   ·              │","chan":"stdout","logger":"task"}
{"timestamp":"2025-09-11T09:03:52.818072Z","level":"info","event":"│ NVMA     │ lignes-d-azur │ NVMA             │ … │ https://ftp.lignes…  │ 36BEE9      │ FFFFFF           │","chan":"stdout","logger":"task"}
{"timestamp":"2025-09-11T09:03:52.818111Z","level":"info","event":"│ NGOR     │ lignes-d-azur │ NGOR             │ … │ https://ftp.lignes…  │ 2AA137      │ FFFFFF           │","chan":"stdout","logger":"task"}
{"timestamp":"2025-09-11T09:03:52.818174Z","level":"info","event":"│ 10       │ lignes-d-azur │ 10               │ … │ https://ftp.lignes…  │ 31A948      │ FFFFFF           │","chan":"stdout","logger":"task"}
{"timestamp":"2025-09-11T09:03:52.818234Z","level":"info","event":"│ 08       │ lignes-d-azur │ 8+               │ … │ https://ftp.lignes…  │ FEC703      │ 000000           │","chan":"stdout","logger":"task"}
{"timestamp":"2025-09-11T09:03:52.818317Z","level":"info","event":"│ 12+      │ lignes-d-azur │ 12+              │ … │ https://ftp.lignes…  │ DE1381      │ FFFFFF           │","chan":"stdout","logger":"task"}
{"timestamp":"2025-09-11T09:03:52.818357Z","level":"info","event":"│ 8+       │ lignes-d-azur │ 8+               │ … │ https://ftp.lignes…  │ FEC703      │ 000000           │","chan":"stdout","logger":"task"}
{"timestamp":"2025-09-11T09:03:52.818412Z","level":"info","event":"│ B        │ lignes-d-azur │ B                │ … │ https://ftp.lignes…  │ FFDD00      │ 000000           │","chan":"stdout","logger":"task"}
{"timestamp":"2025-09-11T09:03:52.818488Z","level":"info","event":"│ NBOR     │ lignes-d-azur │ NBOR             │ … │ https://ftp.lignes…  │ 2AA137      │ 000000           │","chan":"stdout","logger":"task"}
{"timestamp":"2025-09-11T09:03:52.818572Z","level":"info","event":"│ VESU     │ lignes-d-azur │ VESU             │ … │ https://ftp.lignes…  │ 2AA137      │ FFFFFF           │","chan":"stdout","logger":"task"}
{"timestamp":"2025-09-11T09:03:52.818796Z","level":"info","event":"│ FOOT     │ lignes-d-azur │ FOOT             │ … │ NULL                 │ 36BEE9      │ FFFFFF           │","chan":"stdout","logger":"task"}
{"timestamp":"2025-09-11T09:03:52.819007Z","level":"info","event":"├──────────┴───────────────┴──────────────────┴───┴──────────────────────┴─────────────┴──────────────────┤","chan":"stdout","logger":"task"}
{"timestamp":"2025-09-11T09:03:52.819078Z","level":"info","event":"│ 226 rows (20 shown)                                                                 8 columns (6 shown) │","chan":"stdout","logger":"task"}
{"timestamp":"2025-09-11T09:03:52.819124Z","level":"info","event":"└─────────────────────────────────────────────────────────────────────────────────────────────────────────┘","chan":"stdout","logger":"task"}
{"timestamp":"2025-09-11T09:03:52.819176Z","level":"info","event":"","chan":"stdout","logger":"task"}
{"timestamp":"2025-09-11T09:03:52.875101Z","level":"info","event":"---------- trips -------------","chan":"stdout","logger":"task"}
{"timestamp":"2025-09-11T09:03:52.984409Z","level":"info","event":"┌──────────┬──────────────────────┬──────────────────────┬───┬──────────┬──────────────────────┬───────────────┐","chan":"stdout","logger":"task"}
{"timestamp":"2025-09-11T09:03:52.984625Z","level":"info","event":"│ route_id │      service_id      │       trip_id        │ … │ shape_id │ wheelchair_accessi…  │ bikes_allowed │","chan":"stdout","logger":"task"}
{"timestamp":"2025-09-11T09:03:52.984698Z","level":"info","event":"│ varchar  │       varchar        │       varchar        │   │ varchar  │        int64         │     int64     │","chan":"stdout","logger":"task"}
{"timestamp":"2025-09-11T09:03:52.984755Z","level":"info","event":"├──────────┼──────────────────────┼──────────────────────┼───┼──────────┼──────────────────────┼───────────────┤","chan":"stdout","logger":"task"}
{"timestamp":"2025-09-11T09:03:52.984804Z","level":"info","event":"│ 75       │ RESEAU2023-75-Dima…  │ 4962940-75_R_97_75…  │ … │ 750032   │                    0 │             0 │","chan":"stdout","logger":"task"}
{"timestamp":"2025-09-11T09:03:52.984859Z","level":"info","event":"│ 75       │ RESEAU2023-75-Same…  │ 4962972-75_R_97_75…  │ … │ 750032   │                    0 │             0 │","chan":"stdout","logger":"task"}
{"timestamp":"2025-09-11T09:03:52.984902Z","level":"info","event":"│ 40       │ RESEAU2023-40-Sema…  │ 4350596-40_A_50_40…  │ … │ 400009   │                    0 │             0 │","chan":"stdout","logger":"task"}
{"timestamp":"2025-09-11T09:03:52.984943Z","level":"info","event":"│ 62       │ RESEAU2023-62-Same…  │ 4336738-62_R_98_62…  │ … │ 620015   │                    0 │             0 │","chan":"stdout","logger":"task"}
{"timestamp":"2025-09-11T09:03:52.984984Z","level":"info","event":"│ C34      │ RESEAU2021-C34-Dim…  │ 3064040-C34_R_2_C3…  │ … │ C340002  │                    0 │             0 │","chan":"stdout","logger":"task"}
{"timestamp":"2025-09-11T09:03:52.985024Z","level":"info","event":"│ 62       │ RESEAU2023-62-Dima…  │ 4336785-62_R_98_62…  │ … │ 620015   │                    0 │             0 │","chan":"stdout","logger":"task"}
{"timestamp":"2025-09-11T09:03:52.985064Z","level":"info","event":"│ 75       │ RESEAU2023-75-Dima…  │ 4962945-75_R_97_75…  │ … │ 750032   │                    0 │             0 │","chan":"stdout","logger":"task"}
{"timestamp":"2025-09-11T09:03:52.985103Z","level":"info","event":"│ 40       │ RESEAU2023-40-Sema…  │ 4350598-40_A_50_40…  │ … │ 400009   │                    0 │             0 │","chan":"stdout","logger":"task"}
{"timestamp":"2025-09-11T09:03:52.985143Z","level":"info","event":"│ 40       │ RESEAU2023-40-Sema…  │ 4350594-40_R_99_40…  │ … │ 400010   │                    0 │             0 │","chan":"stdout","logger":"task"}
{"timestamp":"2025-09-11T09:03:52.985183Z","level":"info","event":"│ 75       │ RESEAU2023-75-Dima…  │ 4962943-75_R_97_75…  │ … │ 750032   │                    0 │             0 │","chan":"stdout","logger":"task"}
{"timestamp":"2025-09-11T09:03:52.985237Z","level":"info","event":"│ ·        │          ·           │          ·           │ · │   ·      │                    · │             · │","chan":"stdout","logger":"task"}
{"timestamp":"2025-09-11T09:03:52.985278Z","level":"info","event":"│ ·        │          ·           │          ·           │ · │   ·      │                    · │             · │","chan":"stdout","logger":"task"}
{"timestamp":"2025-09-11T09:03:52.985318Z","level":"info","event":"│ ·        │          ·           │          ·           │ · │   ·      │                    · │             · │","chan":"stdout","logger":"task"}
{"timestamp":"2025-09-11T09:03:52.985359Z","level":"info","event":"│ 10       │ SETP2025-10-Samedi…  │ 6435959-10_A_5_060…  │ … │ 100005   │                    0 │             0 │","chan":"stdout","logger":"task"}
{"timestamp":"2025-09-11T09:03:52.985399Z","level":"info","event":"│ 10       │ SETP2025-10-Samedi…  │ 6435960-10_A_5_060…  │ … │ 100005   │                    0 │             0 │","chan":"stdout","logger":"task"}
{"timestamp":"2025-09-11T09:03:52.985438Z","level":"info","event":"│ 10       │ SETP2025-10-Samedi…  │ 6435961-10_A_5_060…  │ … │ 100005   │                    0 │             0 │","chan":"stdout","logger":"task"}
{"timestamp":"2025-09-11T09:03:52.985503Z","level":"info","event":"│ 12+      │ SETP2025-12-Semain…  │ chouette:VehicleJo…  │ … │ 120081   │                    0 │             0 │","chan":"stdout","logger":"task"}
{"timestamp":"2025-09-11T09:03:52.985574Z","level":"info","event":"│ 12+      │ SETP2025-12-Semain…  │ 6252783-12_R_99_12…  │ … │ 120081   │                    0 │             0 │","chan":"stdout","logger":"task"}
{"timestamp":"2025-09-11T09:03:52.985613Z","level":"info","event":"│ 12+      │ SETP2025-12-Semain…  │ chouette:VehicleJo…  │ … │ 120081   │                    0 │             0 │","chan":"stdout","logger":"task"}
{"timestamp":"2025-09-11T09:03:52.985667Z","level":"info","event":"│ 10       │ SETP2025-10-Samedi…  │ 6435962-10_A_5_060…  │ … │ 100005   │                    0 │             0 │","chan":"stdout","logger":"task"}
{"timestamp":"2025-09-11T09:03:52.985705Z","level":"info","event":"│ 10       │ SETP2025-10-Samedi…  │ 6435963-10_A_5_060…  │ … │ 100005   │                    0 │             0 │","chan":"stdout","logger":"task"}
{"timestamp":"2025-09-11T09:03:52.985742Z","level":"info","event":"│ 10       │ SETP2025-10-Samedi…  │ 6435964-10_A_5_060…  │ … │ 100005   │                    0 │             0 │","chan":"stdout","logger":"task"}
{"timestamp":"2025-09-11T09:03:52.985780Z","level":"info","event":"│ 10       │ SETP2025-10-Samedi…  │ 6435965-10_A_5_060…  │ … │ 100005   │                    0 │             0 │","chan":"stdout","logger":"task"}
{"timestamp":"2025-09-11T09:03:52.985888Z","level":"info","event":"├──────────┴──────────────────────┴──────────────────────┴───┴──────────┴──────────────────────┴───────────────┤","chan":"stdout","logger":"task"}
{"timestamp":"2025-09-11T09:03:52.985938Z","level":"info","event":"│ ? rows (>9999 rows, 20 shown)                                                            9 columns (6 shown) │","chan":"stdout","logger":"task"}
{"timestamp":"2025-09-11T09:03:52.986078Z","level":"info","event":"└──────────────────────────────────────────────────────────────────────────────────────────────────────────────┘","chan":"stdout","logger":"task"}
{"timestamp":"2025-09-11T09:03:52.986169Z","level":"info","event":"","chan":"stdout","logger":"task"}
{"timestamp":"2025-09-11T09:03:53.415660Z","level":"info","event":"---------- stop_times -------------","chan":"stdout","logger":"task"}
{"timestamp":"2025-09-11T09:04:02.907045Z","level":"info","event":"┌──────────────────────────────┬──────────────┬────────────────┬─────────┬───────────────┬─────────────┬───────────────┐","chan":"stdout","logger":"task"}
{"timestamp":"2025-09-11T09:04:02.907312Z","level":"info","event":"│           trip_id            │ arrival_time │ departure_time │ stop_id │ stop_sequence │ pickup_type │ drop_off_type │","chan":"stdout","logger":"task"}
{"timestamp":"2025-09-11T09:04:02.907389Z","level":"info","event":"│           varchar            │     time     │      time      │  int64  │     int64     │    int64    │     int64     │","chan":"stdout","logger":"task"}
{"timestamp":"2025-09-11T09:04:02.907443Z","level":"info","event":"├──────────────────────────────┼──────────────┼────────────────┼─────────┼───────────────┼─────────────┼───────────────┤","chan":"stdout","logger":"task"}
{"timestamp":"2025-09-11T09:04:02.907492Z","level":"info","event":"│ 3064029-C32_A_1_C3201_08:3…  │ 08:30:00     │ 08:30:00       │   21681 │             0 │           2 │             2 │","chan":"stdout","logger":"task"}
{"timestamp":"2025-09-11T09:04:02.907538Z","level":"info","event":"│ 3064029-C32_A_1_C3201_08:3…  │ 08:35:00     │ 08:35:00       │   21652 │             1 │           2 │             2 │","chan":"stdout","logger":"task"}
{"timestamp":"2025-09-11T09:04:02.907582Z","level":"info","event":"│ 3064029-C32_A_1_C3201_08:3…  │ 08:55:00     │ 08:55:00       │   21644 │             2 │           2 │             2 │","chan":"stdout","logger":"task"}
{"timestamp":"2025-09-11T09:04:02.907649Z","level":"info","event":"│ 3064029-C32_A_1_C3201_08:3…  │ 09:15:00     │ 09:15:00       │   21398 │             3 │           2 │             2 │","chan":"stdout","logger":"task"}
{"timestamp":"2025-09-11T09:04:02.907718Z","level":"info","event":"│ 3064030-C32_R_2_C3202_17:2…  │ 17:20:00     │ 17:20:00       │   21398 │             0 │           2 │             2 │","chan":"stdout","logger":"task"}
{"timestamp":"2025-09-11T09:04:02.907776Z","level":"info","event":"│ 3064030-C32_R_2_C3202_17:2…  │ 17:40:00     │ 17:40:00       │   21644 │             1 │           2 │             2 │","chan":"stdout","logger":"task"}
{"timestamp":"2025-09-11T09:04:02.907821Z","level":"info","event":"│ 3064030-C32_R_2_C3202_17:2…  │ 18:00:00     │ 18:00:00       │   21652 │             2 │           2 │             2 │","chan":"stdout","logger":"task"}
{"timestamp":"2025-09-11T09:04:02.907864Z","level":"info","event":"│ 3064030-C32_R_2_C3202_17:2…  │ 18:05:00     │ 18:05:00       │   21681 │             3 │           2 │             2 │","chan":"stdout","logger":"task"}
{"timestamp":"2025-09-11T09:04:02.907907Z","level":"info","event":"│ 3064033-C32_A_1_C3202_17:0…  │ 17:00:00     │ 17:00:00       │   21681 │             0 │           2 │             2 │","chan":"stdout","logger":"task"}
{"timestamp":"2025-09-11T09:04:02.907950Z","level":"info","event":"│ 3064033-C32_A_1_C3202_17:0…  │ 17:05:00     │ 17:05:00       │   21652 │             1 │           2 │             2 │","chan":"stdout","logger":"task"}
{"timestamp":"2025-09-11T09:04:02.908004Z","level":"info","event":"│              ·               │    ·         │    ·           │      ·  │             · │           · │             · │","chan":"stdout","logger":"task"}
{"timestamp":"2025-09-11T09:04:02.908048Z","level":"info","event":"│              ·               │    ·         │    ·           │      ·  │             · │           · │             · │","chan":"stdout","logger":"task"}
{"timestamp":"2025-09-11T09:04:02.908089Z","level":"info","event":"│              ·               │    ·         │    ·           │      ·  │             · │           · │             · │","chan":"stdout","logger":"task"}
{"timestamp":"2025-09-11T09:04:02.908130Z","level":"info","event":"│ 4669775-62_A_48_6201_13:40…  │ 14:08:00     │ 14:08:00       │    6064 │            25 │           0 │             0 │","chan":"stdout","logger":"task"}
{"timestamp":"2025-09-11T09:04:02.908170Z","level":"info","event":"│ 4669775-62_A_48_6201_13:40…  │ 14:09:00     │ 14:09:00       │    6021 │            26 │           0 │             0 │","chan":"stdout","logger":"task"}
{"timestamp":"2025-09-11T09:04:02.908210Z","level":"info","event":"│ 4669775-62_A_48_6201_13:40…  │ 14:10:00     │ 14:10:00       │    6033 │            27 │           0 │             0 │","chan":"stdout","logger":"task"}
{"timestamp":"2025-09-11T09:04:02.908253Z","level":"info","event":"│ 4669776-62_A_48_6203_12:40…  │ 12:40:00     │ 12:40:00       │    2828 │             0 │           0 │             0 │","chan":"stdout","logger":"task"}
{"timestamp":"2025-09-11T09:04:02.908294Z","level":"info","event":"│ 4669776-62_A_48_6203_12:40…  │ 12:42:00     │ 12:42:00       │    1619 │             1 │           0 │             0 │","chan":"stdout","logger":"task"}
{"timestamp":"2025-09-11T09:04:02.908333Z","level":"info","event":"│ 4669776-62_A_48_6203_12:40…  │ 12:44:00     │ 12:44:00       │     139 │             2 │           0 │             0 │","chan":"stdout","logger":"task"}
{"timestamp":"2025-09-11T09:04:02.908372Z","level":"info","event":"│ 4669776-62_A_48_6203_12:40…  │ 12:47:00     │ 12:47:00       │     144 │             3 │           0 │             0 │","chan":"stdout","logger":"task"}
{"timestamp":"2025-09-11T09:04:02.908449Z","level":"info","event":"│ 4669776-62_A_48_6203_12:40…  │ 12:48:00     │ 12:48:00       │    1161 │             4 │           0 │             0 │","chan":"stdout","logger":"task"}
{"timestamp":"2025-09-11T09:04:02.908540Z","level":"info","event":"│ 4669776-62_A_48_6203_12:40…  │ 12:49:00     │ 12:49:00       │     265 │             5 │           0 │             0 │","chan":"stdout","logger":"task"}
{"timestamp":"2025-09-11T09:04:02.908784Z","level":"info","event":"│ 4669776-62_A_48_6203_12:40…  │ 12:49:00     │ 12:49:00       │    1320 │             6 │           0 │             0 │","chan":"stdout","logger":"task"}
{"timestamp":"2025-09-11T09:04:02.908883Z","level":"info","event":"├──────────────────────────────┴──────────────┴────────────────┴─────────┴───────────────┴─────────────┴───────────────┤","chan":"stdout","logger":"task"}
{"timestamp":"2025-09-11T09:04:02.908938Z","level":"info","event":"│ ? rows (>9999 rows, 20 shown)                                                                              7 columns │","chan":"stdout","logger":"task"}
{"timestamp":"2025-09-11T09:04:02.908992Z","level":"info","event":"└──────────────────────────────────────────────────────────────────────────────────────────────────────────────────────┘","chan":"stdout","logger":"task"}
{"timestamp":"2025-09-11T09:04:02.909055Z","level":"info","event":"","chan":"stdout","logger":"task"}
{"timestamp":"2025-09-11T09:04:02.909132Z","level":"info","event":"---------- calendar -------------","chan":"stdout","logger":"task"}
{"timestamp":"2025-09-11T09:04:02.955115Z","level":"info","event":"┌──────────────────────┬────────┬─────────┬───────────┬──────────┬───┬──────────┬────────┬────────────┬────────────┐","chan":"stdout","logger":"task"}
{"timestamp":"2025-09-11T09:04:02.955283Z","level":"info","event":"│      service_id      │ monday │ tuesday │ wednesday │ thursday │ … │ saturday │ sunday │ start_date │  end_date  │","chan":"stdout","logger":"task"}
{"timestamp":"2025-09-11T09:04:02.955354Z","level":"info","event":"│       varchar        │ int64  │  int64  │   int64   │  int64   │   │  int64   │ int64  │    date    │    date    │","chan":"stdout","logger":"task"}
{"timestamp":"2025-09-11T09:04:02.955408Z","level":"info","event":"├──────────────────────┼────────┼─────────┼───────────┼──────────┼───┼──────────┼────────┼────────────┼────────────┤","chan":"stdout","logger":"task"}
{"timestamp":"2025-09-11T09:04:02.955455Z","level":"info","event":"│ SETP2025-08-Semain…  │      1 │       1 │         1 │        1 │ … │        0 │      0 │ 2025-09-10 │ 2025-10-17 │","chan":"stdout","logger":"task"}
{"timestamp":"2025-09-11T09:04:02.955499Z","level":"info","event":"│ chouette:TimeTable…  │      1 │       0 │         0 │        0 │ … │        0 │      0 │ 2025-09-10 │ 2025-10-19 │","chan":"stdout","logger":"task"}
{"timestamp":"2025-09-11T09:04:02.955542Z","level":"info","event":"│ chouette:TimeTable…  │      0 │       1 │         1 │        1 │ … │        1 │      0 │ 2025-09-10 │ 2025-10-18 │","chan":"stdout","logger":"task"}
{"timestamp":"2025-09-11T09:04:02.955584Z","level":"info","event":"│ SETP2025-12-Semain…  │      1 │       1 │         1 │        1 │ … │        0 │      0 │ 2025-09-10 │ 2025-10-17 │","chan":"stdout","logger":"task"}
{"timestamp":"2025-09-11T09:04:02.955625Z","level":"info","event":"│ chouette:TimeTable…  │      1 │       0 │         0 │        0 │ … │        0 │      0 │ 2025-09-10 │ 2025-10-19 │","chan":"stdout","logger":"task"}
{"timestamp":"2025-09-11T09:04:02.955667Z","level":"info","event":"│ SETP2025-06-Semain…  │      1 │       1 │         1 │        1 │ … │        0 │      0 │ 2025-09-10 │ 2025-12-31 │","chan":"stdout","logger":"task"}
{"timestamp":"2025-09-11T09:04:02.955708Z","level":"info","event":"│ PROJET2023-47-Sema…  │      1 │       1 │         1 │        1 │ … │        0 │      0 │ 2025-09-10 │ 2025-12-19 │","chan":"stdout","logger":"task"}
{"timestamp":"2025-09-11T09:04:02.955749Z","level":"info","event":"│ SETP2025-L1-Semain…  │      1 │       1 │         1 │        1 │ … │        0 │      0 │ 2025-09-10 │ 2025-12-31 │","chan":"stdout","logger":"task"}
{"timestamp":"2025-09-11T09:04:02.955790Z","level":"info","event":"│ JANV2025-L2-Semain…  │      1 │       1 │         1 │        1 │ … │        0 │      0 │ 2025-09-10 │ 2025-12-31 │","chan":"stdout","logger":"task"}
{"timestamp":"2025-09-11T09:04:02.955842Z","level":"info","event":"│ chouette:TimeTable…  │      0 │       1 │         1 │        1 │ … │        1 │      0 │ 2025-09-10 │ 2025-12-31 │","chan":"stdout","logger":"task"}
{"timestamp":"2025-09-11T09:04:02.955885Z","level":"info","event":"│          ·           │      · │       · │         · │        · │ · │        · │      · │     ·      │     ·      │","chan":"stdout","logger":"task"}
{"timestamp":"2025-09-11T09:04:02.955927Z","level":"info","event":"│          ·           │      · │       · │         · │        · │ · │        · │      · │     ·      │     ·      │","chan":"stdout","logger":"task"}
{"timestamp":"2025-09-11T09:04:02.955969Z","level":"info","event":"│          ·           │      · │       · │         · │        · │ · │        · │      · │     ·      │     ·      │","chan":"stdout","logger":"task"}
{"timestamp":"2025-09-11T09:04:02.956011Z","level":"info","event":"│ PROJET2025-VESU-Di…  │      0 │       0 │         0 │        0 │ … │        0 │      1 │ 2025-09-10 │ 2025-09-21 │","chan":"stdout","logger":"task"}
{"timestamp":"2025-09-11T09:04:02.956052Z","level":"info","event":"│ RESEAU2021-C32-Wee…  │      0 │       0 │         0 │        0 │ … │        1 │      1 │ 2025-09-10 │ 2025-12-28 │","chan":"stdout","logger":"task"}
{"timestamp":"2025-09-11T09:04:02.956093Z","level":"info","event":"│ PROJET2024-75-Merc…  │      0 │       0 │         1 │        0 │ … │        0 │      0 │ 2025-09-17 │ 2025-12-17 │","chan":"stdout","logger":"task"}
{"timestamp":"2025-09-11T09:04:02.956133Z","level":"info","event":"│ PROJET2024-75-Sema…  │      1 │       1 │         0 │        1 │ … │        0 │      0 │ 2025-09-11 │ 2025-12-19 │","chan":"stdout","logger":"task"}
{"timestamp":"2025-09-11T09:04:02.956173Z","level":"info","event":"│ PROJET2024-75-Sema…  │      1 │       1 │         1 │        1 │ … │        0 │      0 │ 2025-10-20 │ 2025-12-31 │","chan":"stdout","logger":"task"}
{"timestamp":"2025-09-11T09:04:02.956224Z","level":"info","event":"│ chouette:TimeTable…  │      0 │       0 │         0 │        0 │ … │        0 │      1 │ 2025-09-14 │ 2025-12-28 │","chan":"stdout","logger":"task"}
{"timestamp":"2025-09-11T09:04:02.956269Z","level":"info","event":"│ chouette:TimeTable…  │      0 │       0 │         0 │        0 │ … │        1 │      0 │ 2025-09-13 │ 2025-12-27 │","chan":"stdout","logger":"task"}
{"timestamp":"2025-09-11T09:04:02.956309Z","level":"info","event":"│ chouette:TimeTable…  │      0 │       0 │         0 │        0 │ … │        0 │      1 │ 2025-09-14 │ 2025-12-28 │","chan":"stdout","logger":"task"}
{"timestamp":"2025-09-11T09:04:02.956415Z","level":"info","event":"│ PROJET2025-FOOT-Sa…  │      0 │       0 │         0 │        0 │ … │        1 │      0 │ 2025-09-13 │ 2025-12-27 │","chan":"stdout","logger":"task"}
{"timestamp":"2025-09-11T09:04:02.956550Z","level":"info","event":"│ PROJET2025-FOOT-Se…  │      1 │       1 │         1 │        1 │ … │        0 │      0 │ 2025-09-11 │ 2025-12-31 │","chan":"stdout","logger":"task"}
{"timestamp":"2025-09-11T09:04:02.956646Z","level":"info","event":"├──────────────────────┴────────┴─────────┴───────────┴──────────┴───┴──────────┴────────┴────────────┴────────────┤","chan":"stdout","logger":"task"}
{"timestamp":"2025-09-11T09:04:02.956693Z","level":"info","event":"│ 776 rows (20 shown)                                                                         10 columns (9 shown) │","chan":"stdout","logger":"task"}
{"timestamp":"2025-09-11T09:04:02.956745Z","level":"info","event":"└──────────────────────────────────────────────────────────────────────────────────────────────────────────────────┘","chan":"stdout","logger":"task"}
{"timestamp":"2025-09-11T09:04:02.956788Z","level":"info","event":"","chan":"stdout","logger":"task"}
{"timestamp":"2025-09-11T09:04:02.958626Z","level":"info","event":"---------- calendar_dates -------------","chan":"stdout","logger":"task"}
{"timestamp":"2025-09-11T09:04:03.005671Z","level":"info","event":"┌─────────────────────────────────────────────────────────────┬────────────┬────────────────┐","chan":"stdout","logger":"task"}
{"timestamp":"2025-09-11T09:04:03.005843Z","level":"info","event":"│                         service_id                          │    date    │ exception_type │","chan":"stdout","logger":"task"}
{"timestamp":"2025-09-11T09:04:03.005915Z","level":"info","event":"│                           varchar                           │    date    │     int64      │","chan":"stdout","logger":"task"}
{"timestamp":"2025-09-11T09:04:03.005962Z","level":"info","event":"├─────────────────────────────────────────────────────────────┼────────────┼────────────────┤","chan":"stdout","logger":"task"}
{"timestamp":"2025-09-11T09:04:03.006007Z","level":"info","event":"│ SETP2025-06-Semaine-01-06                                   │ 2025-10-20 │              2 │","chan":"stdout","logger":"task"}
{"timestamp":"2025-09-11T09:04:03.006049Z","level":"info","event":"│ SETP2025-06-Semaine-01-06                                   │ 2025-10-21 │              2 │","chan":"stdout","logger":"task"}
{"timestamp":"2025-09-11T09:04:03.006090Z","level":"info","event":"│ SETP2025-06-Semaine-01-06                                   │ 2025-10-22 │              2 │","chan":"stdout","logger":"task"}
{"timestamp":"2025-09-11T09:04:03.006131Z","level":"info","event":"│ SETP2025-06-Semaine-01-06                                   │ 2025-10-23 │              2 │","chan":"stdout","logger":"task"}
{"timestamp":"2025-09-11T09:04:03.006171Z","level":"info","event":"│ SETP2025-06-Semaine-01-06                                   │ 2025-10-24 │              2 │","chan":"stdout","logger":"task"}
{"timestamp":"2025-09-11T09:04:03.006211Z","level":"info","event":"│ SETP2025-06-Semaine-01-06                                   │ 2025-10-27 │              2 │","chan":"stdout","logger":"task"}
{"timestamp":"2025-09-11T09:04:03.006251Z","level":"info","event":"│ SETP2025-06-Semaine-01-06                                   │ 2025-10-28 │              2 │","chan":"stdout","logger":"task"}
{"timestamp":"2025-09-11T09:04:03.006291Z","level":"info","event":"│ SETP2025-06-Semaine-01-06                                   │ 2025-10-29 │              2 │","chan":"stdout","logger":"task"}
{"timestamp":"2025-09-11T09:04:03.006331Z","level":"info","event":"│ SETP2025-06-Semaine-01-06                                   │ 2025-10-30 │              2 │","chan":"stdout","logger":"task"}
{"timestamp":"2025-09-11T09:04:03.006370Z","level":"info","event":"│ SETP2025-06-Semaine-01-06                                   │ 2025-10-31 │              2 │","chan":"stdout","logger":"task"}
{"timestamp":"2025-09-11T09:04:03.006410Z","level":"info","event":"│             ·                                               │     ·      │              · │","chan":"stdout","logger":"task"}
{"timestamp":"2025-09-11T09:04:03.006461Z","level":"info","event":"│             ·                                               │     ·      │              · │","chan":"stdout","logger":"task"}
{"timestamp":"2025-09-11T09:04:03.006503Z","level":"info","event":"│             ·                                               │     ·      │              · │","chan":"stdout","logger":"task"}
{"timestamp":"2025-09-11T09:04:03.006544Z","level":"info","event":"│ chouette:TimeTable:6f189263-46a0-4c74-bcd7-91f10971c05a:LOC │ 2025-11-01 │              1 │","chan":"stdout","logger":"task"}
{"timestamp":"2025-09-11T09:04:03.006583Z","level":"info","event":"│ chouette:TimeTable:6f189263-46a0-4c74-bcd7-91f10971c05a:LOC │ 2025-11-11 │              1 │","chan":"stdout","logger":"task"}
{"timestamp":"2025-09-11T09:04:03.006622Z","level":"info","event":"│ chouette:TimeTable:6f189263-46a0-4c74-bcd7-91f10971c05a:LOC │ 2025-12-25 │              1 │","chan":"stdout","logger":"task"}
{"timestamp":"2025-09-11T09:04:03.006662Z","level":"info","event":"│ chouette:TimeTable:2c121a71-1699-4ad2-b598-448167840877:LOC │ 2025-11-01 │              2 │","chan":"stdout","logger":"task"}
{"timestamp":"2025-09-11T09:04:03.006701Z","level":"info","event":"│ chouette:TimeTable:686e82eb-2b9a-425e-be61-f682742c18f7:LOC │ 2025-11-01 │              1 │","chan":"stdout","logger":"task"}
{"timestamp":"2025-09-11T09:04:03.006740Z","level":"info","event":"│ chouette:TimeTable:686e82eb-2b9a-425e-be61-f682742c18f7:LOC │ 2025-11-11 │              1 │","chan":"stdout","logger":"task"}
{"timestamp":"2025-09-11T09:04:03.006780Z","level":"info","event":"│ chouette:TimeTable:686e82eb-2b9a-425e-be61-f682742c18f7:LOC │ 2025-12-25 │              1 │","chan":"stdout","logger":"task"}
{"timestamp":"2025-09-11T09:04:03.006819Z","level":"info","event":"│ PROJET2025-FOOT-Samedi-03-FOOT                              │ 2025-11-01 │              2 │","chan":"stdout","logger":"task"}
{"timestamp":"2025-09-11T09:04:03.006857Z","level":"info","event":"│ PROJET2025-FOOT-Semaine-03-FOOT                             │ 2025-11-11 │              2 │","chan":"stdout","logger":"task"}
{"timestamp":"2025-09-11T09:04:03.006896Z","level":"info","event":"│ PROJET2025-FOOT-Semaine-03-FOOT                             │ 2025-12-25 │              2 │","chan":"stdout","logger":"task"}
{"timestamp":"2025-09-11T09:04:03.006936Z","level":"info","event":"├─────────────────────────────────────────────────────────────┴────────────┴────────────────┤","chan":"stdout","logger":"task"}
{"timestamp":"2025-09-11T09:04:03.006977Z","level":"info","event":"│ 6164 rows (20 shown)                                                            3 columns │","chan":"stdout","logger":"task"}
{"timestamp":"2025-09-11T09:04:03.007017Z","level":"info","event":"└───────────────────────────────────────────────────────────────────────────────────────────┘","chan":"stdout","logger":"task"}
{"timestamp":"2025-09-11T09:04:03.007057Z","level":"info","event":"","chan":"stdout","logger":"task"}
{"timestamp":"2025-09-11T09:04:03.145279Z","level":"info","event":"---------- shapes -------------","chan":"stdout","logger":"task"}
{"timestamp":"2025-09-11T09:04:03.364884Z","level":"info","event":"┌──────────┬──────────────┬──────────────┬───────────────────┬─────────────────────┐","chan":"stdout","logger":"task"}
{"timestamp":"2025-09-11T09:04:03.365061Z","level":"info","event":"│ shape_id │ shape_pt_lat │ shape_pt_lon │ shape_pt_sequence │ shape_dist_traveled │","chan":"stdout","logger":"task"}
{"timestamp":"2025-09-11T09:04:03.365143Z","level":"info","event":"│ varchar  │    double    │    double    │       int64       │       double        │","chan":"stdout","logger":"task"}
{"timestamp":"2025-09-11T09:04:03.365193Z","level":"info","event":"├──────────┼──────────────┼──────────────┼───────────────────┼─────────────────────┤","chan":"stdout","logger":"task"}
{"timestamp":"2025-09-11T09:04:03.365239Z","level":"info","event":"│ 090009   │    43.666912 │      7.12729 │                 0 │                 0.0 │","chan":"stdout","logger":"task"}
{"timestamp":"2025-09-11T09:04:03.365282Z","level":"info","event":"│ 090009   │    43.666146 │     7.127847 │                 1 │               0.096 │","chan":"stdout","logger":"task"}
{"timestamp":"2025-09-11T09:04:03.365324Z","level":"info","event":"│ 090009   │    43.665786 │     7.128121 │                 2 │               0.142 │","chan":"stdout","logger":"task"}
{"timestamp":"2025-09-11T09:04:03.365364Z","level":"info","event":"│ 090009   │    43.665663 │     7.128181 │                 3 │               0.157 │","chan":"stdout","logger":"task"}
{"timestamp":"2025-09-11T09:04:03.365404Z","level":"info","event":"│ 090009   │    43.665541 │     7.128189 │                 4 │                0.17 │","chan":"stdout","logger":"task"}
{"timestamp":"2025-09-11T09:04:03.365444Z","level":"info","event":"│ 090009   │    43.665459 │     7.128166 │                 5 │               0.179 │","chan":"stdout","logger":"task"}
{"timestamp":"2025-09-11T09:04:03.365484Z","level":"info","event":"│ 090009   │    43.665393 │     7.128129 │                 6 │               0.187 │","chan":"stdout","logger":"task"}
{"timestamp":"2025-09-11T09:04:03.365524Z","level":"info","event":"│ 090009   │     43.66538 │      7.12805 │                 7 │               0.194 │","chan":"stdout","logger":"task"}
{"timestamp":"2025-09-11T09:04:03.365564Z","level":"info","event":"│ 090009   │     43.66538 │     7.128005 │                 8 │               0.198 │","chan":"stdout","logger":"task"}
{"timestamp":"2025-09-11T09:04:03.365603Z","level":"info","event":"│ 090009   │    43.665285 │     7.127922 │                 9 │                0.21 │","chan":"stdout","logger":"task"}
{"timestamp":"2025-09-11T09:04:03.365643Z","level":"info","event":"│   ·      │         ·    │         ·    │                 · │                  ·  │","chan":"stdout","logger":"task"}
{"timestamp":"2025-09-11T09:04:03.365683Z","level":"info","event":"│   ·      │         ·    │         ·    │                 · │                  ·  │","chan":"stdout","logger":"task"}
{"timestamp":"2025-09-11T09:04:03.365723Z","level":"info","event":"│   ·      │         ·    │         ·    │                 · │                  ·  │","chan":"stdout","logger":"task"}
{"timestamp":"2025-09-11T09:04:03.365763Z","level":"info","event":"│ 850001   │     43.74449 │     7.317986 │               271 │                3.96 │","chan":"stdout","logger":"task"}
{"timestamp":"2025-09-11T09:04:03.365802Z","level":"info","event":"│ 850001   │    43.744562 │     7.318015 │               272 │               3.968 │","chan":"stdout","logger":"task"}
{"timestamp":"2025-09-11T09:04:03.365841Z","level":"info","event":"│ 850001   │    43.744619 │     7.318053 │               273 │               3.975 │","chan":"stdout","logger":"task"}
{"timestamp":"2025-09-11T09:04:03.365908Z","level":"info","event":"│ 850001   │    43.744671 │     7.318139 │               274 │               3.984 │","chan":"stdout","logger":"task"}
{"timestamp":"2025-09-11T09:04:03.365957Z","level":"info","event":"│ 850001   │    43.744874 │     7.318531 │               275 │               4.023 │","chan":"stdout","logger":"task"}
{"timestamp":"2025-09-11T09:04:03.366006Z","level":"info","event":"│ 850001   │    43.744958 │     7.318633 │               276 │               4.036 │","chan":"stdout","logger":"task"}
{"timestamp":"2025-09-11T09:04:03.366048Z","level":"info","event":"│ 850001   │    43.745227 │     7.319016 │               277 │               4.079 │","chan":"stdout","logger":"task"}
{"timestamp":"2025-09-11T09:04:03.366089Z","level":"info","event":"│ 850001   │    43.745277 │     7.319084 │               278 │               4.086 │","chan":"stdout","logger":"task"}
{"timestamp":"2025-09-11T09:04:03.366132Z","level":"info","event":"│ 850001   │    43.745277 │     7.319084 │               279 │               4.086 │","chan":"stdout","logger":"task"}
{"timestamp":"2025-09-11T09:04:03.366173Z","level":"info","event":"│ 850001   │    43.745307 │     7.319122 │               280 │               4.091 │","chan":"stdout","logger":"task"}
{"timestamp":"2025-09-11T09:04:03.366213Z","level":"info","event":"├──────────┴──────────────┴──────────────┴───────────────────┴─────────────────────┤","chan":"stdout","logger":"task"}
{"timestamp":"2025-09-11T09:04:03.366254Z","level":"info","event":"│ ? rows (>9999 rows, 20 shown)                                          5 columns │","chan":"stdout","logger":"task"}
{"timestamp":"2025-09-11T09:04:03.366297Z","level":"info","event":"└──────────────────────────────────────────────────────────────────────────────────┘","chan":"stdout","logger":"task"}
{"timestamp":"2025-09-11T09:04:03.366338Z","level":"info","event":"","chan":"stdout","logger":"task"}
{"timestamp":"2025-09-11T09:04:03.524015","level":"info","event":"Done. Returned value was: None","logger":"airflow.task.operators.airflow.providers.standard.operators.python.PythonOperator"}
{"timestamp":"2025-09-11T09:04:03.552873Z","level":"info","event":"Task instance in success state","chan":"stdout","logger":"task"}
{"timestamp":"2025-09-11T09:04:03.553008Z","level":"info","event":" Previous state of the Task instance: TaskInstanceState.RUNNING","chan":"stdout","logger":"task"}
{"timestamp":"2025-09-11T09:04:03.553444Z","level":"info","event":"Task operator:<Task(PythonOperator): load_duckdb.to_duckdb_reseau_transport>","chan":"stdout","logger":"task"}
