{"timestamp":"2025-09-11T10:02:55.380761","level":"info","event":"DAG bundles loaded: dags-folder, example_dags","logger":"airflow.dag_processing.bundles.manager.DagBundlesManager"}
{"timestamp":"2025-09-11T10:02:55.381198","level":"info","event":"Filling up the DagBag from /opt/airflow/dags/lignes_azure_dag.py","logger":"airflow.models.dagbag.DagBag"}
{"timestamp":"2025-09-11T10:02:55.438083Z","level":"info","event":"Task instance is in running state","chan":"stdout","logger":"task"}
{"timestamp":"2025-09-11T10:02:55.438217Z","level":"info","event":" Previous state of the Task instance: TaskInstanceState.QUEUED","chan":"stdout","logger":"task"}
{"timestamp":"2025-09-11T10:02:55.438308Z","level":"info","event":"Current task name:load_duckdb.to_duckdb_vehicle_positions","chan":"stdout","logger":"task"}
{"timestamp":"2025-09-11T10:02:55.438357Z","level":"info","event":"Dag name:lignes_azure_ETL","chan":"stdout","logger":"task"}
{"timestamp":"2025-09-11T10:02:55.470747Z","level":"info","event":"--------------- RETURN SELECT ------------------------","chan":"stdout","logger":"task"}
{"timestamp":"2025-09-11T10:02:55.473616Z","level":"info","event":"┌──────────────────────┬──────────┬────────────────────┬───┬─────────────────────┬─────────┬────────────┐","chan":"stdout","logger":"task"}
{"timestamp":"2025-09-11T10:02:55.473760Z","level":"info","event":"│       trip_id        │ route_id │      latitude      │ … │      timestamp      │ stop_id │ vehicle_id │","chan":"stdout","logger":"task"}
{"timestamp":"2025-09-11T10:02:55.473826Z","level":"info","event":"│       varchar        │ varchar  │       double       │   │    timestamp_ns     │ varchar │  varchar   │","chan":"stdout","logger":"task"}
{"timestamp":"2025-09-11T10:02:55.473875Z","level":"info","event":"├──────────────────────┼──────────┼────────────────────┼───┼─────────────────────┼─────────┼────────────┤","chan":"stdout","logger":"task"}
{"timestamp":"2025-09-11T10:02:55.473919Z","level":"info","event":"│ 6413100-38_R_99_38…  │ 38       │ 43.694862365722656 │ … │ 2025-09-11 09:28:10 │ 216     │ RLA18      │","chan":"stdout","logger":"task"}
{"timestamp":"2025-09-11T10:02:55.473961Z","level":"info","event":"│ 6369685-30_A_50_30…  │ 30       │  43.69804382324219 │ … │ 2025-09-11 10:02:18 │ 259     │ RLA135     │","chan":"stdout","logger":"task"}
{"timestamp":"2025-09-11T10:02:55.474002Z","level":"info","event":"│ 6416466-33_R_99_33…  │ 33       │ 43.691864013671875 │ … │ 2025-09-11 10:02:17 │ 949     │ RLA174     │","chan":"stdout","logger":"task"}
{"timestamp":"2025-09-11T10:02:55.474042Z","level":"info","event":"│ 6411440-70_A_50_70…  │ 70       │  43.71030044555664 │ … │ 2025-09-11 10:02:17 │ 691     │ RLA318     │","chan":"stdout","logger":"task"}
{"timestamp":"2025-09-11T10:02:55.474112Z","level":"info","event":"│ 4759146-47_R_99_47…  │ 47       │  43.75957107543945 │ … │ 2025-09-11 10:02:17 │ 21223   │ TCA106086  │","chan":"stdout","logger":"task"}
{"timestamp":"2025-09-11T10:02:55.474156Z","level":"info","event":"│ 6415998-21_A_50_21…  │ 21       │  43.66929244995117 │ … │ 2025-09-11 10:02:17 │ 4254    │ RLA325     │","chan":"stdout","logger":"task"}
{"timestamp":"2025-09-11T10:02:55.474197Z","level":"info","event":"│ 6472659-50_R_99_50…  │ 50       │  43.67581558227539 │ … │ 2025-09-11 09:13:35 │ 2853    │ TCA115515  │","chan":"stdout","logger":"task"}
{"timestamp":"2025-09-11T10:02:55.474237Z","level":"info","event":"│ 6413105-38_A_50_38…  │ 38       │  43.69818115234375 │ … │ 2025-09-11 09:27:42 │ 1190    │ RLA36      │","chan":"stdout","logger":"task"}
{"timestamp":"2025-09-11T10:02:55.474287Z","level":"info","event":"│ 6428426-61_A_50_61…  │ 61       │ 43.698768615722656 │ … │ 2025-09-11 10:02:18 │ 266     │ TCA73970   │","chan":"stdout","logger":"task"}
{"timestamp":"2025-09-11T10:02:55.474329Z","level":"info","event":"│ 6355824-18_A_50_18…  │ 18       │  43.72520446777344 │ … │ 2025-09-11 10:02:17 │ 982     │ RLA606     │","chan":"stdout","logger":"task"}
{"timestamp":"2025-09-11T10:02:55.474370Z","level":"info","event":"│          ·           │ ·        │          ·         │ · │          ·          │  ·      │   ·        │","chan":"stdout","logger":"task"}
{"timestamp":"2025-09-11T10:02:55.474411Z","level":"info","event":"│          ·           │ ·        │          ·         │ · │          ·          │  ·      │   ·        │","chan":"stdout","logger":"task"}
{"timestamp":"2025-09-11T10:02:55.474451Z","level":"info","event":"│          ·           │ ·        │          ·         │ · │          ·          │  ·      │   ·        │","chan":"stdout","logger":"task"}
{"timestamp":"2025-09-11T10:02:55.474491Z","level":"info","event":"│ 6252431-11_R_98_11…  │ 11       │ 43.705589294433594 │ … │ 2025-09-11 10:02:17 │ 1348    │ RLA365     │","chan":"stdout","logger":"task"}
{"timestamp":"2025-09-11T10:02:55.474530Z","level":"info","event":"│ 6252952-14_R_99_14…  │ 14       │ 43.715633392333984 │ … │ 2025-09-11 10:02:17 │ 2       │ RLA488     │","chan":"stdout","logger":"task"}
{"timestamp":"2025-09-11T10:02:55.474569Z","level":"info","event":"│ 5838869-22_R_95_22…  │ 22       │  43.70465087890625 │ … │ 2025-09-11 10:02:17 │ 2994    │ PDV94      │","chan":"stdout","logger":"task"}
{"timestamp":"2025-09-11T10:02:55.474609Z","level":"info","event":"│ 6410624-64_R_99_64…  │ 64       │  43.73910140991211 │ … │ 2025-09-11 10:02:17 │ 770     │ RLA102     │","chan":"stdout","logger":"task"}
{"timestamp":"2025-09-11T10:02:55.474648Z","level":"info","event":"│ 6410628-64_A_50_64…  │ 64       │  43.70622253417969 │ … │ 2025-09-11 10:02:17 │ 1006    │ RLA104     │","chan":"stdout","logger":"task"}
{"timestamp":"2025-09-11T10:02:55.474689Z","level":"info","event":"│ 6428427-61_A_50_61…  │ 61       │ 43.677425384521484 │ … │ 2025-09-11 10:02:18 │ 412     │ TCA1295    │","chan":"stdout","logger":"task"}
{"timestamp":"2025-09-11T10:02:55.474729Z","level":"info","event":"│ 6403297-36_R_99_36…  │ 36       │ 43.729820251464844 │ … │ 2025-09-11 10:02:17 │ 2826    │ RLA13      │","chan":"stdout","logger":"task"}
{"timestamp":"2025-09-11T10:02:55.474768Z","level":"info","event":"│ 6429315-15_A_50_15…  │ 15       │ 43.705039978027344 │ … │ 2025-09-11 10:02:18 │ 8172    │ RLA339     │","chan":"stdout","logger":"task"}
{"timestamp":"2025-09-11T10:02:55.474809Z","level":"info","event":"│ 6429274-15_R_99_15…  │ 15       │  43.69385528564453 │ … │ 2025-09-11 10:02:18 │ 8138    │ RLA329     │","chan":"stdout","logger":"task"}
{"timestamp":"2025-09-11T10:02:55.474848Z","level":"info","event":"│ 6419987-35_R_98_35…  │ 35       │ 43.731651306152344 │ … │ 2025-09-11 10:02:18 │ 1206    │ RLA16      │","chan":"stdout","logger":"task"}
{"timestamp":"2025-09-11T10:02:55.474937Z","level":"info","event":"├──────────────────────┴──────────┴────────────────────┴───┴─────────────────────┴─────────┴────────────┤","chan":"stdout","logger":"task"}
{"timestamp":"2025-09-11T10:02:55.474987Z","level":"info","event":"│ 354 rows (20 shown)                                                               8 columns (6 shown) │","chan":"stdout","logger":"task"}
{"timestamp":"2025-09-11T10:02:55.475035Z","level":"info","event":"└───────────────────────────────────────────────────────────────────────────────────────────────────────┘","chan":"stdout","logger":"task"}
{"timestamp":"2025-09-11T10:02:55.475077Z","level":"info","event":"","chan":"stdout","logger":"task"}
{"timestamp":"2025-09-11T10:02:55.500858","level":"info","event":"Done. Returned value was: None","logger":"airflow.task.operators.airflow.providers.standard.operators.python.PythonOperator"}
{"timestamp":"2025-09-11T10:02:55.516172Z","level":"info","event":"Task instance in success state","chan":"stdout","logger":"task"}
{"timestamp":"2025-09-11T10:02:55.516324Z","level":"info","event":" Previous state of the Task instance: TaskInstanceState.RUNNING","chan":"stdout","logger":"task"}
{"timestamp":"2025-09-11T10:02:55.516629Z","level":"info","event":"Task operator:<Task(PythonOperator): load_duckdb.to_duckdb_vehicle_positions>","chan":"stdout","logger":"task"}
