{"timestamp":"2025-09-11T09:28:24.482286","level":"info","event":"DAG bundles loaded: dags-folder, example_dags","logger":"airflow.dag_processing.bundles.manager.DagBundlesManager"}
{"timestamp":"2025-09-11T09:28:24.482770","level":"info","event":"Filling up the DagBag from /opt/airflow/dags/lignes_azure_dag.py","logger":"airflow.models.dagbag.DagBag"}
{"timestamp":"2025-09-11T09:28:24.545608Z","level":"info","event":"Task instance is in running state","chan":"stdout","logger":"task"}
{"timestamp":"2025-09-11T09:28:24.545781Z","level":"info","event":" Previous state of the Task instance: TaskInstanceState.QUEUED","chan":"stdout","logger":"task"}
{"timestamp":"2025-09-11T09:28:24.545868Z","level":"info","event":"Current task name:load_duckdb.to_duckdb_reseau_transport","chan":"stdout","logger":"task"}
{"timestamp":"2025-09-11T09:28:24.545918Z","level":"info","event":"Dag name:lignes_azure_ETL","chan":"stdout","logger":"task"}
{"timestamp":"2025-09-11T09:28:24.581388Z","level":"info","event":"---------- stops -------------","chan":"stdout","logger":"task"}
{"timestamp":"2025-09-11T09:28:24.623895Z","level":"info","event":"┌──────────────┬───────────┬──────────────────────┬───┬────────────────┬───────────────┬─────────────────────┐","chan":"stdout","logger":"task"}
{"timestamp":"2025-09-11T09:28:24.624193Z","level":"info","event":"│   stop_id    │ stop_code │      stop_name       │ … │ parent_station │ stop_timezone │ wheelchair_boarding │","chan":"stdout","logger":"task"}
{"timestamp":"2025-09-11T09:28:24.624306Z","level":"info","event":"│   varchar    │  varchar  │       varchar        │   │    varchar     │    varchar    │        int64        │","chan":"stdout","logger":"task"}
{"timestamp":"2025-09-11T09:28:24.624484Z","level":"info","event":"├──────────────┼───────────┼──────────────────────┼───┼────────────────┼───────────────┼─────────────────────┤","chan":"stdout","logger":"task"}
{"timestamp":"2025-09-11T09:28:24.624585Z","level":"info","event":"│ 1            │ ABBAT8    │ Abattoirs            │ … │ place_101376   │ NULL          │                   1 │","chan":"stdout","logger":"task"}
{"timestamp":"2025-09-11T09:28:24.624655Z","level":"info","event":"│ 2            │ ABBAT4    │ Abattoirs            │ … │ place_101376   │ NULL          │                   1 │","chan":"stdout","logger":"task"}
{"timestamp":"2025-09-11T09:28:24.624721Z","level":"info","event":"│ 3            │ ROSEL2    │ Abbaye de Roseland   │ … │ place_096609   │ NULL          │                   0 │","chan":"stdout","logger":"task"}
{"timestamp":"2025-09-11T09:28:24.624792Z","level":"info","event":"│ 4            │ ROSEL8    │ Abbaye de Roseland   │ … │ place_096609   │ NULL          │                   0 │","chan":"stdout","logger":"task"}
{"timestamp":"2025-09-11T09:28:24.624864Z","level":"info","event":"│ 5            │ ARSE4     │ Abbaye de Roseland…  │ … │ place_096610   │ NULL          │                   0 │","chan":"stdout","logger":"task"}
{"timestamp":"2025-09-11T09:28:24.624967Z","level":"info","event":"│ 6            │ ACROB6    │ Risso                │ … │ place_096612   │ NULL          │                   1 │","chan":"stdout","logger":"task"}
{"timestamp":"2025-09-11T09:28:24.625037Z","level":"info","event":"│ 8            │ AEPRM1    │ Aéroport / Promenade │ … │ place_101377   │ NULL          │                   1 │","chan":"stdout","logger":"task"}
{"timestamp":"2025-09-11T09:28:24.625107Z","level":"info","event":"│ 11           │ AEPRM2    │ Aéroport / Promenade │ … │ place_101377   │ NULL          │                   1 │","chan":"stdout","logger":"task"}
{"timestamp":"2025-09-11T09:28:24.625191Z","level":"info","event":"│ 12           │ ALBER3    │ Albert 1er           │ … │ place_096616   │ NULL          │                   0 │","chan":"stdout","logger":"task"}
{"timestamp":"2025-09-11T09:28:24.625264Z","level":"info","event":"│ 13           │ ALBER8    │ Jardin d'Arménie     │ … │ place_096617   │ NULL          │                   0 │","chan":"stdout","logger":"task"}
{"timestamp":"2025-09-11T09:28:24.625334Z","level":"info","event":"│ ·            │  ·        │      ·               │ · │  ·             │  ·            │                   · │","chan":"stdout","logger":"task"}
{"timestamp":"2025-09-11T09:28:24.625404Z","level":"info","event":"│ ·            │  ·        │      ·               │ · │  ·             │  ·            │                   · │","chan":"stdout","logger":"task"}
{"timestamp":"2025-09-11T09:28:24.625497Z","level":"info","event":"│ ·            │  ·        │      ·               │ · │  ·             │  ·            │                   · │","chan":"stdout","logger":"task"}
{"timestamp":"2025-09-11T09:28:24.625577Z","level":"info","event":"│ place_SMGEN  │ NULL      │ Gendarmerie          │ … │ NULL           │ Europe/Paris  │                   0 │","chan":"stdout","logger":"task"}
{"timestamp":"2025-09-11T09:28:24.625646Z","level":"info","event":"│ place_SMPMA7 │ NULL      │ Pont Maïssa          │ … │ NULL           │ Europe/Paris  │                   0 │","chan":"stdout","logger":"task"}
{"timestamp":"2025-09-11T09:28:24.625714Z","level":"info","event":"│ 6198         │ SMGEN8    │ Gendarmerie          │ … │ place_SMGEN    │ NULL          │                   1 │","chan":"stdout","logger":"task"}
{"timestamp":"2025-09-11T09:28:24.625780Z","level":"info","event":"│ 21313        │ GENDA3    │ Gendarmerie          │ … │ place_GENDAR   │ NULL          │                   0 │","chan":"stdout","logger":"task"}
{"timestamp":"2025-09-11T09:28:24.625846Z","level":"info","event":"│ 6197         │ SMPMA7    │ Pont Maïssa          │ … │ place_SMPMA7   │ NULL          │                   1 │","chan":"stdout","logger":"task"}
{"timestamp":"2025-09-11T09:28:24.625912Z","level":"info","event":"│ place_VACHRI │ NULL      │ La Vacherie          │ … │ NULL           │ Europe/Paris  │                   0 │","chan":"stdout","logger":"task"}
{"timestamp":"2025-09-11T09:28:24.625984Z","level":"info","event":"│ 23020        │ VACHRI    │ La Vacherie          │ … │ place_VACHRI   │ NULL          │                   1 │","chan":"stdout","logger":"task"}
{"timestamp":"2025-09-11T09:28:24.626058Z","level":"info","event":"│ 21659        │ SUPGA9    │ Super Gattières      │ … │ NULL           │ Europe/Paris  │                   0 │","chan":"stdout","logger":"task"}
{"timestamp":"2025-09-11T09:28:24.626125Z","level":"info","event":"│ place_ALPHA0 │ NULL      │ Parc Alpha Loup      │ … │ NULL           │ Europe/Paris  │                   0 │","chan":"stdout","logger":"task"}
{"timestamp":"2025-09-11T09:28:24.626192Z","level":"info","event":"│ 2997         │ MAGNA1    │ Magnan               │ … │ place_097192   │ NULL          │                   1 │","chan":"stdout","logger":"task"}
{"timestamp":"2025-09-11T09:28:24.626344Z","level":"info","event":"├──────────────┴───────────┴──────────────────────┴───┴────────────────┴───────────────┴─────────────────────┤","chan":"stdout","logger":"task"}
{"timestamp":"2025-09-11T09:28:24.626457Z","level":"info","event":"│ 8970 rows (20 shown)                                                                  10 columns (6 shown) │","chan":"stdout","logger":"task"}
{"timestamp":"2025-09-11T09:28:24.626573Z","level":"info","event":"└────────────────────────────────────────────────────────────────────────────────────────────────────────────┘","chan":"stdout","logger":"task"}
{"timestamp":"2025-09-11T09:28:24.626651Z","level":"info","event":"","chan":"stdout","logger":"task"}
{"timestamp":"2025-09-11T09:28:24.626788Z","level":"info","event":"---------- routes -------------","chan":"stdout","logger":"task"}
{"timestamp":"2025-09-11T09:28:24.644668Z","level":"info","event":"┌──────────┬───────────────┬──────────────────┬───┬──────────────────────┬─────────────┬──────────────────┐","chan":"stdout","logger":"task"}
{"timestamp":"2025-09-11T09:28:24.644834Z","level":"info","event":"│ route_id │   agency_id   │ route_short_name │ … │      route_url       │ route_color │ route_text_color │","chan":"stdout","logger":"task"}
{"timestamp":"2025-09-11T09:28:24.644905Z","level":"info","event":"│ varchar  │    varchar    │     varchar      │   │       varchar        │   varchar   │     varchar      │","chan":"stdout","logger":"task"}
{"timestamp":"2025-09-11T09:28:24.644956Z","level":"info","event":"├──────────┼───────────────┼──────────────────┼───┼──────────────────────┼─────────────┼──────────────────┤","chan":"stdout","logger":"task"}
{"timestamp":"2025-09-11T09:28:24.645000Z","level":"info","event":"│ 05       │ lignes-d-azur │ 05               │ … │ https://ftp.lignes…  │ 3065AF      │ FFFFFF           │","chan":"stdout","logger":"task"}
{"timestamp":"2025-09-11T09:28:24.645042Z","level":"info","event":"│ 06       │ lignes-d-azur │ 06               │ … │ https://ftp.lignes…  │ 2FA948      │ FFFFFF           │","chan":"stdout","logger":"task"}
{"timestamp":"2025-09-11T09:28:24.645082Z","level":"info","event":"│ 07       │ lignes-d-azur │ 07               │ … │ https://ftp.lignes…  │ 751D5D      │ FFFFFF           │","chan":"stdout","logger":"task"}
{"timestamp":"2025-09-11T09:28:24.645122Z","level":"info","event":"│ 09       │ lignes-d-azur │ 09               │ … │ https://ftp.lignes…  │ EF7D00      │ FFFFFF           │","chan":"stdout","logger":"task"}
{"timestamp":"2025-09-11T09:28:24.645161Z","level":"info","event":"│ 11       │ lignes-d-azur │ 11               │ … │ https://ftp.lignes…  │ 9C3F8F      │ FFFFFF           │","chan":"stdout","logger":"task"}
{"timestamp":"2025-09-11T09:28:24.645201Z","level":"info","event":"│ 12       │ lignes-d-azur │ 12+              │ … │ https://ftp.lignes…  │ DE1381      │ FFFFFF           │","chan":"stdout","logger":"task"}
{"timestamp":"2025-09-11T09:28:24.645239Z","level":"info","event":"│ 14       │ lignes-d-azur │ 14               │ … │ https://ftp.lignes…  │ F5A32F      │ FFFFFF           │","chan":"stdout","logger":"task"}
{"timestamp":"2025-09-11T09:28:24.645278Z","level":"info","event":"│ 15       │ lignes-d-azur │ 15               │ … │ https://ftp.lignes…  │ 15B1AF      │ FFFFFF           │","chan":"stdout","logger":"task"}
{"timestamp":"2025-09-11T09:28:24.645317Z","level":"info","event":"│ 16       │ lignes-d-azur │ 16               │ … │ https://ftp.lignes…  │ 35BEEB      │ FFFFFF           │","chan":"stdout","logger":"task"}
{"timestamp":"2025-09-11T09:28:24.645370Z","level":"info","event":"│ 17       │ lignes-d-azur │ 17               │ … │ https://ftp.lignes…  │ 418ABF      │ FFFFFF           │","chan":"stdout","logger":"task"}
{"timestamp":"2025-09-11T09:28:24.645412Z","level":"info","event":"│ ·        │       ·       │ ·                │ · │          ·           │   ·         │   ·              │","chan":"stdout","logger":"task"}
{"timestamp":"2025-09-11T09:28:24.645452Z","level":"info","event":"│ ·        │       ·       │ ·                │ · │          ·           │   ·         │   ·              │","chan":"stdout","logger":"task"}
{"timestamp":"2025-09-11T09:28:24.645491Z","level":"info","event":"│ ·        │       ·       │ ·                │ · │          ·           │   ·         │   ·              │","chan":"stdout","logger":"task"}
{"timestamp":"2025-09-11T09:28:24.645530Z","level":"info","event":"│ NVMA     │ lignes-d-azur │ NVMA             │ … │ https://ftp.lignes…  │ 36BEE9      │ FFFFFF           │","chan":"stdout","logger":"task"}
{"timestamp":"2025-09-11T09:28:24.645569Z","level":"info","event":"│ NGOR     │ lignes-d-azur │ NGOR             │ … │ https://ftp.lignes…  │ 2AA137      │ FFFFFF           │","chan":"stdout","logger":"task"}
{"timestamp":"2025-09-11T09:28:24.645644Z","level":"info","event":"│ 10       │ lignes-d-azur │ 10               │ … │ https://ftp.lignes…  │ 31A948      │ FFFFFF           │","chan":"stdout","logger":"task"}
{"timestamp":"2025-09-11T09:28:24.645683Z","level":"info","event":"│ 08       │ lignes-d-azur │ 8+               │ … │ https://ftp.lignes…  │ FEC703      │ 000000           │","chan":"stdout","logger":"task"}
{"timestamp":"2025-09-11T09:28:24.645721Z","level":"info","event":"│ 12+      │ lignes-d-azur │ 12+              │ … │ https://ftp.lignes…  │ DE1381      │ FFFFFF           │","chan":"stdout","logger":"task"}
{"timestamp":"2025-09-11T09:28:24.645785Z","level":"info","event":"│ 8+       │ lignes-d-azur │ 8+               │ … │ https://ftp.lignes…  │ FEC703      │ 000000           │","chan":"stdout","logger":"task"}
{"timestamp":"2025-09-11T09:28:24.645828Z","level":"info","event":"│ B        │ lignes-d-azur │ B                │ … │ https://ftp.lignes…  │ FFDD00      │ 000000           │","chan":"stdout","logger":"task"}
{"timestamp":"2025-09-11T09:28:24.645870Z","level":"info","event":"│ NBOR     │ lignes-d-azur │ NBOR             │ … │ https://ftp.lignes…  │ 2AA137      │ 000000           │","chan":"stdout","logger":"task"}
{"timestamp":"2025-09-11T09:28:24.645910Z","level":"info","event":"│ VESU     │ lignes-d-azur │ VESU             │ … │ https://ftp.lignes…  │ 2AA137      │ FFFFFF           │","chan":"stdout","logger":"task"}
{"timestamp":"2025-09-11T09:28:24.645949Z","level":"info","event":"│ FOOT     │ lignes-d-azur │ FOOT             │ … │ NULL                 │ 36BEE9      │ FFFFFF           │","chan":"stdout","logger":"task"}
{"timestamp":"2025-09-11T09:28:24.646048Z","level":"info","event":"├──────────┴───────────────┴──────────────────┴───┴──────────────────────┴─────────────┴──────────────────┤","chan":"stdout","logger":"task"}
{"timestamp":"2025-09-11T09:28:24.646099Z","level":"info","event":"│ 226 rows (20 shown)                                                                 8 columns (6 shown) │","chan":"stdout","logger":"task"}
{"timestamp":"2025-09-11T09:28:24.646142Z","level":"info","event":"└─────────────────────────────────────────────────────────────────────────────────────────────────────────┘","chan":"stdout","logger":"task"}
{"timestamp":"2025-09-11T09:28:24.646188Z","level":"info","event":"","chan":"stdout","logger":"task"}
{"timestamp":"2025-09-11T09:28:24.707457Z","level":"info","event":"---------- trips -------------","chan":"stdout","logger":"task"}
{"timestamp":"2025-09-11T09:28:24.806752Z","level":"info","event":"┌──────────┬──────────────────────┬──────────────────────┬───┬──────────┬──────────────────────┬───────────────┐","chan":"stdout","logger":"task"}
{"timestamp":"2025-09-11T09:28:24.806957Z","level":"info","event":"│ route_id │      service_id      │       trip_id        │ … │ shape_id │ wheelchair_accessi…  │ bikes_allowed │","chan":"stdout","logger":"task"}
{"timestamp":"2025-09-11T09:28:24.807036Z","level":"info","event":"│ varchar  │       varchar        │       varchar        │   │ varchar  │        int64         │     int64     │","chan":"stdout","logger":"task"}
{"timestamp":"2025-09-11T09:28:24.807091Z","level":"info","event":"├──────────┼──────────────────────┼──────────────────────┼───┼──────────┼──────────────────────┼───────────────┤","chan":"stdout","logger":"task"}
{"timestamp":"2025-09-11T09:28:24.807173Z","level":"info","event":"│ 75       │ RESEAU2023-75-Dima…  │ 4962940-75_R_97_75…  │ … │ 750032   │                    0 │             0 │","chan":"stdout","logger":"task"}
{"timestamp":"2025-09-11T09:28:24.807223Z","level":"info","event":"│ 75       │ RESEAU2023-75-Same…  │ 4962972-75_R_97_75…  │ … │ 750032   │                    0 │             0 │","chan":"stdout","logger":"task"}
{"timestamp":"2025-09-11T09:28:24.807293Z","level":"info","event":"│ 40       │ RESEAU2023-40-Sema…  │ 4350596-40_A_50_40…  │ … │ 400009   │                    0 │             0 │","chan":"stdout","logger":"task"}
{"timestamp":"2025-09-11T09:28:24.807340Z","level":"info","event":"│ 62       │ RESEAU2023-62-Same…  │ 4336738-62_R_98_62…  │ … │ 620015   │                    0 │             0 │","chan":"stdout","logger":"task"}
{"timestamp":"2025-09-11T09:28:24.807382Z","level":"info","event":"│ C34      │ RESEAU2021-C34-Dim…  │ 3064040-C34_R_2_C3…  │ … │ C340002  │                    0 │             0 │","chan":"stdout","logger":"task"}
{"timestamp":"2025-09-11T09:28:24.807423Z","level":"info","event":"│ 62       │ RESEAU2023-62-Dima…  │ 4336785-62_R_98_62…  │ … │ 620015   │                    0 │             0 │","chan":"stdout","logger":"task"}
{"timestamp":"2025-09-11T09:28:24.807465Z","level":"info","event":"│ 75       │ RESEAU2023-75-Dima…  │ 4962945-75_R_97_75…  │ … │ 750032   │                    0 │             0 │","chan":"stdout","logger":"task"}
{"timestamp":"2025-09-11T09:28:24.807506Z","level":"info","event":"│ 40       │ RESEAU2023-40-Sema…  │ 4350598-40_A_50_40…  │ … │ 400009   │                    0 │             0 │","chan":"stdout","logger":"task"}
{"timestamp":"2025-09-11T09:28:24.807547Z","level":"info","event":"│ 40       │ RESEAU2023-40-Sema…  │ 4350594-40_R_99_40…  │ … │ 400010   │                    0 │             0 │","chan":"stdout","logger":"task"}
{"timestamp":"2025-09-11T09:28:24.807589Z","level":"info","event":"│ 75       │ RESEAU2023-75-Dima…  │ 4962943-75_R_97_75…  │ … │ 750032   │                    0 │             0 │","chan":"stdout","logger":"task"}
{"timestamp":"2025-09-11T09:28:24.807646Z","level":"info","event":"│ ·        │          ·           │          ·           │ · │   ·      │                    · │             · │","chan":"stdout","logger":"task"}
{"timestamp":"2025-09-11T09:28:24.807690Z","level":"info","event":"│ ·        │          ·           │          ·           │ · │   ·      │                    · │             · │","chan":"stdout","logger":"task"}
{"timestamp":"2025-09-11T09:28:24.807731Z","level":"info","event":"│ ·        │          ·           │          ·           │ · │   ·      │                    · │             · │","chan":"stdout","logger":"task"}
{"timestamp":"2025-09-11T09:28:24.807772Z","level":"info","event":"│ 10       │ SETP2025-10-Samedi…  │ 6435959-10_A_5_060…  │ … │ 100005   │                    0 │             0 │","chan":"stdout","logger":"task"}
{"timestamp":"2025-09-11T09:28:24.807813Z","level":"info","event":"│ 10       │ SETP2025-10-Samedi…  │ 6435960-10_A_5_060…  │ … │ 100005   │                    0 │             0 │","chan":"stdout","logger":"task"}
{"timestamp":"2025-09-11T09:28:24.807854Z","level":"info","event":"│ 10       │ SETP2025-10-Samedi…  │ 6435961-10_A_5_060…  │ … │ 100005   │                    0 │             0 │","chan":"stdout","logger":"task"}
{"timestamp":"2025-09-11T09:28:24.807899Z","level":"info","event":"│ 12+      │ SETP2025-12-Semain…  │ chouette:VehicleJo…  │ … │ 120081   │                    0 │             0 │","chan":"stdout","logger":"task"}
{"timestamp":"2025-09-11T09:28:24.807944Z","level":"info","event":"│ 12+      │ SETP2025-12-Semain…  │ 6252783-12_R_99_12…  │ … │ 120081   │                    0 │             0 │","chan":"stdout","logger":"task"}
{"timestamp":"2025-09-11T09:28:24.807988Z","level":"info","event":"│ 12+      │ SETP2025-12-Semain…  │ chouette:VehicleJo…  │ … │ 120081   │                    0 │             0 │","chan":"stdout","logger":"task"}
{"timestamp":"2025-09-11T09:28:24.808030Z","level":"info","event":"│ 10       │ SETP2025-10-Samedi…  │ 6435962-10_A_5_060…  │ … │ 100005   │                    0 │             0 │","chan":"stdout","logger":"task"}
{"timestamp":"2025-09-11T09:28:24.808070Z","level":"info","event":"│ 10       │ SETP2025-10-Samedi…  │ 6435963-10_A_5_060…  │ … │ 100005   │                    0 │             0 │","chan":"stdout","logger":"task"}
{"timestamp":"2025-09-11T09:28:24.808111Z","level":"info","event":"│ 10       │ SETP2025-10-Samedi…  │ 6435964-10_A_5_060…  │ … │ 100005   │                    0 │             0 │","chan":"stdout","logger":"task"}
{"timestamp":"2025-09-11T09:28:24.808152Z","level":"info","event":"│ 10       │ SETP2025-10-Samedi…  │ 6435965-10_A_5_060…  │ … │ 100005   │                    0 │             0 │","chan":"stdout","logger":"task"}
{"timestamp":"2025-09-11T09:28:24.808289Z","level":"info","event":"├──────────┴──────────────────────┴──────────────────────┴───┴──────────┴──────────────────────┴───────────────┤","chan":"stdout","logger":"task"}
{"timestamp":"2025-09-11T09:28:24.808357Z","level":"info","event":"│ ? rows (>9999 rows, 20 shown)                                                            9 columns (6 shown) │","chan":"stdout","logger":"task"}
{"timestamp":"2025-09-11T09:28:24.808502Z","level":"info","event":"└──────────────────────────────────────────────────────────────────────────────────────────────────────────────┘","chan":"stdout","logger":"task"}
{"timestamp":"2025-09-11T09:28:24.808566Z","level":"info","event":"","chan":"stdout","logger":"task"}
{"timestamp":"2025-09-11T09:28:25.246291Z","level":"info","event":"---------- stop_times -------------","chan":"stdout","logger":"task"}
{"timestamp":"2025-09-11T09:28:35.790896Z","level":"info","event":"┌──────────────────────────────┬──────────────┬────────────────┬─────────┬───────────────┬─────────────┬───────────────┐","chan":"stdout","logger":"task"}
{"timestamp":"2025-09-11T09:28:35.791624Z","level":"info","event":"│           trip_id            │ arrival_time │ departure_time │ stop_id │ stop_sequence │ pickup_type │ drop_off_type │","chan":"stdout","logger":"task"}
{"timestamp":"2025-09-11T09:28:35.791764Z","level":"info","event":"│           varchar            │     time     │      time      │  int64  │     int64     │    int64    │     int64     │","chan":"stdout","logger":"task"}
{"timestamp":"2025-09-11T09:28:35.791839Z","level":"info","event":"├──────────────────────────────┼──────────────┼────────────────┼─────────┼───────────────┼─────────────┼───────────────┤","chan":"stdout","logger":"task"}
{"timestamp":"2025-09-11T09:28:35.791908Z","level":"info","event":"│ 3064029-C32_A_1_C3201_08:3…  │ 08:30:00     │ 08:30:00       │   21681 │             0 │           2 │             2 │","chan":"stdout","logger":"task"}
{"timestamp":"2025-09-11T09:28:35.791975Z","level":"info","event":"│ 3064029-C32_A_1_C3201_08:3…  │ 08:35:00     │ 08:35:00       │   21652 │             1 │           2 │             2 │","chan":"stdout","logger":"task"}
{"timestamp":"2025-09-11T09:28:35.792048Z","level":"info","event":"│ 3064029-C32_A_1_C3201_08:3…  │ 08:55:00     │ 08:55:00       │   21644 │             2 │           2 │             2 │","chan":"stdout","logger":"task"}
{"timestamp":"2025-09-11T09:28:35.792119Z","level":"info","event":"│ 3064029-C32_A_1_C3201_08:3…  │ 09:15:00     │ 09:15:00       │   21398 │             3 │           2 │             2 │","chan":"stdout","logger":"task"}
{"timestamp":"2025-09-11T09:28:35.792189Z","level":"info","event":"│ 3064030-C32_R_2_C3202_17:2…  │ 17:20:00     │ 17:20:00       │   21398 │             0 │           2 │             2 │","chan":"stdout","logger":"task"}
{"timestamp":"2025-09-11T09:28:35.792262Z","level":"info","event":"│ 3064030-C32_R_2_C3202_17:2…  │ 17:40:00     │ 17:40:00       │   21644 │             1 │           2 │             2 │","chan":"stdout","logger":"task"}
{"timestamp":"2025-09-11T09:28:35.792343Z","level":"info","event":"│ 3064030-C32_R_2_C3202_17:2…  │ 18:00:00     │ 18:00:00       │   21652 │             2 │           2 │             2 │","chan":"stdout","logger":"task"}
{"timestamp":"2025-09-11T09:28:35.792459Z","level":"info","event":"│ 3064030-C32_R_2_C3202_17:2…  │ 18:05:00     │ 18:05:00       │   21681 │             3 │           2 │             2 │","chan":"stdout","logger":"task"}
{"timestamp":"2025-09-11T09:28:35.792505Z","level":"info","event":"│ 3064033-C32_A_1_C3202_17:0…  │ 17:00:00     │ 17:00:00       │   21681 │             0 │           2 │             2 │","chan":"stdout","logger":"task"}
{"timestamp":"2025-09-11T09:28:35.792547Z","level":"info","event":"│ 3064033-C32_A_1_C3202_17:0…  │ 17:05:00     │ 17:05:00       │   21652 │             1 │           2 │             2 │","chan":"stdout","logger":"task"}
{"timestamp":"2025-09-11T09:28:35.792600Z","level":"info","event":"│              ·               │    ·         │    ·           │      ·  │             · │           · │             · │","chan":"stdout","logger":"task"}
{"timestamp":"2025-09-11T09:28:35.792642Z","level":"info","event":"│              ·               │    ·         │    ·           │      ·  │             · │           · │             · │","chan":"stdout","logger":"task"}
{"timestamp":"2025-09-11T09:28:35.792718Z","level":"info","event":"│              ·               │    ·         │    ·           │      ·  │             · │           · │             · │","chan":"stdout","logger":"task"}
{"timestamp":"2025-09-11T09:28:35.792779Z","level":"info","event":"│ 4669775-62_A_48_6201_13:40…  │ 14:08:00     │ 14:08:00       │    6064 │            25 │           0 │             0 │","chan":"stdout","logger":"task"}
{"timestamp":"2025-09-11T09:28:35.792842Z","level":"info","event":"│ 4669775-62_A_48_6201_13:40…  │ 14:09:00     │ 14:09:00       │    6021 │            26 │           0 │             0 │","chan":"stdout","logger":"task"}
{"timestamp":"2025-09-11T09:28:35.792885Z","level":"info","event":"│ 4669775-62_A_48_6201_13:40…  │ 14:10:00     │ 14:10:00       │    6033 │            27 │           0 │             0 │","chan":"stdout","logger":"task"}
{"timestamp":"2025-09-11T09:28:35.792944Z","level":"info","event":"│ 4669776-62_A_48_6203_12:40…  │ 12:40:00     │ 12:40:00       │    2828 │             0 │           0 │             0 │","chan":"stdout","logger":"task"}
{"timestamp":"2025-09-11T09:28:35.792982Z","level":"info","event":"│ 4669776-62_A_48_6203_12:40…  │ 12:42:00     │ 12:42:00       │    1619 │             1 │           0 │             0 │","chan":"stdout","logger":"task"}
{"timestamp":"2025-09-11T09:28:35.793020Z","level":"info","event":"│ 4669776-62_A_48_6203_12:40…  │ 12:44:00     │ 12:44:00       │     139 │             2 │           0 │             0 │","chan":"stdout","logger":"task"}
{"timestamp":"2025-09-11T09:28:35.793058Z","level":"info","event":"│ 4669776-62_A_48_6203_12:40…  │ 12:47:00     │ 12:47:00       │     144 │             3 │           0 │             0 │","chan":"stdout","logger":"task"}
{"timestamp":"2025-09-11T09:28:35.793096Z","level":"info","event":"│ 4669776-62_A_48_6203_12:40…  │ 12:48:00     │ 12:48:00       │    1161 │             4 │           0 │             0 │","chan":"stdout","logger":"task"}
{"timestamp":"2025-09-11T09:28:35.793134Z","level":"info","event":"│ 4669776-62_A_48_6203_12:40…  │ 12:49:00     │ 12:49:00       │     265 │             5 │           0 │             0 │","chan":"stdout","logger":"task"}
{"timestamp":"2025-09-11T09:28:35.793263Z","level":"info","event":"│ 4669776-62_A_48_6203_12:40…  │ 12:49:00     │ 12:49:00       │    1320 │             6 │           0 │             0 │","chan":"stdout","logger":"task"}
{"timestamp":"2025-09-11T09:28:35.793324Z","level":"info","event":"├──────────────────────────────┴──────────────┴────────────────┴─────────┴───────────────┴─────────────┴───────────────┤","chan":"stdout","logger":"task"}
{"timestamp":"2025-09-11T09:28:35.793367Z","level":"info","event":"│ ? rows (>9999 rows, 20 shown)                                                                              7 columns │","chan":"stdout","logger":"task"}
{"timestamp":"2025-09-11T09:28:35.793409Z","level":"info","event":"└──────────────────────────────────────────────────────────────────────────────────────────────────────────────────────┘","chan":"stdout","logger":"task"}
{"timestamp":"2025-09-11T09:28:35.793459Z","level":"info","event":"","chan":"stdout","logger":"task"}
{"timestamp":"2025-09-11T09:28:35.795845Z","level":"info","event":"---------- calendar -------------","chan":"stdout","logger":"task"}
{"timestamp":"2025-09-11T09:28:35.841484Z","level":"info","event":"┌──────────────────────┬────────┬─────────┬───────────┬──────────┬───┬──────────┬────────┬────────────┬────────────┐","chan":"stdout","logger":"task"}
{"timestamp":"2025-09-11T09:28:35.841736Z","level":"info","event":"│      service_id      │ monday │ tuesday │ wednesday │ thursday │ … │ saturday │ sunday │ start_date │  end_date  │","chan":"stdout","logger":"task"}
{"timestamp":"2025-09-11T09:28:35.841853Z","level":"info","event":"│       varchar        │ int64  │  int64  │   int64   │  int64   │   │  int64   │ int64  │    date    │    date    │","chan":"stdout","logger":"task"}
{"timestamp":"2025-09-11T09:28:35.841934Z","level":"info","event":"├──────────────────────┼────────┼─────────┼───────────┼──────────┼───┼──────────┼────────┼────────────┼────────────┤","chan":"stdout","logger":"task"}
{"timestamp":"2025-09-11T09:28:35.842049Z","level":"info","event":"│ SETP2025-08-Semain…  │      1 │       1 │         1 │        1 │ … │        0 │      0 │ 2025-09-10 │ 2025-10-17 │","chan":"stdout","logger":"task"}
{"timestamp":"2025-09-11T09:28:35.842097Z","level":"info","event":"│ chouette:TimeTable…  │      1 │       0 │         0 │        0 │ … │        0 │      0 │ 2025-09-10 │ 2025-10-19 │","chan":"stdout","logger":"task"}
{"timestamp":"2025-09-11T09:28:35.842138Z","level":"info","event":"│ chouette:TimeTable…  │      0 │       1 │         1 │        1 │ … │        1 │      0 │ 2025-09-10 │ 2025-10-18 │","chan":"stdout","logger":"task"}
{"timestamp":"2025-09-11T09:28:35.842203Z","level":"info","event":"│ SETP2025-12-Semain…  │      1 │       1 │         1 │        1 │ … │        0 │      0 │ 2025-09-10 │ 2025-10-17 │","chan":"stdout","logger":"task"}
{"timestamp":"2025-09-11T09:28:35.842321Z","level":"info","event":"│ chouette:TimeTable…  │      1 │       0 │         0 │        0 │ … │        0 │      0 │ 2025-09-10 │ 2025-10-19 │","chan":"stdout","logger":"task"}
{"timestamp":"2025-09-11T09:28:35.842366Z","level":"info","event":"│ SETP2025-06-Semain…  │      1 │       1 │         1 │        1 │ … │        0 │      0 │ 2025-09-10 │ 2025-12-31 │","chan":"stdout","logger":"task"}
{"timestamp":"2025-09-11T09:28:35.842407Z","level":"info","event":"│ PROJET2023-47-Sema…  │      1 │       1 │         1 │        1 │ … │        0 │      0 │ 2025-09-10 │ 2025-12-19 │","chan":"stdout","logger":"task"}
{"timestamp":"2025-09-11T09:28:35.842446Z","level":"info","event":"│ SETP2025-L1-Semain…  │      1 │       1 │         1 │        1 │ … │        0 │      0 │ 2025-09-10 │ 2025-12-31 │","chan":"stdout","logger":"task"}
{"timestamp":"2025-09-11T09:28:35.842511Z","level":"info","event":"│ JANV2025-L2-Semain…  │      1 │       1 │         1 │        1 │ … │        0 │      0 │ 2025-09-10 │ 2025-12-31 │","chan":"stdout","logger":"task"}
{"timestamp":"2025-09-11T09:28:35.842582Z","level":"info","event":"│ chouette:TimeTable…  │      0 │       1 │         1 │        1 │ … │        1 │      0 │ 2025-09-10 │ 2025-12-31 │","chan":"stdout","logger":"task"}
{"timestamp":"2025-09-11T09:28:35.842624Z","level":"info","event":"│          ·           │      · │       · │         · │        · │ · │        · │      · │     ·      │     ·      │","chan":"stdout","logger":"task"}
{"timestamp":"2025-09-11T09:28:35.842664Z","level":"info","event":"│          ·           │      · │       · │         · │        · │ · │        · │      · │     ·      │     ·      │","chan":"stdout","logger":"task"}
{"timestamp":"2025-09-11T09:28:35.842704Z","level":"info","event":"│          ·           │      · │       · │         · │        · │ · │        · │      · │     ·      │     ·      │","chan":"stdout","logger":"task"}
{"timestamp":"2025-09-11T09:28:35.842743Z","level":"info","event":"│ PROJET2025-VESU-Di…  │      0 │       0 │         0 │        0 │ … │        0 │      1 │ 2025-09-10 │ 2025-09-21 │","chan":"stdout","logger":"task"}
{"timestamp":"2025-09-11T09:28:35.842781Z","level":"info","event":"│ RESEAU2021-C32-Wee…  │      0 │       0 │         0 │        0 │ … │        1 │      1 │ 2025-09-10 │ 2025-12-28 │","chan":"stdout","logger":"task"}
{"timestamp":"2025-09-11T09:28:35.842819Z","level":"info","event":"│ PROJET2024-75-Merc…  │      0 │       0 │         1 │        0 │ … │        0 │      0 │ 2025-09-17 │ 2025-12-17 │","chan":"stdout","logger":"task"}
{"timestamp":"2025-09-11T09:28:35.842858Z","level":"info","event":"│ PROJET2024-75-Sema…  │      1 │       1 │         0 │        1 │ … │        0 │      0 │ 2025-09-11 │ 2025-12-19 │","chan":"stdout","logger":"task"}
{"timestamp":"2025-09-11T09:28:35.842897Z","level":"info","event":"│ PROJET2024-75-Sema…  │      1 │       1 │         1 │        1 │ … │        0 │      0 │ 2025-10-20 │ 2025-12-31 │","chan":"stdout","logger":"task"}
{"timestamp":"2025-09-11T09:28:35.842935Z","level":"info","event":"│ chouette:TimeTable…  │      0 │       0 │         0 │        0 │ … │        0 │      1 │ 2025-09-14 │ 2025-12-28 │","chan":"stdout","logger":"task"}
{"timestamp":"2025-09-11T09:28:35.842974Z","level":"info","event":"│ chouette:TimeTable…  │      0 │       0 │         0 │        0 │ … │        1 │      0 │ 2025-09-13 │ 2025-12-27 │","chan":"stdout","logger":"task"}
{"timestamp":"2025-09-11T09:28:35.843012Z","level":"info","event":"│ chouette:TimeTable…  │      0 │       0 │         0 │        0 │ … │        0 │      1 │ 2025-09-14 │ 2025-12-28 │","chan":"stdout","logger":"task"}
{"timestamp":"2025-09-11T09:28:35.843131Z","level":"info","event":"│ PROJET2025-FOOT-Sa…  │      0 │       0 │         0 │        0 │ … │        1 │      0 │ 2025-09-13 │ 2025-12-27 │","chan":"stdout","logger":"task"}
{"timestamp":"2025-09-11T09:28:35.843187Z","level":"info","event":"│ PROJET2025-FOOT-Se…  │      1 │       1 │         1 │        1 │ … │        0 │      0 │ 2025-09-11 │ 2025-12-31 │","chan":"stdout","logger":"task"}
{"timestamp":"2025-09-11T09:28:35.843232Z","level":"info","event":"├──────────────────────┴────────┴─────────┴───────────┴──────────┴───┴──────────┴────────┴────────────┴────────────┤","chan":"stdout","logger":"task"}
{"timestamp":"2025-09-11T09:28:35.843309Z","level":"info","event":"│ 776 rows (20 shown)                                                                         10 columns (9 shown) │","chan":"stdout","logger":"task"}
{"timestamp":"2025-09-11T09:28:35.843365Z","level":"info","event":"└──────────────────────────────────────────────────────────────────────────────────────────────────────────────────┘","chan":"stdout","logger":"task"}
{"timestamp":"2025-09-11T09:28:35.843409Z","level":"info","event":"","chan":"stdout","logger":"task"}
{"timestamp":"2025-09-11T09:28:35.844746Z","level":"info","event":"---------- calendar_dates -------------","chan":"stdout","logger":"task"}
{"timestamp":"2025-09-11T09:28:35.892025Z","level":"info","event":"┌─────────────────────────────────────────────────────────────┬────────────┬────────────────┐","chan":"stdout","logger":"task"}
{"timestamp":"2025-09-11T09:28:35.892213Z","level":"info","event":"│                         service_id                          │    date    │ exception_type │","chan":"stdout","logger":"task"}
{"timestamp":"2025-09-11T09:28:35.892288Z","level":"info","event":"│                           varchar                           │    date    │     int64      │","chan":"stdout","logger":"task"}
{"timestamp":"2025-09-11T09:28:35.892341Z","level":"info","event":"├─────────────────────────────────────────────────────────────┼────────────┼────────────────┤","chan":"stdout","logger":"task"}
{"timestamp":"2025-09-11T09:28:35.892444Z","level":"info","event":"│ SETP2025-06-Semaine-01-06                                   │ 2025-10-20 │              2 │","chan":"stdout","logger":"task"}
{"timestamp":"2025-09-11T09:28:35.892496Z","level":"info","event":"│ SETP2025-06-Semaine-01-06                                   │ 2025-10-21 │              2 │","chan":"stdout","logger":"task"}
{"timestamp":"2025-09-11T09:28:35.892542Z","level":"info","event":"│ SETP2025-06-Semaine-01-06                                   │ 2025-10-22 │              2 │","chan":"stdout","logger":"task"}
{"timestamp":"2025-09-11T09:28:35.892587Z","level":"info","event":"│ SETP2025-06-Semaine-01-06                                   │ 2025-10-23 │              2 │","chan":"stdout","logger":"task"}
{"timestamp":"2025-09-11T09:28:35.892631Z","level":"info","event":"│ SETP2025-06-Semaine-01-06                                   │ 2025-10-24 │              2 │","chan":"stdout","logger":"task"}
{"timestamp":"2025-09-11T09:28:35.892676Z","level":"info","event":"│ SETP2025-06-Semaine-01-06                                   │ 2025-10-27 │              2 │","chan":"stdout","logger":"task"}
{"timestamp":"2025-09-11T09:28:35.892720Z","level":"info","event":"│ SETP2025-06-Semaine-01-06                                   │ 2025-10-28 │              2 │","chan":"stdout","logger":"task"}
{"timestamp":"2025-09-11T09:28:35.892764Z","level":"info","event":"│ SETP2025-06-Semaine-01-06                                   │ 2025-10-29 │              2 │","chan":"stdout","logger":"task"}
{"timestamp":"2025-09-11T09:28:35.892807Z","level":"info","event":"│ SETP2025-06-Semaine-01-06                                   │ 2025-10-30 │              2 │","chan":"stdout","logger":"task"}
{"timestamp":"2025-09-11T09:28:35.892851Z","level":"info","event":"│ SETP2025-06-Semaine-01-06                                   │ 2025-10-31 │              2 │","chan":"stdout","logger":"task"}
{"timestamp":"2025-09-11T09:28:35.892894Z","level":"info","event":"│             ·                                               │     ·      │              · │","chan":"stdout","logger":"task"}
{"timestamp":"2025-09-11T09:28:35.892950Z","level":"info","event":"│             ·                                               │     ·      │              · │","chan":"stdout","logger":"task"}
{"timestamp":"2025-09-11T09:28:35.892995Z","level":"info","event":"│             ·                                               │     ·      │              · │","chan":"stdout","logger":"task"}
{"timestamp":"2025-09-11T09:28:35.893038Z","level":"info","event":"│ chouette:TimeTable:6f189263-46a0-4c74-bcd7-91f10971c05a:LOC │ 2025-11-01 │              1 │","chan":"stdout","logger":"task"}
{"timestamp":"2025-09-11T09:28:35.893081Z","level":"info","event":"│ chouette:TimeTable:6f189263-46a0-4c74-bcd7-91f10971c05a:LOC │ 2025-11-11 │              1 │","chan":"stdout","logger":"task"}
{"timestamp":"2025-09-11T09:28:35.893124Z","level":"info","event":"│ chouette:TimeTable:6f189263-46a0-4c74-bcd7-91f10971c05a:LOC │ 2025-12-25 │              1 │","chan":"stdout","logger":"task"}
{"timestamp":"2025-09-11T09:28:35.893187Z","level":"info","event":"│ chouette:TimeTable:2c121a71-1699-4ad2-b598-448167840877:LOC │ 2025-11-01 │              2 │","chan":"stdout","logger":"task"}
{"timestamp":"2025-09-11T09:28:35.893264Z","level":"info","event":"│ chouette:TimeTable:686e82eb-2b9a-425e-be61-f682742c18f7:LOC │ 2025-11-01 │              1 │","chan":"stdout","logger":"task"}
{"timestamp":"2025-09-11T09:28:35.893354Z","level":"info","event":"│ chouette:TimeTable:686e82eb-2b9a-425e-be61-f682742c18f7:LOC │ 2025-11-11 │              1 │","chan":"stdout","logger":"task"}
{"timestamp":"2025-09-11T09:28:35.893439Z","level":"info","event":"│ chouette:TimeTable:686e82eb-2b9a-425e-be61-f682742c18f7:LOC │ 2025-12-25 │              1 │","chan":"stdout","logger":"task"}
{"timestamp":"2025-09-11T09:28:35.893521Z","level":"info","event":"│ PROJET2025-FOOT-Samedi-03-FOOT                              │ 2025-11-01 │              2 │","chan":"stdout","logger":"task"}
{"timestamp":"2025-09-11T09:28:35.893602Z","level":"info","event":"│ PROJET2025-FOOT-Semaine-03-FOOT                             │ 2025-11-11 │              2 │","chan":"stdout","logger":"task"}
{"timestamp":"2025-09-11T09:28:35.893711Z","level":"info","event":"│ PROJET2025-FOOT-Semaine-03-FOOT                             │ 2025-12-25 │              2 │","chan":"stdout","logger":"task"}
{"timestamp":"2025-09-11T09:28:35.893805Z","level":"info","event":"├─────────────────────────────────────────────────────────────┴────────────┴────────────────┤","chan":"stdout","logger":"task"}
{"timestamp":"2025-09-11T09:28:35.893889Z","level":"info","event":"│ 6164 rows (20 shown)                                                            3 columns │","chan":"stdout","logger":"task"}
{"timestamp":"2025-09-11T09:28:35.893973Z","level":"info","event":"└───────────────────────────────────────────────────────────────────────────────────────────┘","chan":"stdout","logger":"task"}
{"timestamp":"2025-09-11T09:28:35.894056Z","level":"info","event":"","chan":"stdout","logger":"task"}
{"timestamp":"2025-09-11T09:28:36.039860Z","level":"info","event":"---------- shapes -------------","chan":"stdout","logger":"task"}
{"timestamp":"2025-09-11T09:28:36.290150Z","level":"info","event":"┌──────────┬──────────────┬──────────────┬───────────────────┬─────────────────────┐","chan":"stdout","logger":"task"}
{"timestamp":"2025-09-11T09:28:36.290395Z","level":"info","event":"│ shape_id │ shape_pt_lat │ shape_pt_lon │ shape_pt_sequence │ shape_dist_traveled │","chan":"stdout","logger":"task"}
{"timestamp":"2025-09-11T09:28:36.290500Z","level":"info","event":"│ varchar  │    double    │    double    │       int64       │       double        │","chan":"stdout","logger":"task"}
{"timestamp":"2025-09-11T09:28:36.290572Z","level":"info","event":"├──────────┼──────────────┼──────────────┼───────────────────┼─────────────────────┤","chan":"stdout","logger":"task"}
{"timestamp":"2025-09-11T09:28:36.290631Z","level":"info","event":"│ 090009   │    43.666912 │      7.12729 │                 0 │                 0.0 │","chan":"stdout","logger":"task"}
{"timestamp":"2025-09-11T09:28:36.290673Z","level":"info","event":"│ 090009   │    43.666146 │     7.127847 │                 1 │               0.096 │","chan":"stdout","logger":"task"}
{"timestamp":"2025-09-11T09:28:36.290713Z","level":"info","event":"│ 090009   │    43.665786 │     7.128121 │                 2 │               0.142 │","chan":"stdout","logger":"task"}
{"timestamp":"2025-09-11T09:28:36.290752Z","level":"info","event":"│ 090009   │    43.665663 │     7.128181 │                 3 │               0.157 │","chan":"stdout","logger":"task"}
{"timestamp":"2025-09-11T09:28:36.290792Z","level":"info","event":"│ 090009   │    43.665541 │     7.128189 │                 4 │                0.17 │","chan":"stdout","logger":"task"}
{"timestamp":"2025-09-11T09:28:36.290831Z","level":"info","event":"│ 090009   │    43.665459 │     7.128166 │                 5 │               0.179 │","chan":"stdout","logger":"task"}
{"timestamp":"2025-09-11T09:28:36.290869Z","level":"info","event":"│ 090009   │    43.665393 │     7.128129 │                 6 │               0.187 │","chan":"stdout","logger":"task"}
{"timestamp":"2025-09-11T09:28:36.290907Z","level":"info","event":"│ 090009   │     43.66538 │      7.12805 │                 7 │               0.194 │","chan":"stdout","logger":"task"}
{"timestamp":"2025-09-11T09:28:36.290945Z","level":"info","event":"│ 090009   │     43.66538 │     7.128005 │                 8 │               0.198 │","chan":"stdout","logger":"task"}
{"timestamp":"2025-09-11T09:28:36.290983Z","level":"info","event":"│ 090009   │    43.665285 │     7.127922 │                 9 │                0.21 │","chan":"stdout","logger":"task"}
{"timestamp":"2025-09-11T09:28:36.291022Z","level":"info","event":"│   ·      │         ·    │         ·    │                 · │                  ·  │","chan":"stdout","logger":"task"}
{"timestamp":"2025-09-11T09:28:36.291061Z","level":"info","event":"│   ·      │         ·    │         ·    │                 · │                  ·  │","chan":"stdout","logger":"task"}
{"timestamp":"2025-09-11T09:28:36.291099Z","level":"info","event":"│   ·      │         ·    │         ·    │                 · │                  ·  │","chan":"stdout","logger":"task"}
{"timestamp":"2025-09-11T09:28:36.291137Z","level":"info","event":"│ 850001   │     43.74449 │     7.317986 │               271 │                3.96 │","chan":"stdout","logger":"task"}
{"timestamp":"2025-09-11T09:28:36.291176Z","level":"info","event":"│ 850001   │    43.744562 │     7.318015 │               272 │               3.968 │","chan":"stdout","logger":"task"}
{"timestamp":"2025-09-11T09:28:36.291214Z","level":"info","event":"│ 850001   │    43.744619 │     7.318053 │               273 │               3.975 │","chan":"stdout","logger":"task"}
{"timestamp":"2025-09-11T09:28:36.291252Z","level":"info","event":"│ 850001   │    43.744671 │     7.318139 │               274 │               3.984 │","chan":"stdout","logger":"task"}
{"timestamp":"2025-09-11T09:28:36.291290Z","level":"info","event":"│ 850001   │    43.744874 │     7.318531 │               275 │               4.023 │","chan":"stdout","logger":"task"}
{"timestamp":"2025-09-11T09:28:36.291333Z","level":"info","event":"│ 850001   │    43.744958 │     7.318633 │               276 │               4.036 │","chan":"stdout","logger":"task"}
{"timestamp":"2025-09-11T09:28:36.291373Z","level":"info","event":"│ 850001   │    43.745227 │     7.319016 │               277 │               4.079 │","chan":"stdout","logger":"task"}
{"timestamp":"2025-09-11T09:28:36.291432Z","level":"info","event":"│ 850001   │    43.745277 │     7.319084 │               278 │               4.086 │","chan":"stdout","logger":"task"}
{"timestamp":"2025-09-11T09:28:36.291473Z","level":"info","event":"│ 850001   │    43.745277 │     7.319084 │               279 │               4.086 │","chan":"stdout","logger":"task"}
{"timestamp":"2025-09-11T09:28:36.291550Z","level":"info","event":"│ 850001   │    43.745307 │     7.319122 │               280 │               4.091 │","chan":"stdout","logger":"task"}
{"timestamp":"2025-09-11T09:28:36.291591Z","level":"info","event":"├──────────┴──────────────┴──────────────┴───────────────────┴─────────────────────┤","chan":"stdout","logger":"task"}
{"timestamp":"2025-09-11T09:28:36.291631Z","level":"info","event":"│ ? rows (>9999 rows, 20 shown)                                          5 columns │","chan":"stdout","logger":"task"}
{"timestamp":"2025-09-11T09:28:36.291671Z","level":"info","event":"└──────────────────────────────────────────────────────────────────────────────────┘","chan":"stdout","logger":"task"}
{"timestamp":"2025-09-11T09:28:36.291711Z","level":"info","event":"","chan":"stdout","logger":"task"}
{"timestamp":"2025-09-11T09:28:36.447575","level":"info","event":"Done. Returned value was: None","logger":"airflow.task.operators.airflow.providers.standard.operators.python.PythonOperator"}
{"timestamp":"2025-09-11T09:28:36.465816Z","level":"info","event":"Task instance in success state","chan":"stdout","logger":"task"}
{"timestamp":"2025-09-11T09:28:36.465949Z","level":"info","event":" Previous state of the Task instance: TaskInstanceState.RUNNING","chan":"stdout","logger":"task"}
{"timestamp":"2025-09-11T09:28:36.466133Z","level":"info","event":"Task operator:<Task(PythonOperator): load_duckdb.to_duckdb_reseau_transport>","chan":"stdout","logger":"task"}
