{"timestamp":"2025-09-12T08:00:30.729810","level":"info","event":"DAG bundles loaded: dags-folder, example_dags","logger":"airflow.dag_processing.bundles.manager.DagBundlesManager"}
{"timestamp":"2025-09-12T08:00:30.730314","level":"info","event":"Filling up the DagBag from /opt/airflow/dags/lignes_azure_dag.py","logger":"airflow.models.dagbag.DagBag"}
{"timestamp":"2025-09-12T08:00:30.793681Z","level":"info","event":"Task instance is in running state","chan":"stdout","logger":"task"}
{"timestamp":"2025-09-12T08:00:30.793831Z","level":"info","event":" Previous state of the Task instance: TaskInstanceState.QUEUED","chan":"stdout","logger":"task"}
{"timestamp":"2025-09-12T08:00:30.793934Z","level":"info","event":"Current task name:load_duckdb.to_duckdb_vehicle_positions","chan":"stdout","logger":"task"}
{"timestamp":"2025-09-12T08:00:30.793994Z","level":"info","event":"Dag name:lignes_azure_ETL","chan":"stdout","logger":"task"}
{"timestamp":"2025-09-12T08:00:30.832514Z","level":"info","event":"--------------- RETURN SELECT ------------------------","chan":"stdout","logger":"task"}
{"timestamp":"2025-09-12T08:00:30.836521Z","level":"info","event":"┌──────────────────────┬──────────┬────────────────────┬───┬─────────────────────┬─────────┬────────────┐","chan":"stdout","logger":"task"}
{"timestamp":"2025-09-12T08:00:30.836696Z","level":"info","event":"│       trip_id        │ route_id │      latitude      │ … │      timestamp      │ stop_id │ vehicle_id │","chan":"stdout","logger":"task"}
{"timestamp":"2025-09-12T08:00:30.836770Z","level":"info","event":"│       varchar        │ varchar  │       double       │   │    timestamp_ns     │ varchar │  varchar   │","chan":"stdout","logger":"task"}
{"timestamp":"2025-09-12T08:00:30.836825Z","level":"info","event":"├──────────────────────┼──────────┼────────────────────┼───┼─────────────────────┼─────────┼────────────┤","chan":"stdout","logger":"task"}
{"timestamp":"2025-09-12T08:00:30.836878Z","level":"info","event":"│ 6462513-31_A_47_31…  │ 31       │ 43.722129821777344 │ … │ 2025-09-12 07:59:31 │ 503     │ TCA74036   │","chan":"stdout","logger":"task"}
{"timestamp":"2025-09-12T08:00:30.836927Z","level":"info","event":"│ 6416424-33_A_50_33…  │ 33       │ 43.722572326660156 │ … │ 2025-09-12 07:59:29 │ 243     │ RLA311     │","chan":"stdout","logger":"task"}
{"timestamp":"2025-09-12T08:00:30.836976Z","level":"info","event":"│ 6411436-70_A_50_70…  │ 70       │  43.72019577026367 │ … │ 2025-09-12 07:59:29 │ 160     │ RLA328     │","chan":"stdout","logger":"task"}
{"timestamp":"2025-09-12T08:00:30.837024Z","level":"info","event":"│ 6252420-11_R_98_11…  │ 11       │  43.71629333496094 │ … │ 2025-09-12 07:59:31 │ 1112    │ RLA365     │","chan":"stdout","logger":"task"}
{"timestamp":"2025-09-12T08:00:30.837072Z","level":"info","event":"│ 6102448-63_R_98_63…  │ 63       │ 43.727787017822266 │ … │ 2025-09-12 07:59:29 │ 1427    │ TCA73941   │","chan":"stdout","logger":"task"}
{"timestamp":"2025-09-12T08:00:30.837119Z","level":"info","event":"│ 4515179-80_A_47_80…  │ 80       │  43.70550537109375 │ … │ 2025-09-12 07:59:29 │ 8030    │ SUM1754    │","chan":"stdout","logger":"task"}
{"timestamp":"2025-09-12T08:00:30.837166Z","level":"info","event":"│ 6415995-21_A_50_21…  │ 21       │ 43.665313720703125 │ … │ 2025-09-12 07:59:29 │ 4089    │ RLA334     │","chan":"stdout","logger":"task"}
{"timestamp":"2025-09-12T08:00:30.837213Z","level":"info","event":"│ 6446474-05_R_49_05…  │ 05       │  43.72568130493164 │ … │ 2025-09-12 07:59:29 │ 199     │ RLA356     │","chan":"stdout","logger":"task"}
{"timestamp":"2025-09-12T08:00:30.837360Z","level":"info","event":"│ 6446777-92_R_3_920…  │ 92       │  43.70330810546875 │ … │ 2025-09-12 07:59:31 │ 2835    │ TRA233019  │","chan":"stdout","logger":"task"}
{"timestamp":"2025-09-12T08:00:30.837414Z","level":"info","event":"│ 6327225-17_R_99_17…  │ 17       │  43.68495559692383 │ … │ 2025-09-12 07:59:31 │ 472     │ RLA154     │","chan":"stdout","logger":"task"}
{"timestamp":"2025-09-12T08:00:30.837463Z","level":"info","event":"│          ·           │ ·        │          ·         │ · │          ·          │  ·      │   ·        │","chan":"stdout","logger":"task"}
{"timestamp":"2025-09-12T08:00:30.837512Z","level":"info","event":"│          ·           │ ·        │          ·         │ · │          ·          │  ·      │   ·        │","chan":"stdout","logger":"task"}
{"timestamp":"2025-09-12T08:00:30.837560Z","level":"info","event":"│          ·           │ ·        │          ·         │ · │          ·          │  ·      │   ·        │","chan":"stdout","logger":"task"}
{"timestamp":"2025-09-12T08:00:30.837626Z","level":"info","event":"│ 6368841-09_A_50_09…  │ 09       │  43.67873764038086 │ … │ 2025-09-12 07:44:10 │ 4273    │ TCA74758   │","chan":"stdout","logger":"task"}
{"timestamp":"2025-09-12T08:00:30.837711Z","level":"info","event":"│ 6416343-51_A_49_51…  │ 51       │  43.68293380737305 │ … │ 2025-09-12 07:59:29 │ 473     │ TCA115515  │","chan":"stdout","logger":"task"}
{"timestamp":"2025-09-12T08:00:30.837781Z","level":"info","event":"│ 6409571-57_A_50_57…  │ 57       │  43.70133590698242 │ … │ 2025-09-12 07:59:29 │ 1208    │ RLA610     │","chan":"stdout","logger":"task"}
{"timestamp":"2025-09-12T08:00:30.837831Z","level":"info","event":"│ 5203691-68_R_99_68…  │ 68       │  43.77325439453125 │ … │ 2025-09-12 07:59:29 │ 21278   │ PDV46      │","chan":"stdout","logger":"task"}
{"timestamp":"2025-09-12T08:00:30.837888Z","level":"info","event":"│ 6412099-37_R_99_37…  │ 37       │ 43.713741302490234 │ … │ 2025-09-12 07:59:29 │ 1443    │ RLA20      │","chan":"stdout","logger":"task"}
{"timestamp":"2025-09-12T08:00:30.837945Z","level":"info","event":"│ 6366082-20_A_50_20…  │ 20       │ 43.669002532958984 │ … │ 2025-09-12 07:59:29 │ 5246    │ RLA327     │","chan":"stdout","logger":"task"}
{"timestamp":"2025-09-12T08:00:30.837993Z","level":"info","event":"│ 6077785-58_R_99_58…  │ 58       │  43.66774368286133 │ … │ 2025-09-12 07:59:31 │ 4137    │ TCA106087  │","chan":"stdout","logger":"task"}
{"timestamp":"2025-09-12T08:00:30.838039Z","level":"info","event":"│ 6428404-61_A_50_61…  │ 61       │   43.7083625793457 │ … │ 2025-09-12 07:59:29 │ 2921    │ TCA73968   │","chan":"stdout","logger":"task"}
{"timestamp":"2025-09-12T08:00:30.838086Z","level":"info","event":"│ 6140125-41_A_6_410…  │ 41       │  43.67754364013672 │ … │ 2025-09-12 07:59:29 │ 4140    │ TCA108185  │","chan":"stdout","logger":"task"}
{"timestamp":"2025-09-12T08:00:30.838133Z","level":"info","event":"│ 6409597-57_R_99_57…  │ 57       │  43.70293045043945 │ … │ 2025-09-12 07:59:29 │ 148     │ RLA612     │","chan":"stdout","logger":"task"}
{"timestamp":"2025-09-12T08:00:30.838262Z","level":"info","event":"├──────────────────────┴──────────┴────────────────────┴───┴─────────────────────┴─────────┴────────────┤","chan":"stdout","logger":"task"}
{"timestamp":"2025-09-12T08:00:30.838329Z","level":"info","event":"│ 358 rows (20 shown)                                                               8 columns (6 shown) │","chan":"stdout","logger":"task"}
{"timestamp":"2025-09-12T08:00:30.838390Z","level":"info","event":"└───────────────────────────────────────────────────────────────────────────────────────────────────────┘","chan":"stdout","logger":"task"}
{"timestamp":"2025-09-12T08:00:30.838441Z","level":"info","event":"","chan":"stdout","logger":"task"}
{"timestamp":"2025-09-12T08:00:30.867395","level":"info","event":"Done. Returned value was: None","logger":"airflow.task.operators.airflow.providers.standard.operators.python.PythonOperator"}
{"timestamp":"2025-09-12T08:00:30.883688Z","level":"info","event":"Task instance in success state","chan":"stdout","logger":"task"}
{"timestamp":"2025-09-12T08:00:30.883842Z","level":"info","event":" Previous state of the Task instance: TaskInstanceState.RUNNING","chan":"stdout","logger":"task"}
{"timestamp":"2025-09-12T08:00:30.884096Z","level":"info","event":"Task operator:<Task(PythonOperator): load_duckdb.to_duckdb_vehicle_positions>","chan":"stdout","logger":"task"}
