{"timestamp":"2025-09-24T07:44:45.512322","level":"info","event":"DAG bundles loaded: dags-folder, example_dags","logger":"airflow.dag_processing.bundles.manager.DagBundlesManager"}
{"timestamp":"2025-09-24T07:44:45.512970","level":"info","event":"Filling up the DagBag from /opt/airflow/dags/lignes_azure_dag.py","logger":"airflow.models.dagbag.DagBag"}
{"timestamp":"2025-09-24T07:44:45.579349Z","level":"info","event":"Task instance is in running state","chan":"stdout","logger":"task"}
{"timestamp":"2025-09-24T07:44:45.579499Z","level":"info","event":" Previous state of the Task instance: TaskInstanceState.QUEUED","chan":"stdout","logger":"task"}
{"timestamp":"2025-09-24T07:44:45.579586Z","level":"info","event":"Current task name:load_duckdb.to_duckdb_vehicle_positions","chan":"stdout","logger":"task"}
{"timestamp":"2025-09-24T07:44:45.579633Z","level":"info","event":"Dag name:lignes_azure_ETL","chan":"stdout","logger":"task"}
{"timestamp":"2025-09-24T07:44:45.614930Z","level":"info","event":"--------------- RETURN SELECT ------------------------","chan":"stdout","logger":"task"}
{"timestamp":"2025-09-24T07:44:45.620192Z","level":"info","event":"┌──────────────────────┬──────────┬────────────────────┬───┬─────────────────────┬─────────┬────────────┐","chan":"stdout","logger":"task"}
{"timestamp":"2025-09-24T07:44:45.620591Z","level":"info","event":"│       trip_id        │ route_id │      latitude      │ … │      timestamp      │ stop_id │ vehicle_id │","chan":"stdout","logger":"task"}
{"timestamp":"2025-09-24T07:44:45.620751Z","level":"info","event":"│       varchar        │ varchar  │       double       │   │    timestamp_ns     │ varchar │  varchar   │","chan":"stdout","logger":"task"}
{"timestamp":"2025-09-24T07:44:45.620858Z","level":"info","event":"├──────────────────────┼──────────┼────────────────────┼───┼─────────────────────┼─────────┼────────────┤","chan":"stdout","logger":"task"}
{"timestamp":"2025-09-24T07:44:45.620909Z","level":"info","event":"│ 6444396-33_A_50_33…  │ 33       │  43.70114517211914 │ … │ 2025-09-24 07:43:54 │ 98      │ RLA174     │","chan":"stdout","logger":"task"}
{"timestamp":"2025-09-24T07:44:45.620948Z","level":"info","event":"│ 6444287-17_R_99_17…  │ 17       │  43.69108963012695 │ … │ 2025-09-24 07:43:54 │ 2816    │ RLA153     │","chan":"stdout","logger":"task"}
{"timestamp":"2025-09-24T07:44:45.620989Z","level":"info","event":"│ 6472656-50_A_50_50…  │ 50       │  43.68199157714844 │ … │ 2025-09-24 07:43:54 │ 617     │ TCA115157  │","chan":"stdout","logger":"task"}
{"timestamp":"2025-09-24T07:44:45.621027Z","level":"info","event":"│ 6443631-07_A_49_07…  │ 07       │  43.71171188354492 │ … │ 2025-09-24 07:43:54 │ 1281    │ RLA448     │","chan":"stdout","logger":"task"}
{"timestamp":"2025-09-24T07:44:45.621167Z","level":"info","event":"│ 6413089-38_A_50_38…  │ 38       │  43.69818878173828 │ … │ 2025-09-24 07:43:54 │ 1138    │ RLA47      │","chan":"stdout","logger":"task"}
{"timestamp":"2025-09-24T07:44:45.621236Z","level":"info","event":"│ 6257292-59_A_45_59…  │ 59       │  43.68626403808594 │ … │ 2025-09-24 07:43:54 │ 2836    │ PDV109     │","chan":"stdout","logger":"task"}
{"timestamp":"2025-09-24T07:44:45.621294Z","level":"info","event":"│ 6429226-15_A_50_15…  │ 15       │  43.69828414916992 │ … │ 2025-09-24 07:43:54 │ 2588    │ RLA329     │","chan":"stdout","logger":"task"}
{"timestamp":"2025-09-24T07:44:45.621331Z","level":"info","event":"│ 6257184-63_R_98_63…  │ 63       │  43.72325897216797 │ … │ 2025-09-24 07:43:54 │ 1191    │ TCA73942   │","chan":"stdout","logger":"task"}
{"timestamp":"2025-09-24T07:44:45.621386Z","level":"info","event":"│ 6444191-17_A_50_17…  │ 17       │  43.67435073852539 │ … │ 2025-09-24 07:43:54 │ 485     │ RLA151     │","chan":"stdout","logger":"task"}
{"timestamp":"2025-09-24T07:44:45.621450Z","level":"info","event":"│ 6444368-33_R_99_33…  │ 33       │   43.6989860534668 │ … │ 2025-09-24 07:43:54 │ 703     │ RLA171     │","chan":"stdout","logger":"task"}
{"timestamp":"2025-09-24T07:44:45.621504Z","level":"info","event":"│          ·           │ ·        │           ·        │ · │          ·          │  ·      │   ·        │","chan":"stdout","logger":"task"}
{"timestamp":"2025-09-24T07:44:45.621541Z","level":"info","event":"│          ·           │ ·        │           ·        │ · │          ·          │  ·      │   ·        │","chan":"stdout","logger":"task"}
{"timestamp":"2025-09-24T07:44:45.621626Z","level":"info","event":"│          ·           │ ·        │           ·        │ · │          ·          │  ·      │   ·        │","chan":"stdout","logger":"task"}
{"timestamp":"2025-09-24T07:44:45.621672Z","level":"info","event":"│ 5203686-68_A_50_68…  │ 68       │ 43.773860931396484 │ … │ 2025-09-24 07:43:54 │ 21642   │ PDV46      │","chan":"stdout","logger":"task"}
{"timestamp":"2025-09-24T07:44:45.621734Z","level":"info","event":"│ 6018950-55_A_48_55…  │ 55       │  43.68516540527344 │ … │ 2025-09-24 07:43:54 │ 5006    │ TCA73967   │","chan":"stdout","logger":"task"}
{"timestamp":"2025-09-24T07:44:45.621790Z","level":"info","event":"│ 6369748-42_R_94_42…  │ 42       │ 43.664913177490234 │ … │ 2025-09-24 07:43:54 │ 4001    │ TCA108192  │","chan":"stdout","logger":"task"}
{"timestamp":"2025-09-24T07:44:45.621827Z","level":"info","event":"│ 6419982-35_R_99_35…  │ 35       │  43.73763656616211 │ … │ 2025-09-24 07:43:54 │ 740     │ RLA131     │","chan":"stdout","logger":"task"}
{"timestamp":"2025-09-24T07:44:45.621866Z","level":"info","event":"│ 6368818-09_A_49_09…  │ 09       │  43.66474533081055 │ … │ 2025-09-24 07:43:54 │ 4137    │ TCA108952  │","chan":"stdout","logger":"task"}
{"timestamp":"2025-09-24T07:44:45.621915Z","level":"info","event":"│ 6428401-61_A_50_61…  │ 61       │  43.69679260253906 │ … │ 2025-09-24 07:43:54 │ 238     │ TCA73965   │","chan":"stdout","logger":"task"}
{"timestamp":"2025-09-24T07:44:45.621957Z","level":"info","event":"│ 6443638-07_R_97_07…  │ 07       │  43.73310852050781 │ … │ 2025-09-24 07:43:54 │ 640     │ RLA450     │","chan":"stdout","logger":"task"}
{"timestamp":"2025-09-24T07:44:45.622019Z","level":"info","event":"│ 6424166-16_A_50_16…  │ 16       │  43.72696304321289 │ … │ 2025-09-24 07:43:54 │ 573     │ RLA159     │","chan":"stdout","logger":"task"}
{"timestamp":"2025-09-24T07:44:45.622060Z","level":"info","event":"│ 6443630-07_A_49_07…  │ 07       │  43.70756912231445 │ … │ 2025-09-24 07:43:54 │ 117     │ RLA449     │","chan":"stdout","logger":"task"}
{"timestamp":"2025-09-24T07:44:45.622113Z","level":"info","event":"│ 4515179-80_A_47_80…  │ 80       │  43.69670486450195 │ … │ 2025-09-24 07:43:54 │ 8149    │ SUM1754    │","chan":"stdout","logger":"task"}
{"timestamp":"2025-09-24T07:44:45.622273Z","level":"info","event":"├──────────────────────┴──────────┴────────────────────┴───┴─────────────────────┴─────────┴────────────┤","chan":"stdout","logger":"task"}
{"timestamp":"2025-09-24T07:44:45.622359Z","level":"info","event":"│ 368 rows (20 shown)                                                               8 columns (6 shown) │","chan":"stdout","logger":"task"}
{"timestamp":"2025-09-24T07:44:45.622432Z","level":"info","event":"└───────────────────────────────────────────────────────────────────────────────────────────────────────┘","chan":"stdout","logger":"task"}
{"timestamp":"2025-09-24T07:44:45.622500Z","level":"info","event":"","chan":"stdout","logger":"task"}
{"timestamp":"2025-09-24T07:44:45.652508","level":"info","event":"Done. Returned value was: None","logger":"airflow.task.operators.airflow.providers.standard.operators.python.PythonOperator"}
{"timestamp":"2025-09-24T07:44:45.665394Z","level":"info","event":"Task instance in success state","chan":"stdout","logger":"task"}
{"timestamp":"2025-09-24T07:44:45.665548Z","level":"info","event":" Previous state of the Task instance: TaskInstanceState.RUNNING","chan":"stdout","logger":"task"}
{"timestamp":"2025-09-24T07:44:45.665816Z","level":"info","event":"Task operator:<Task(PythonOperator): load_duckdb.to_duckdb_vehicle_positions>","chan":"stdout","logger":"task"}
