{"timestamp":"2025-09-11T10:02:40.301826","level":"info","event":"DAG bundles loaded: dags-folder, example_dags","logger":"airflow.dag_processing.bundles.manager.DagBundlesManager"}
{"timestamp":"2025-09-11T10:02:40.302392","level":"info","event":"Filling up the DagBag from /opt/airflow/dags/lignes_azure_dag.py","logger":"airflow.models.dagbag.DagBag"}
{"timestamp":"2025-09-11T10:02:40.365392Z","level":"info","event":"Task instance is in running state","chan":"stdout","logger":"task"}
{"timestamp":"2025-09-11T10:02:40.365521Z","level":"info","event":" Previous state of the Task instance: TaskInstanceState.QUEUED","chan":"stdout","logger":"task"}
{"timestamp":"2025-09-11T10:02:40.365603Z","level":"info","event":"Current task name:load_duckdb.to_duckdb_reseau_transport","chan":"stdout","logger":"task"}
{"timestamp":"2025-09-11T10:02:40.365651Z","level":"info","event":"Dag name:lignes_azure_ETL","chan":"stdout","logger":"task"}
{"timestamp":"2025-09-11T10:02:40.397484Z","level":"info","event":"---------- stops -------------","chan":"stdout","logger":"task"}
{"timestamp":"2025-09-11T10:02:40.454967Z","level":"info","event":"┌──────────────┬───────────┬──────────────────────┬───┬────────────────┬───────────────┬─────────────────────┐","chan":"stdout","logger":"task"}
{"timestamp":"2025-09-11T10:02:40.455150Z","level":"info","event":"│   stop_id    │ stop_code │      stop_name       │ … │ parent_station │ stop_timezone │ wheelchair_boarding │","chan":"stdout","logger":"task"}
{"timestamp":"2025-09-11T10:02:40.455220Z","level":"info","event":"│   varchar    │  varchar  │       varchar        │   │    varchar     │    varchar    │        int64        │","chan":"stdout","logger":"task"}
{"timestamp":"2025-09-11T10:02:40.455268Z","level":"info","event":"├──────────────┼───────────┼──────────────────────┼───┼────────────────┼───────────────┼─────────────────────┤","chan":"stdout","logger":"task"}
{"timestamp":"2025-09-11T10:02:40.455314Z","level":"info","event":"│ 1            │ ABBAT8    │ Abattoirs            │ … │ place_101376   │ NULL          │                   1 │","chan":"stdout","logger":"task"}
{"timestamp":"2025-09-11T10:02:40.455356Z","level":"info","event":"│ 2            │ ABBAT4    │ Abattoirs            │ … │ place_101376   │ NULL          │                   1 │","chan":"stdout","logger":"task"}
{"timestamp":"2025-09-11T10:02:40.455398Z","level":"info","event":"│ 3            │ ROSEL2    │ Abbaye de Roseland   │ … │ place_096609   │ NULL          │                   0 │","chan":"stdout","logger":"task"}
{"timestamp":"2025-09-11T10:02:40.455438Z","level":"info","event":"│ 4            │ ROSEL8    │ Abbaye de Roseland   │ … │ place_096609   │ NULL          │                   0 │","chan":"stdout","logger":"task"}
{"timestamp":"2025-09-11T10:02:40.455478Z","level":"info","event":"│ 5            │ ARSE4     │ Abbaye de Roseland…  │ … │ place_096610   │ NULL          │                   0 │","chan":"stdout","logger":"task"}
{"timestamp":"2025-09-11T10:02:40.455518Z","level":"info","event":"│ 6            │ ACROB6    │ Risso                │ … │ place_096612   │ NULL          │                   1 │","chan":"stdout","logger":"task"}
{"timestamp":"2025-09-11T10:02:40.455557Z","level":"info","event":"│ 8            │ AEPRM1    │ Aéroport / Promenade │ … │ place_101377   │ NULL          │                   1 │","chan":"stdout","logger":"task"}
{"timestamp":"2025-09-11T10:02:40.455596Z","level":"info","event":"│ 11           │ AEPRM2    │ Aéroport / Promenade │ … │ place_101377   │ NULL          │                   1 │","chan":"stdout","logger":"task"}
{"timestamp":"2025-09-11T10:02:40.455647Z","level":"info","event":"│ 12           │ ALBER3    │ Albert 1er           │ … │ place_096616   │ NULL          │                   0 │","chan":"stdout","logger":"task"}
{"timestamp":"2025-09-11T10:02:40.455688Z","level":"info","event":"│ 13           │ ALBER8    │ Jardin d'Arménie     │ … │ place_096617   │ NULL          │                   0 │","chan":"stdout","logger":"task"}
{"timestamp":"2025-09-11T10:02:40.455727Z","level":"info","event":"│ ·            │  ·        │      ·               │ · │  ·             │  ·            │                   · │","chan":"stdout","logger":"task"}
{"timestamp":"2025-09-11T10:02:40.455767Z","level":"info","event":"│ ·            │  ·        │      ·               │ · │  ·             │  ·            │                   · │","chan":"stdout","logger":"task"}
{"timestamp":"2025-09-11T10:02:40.455806Z","level":"info","event":"│ ·            │  ·        │      ·               │ · │  ·             │  ·            │                   · │","chan":"stdout","logger":"task"}
{"timestamp":"2025-09-11T10:02:40.455845Z","level":"info","event":"│ place_SMGEN  │ NULL      │ Gendarmerie          │ … │ NULL           │ Europe/Paris  │                   0 │","chan":"stdout","logger":"task"}
{"timestamp":"2025-09-11T10:02:40.455884Z","level":"info","event":"│ place_SMPMA7 │ NULL      │ Pont Maïssa          │ … │ NULL           │ Europe/Paris  │                   0 │","chan":"stdout","logger":"task"}
{"timestamp":"2025-09-11T10:02:40.455923Z","level":"info","event":"│ 6198         │ SMGEN8    │ Gendarmerie          │ … │ place_SMGEN    │ NULL          │                   1 │","chan":"stdout","logger":"task"}
{"timestamp":"2025-09-11T10:02:40.455962Z","level":"info","event":"│ 21313        │ GENDA3    │ Gendarmerie          │ … │ place_GENDAR   │ NULL          │                   0 │","chan":"stdout","logger":"task"}
{"timestamp":"2025-09-11T10:02:40.456000Z","level":"info","event":"│ 6197         │ SMPMA7    │ Pont Maïssa          │ … │ place_SMPMA7   │ NULL          │                   1 │","chan":"stdout","logger":"task"}
{"timestamp":"2025-09-11T10:02:40.456037Z","level":"info","event":"│ place_VACHRI │ NULL      │ La Vacherie          │ … │ NULL           │ Europe/Paris  │                   0 │","chan":"stdout","logger":"task"}
{"timestamp":"2025-09-11T10:02:40.456075Z","level":"info","event":"│ 23020        │ VACHRI    │ La Vacherie          │ … │ place_VACHRI   │ NULL          │                   1 │","chan":"stdout","logger":"task"}
{"timestamp":"2025-09-11T10:02:40.456114Z","level":"info","event":"│ 21659        │ SUPGA9    │ Super Gattières      │ … │ NULL           │ Europe/Paris  │                   0 │","chan":"stdout","logger":"task"}
{"timestamp":"2025-09-11T10:02:40.456152Z","level":"info","event":"│ place_ALPHA0 │ NULL      │ Parc Alpha Loup      │ … │ NULL           │ Europe/Paris  │                   0 │","chan":"stdout","logger":"task"}
{"timestamp":"2025-09-11T10:02:40.456190Z","level":"info","event":"│ 2997         │ MAGNA1    │ Magnan               │ … │ place_097192   │ NULL          │                   1 │","chan":"stdout","logger":"task"}
{"timestamp":"2025-09-11T10:02:40.456281Z","level":"info","event":"├──────────────┴───────────┴──────────────────────┴───┴────────────────┴───────────────┴─────────────────────┤","chan":"stdout","logger":"task"}
{"timestamp":"2025-09-11T10:02:40.456330Z","level":"info","event":"│ 8970 rows (20 shown)                                                                  10 columns (6 shown) │","chan":"stdout","logger":"task"}
{"timestamp":"2025-09-11T10:02:40.456379Z","level":"info","event":"└────────────────────────────────────────────────────────────────────────────────────────────────────────────┘","chan":"stdout","logger":"task"}
{"timestamp":"2025-09-11T10:02:40.456496Z","level":"info","event":"","chan":"stdout","logger":"task"}
{"timestamp":"2025-09-11T10:02:40.456888Z","level":"info","event":"---------- routes -------------","chan":"stdout","logger":"task"}
{"timestamp":"2025-09-11T10:02:40.475961Z","level":"info","event":"┌──────────┬───────────────┬──────────────────┬───┬──────────────────────┬─────────────┬──────────────────┐","chan":"stdout","logger":"task"}
{"timestamp":"2025-09-11T10:02:40.476229Z","level":"info","event":"│ route_id │   agency_id   │ route_short_name │ … │      route_url       │ route_color │ route_text_color │","chan":"stdout","logger":"task"}
{"timestamp":"2025-09-11T10:02:40.476335Z","level":"info","event":"│ varchar  │    varchar    │     varchar      │   │       varchar        │   varchar   │     varchar      │","chan":"stdout","logger":"task"}
{"timestamp":"2025-09-11T10:02:40.476405Z","level":"info","event":"├──────────┼───────────────┼──────────────────┼───┼──────────────────────┼─────────────┼──────────────────┤","chan":"stdout","logger":"task"}
{"timestamp":"2025-09-11T10:02:40.476490Z","level":"info","event":"│ 05       │ lignes-d-azur │ 05               │ … │ https://ftp.lignes…  │ 3065AF      │ FFFFFF           │","chan":"stdout","logger":"task"}
{"timestamp":"2025-09-11T10:02:40.476548Z","level":"info","event":"│ 06       │ lignes-d-azur │ 06               │ … │ https://ftp.lignes…  │ 2FA948      │ FFFFFF           │","chan":"stdout","logger":"task"}
{"timestamp":"2025-09-11T10:02:40.476595Z","level":"info","event":"│ 07       │ lignes-d-azur │ 07               │ … │ https://ftp.lignes…  │ 751D5D      │ FFFFFF           │","chan":"stdout","logger":"task"}
{"timestamp":"2025-09-11T10:02:40.476639Z","level":"info","event":"│ 09       │ lignes-d-azur │ 09               │ … │ https://ftp.lignes…  │ EF7D00      │ FFFFFF           │","chan":"stdout","logger":"task"}
{"timestamp":"2025-09-11T10:02:40.476684Z","level":"info","event":"│ 11       │ lignes-d-azur │ 11               │ … │ https://ftp.lignes…  │ 9C3F8F      │ FFFFFF           │","chan":"stdout","logger":"task"}
{"timestamp":"2025-09-11T10:02:40.476727Z","level":"info","event":"│ 12       │ lignes-d-azur │ 12+              │ … │ https://ftp.lignes…  │ DE1381      │ FFFFFF           │","chan":"stdout","logger":"task"}
{"timestamp":"2025-09-11T10:02:40.476769Z","level":"info","event":"│ 14       │ lignes-d-azur │ 14               │ … │ https://ftp.lignes…  │ F5A32F      │ FFFFFF           │","chan":"stdout","logger":"task"}
{"timestamp":"2025-09-11T10:02:40.476810Z","level":"info","event":"│ 15       │ lignes-d-azur │ 15               │ … │ https://ftp.lignes…  │ 15B1AF      │ FFFFFF           │","chan":"stdout","logger":"task"}
{"timestamp":"2025-09-11T10:02:40.476853Z","level":"info","event":"│ 16       │ lignes-d-azur │ 16               │ … │ https://ftp.lignes…  │ 35BEEB      │ FFFFFF           │","chan":"stdout","logger":"task"}
{"timestamp":"2025-09-11T10:02:40.476911Z","level":"info","event":"│ 17       │ lignes-d-azur │ 17               │ … │ https://ftp.lignes…  │ 418ABF      │ FFFFFF           │","chan":"stdout","logger":"task"}
{"timestamp":"2025-09-11T10:02:40.476957Z","level":"info","event":"│ ·        │       ·       │ ·                │ · │          ·           │   ·         │   ·              │","chan":"stdout","logger":"task"}
{"timestamp":"2025-09-11T10:02:40.477001Z","level":"info","event":"│ ·        │       ·       │ ·                │ · │          ·           │   ·         │   ·              │","chan":"stdout","logger":"task"}
{"timestamp":"2025-09-11T10:02:40.477042Z","level":"info","event":"│ ·        │       ·       │ ·                │ · │          ·           │   ·         │   ·              │","chan":"stdout","logger":"task"}
{"timestamp":"2025-09-11T10:02:40.477083Z","level":"info","event":"│ NVMA     │ lignes-d-azur │ NVMA             │ … │ https://ftp.lignes…  │ 36BEE9      │ FFFFFF           │","chan":"stdout","logger":"task"}
{"timestamp":"2025-09-11T10:02:40.477147Z","level":"info","event":"│ NGOR     │ lignes-d-azur │ NGOR             │ … │ https://ftp.lignes…  │ 2AA137      │ FFFFFF           │","chan":"stdout","logger":"task"}
{"timestamp":"2025-09-11T10:02:40.477200Z","level":"info","event":"│ 10       │ lignes-d-azur │ 10               │ … │ https://ftp.lignes…  │ 31A948      │ FFFFFF           │","chan":"stdout","logger":"task"}
{"timestamp":"2025-09-11T10:02:40.477244Z","level":"info","event":"│ 08       │ lignes-d-azur │ 8+               │ … │ https://ftp.lignes…  │ FEC703      │ 000000           │","chan":"stdout","logger":"task"}
{"timestamp":"2025-09-11T10:02:40.477285Z","level":"info","event":"│ 12+      │ lignes-d-azur │ 12+              │ … │ https://ftp.lignes…  │ DE1381      │ FFFFFF           │","chan":"stdout","logger":"task"}
{"timestamp":"2025-09-11T10:02:40.477325Z","level":"info","event":"│ 8+       │ lignes-d-azur │ 8+               │ … │ https://ftp.lignes…  │ FEC703      │ 000000           │","chan":"stdout","logger":"task"}
{"timestamp":"2025-09-11T10:02:40.477365Z","level":"info","event":"│ B        │ lignes-d-azur │ B                │ … │ https://ftp.lignes…  │ FFDD00      │ 000000           │","chan":"stdout","logger":"task"}
{"timestamp":"2025-09-11T10:02:40.477404Z","level":"info","event":"│ NBOR     │ lignes-d-azur │ NBOR             │ … │ https://ftp.lignes…  │ 2AA137      │ 000000           │","chan":"stdout","logger":"task"}
{"timestamp":"2025-09-11T10:02:40.477445Z","level":"info","event":"│ VESU     │ lignes-d-azur │ VESU             │ … │ https://ftp.lignes…  │ 2AA137      │ FFFFFF           │","chan":"stdout","logger":"task"}
{"timestamp":"2025-09-11T10:02:40.477485Z","level":"info","event":"│ FOOT     │ lignes-d-azur │ FOOT             │ … │ NULL                 │ 36BEE9      │ FFFFFF           │","chan":"stdout","logger":"task"}
{"timestamp":"2025-09-11T10:02:40.477606Z","level":"info","event":"├──────────┴───────────────┴──────────────────┴───┴──────────────────────┴─────────────┴──────────────────┤","chan":"stdout","logger":"task"}
{"timestamp":"2025-09-11T10:02:40.477701Z","level":"info","event":"│ 226 rows (20 shown)                                                                 8 columns (6 shown) │","chan":"stdout","logger":"task"}
{"timestamp":"2025-09-11T10:02:40.477748Z","level":"info","event":"└─────────────────────────────────────────────────────────────────────────────────────────────────────────┘","chan":"stdout","logger":"task"}
{"timestamp":"2025-09-11T10:02:40.477803Z","level":"info","event":"","chan":"stdout","logger":"task"}
{"timestamp":"2025-09-11T10:02:40.538281Z","level":"info","event":"---------- trips -------------","chan":"stdout","logger":"task"}
{"timestamp":"2025-09-11T10:02:40.728005Z","level":"info","event":"┌──────────┬──────────────────────┬──────────────────────┬───┬──────────┬──────────────────────┬───────────────┐","chan":"stdout","logger":"task"}
{"timestamp":"2025-09-11T10:02:40.728194Z","level":"info","event":"│ route_id │      service_id      │       trip_id        │ … │ shape_id │ wheelchair_accessi…  │ bikes_allowed │","chan":"stdout","logger":"task"}
{"timestamp":"2025-09-11T10:02:40.728270Z","level":"info","event":"│ varchar  │       varchar        │       varchar        │   │ varchar  │        int64         │     int64     │","chan":"stdout","logger":"task"}
{"timestamp":"2025-09-11T10:02:40.728324Z","level":"info","event":"├──────────┼──────────────────────┼──────────────────────┼───┼──────────┼──────────────────────┼───────────────┤","chan":"stdout","logger":"task"}
{"timestamp":"2025-09-11T10:02:40.728388Z","level":"info","event":"│ 75       │ RESEAU2023-75-Dima…  │ 4962940-75_R_97_75…  │ … │ 750032   │                    0 │             0 │","chan":"stdout","logger":"task"}
{"timestamp":"2025-09-11T10:02:40.728487Z","level":"info","event":"│ 75       │ RESEAU2023-75-Same…  │ 4962972-75_R_97_75…  │ … │ 750032   │                    0 │             0 │","chan":"stdout","logger":"task"}
{"timestamp":"2025-09-11T10:02:40.728539Z","level":"info","event":"│ 40       │ RESEAU2023-40-Sema…  │ 4350596-40_A_50_40…  │ … │ 400009   │                    0 │             0 │","chan":"stdout","logger":"task"}
{"timestamp":"2025-09-11T10:02:40.728583Z","level":"info","event":"│ 62       │ RESEAU2023-62-Same…  │ 4336738-62_R_98_62…  │ … │ 620015   │                    0 │             0 │","chan":"stdout","logger":"task"}
{"timestamp":"2025-09-11T10:02:40.728627Z","level":"info","event":"│ C34      │ RESEAU2021-C34-Dim…  │ 3064040-C34_R_2_C3…  │ … │ C340002  │                    0 │             0 │","chan":"stdout","logger":"task"}
{"timestamp":"2025-09-11T10:02:40.728690Z","level":"info","event":"│ 62       │ RESEAU2023-62-Dima…  │ 4336785-62_R_98_62…  │ … │ 620015   │                    0 │             0 │","chan":"stdout","logger":"task"}
{"timestamp":"2025-09-11T10:02:40.728757Z","level":"info","event":"│ 75       │ RESEAU2023-75-Dima…  │ 4962945-75_R_97_75…  │ … │ 750032   │                    0 │             0 │","chan":"stdout","logger":"task"}
{"timestamp":"2025-09-11T10:02:40.728805Z","level":"info","event":"│ 40       │ RESEAU2023-40-Sema…  │ 4350598-40_A_50_40…  │ … │ 400009   │                    0 │             0 │","chan":"stdout","logger":"task"}
{"timestamp":"2025-09-11T10:02:40.728849Z","level":"info","event":"│ 40       │ RESEAU2023-40-Sema…  │ 4350594-40_R_99_40…  │ … │ 400010   │                    0 │             0 │","chan":"stdout","logger":"task"}
{"timestamp":"2025-09-11T10:02:40.728910Z","level":"info","event":"│ 75       │ RESEAU2023-75-Dima…  │ 4962943-75_R_97_75…  │ … │ 750032   │                    0 │             0 │","chan":"stdout","logger":"task"}
{"timestamp":"2025-09-11T10:02:40.728967Z","level":"info","event":"│ ·        │          ·           │          ·           │ · │   ·      │                    · │             · │","chan":"stdout","logger":"task"}
{"timestamp":"2025-09-11T10:02:40.729028Z","level":"info","event":"│ ·        │          ·           │          ·           │ · │   ·      │                    · │             · │","chan":"stdout","logger":"task"}
{"timestamp":"2025-09-11T10:02:40.729077Z","level":"info","event":"│ ·        │          ·           │          ·           │ · │   ·      │                    · │             · │","chan":"stdout","logger":"task"}
{"timestamp":"2025-09-11T10:02:40.729144Z","level":"info","event":"│ 10       │ SETP2025-10-Samedi…  │ 6435959-10_A_5_060…  │ … │ 100005   │                    0 │             0 │","chan":"stdout","logger":"task"}
{"timestamp":"2025-09-11T10:02:40.729207Z","level":"info","event":"│ 10       │ SETP2025-10-Samedi…  │ 6435960-10_A_5_060…  │ … │ 100005   │                    0 │             0 │","chan":"stdout","logger":"task"}
{"timestamp":"2025-09-11T10:02:40.729252Z","level":"info","event":"│ 10       │ SETP2025-10-Samedi…  │ 6435961-10_A_5_060…  │ … │ 100005   │                    0 │             0 │","chan":"stdout","logger":"task"}
{"timestamp":"2025-09-11T10:02:40.729311Z","level":"info","event":"│ 12+      │ SETP2025-12-Semain…  │ chouette:VehicleJo…  │ … │ 120081   │                    0 │             0 │","chan":"stdout","logger":"task"}
{"timestamp":"2025-09-11T10:02:40.729400Z","level":"info","event":"│ 12+      │ SETP2025-12-Semain…  │ 6252783-12_R_99_12…  │ … │ 120081   │                    0 │             0 │","chan":"stdout","logger":"task"}
{"timestamp":"2025-09-11T10:02:40.729466Z","level":"info","event":"│ 12+      │ SETP2025-12-Semain…  │ chouette:VehicleJo…  │ … │ 120081   │                    0 │             0 │","chan":"stdout","logger":"task"}
{"timestamp":"2025-09-11T10:02:40.729511Z","level":"info","event":"│ 10       │ SETP2025-10-Samedi…  │ 6435962-10_A_5_060…  │ … │ 100005   │                    0 │             0 │","chan":"stdout","logger":"task"}
{"timestamp":"2025-09-11T10:02:40.729552Z","level":"info","event":"│ 10       │ SETP2025-10-Samedi…  │ 6435963-10_A_5_060…  │ … │ 100005   │                    0 │             0 │","chan":"stdout","logger":"task"}
{"timestamp":"2025-09-11T10:02:40.729615Z","level":"info","event":"│ 10       │ SETP2025-10-Samedi…  │ 6435964-10_A_5_060…  │ … │ 100005   │                    0 │             0 │","chan":"stdout","logger":"task"}
{"timestamp":"2025-09-11T10:02:40.729658Z","level":"info","event":"│ 10       │ SETP2025-10-Samedi…  │ 6435965-10_A_5_060…  │ … │ 100005   │                    0 │             0 │","chan":"stdout","logger":"task"}
{"timestamp":"2025-09-11T10:02:40.729804Z","level":"info","event":"├──────────┴──────────────────────┴──────────────────────┴───┴──────────┴──────────────────────┴───────────────┤","chan":"stdout","logger":"task"}
{"timestamp":"2025-09-11T10:02:40.729892Z","level":"info","event":"│ ? rows (>9999 rows, 20 shown)                                                            9 columns (6 shown) │","chan":"stdout","logger":"task"}
{"timestamp":"2025-09-11T10:02:40.729947Z","level":"info","event":"└──────────────────────────────────────────────────────────────────────────────────────────────────────────────┘","chan":"stdout","logger":"task"}
{"timestamp":"2025-09-11T10:02:40.730006Z","level":"info","event":"","chan":"stdout","logger":"task"}
{"timestamp":"2025-09-11T10:02:41.118992Z","level":"info","event":"---------- stop_times -------------","chan":"stdout","logger":"task"}
{"timestamp":"2025-09-11T10:02:51.981036Z","level":"info","event":"┌──────────────────────────────┬──────────────┬────────────────┬─────────┬───────────────┬─────────────┬───────────────┐","chan":"stdout","logger":"task"}
{"timestamp":"2025-09-11T10:02:51.981210Z","level":"info","event":"│           trip_id            │ arrival_time │ departure_time │ stop_id │ stop_sequence │ pickup_type │ drop_off_type │","chan":"stdout","logger":"task"}
{"timestamp":"2025-09-11T10:02:51.981277Z","level":"info","event":"│           varchar            │     time     │      time      │  int64  │     int64     │    int64    │     int64     │","chan":"stdout","logger":"task"}
{"timestamp":"2025-09-11T10:02:51.981329Z","level":"info","event":"├──────────────────────────────┼──────────────┼────────────────┼─────────┼───────────────┼─────────────┼───────────────┤","chan":"stdout","logger":"task"}
{"timestamp":"2025-09-11T10:02:51.981374Z","level":"info","event":"│ 3064029-C32_A_1_C3201_08:3…  │ 08:30:00     │ 08:30:00       │   21681 │             0 │           2 │             2 │","chan":"stdout","logger":"task"}
{"timestamp":"2025-09-11T10:02:51.981417Z","level":"info","event":"│ 3064029-C32_A_1_C3201_08:3…  │ 08:35:00     │ 08:35:00       │   21652 │             1 │           2 │             2 │","chan":"stdout","logger":"task"}
{"timestamp":"2025-09-11T10:02:51.981480Z","level":"info","event":"│ 3064029-C32_A_1_C3201_08:3…  │ 08:55:00     │ 08:55:00       │   21644 │             2 │           2 │             2 │","chan":"stdout","logger":"task"}
{"timestamp":"2025-09-11T10:02:51.981538Z","level":"info","event":"│ 3064029-C32_A_1_C3201_08:3…  │ 09:15:00     │ 09:15:00       │   21398 │             3 │           2 │             2 │","chan":"stdout","logger":"task"}
{"timestamp":"2025-09-11T10:02:51.981579Z","level":"info","event":"│ 3064030-C32_R_2_C3202_17:2…  │ 17:20:00     │ 17:20:00       │   21398 │             0 │           2 │             2 │","chan":"stdout","logger":"task"}
{"timestamp":"2025-09-11T10:02:51.981620Z","level":"info","event":"│ 3064030-C32_R_2_C3202_17:2…  │ 17:40:00     │ 17:40:00       │   21644 │             1 │           2 │             2 │","chan":"stdout","logger":"task"}
{"timestamp":"2025-09-11T10:02:51.981660Z","level":"info","event":"│ 3064030-C32_R_2_C3202_17:2…  │ 18:00:00     │ 18:00:00       │   21652 │             2 │           2 │             2 │","chan":"stdout","logger":"task"}
{"timestamp":"2025-09-11T10:02:51.981700Z","level":"info","event":"│ 3064030-C32_R_2_C3202_17:2…  │ 18:05:00     │ 18:05:00       │   21681 │             3 │           2 │             2 │","chan":"stdout","logger":"task"}
{"timestamp":"2025-09-11T10:02:51.981741Z","level":"info","event":"│ 3064033-C32_A_1_C3202_17:0…  │ 17:00:00     │ 17:00:00       │   21681 │             0 │           2 │             2 │","chan":"stdout","logger":"task"}
{"timestamp":"2025-09-11T10:02:51.981781Z","level":"info","event":"│ 3064033-C32_A_1_C3202_17:0…  │ 17:05:00     │ 17:05:00       │   21652 │             1 │           2 │             2 │","chan":"stdout","logger":"task"}
{"timestamp":"2025-09-11T10:02:51.981855Z","level":"info","event":"│              ·               │    ·         │    ·           │      ·  │             · │           · │             · │","chan":"stdout","logger":"task"}
{"timestamp":"2025-09-11T10:02:51.981912Z","level":"info","event":"│              ·               │    ·         │    ·           │      ·  │             · │           · │             · │","chan":"stdout","logger":"task"}
{"timestamp":"2025-09-11T10:02:51.981951Z","level":"info","event":"│              ·               │    ·         │    ·           │      ·  │             · │           · │             · │","chan":"stdout","logger":"task"}
{"timestamp":"2025-09-11T10:02:51.981990Z","level":"info","event":"│ 4669775-62_A_48_6201_13:40…  │ 14:08:00     │ 14:08:00       │    6064 │            25 │           0 │             0 │","chan":"stdout","logger":"task"}
{"timestamp":"2025-09-11T10:02:51.982048Z","level":"info","event":"│ 4669775-62_A_48_6201_13:40…  │ 14:09:00     │ 14:09:00       │    6021 │            26 │           0 │             0 │","chan":"stdout","logger":"task"}
{"timestamp":"2025-09-11T10:02:51.982101Z","level":"info","event":"│ 4669775-62_A_48_6201_13:40…  │ 14:10:00     │ 14:10:00       │    6033 │            27 │           0 │             0 │","chan":"stdout","logger":"task"}
{"timestamp":"2025-09-11T10:02:51.982138Z","level":"info","event":"│ 4669776-62_A_48_6203_12:40…  │ 12:40:00     │ 12:40:00       │    2828 │             0 │           0 │             0 │","chan":"stdout","logger":"task"}
{"timestamp":"2025-09-11T10:02:51.982175Z","level":"info","event":"│ 4669776-62_A_48_6203_12:40…  │ 12:42:00     │ 12:42:00       │    1619 │             1 │           0 │             0 │","chan":"stdout","logger":"task"}
{"timestamp":"2025-09-11T10:02:51.982246Z","level":"info","event":"│ 4669776-62_A_48_6203_12:40…  │ 12:44:00     │ 12:44:00       │     139 │             2 │           0 │             0 │","chan":"stdout","logger":"task"}
{"timestamp":"2025-09-11T10:02:51.982282Z","level":"info","event":"│ 4669776-62_A_48_6203_12:40…  │ 12:47:00     │ 12:47:00       │     144 │             3 │           0 │             0 │","chan":"stdout","logger":"task"}
{"timestamp":"2025-09-11T10:02:51.982319Z","level":"info","event":"│ 4669776-62_A_48_6203_12:40…  │ 12:48:00     │ 12:48:00       │    1161 │             4 │           0 │             0 │","chan":"stdout","logger":"task"}
{"timestamp":"2025-09-11T10:02:51.982354Z","level":"info","event":"│ 4669776-62_A_48_6203_12:40…  │ 12:49:00     │ 12:49:00       │     265 │             5 │           0 │             0 │","chan":"stdout","logger":"task"}
{"timestamp":"2025-09-11T10:02:51.982443Z","level":"info","event":"│ 4669776-62_A_48_6203_12:40…  │ 12:49:00     │ 12:49:00       │    1320 │             6 │           0 │             0 │","chan":"stdout","logger":"task"}
{"timestamp":"2025-09-11T10:02:51.982490Z","level":"info","event":"├──────────────────────────────┴──────────────┴────────────────┴─────────┴───────────────┴─────────────┴───────────────┤","chan":"stdout","logger":"task"}
{"timestamp":"2025-09-11T10:02:51.982531Z","level":"info","event":"│ ? rows (>9999 rows, 20 shown)                                                                              7 columns │","chan":"stdout","logger":"task"}
{"timestamp":"2025-09-11T10:02:51.982573Z","level":"info","event":"└──────────────────────────────────────────────────────────────────────────────────────────────────────────────────────┘","chan":"stdout","logger":"task"}
{"timestamp":"2025-09-11T10:02:51.982621Z","level":"info","event":"","chan":"stdout","logger":"task"}
{"timestamp":"2025-09-11T10:02:51.982894Z","level":"info","event":"---------- calendar -------------","chan":"stdout","logger":"task"}
{"timestamp":"2025-09-11T10:02:52.023223Z","level":"info","event":"┌──────────────────────┬────────┬─────────┬───────────┬──────────┬───┬──────────┬────────┬────────────┬────────────┐","chan":"stdout","logger":"task"}
{"timestamp":"2025-09-11T10:02:52.023382Z","level":"info","event":"│      service_id      │ monday │ tuesday │ wednesday │ thursday │ … │ saturday │ sunday │ start_date │  end_date  │","chan":"stdout","logger":"task"}
{"timestamp":"2025-09-11T10:02:52.023445Z","level":"info","event":"│       varchar        │ int64  │  int64  │   int64   │  int64   │   │  int64   │ int64  │    date    │    date    │","chan":"stdout","logger":"task"}
{"timestamp":"2025-09-11T10:02:52.023497Z","level":"info","event":"├──────────────────────┼────────┼─────────┼───────────┼──────────┼───┼──────────┼────────┼────────────┼────────────┤","chan":"stdout","logger":"task"}
{"timestamp":"2025-09-11T10:02:52.023541Z","level":"info","event":"│ SETP2025-08-Semain…  │      1 │       1 │         1 │        1 │ … │        0 │      0 │ 2025-09-10 │ 2025-10-17 │","chan":"stdout","logger":"task"}
{"timestamp":"2025-09-11T10:02:52.023582Z","level":"info","event":"│ chouette:TimeTable…  │      1 │       0 │         0 │        0 │ … │        0 │      0 │ 2025-09-10 │ 2025-10-19 │","chan":"stdout","logger":"task"}
{"timestamp":"2025-09-11T10:02:52.023621Z","level":"info","event":"│ chouette:TimeTable…  │      0 │       1 │         1 │        1 │ … │        1 │      0 │ 2025-09-10 │ 2025-10-18 │","chan":"stdout","logger":"task"}
{"timestamp":"2025-09-11T10:02:52.023660Z","level":"info","event":"│ SETP2025-12-Semain…  │      1 │       1 │         1 │        1 │ … │        0 │      0 │ 2025-09-10 │ 2025-10-17 │","chan":"stdout","logger":"task"}
{"timestamp":"2025-09-11T10:02:52.023698Z","level":"info","event":"│ chouette:TimeTable…  │      1 │       0 │         0 │        0 │ … │        0 │      0 │ 2025-09-10 │ 2025-10-19 │","chan":"stdout","logger":"task"}
{"timestamp":"2025-09-11T10:02:52.023737Z","level":"info","event":"│ SETP2025-06-Semain…  │      1 │       1 │         1 │        1 │ … │        0 │      0 │ 2025-09-10 │ 2025-12-31 │","chan":"stdout","logger":"task"}
{"timestamp":"2025-09-11T10:02:52.023775Z","level":"info","event":"│ PROJET2023-47-Sema…  │      1 │       1 │         1 │        1 │ … │        0 │      0 │ 2025-09-10 │ 2025-12-19 │","chan":"stdout","logger":"task"}
{"timestamp":"2025-09-11T10:02:52.023833Z","level":"info","event":"│ SETP2025-L1-Semain…  │      1 │       1 │         1 │        1 │ … │        0 │      0 │ 2025-09-10 │ 2025-12-31 │","chan":"stdout","logger":"task"}
{"timestamp":"2025-09-11T10:02:52.023872Z","level":"info","event":"│ JANV2025-L2-Semain…  │      1 │       1 │         1 │        1 │ … │        0 │      0 │ 2025-09-10 │ 2025-12-31 │","chan":"stdout","logger":"task"}
{"timestamp":"2025-09-11T10:02:52.023937Z","level":"info","event":"│ chouette:TimeTable…  │      0 │       1 │         1 │        1 │ … │        1 │      0 │ 2025-09-10 │ 2025-12-31 │","chan":"stdout","logger":"task"}
{"timestamp":"2025-09-11T10:02:52.023978Z","level":"info","event":"│          ·           │      · │       · │         · │        · │ · │        · │      · │     ·      │     ·      │","chan":"stdout","logger":"task"}
{"timestamp":"2025-09-11T10:02:52.024017Z","level":"info","event":"│          ·           │      · │       · │         · │        · │ · │        · │      · │     ·      │     ·      │","chan":"stdout","logger":"task"}
{"timestamp":"2025-09-11T10:02:52.024055Z","level":"info","event":"│          ·           │      · │       · │         · │        · │ · │        · │      · │     ·      │     ·      │","chan":"stdout","logger":"task"}
{"timestamp":"2025-09-11T10:02:52.024093Z","level":"info","event":"│ PROJET2025-VESU-Di…  │      0 │       0 │         0 │        0 │ … │        0 │      1 │ 2025-09-10 │ 2025-09-21 │","chan":"stdout","logger":"task"}
{"timestamp":"2025-09-11T10:02:52.024131Z","level":"info","event":"│ RESEAU2021-C32-Wee…  │      0 │       0 │         0 │        0 │ … │        1 │      1 │ 2025-09-10 │ 2025-12-28 │","chan":"stdout","logger":"task"}
{"timestamp":"2025-09-11T10:02:52.024167Z","level":"info","event":"│ PROJET2024-75-Merc…  │      0 │       0 │         1 │        0 │ … │        0 │      0 │ 2025-09-17 │ 2025-12-17 │","chan":"stdout","logger":"task"}
{"timestamp":"2025-09-11T10:02:52.024204Z","level":"info","event":"│ PROJET2024-75-Sema…  │      1 │       1 │         0 │        1 │ … │        0 │      0 │ 2025-09-11 │ 2025-12-19 │","chan":"stdout","logger":"task"}
{"timestamp":"2025-09-11T10:02:52.024286Z","level":"info","event":"│ PROJET2024-75-Sema…  │      1 │       1 │         1 │        1 │ … │        0 │      0 │ 2025-10-20 │ 2025-12-31 │","chan":"stdout","logger":"task"}
{"timestamp":"2025-09-11T10:02:52.024431Z","level":"info","event":"│ chouette:TimeTable…  │      0 │       0 │         0 │        0 │ … │        0 │      1 │ 2025-09-14 │ 2025-12-28 │","chan":"stdout","logger":"task"}
{"timestamp":"2025-09-11T10:02:52.024494Z","level":"info","event":"│ chouette:TimeTable…  │      0 │       0 │         0 │        0 │ … │        1 │      0 │ 2025-09-13 │ 2025-12-27 │","chan":"stdout","logger":"task"}
{"timestamp":"2025-09-11T10:02:52.024547Z","level":"info","event":"│ chouette:TimeTable…  │      0 │       0 │         0 │        0 │ … │        0 │      1 │ 2025-09-14 │ 2025-12-28 │","chan":"stdout","logger":"task"}
{"timestamp":"2025-09-11T10:02:52.024638Z","level":"info","event":"│ PROJET2025-FOOT-Sa…  │      0 │       0 │         0 │        0 │ … │        1 │      0 │ 2025-09-13 │ 2025-12-27 │","chan":"stdout","logger":"task"}
{"timestamp":"2025-09-11T10:02:52.024708Z","level":"info","event":"│ PROJET2025-FOOT-Se…  │      1 │       1 │         1 │        1 │ … │        0 │      0 │ 2025-09-11 │ 2025-12-31 │","chan":"stdout","logger":"task"}
{"timestamp":"2025-09-11T10:02:52.024749Z","level":"info","event":"├──────────────────────┴────────┴─────────┴───────────┴──────────┴───┴──────────┴────────┴────────────┴────────────┤","chan":"stdout","logger":"task"}
{"timestamp":"2025-09-11T10:02:52.024805Z","level":"info","event":"│ 776 rows (20 shown)                                                                         10 columns (9 shown) │","chan":"stdout","logger":"task"}
{"timestamp":"2025-09-11T10:02:52.024850Z","level":"info","event":"└──────────────────────────────────────────────────────────────────────────────────────────────────────────────────┘","chan":"stdout","logger":"task"}
{"timestamp":"2025-09-11T10:02:52.024914Z","level":"info","event":"","chan":"stdout","logger":"task"}
{"timestamp":"2025-09-11T10:02:52.026406Z","level":"info","event":"---------- calendar_dates -------------","chan":"stdout","logger":"task"}
{"timestamp":"2025-09-11T10:02:52.073787Z","level":"info","event":"┌─────────────────────────────────────────────────────────────┬────────────┬────────────────┐","chan":"stdout","logger":"task"}
{"timestamp":"2025-09-11T10:02:52.073954Z","level":"info","event":"│                         service_id                          │    date    │ exception_type │","chan":"stdout","logger":"task"}
{"timestamp":"2025-09-11T10:02:52.074027Z","level":"info","event":"│                           varchar                           │    date    │     int64      │","chan":"stdout","logger":"task"}
{"timestamp":"2025-09-11T10:02:52.074073Z","level":"info","event":"├─────────────────────────────────────────────────────────────┼────────────┼────────────────┤","chan":"stdout","logger":"task"}
{"timestamp":"2025-09-11T10:02:52.074115Z","level":"info","event":"│ SETP2025-06-Semaine-01-06                                   │ 2025-10-20 │              2 │","chan":"stdout","logger":"task"}
{"timestamp":"2025-09-11T10:02:52.074155Z","level":"info","event":"│ SETP2025-06-Semaine-01-06                                   │ 2025-10-21 │              2 │","chan":"stdout","logger":"task"}
{"timestamp":"2025-09-11T10:02:52.074195Z","level":"info","event":"│ SETP2025-06-Semaine-01-06                                   │ 2025-10-22 │              2 │","chan":"stdout","logger":"task"}
{"timestamp":"2025-09-11T10:02:52.074235Z","level":"info","event":"│ SETP2025-06-Semaine-01-06                                   │ 2025-10-23 │              2 │","chan":"stdout","logger":"task"}
{"timestamp":"2025-09-11T10:02:52.074275Z","level":"info","event":"│ SETP2025-06-Semaine-01-06                                   │ 2025-10-24 │              2 │","chan":"stdout","logger":"task"}
{"timestamp":"2025-09-11T10:02:52.074314Z","level":"info","event":"│ SETP2025-06-Semaine-01-06                                   │ 2025-10-27 │              2 │","chan":"stdout","logger":"task"}
{"timestamp":"2025-09-11T10:02:52.074354Z","level":"info","event":"│ SETP2025-06-Semaine-01-06                                   │ 2025-10-28 │              2 │","chan":"stdout","logger":"task"}
{"timestamp":"2025-09-11T10:02:52.074393Z","level":"info","event":"│ SETP2025-06-Semaine-01-06                                   │ 2025-10-29 │              2 │","chan":"stdout","logger":"task"}
{"timestamp":"2025-09-11T10:02:52.074431Z","level":"info","event":"│ SETP2025-06-Semaine-01-06                                   │ 2025-10-30 │              2 │","chan":"stdout","logger":"task"}
{"timestamp":"2025-09-11T10:02:52.074470Z","level":"info","event":"│ SETP2025-06-Semaine-01-06                                   │ 2025-10-31 │              2 │","chan":"stdout","logger":"task"}
{"timestamp":"2025-09-11T10:02:52.074509Z","level":"info","event":"│             ·                                               │     ·      │              · │","chan":"stdout","logger":"task"}
{"timestamp":"2025-09-11T10:02:52.074558Z","level":"info","event":"│             ·                                               │     ·      │              · │","chan":"stdout","logger":"task"}
{"timestamp":"2025-09-11T10:02:52.074599Z","level":"info","event":"│             ·                                               │     ·      │              · │","chan":"stdout","logger":"task"}
{"timestamp":"2025-09-11T10:02:52.074639Z","level":"info","event":"│ chouette:TimeTable:6f189263-46a0-4c74-bcd7-91f10971c05a:LOC │ 2025-11-01 │              1 │","chan":"stdout","logger":"task"}
{"timestamp":"2025-09-11T10:02:52.074678Z","level":"info","event":"│ chouette:TimeTable:6f189263-46a0-4c74-bcd7-91f10971c05a:LOC │ 2025-11-11 │              1 │","chan":"stdout","logger":"task"}
{"timestamp":"2025-09-11T10:02:52.074717Z","level":"info","event":"│ chouette:TimeTable:6f189263-46a0-4c74-bcd7-91f10971c05a:LOC │ 2025-12-25 │              1 │","chan":"stdout","logger":"task"}
{"timestamp":"2025-09-11T10:02:52.074756Z","level":"info","event":"│ chouette:TimeTable:2c121a71-1699-4ad2-b598-448167840877:LOC │ 2025-11-01 │              2 │","chan":"stdout","logger":"task"}
{"timestamp":"2025-09-11T10:02:52.074795Z","level":"info","event":"│ chouette:TimeTable:686e82eb-2b9a-425e-be61-f682742c18f7:LOC │ 2025-11-01 │              1 │","chan":"stdout","logger":"task"}
{"timestamp":"2025-09-11T10:02:52.074833Z","level":"info","event":"│ chouette:TimeTable:686e82eb-2b9a-425e-be61-f682742c18f7:LOC │ 2025-11-11 │              1 │","chan":"stdout","logger":"task"}
{"timestamp":"2025-09-11T10:02:52.074872Z","level":"info","event":"│ chouette:TimeTable:686e82eb-2b9a-425e-be61-f682742c18f7:LOC │ 2025-12-25 │              1 │","chan":"stdout","logger":"task"}
{"timestamp":"2025-09-11T10:02:52.074910Z","level":"info","event":"│ PROJET2025-FOOT-Samedi-03-FOOT                              │ 2025-11-01 │              2 │","chan":"stdout","logger":"task"}
{"timestamp":"2025-09-11T10:02:52.074948Z","level":"info","event":"│ PROJET2025-FOOT-Semaine-03-FOOT                             │ 2025-11-11 │              2 │","chan":"stdout","logger":"task"}
{"timestamp":"2025-09-11T10:02:52.075008Z","level":"info","event":"│ PROJET2025-FOOT-Semaine-03-FOOT                             │ 2025-12-25 │              2 │","chan":"stdout","logger":"task"}
{"timestamp":"2025-09-11T10:02:52.075063Z","level":"info","event":"├─────────────────────────────────────────────────────────────┴────────────┴────────────────┤","chan":"stdout","logger":"task"}
{"timestamp":"2025-09-11T10:02:52.075103Z","level":"info","event":"│ 6164 rows (20 shown)                                                            3 columns │","chan":"stdout","logger":"task"}
{"timestamp":"2025-09-11T10:02:52.075142Z","level":"info","event":"└───────────────────────────────────────────────────────────────────────────────────────────┘","chan":"stdout","logger":"task"}
{"timestamp":"2025-09-11T10:02:52.075182Z","level":"info","event":"","chan":"stdout","logger":"task"}
{"timestamp":"2025-09-11T10:02:52.194517Z","level":"info","event":"---------- shapes -------------","chan":"stdout","logger":"task"}
{"timestamp":"2025-09-11T10:02:53.259897Z","level":"info","event":"┌──────────┬──────────────┬──────────────┬───────────────────┬─────────────────────┐","chan":"stdout","logger":"task"}
{"timestamp":"2025-09-11T10:02:53.260087Z","level":"info","event":"│ shape_id │ shape_pt_lat │ shape_pt_lon │ shape_pt_sequence │ shape_dist_traveled │","chan":"stdout","logger":"task"}
{"timestamp":"2025-09-11T10:02:53.260174Z","level":"info","event":"│ varchar  │    double    │    double    │       int64       │       double        │","chan":"stdout","logger":"task"}
{"timestamp":"2025-09-11T10:02:53.260226Z","level":"info","event":"├──────────┼──────────────┼──────────────┼───────────────────┼─────────────────────┤","chan":"stdout","logger":"task"}
{"timestamp":"2025-09-11T10:02:53.260271Z","level":"info","event":"│ 090009   │    43.666912 │      7.12729 │                 0 │                 0.0 │","chan":"stdout","logger":"task"}
{"timestamp":"2025-09-11T10:02:53.260314Z","level":"info","event":"│ 090009   │    43.666146 │     7.127847 │                 1 │               0.096 │","chan":"stdout","logger":"task"}
{"timestamp":"2025-09-11T10:02:53.260410Z","level":"info","event":"│ 090009   │    43.665786 │     7.128121 │                 2 │               0.142 │","chan":"stdout","logger":"task"}
{"timestamp":"2025-09-11T10:02:53.260460Z","level":"info","event":"│ 090009   │    43.665663 │     7.128181 │                 3 │               0.157 │","chan":"stdout","logger":"task"}
{"timestamp":"2025-09-11T10:02:53.260503Z","level":"info","event":"│ 090009   │    43.665541 │     7.128189 │                 4 │                0.17 │","chan":"stdout","logger":"task"}
{"timestamp":"2025-09-11T10:02:53.260544Z","level":"info","event":"│ 090009   │    43.665459 │     7.128166 │                 5 │               0.179 │","chan":"stdout","logger":"task"}
{"timestamp":"2025-09-11T10:02:53.260585Z","level":"info","event":"│ 090009   │    43.665393 │     7.128129 │                 6 │               0.187 │","chan":"stdout","logger":"task"}
{"timestamp":"2025-09-11T10:02:53.260626Z","level":"info","event":"│ 090009   │     43.66538 │      7.12805 │                 7 │               0.194 │","chan":"stdout","logger":"task"}
{"timestamp":"2025-09-11T10:02:53.260668Z","level":"info","event":"│ 090009   │     43.66538 │     7.128005 │                 8 │               0.198 │","chan":"stdout","logger":"task"}
{"timestamp":"2025-09-11T10:02:53.260709Z","level":"info","event":"│ 090009   │    43.665285 │     7.127922 │                 9 │                0.21 │","chan":"stdout","logger":"task"}
{"timestamp":"2025-09-11T10:02:53.260750Z","level":"info","event":"│   ·      │         ·    │         ·    │                 · │                  ·  │","chan":"stdout","logger":"task"}
{"timestamp":"2025-09-11T10:02:53.260791Z","level":"info","event":"│   ·      │         ·    │         ·    │                 · │                  ·  │","chan":"stdout","logger":"task"}
{"timestamp":"2025-09-11T10:02:53.260832Z","level":"info","event":"│   ·      │         ·    │         ·    │                 · │                  ·  │","chan":"stdout","logger":"task"}
{"timestamp":"2025-09-11T10:02:53.260873Z","level":"info","event":"│ 850001   │     43.74449 │     7.317986 │               271 │                3.96 │","chan":"stdout","logger":"task"}
{"timestamp":"2025-09-11T10:02:53.260913Z","level":"info","event":"│ 850001   │    43.744562 │     7.318015 │               272 │               3.968 │","chan":"stdout","logger":"task"}
{"timestamp":"2025-09-11T10:02:53.260954Z","level":"info","event":"│ 850001   │    43.744619 │     7.318053 │               273 │               3.975 │","chan":"stdout","logger":"task"}
{"timestamp":"2025-09-11T10:02:53.260994Z","level":"info","event":"│ 850001   │    43.744671 │     7.318139 │               274 │               3.984 │","chan":"stdout","logger":"task"}
{"timestamp":"2025-09-11T10:02:53.261035Z","level":"info","event":"│ 850001   │    43.744874 │     7.318531 │               275 │               4.023 │","chan":"stdout","logger":"task"}
{"timestamp":"2025-09-11T10:02:53.261084Z","level":"info","event":"│ 850001   │    43.744958 │     7.318633 │               276 │               4.036 │","chan":"stdout","logger":"task"}
{"timestamp":"2025-09-11T10:02:53.261126Z","level":"info","event":"│ 850001   │    43.745227 │     7.319016 │               277 │               4.079 │","chan":"stdout","logger":"task"}
{"timestamp":"2025-09-11T10:02:53.261166Z","level":"info","event":"│ 850001   │    43.745277 │     7.319084 │               278 │               4.086 │","chan":"stdout","logger":"task"}
{"timestamp":"2025-09-11T10:02:53.261209Z","level":"info","event":"│ 850001   │    43.745277 │     7.319084 │               279 │               4.086 │","chan":"stdout","logger":"task"}
{"timestamp":"2025-09-11T10:02:53.261250Z","level":"info","event":"│ 850001   │    43.745307 │     7.319122 │               280 │               4.091 │","chan":"stdout","logger":"task"}
{"timestamp":"2025-09-11T10:02:53.261291Z","level":"info","event":"├──────────┴──────────────┴──────────────┴───────────────────┴─────────────────────┤","chan":"stdout","logger":"task"}
{"timestamp":"2025-09-11T10:02:53.261332Z","level":"info","event":"│ ? rows (>9999 rows, 20 shown)                                          5 columns │","chan":"stdout","logger":"task"}
{"timestamp":"2025-09-11T10:02:53.261373Z","level":"info","event":"└──────────────────────────────────────────────────────────────────────────────────┘","chan":"stdout","logger":"task"}
{"timestamp":"2025-09-11T10:02:53.261415Z","level":"info","event":"","chan":"stdout","logger":"task"}
{"timestamp":"2025-09-11T10:02:53.431066","level":"info","event":"Done. Returned value was: None","logger":"airflow.task.operators.airflow.providers.standard.operators.python.PythonOperator"}
{"timestamp":"2025-09-11T10:02:53.449783Z","level":"info","event":"Task instance in success state","chan":"stdout","logger":"task"}
{"timestamp":"2025-09-11T10:02:53.449931Z","level":"info","event":" Previous state of the Task instance: TaskInstanceState.RUNNING","chan":"stdout","logger":"task"}
{"timestamp":"2025-09-11T10:02:53.450249Z","level":"info","event":"Task operator:<Task(PythonOperator): load_duckdb.to_duckdb_reseau_transport>","chan":"stdout","logger":"task"}
