{"timestamp":"2025-09-08T14:23:53.868823","level":"info","event":"DAG bundles loaded: dags-folder, example_dags","logger":"airflow.dag_processing.bundles.manager.DagBundlesManager"}
{"timestamp":"2025-09-08T14:23:53.869426","level":"info","event":"Filling up the DagBag from /opt/airflow/dags/lignes_azure_dag.py","logger":"airflow.models.dagbag.DagBag"}
{"timestamp":"2025-09-08T14:23:53.926014Z","level":"info","event":"Task instance is in running state","chan":"stdout","logger":"task"}
{"timestamp":"2025-09-08T14:23:53.926211Z","level":"info","event":" Previous state of the Task instance: TaskInstanceState.QUEUED","chan":"stdout","logger":"task"}
{"timestamp":"2025-09-08T14:23:53.926337Z","level":"info","event":"Current task name:load_duckdb.to_duckdb_vehicle_positions","chan":"stdout","logger":"task"}
{"timestamp":"2025-09-08T14:23:53.926393Z","level":"info","event":"Dag name:lignes_azure_ETL","chan":"stdout","logger":"task"}
{"timestamp":"2025-09-08T14:23:53.958949Z","level":"info","event":"--------------- RETURN SELECT ------------------------","chan":"stdout","logger":"task"}
{"timestamp":"2025-09-08T14:23:53.962774Z","level":"info","event":"┌───────────────────┬──────────────────────┬──────────┬───┬─────────┬────────────┬─────────┬────────────┐","chan":"stdout","logger":"task"}
{"timestamp":"2025-09-08T14:23:53.962990Z","level":"info","event":"│     entity_id     │       trip_id        │ route_id │ … │ bearing │ timestamp  │ stop_id │ vehicle_id │","chan":"stdout","logger":"task"}
{"timestamp":"2025-09-08T14:23:53.963059Z","level":"info","event":"│      varchar      │       varchar        │ varchar  │   │ double  │   int64    │ varchar │  varchar   │","chan":"stdout","logger":"task"}
{"timestamp":"2025-09-08T14:23:53.963110Z","level":"info","event":"├───────────────────┼──────────────────────┼──────────┼───┼─────────┼────────────┼─────────┼────────────┤","chan":"stdout","logger":"task"}
{"timestamp":"2025-09-08T14:23:53.963158Z","level":"info","event":"│ vehicle:TCA74034  │ 6462573-31_A_47_31…  │ 31       │ … │   320.0 │ 1757341402 │ 1556    │ TCA74034   │","chan":"stdout","logger":"task"}
{"timestamp":"2025-09-08T14:23:53.963204Z","level":"info","event":"│ vehicle:RLA486    │ 6253072-14_R_99_14…  │ 14       │ … │   306.0 │ 1757341404 │ 775     │ RLA486     │","chan":"stdout","logger":"task"}
{"timestamp":"2025-09-08T14:23:53.963268Z","level":"info","event":"│ vehicle:TCA73923  │ 4669793-62_A_46_62…  │ 62       │ … │   207.0 │ 1757341404 │ 1619    │ TCA73923   │","chan":"stdout","logger":"task"}
{"timestamp":"2025-09-08T14:23:53.963312Z","level":"info","event":"│ vehicle:RLA620    │ 6409640-57_R_99_57…  │ 57       │ … │   181.0 │ 1757340372 │ 2826    │ RLA620     │","chan":"stdout","logger":"task"}
{"timestamp":"2025-09-08T14:23:53.963356Z","level":"info","event":"│ vehicle:RLA312    │ 6402544-32_A_48_32…  │ 32       │ … │    21.0 │ 1757341402 │ 2831    │ RLA312     │","chan":"stdout","logger":"task"}
{"timestamp":"2025-09-08T14:23:53.963400Z","level":"info","event":"│ vehicle:RLA613    │ 6355800-18_R_99_18…  │ 18       │ … │    75.0 │ 1757341404 │ 1249    │ RLA613     │","chan":"stdout","logger":"task"}
{"timestamp":"2025-09-08T14:23:53.963518Z","level":"info","event":"│ vehicle:RLA102    │ 6410645-64_A_50_64…  │ 64       │ … │   359.0 │ 1757341404 │ 1317    │ RLA102     │","chan":"stdout","logger":"task"}
{"timestamp":"2025-09-08T14:23:53.963568Z","level":"info","event":"│ vehicle:RLA615    │ 6355840-18_A_50_18…  │ 18       │ … │   190.0 │ 1757341404 │ 1303    │ RLA615     │","chan":"stdout","logger":"task"}
{"timestamp":"2025-09-08T14:23:53.963628Z","level":"info","event":"│ vehicle:RLA462    │ 6414310-07_R_97_07…  │ 07       │ … │   350.0 │ 1757341402 │ 655     │ RLA462     │","chan":"stdout","logger":"task"}
{"timestamp":"2025-09-08T14:23:53.963676Z","level":"info","event":"│ vehicle:TCA73942  │ 6102465-63_R_98_63…  │ 63       │ … │    89.0 │ 1757341404 │ 2981    │ TCA73942   │","chan":"stdout","logger":"task"}
{"timestamp":"2025-09-08T14:23:53.963724Z","level":"info","event":"│        ·          │          ·           │ ·        │ · │      ·  │      ·     │  ·      │    ·       │","chan":"stdout","logger":"task"}
{"timestamp":"2025-09-08T14:23:53.963786Z","level":"info","event":"│        ·          │          ·           │ ·        │ · │      ·  │      ·     │  ·      │    ·       │","chan":"stdout","logger":"task"}
{"timestamp":"2025-09-08T14:23:53.963831Z","level":"info","event":"│        ·          │          ·           │ ·        │ · │      ·  │      ·     │  ·      │    ·       │","chan":"stdout","logger":"task"}
{"timestamp":"2025-09-08T14:23:53.963874Z","level":"info","event":"│ vehicle:TCA73914  │ 6416311-51_A_49_51…  │ 51       │ … │   163.0 │ 1757341404 │ 532     │ TCA73914   │","chan":"stdout","logger":"task"}
{"timestamp":"2025-09-08T14:23:53.963917Z","level":"info","event":"│ vehicle:RLA619    │ 6409640-57_R_99_57…  │ 57       │ … │   275.0 │ 1757341402 │ 2826    │ RLA619     │","chan":"stdout","logger":"task"}
{"timestamp":"2025-09-08T14:23:53.963982Z","level":"info","event":"│ vehicle:RLA313    │ 6365952-20_R_99_20…  │ 20       │ … │    62.0 │ 1757341404 │ 5220    │ RLA313     │","chan":"stdout","logger":"task"}
{"timestamp":"2025-09-08T14:23:53.964023Z","level":"info","event":"│ vehicle:PDV110808 │ 5838898-22_A_45_22…  │ 22       │ … │   341.0 │ 1757341404 │ 1521    │ PDV110808  │","chan":"stdout","logger":"task"}
{"timestamp":"2025-09-08T14:23:53.964077Z","level":"info","event":"│ vehicle:SUM1756   │ 6218536-84_A_46_84…  │ 84       │ … │    11.0 │ 1757341404 │ 481     │ SUM1756    │","chan":"stdout","logger":"task"}
{"timestamp":"2025-09-08T14:23:53.964115Z","level":"info","event":"│ vehicle:RLA360    │ 6446590-05_R_50_05…  │ 05       │ … │   181.0 │ 1757341404 │ 1211    │ RLA360     │","chan":"stdout","logger":"task"}
{"timestamp":"2025-09-08T14:23:53.964154Z","level":"info","event":"│ vehicle:TCA115115 │ 5838472-52_A_6_520…  │ 52       │ … │    68.0 │ 1757341404 │ 6023    │ TCA115115  │","chan":"stdout","logger":"task"}
{"timestamp":"2025-09-08T14:23:53.964194Z","level":"info","event":"│ vehicle:RLA339    │ 6416068-21_A_50_21…  │ 21       │ … │   256.0 │ 1757341404 │ 5158    │ RLA339     │","chan":"stdout","logger":"task"}
{"timestamp":"2025-09-08T14:23:53.964233Z","level":"info","event":"│ vehicle:RLA321    │ 6429254-15_A_50_15…  │ 15       │ … │   188.0 │ 1757341402 │ 705     │ RLA321     │","chan":"stdout","logger":"task"}
{"timestamp":"2025-09-08T14:23:53.964273Z","level":"info","event":"│ vehicle:TCA108189 │ 6428454-61_A_50_61…  │ 61       │ … │   119.0 │ 1757341402 │ 1162    │ TCA108189  │","chan":"stdout","logger":"task"}
{"timestamp":"2025-09-08T14:23:53.964371Z","level":"info","event":"├───────────────────┴──────────────────────┴──────────┴───┴─────────┴────────────┴─────────┴────────────┤","chan":"stdout","logger":"task"}
{"timestamp":"2025-09-08T14:23:53.964480Z","level":"info","event":"│ 388 rows (20 shown)                                                               9 columns (7 shown) │","chan":"stdout","logger":"task"}
{"timestamp":"2025-09-08T14:23:53.964538Z","level":"info","event":"└───────────────────────────────────────────────────────────────────────────────────────────────────────┘","chan":"stdout","logger":"task"}
{"timestamp":"2025-09-08T14:23:53.964582Z","level":"info","event":"","chan":"stdout","logger":"task"}
{"timestamp":"2025-09-08T14:23:53.991566","level":"info","event":"Done. Returned value was: None","logger":"airflow.task.operators.airflow.providers.standard.operators.python.PythonOperator"}
{"timestamp":"2025-09-08T14:23:54.005527Z","level":"info","event":"Task instance in success state","chan":"stdout","logger":"task"}
{"timestamp":"2025-09-08T14:23:54.005671Z","level":"info","event":" Previous state of the Task instance: TaskInstanceState.RUNNING","chan":"stdout","logger":"task"}
{"timestamp":"2025-09-08T14:23:54.005769Z","level":"info","event":"Task operator:<Task(PythonOperator): load_duckdb.to_duckdb_vehicle_positions>","chan":"stdout","logger":"task"}
